[2024-10-27T18:56:02.532+0000] {processor.py:161} INFO - Started process (PID=208) to work on /home/airflow/.local/lib/python3.8/site-packages/airflow/example_dags/example_python_decorator.py
[2024-10-27T18:56:02.533+0000] {processor.py:830} INFO - Processing file /home/airflow/.local/lib/python3.8/site-packages/airflow/example_dags/example_python_decorator.py for tasks to queue
[2024-10-27T18:56:02.534+0000] {logging_mixin.py:188} INFO - [2024-10-27T18:56:02.534+0000] {dagbag.py:538} INFO - Filling up the DagBag from /home/airflow/.local/lib/python3.8/site-packages/airflow/example_dags/example_python_decorator.py
[2024-10-27T18:56:02.548+0000] {processor.py:840} INFO - DAG(s) 'example_python_decorator' retrieved from /home/airflow/.local/lib/python3.8/site-packages/airflow/example_dags/example_python_decorator.py
[2024-10-27T18:56:02.629+0000] {logging_mixin.py:188} INFO - [2024-10-27T18:56:02.629+0000] {override.py:1769} INFO - Created Permission View: can delete on DAG:example_python_decorator
[2024-10-27T18:56:02.638+0000] {logging_mixin.py:188} INFO - [2024-10-27T18:56:02.637+0000] {override.py:1769} INFO - Created Permission View: can read on DAG:example_python_decorator
[2024-10-27T18:56:02.644+0000] {logging_mixin.py:188} INFO - [2024-10-27T18:56:02.644+0000] {override.py:1769} INFO - Created Permission View: can edit on DAG:example_python_decorator
[2024-10-27T18:56:02.645+0000] {logging_mixin.py:188} INFO - [2024-10-27T18:56:02.645+0000] {dag.py:3036} INFO - Sync 1 DAGs
[2024-10-27T18:56:02.655+0000] {logging_mixin.py:188} INFO - [2024-10-27T18:56:02.654+0000] {dag.py:3058} INFO - Creating ORM DAG for example_python_decorator
[2024-10-27T18:56:02.655+0000] {logging_mixin.py:188} INFO - [2024-10-27T18:56:02.655+0000] {dag.py:3823} INFO - Setting next_dagrun for example_python_decorator to None, run_after=None
[2024-10-27T18:56:02.671+0000] {processor.py:183} INFO - Processing /home/airflow/.local/lib/python3.8/site-packages/airflow/example_dags/example_python_decorator.py took 0.141 seconds
[2024-10-27T18:56:37.401+0000] {processor.py:161} INFO - Started process (PID=80) to work on /home/airflow/.local/lib/python3.8/site-packages/airflow/example_dags/example_python_decorator.py
[2024-10-27T18:56:37.402+0000] {processor.py:830} INFO - Processing file /home/airflow/.local/lib/python3.8/site-packages/airflow/example_dags/example_python_decorator.py for tasks to queue
[2024-10-27T18:56:37.404+0000] {logging_mixin.py:188} INFO - [2024-10-27T18:56:37.404+0000] {dagbag.py:538} INFO - Filling up the DagBag from /home/airflow/.local/lib/python3.8/site-packages/airflow/example_dags/example_python_decorator.py
[2024-10-27T18:56:37.417+0000] {processor.py:840} INFO - DAG(s) 'example_python_decorator' retrieved from /home/airflow/.local/lib/python3.8/site-packages/airflow/example_dags/example_python_decorator.py
[2024-10-27T18:56:37.516+0000] {logging_mixin.py:188} INFO - [2024-10-27T18:56:37.516+0000] {dag.py:3036} INFO - Sync 1 DAGs
[2024-10-27T18:56:37.528+0000] {logging_mixin.py:188} INFO - [2024-10-27T18:56:37.527+0000] {dag.py:3823} INFO - Setting next_dagrun for example_python_decorator to None, run_after=None
[2024-10-27T18:56:37.549+0000] {processor.py:183} INFO - Processing /home/airflow/.local/lib/python3.8/site-packages/airflow/example_dags/example_python_decorator.py took 0.151 seconds
[2024-10-27T18:57:07.963+0000] {processor.py:161} INFO - Started process (PID=136) to work on /home/airflow/.local/lib/python3.8/site-packages/airflow/example_dags/example_python_decorator.py
[2024-10-27T18:57:07.964+0000] {processor.py:830} INFO - Processing file /home/airflow/.local/lib/python3.8/site-packages/airflow/example_dags/example_python_decorator.py for tasks to queue
[2024-10-27T18:57:07.966+0000] {logging_mixin.py:188} INFO - [2024-10-27T18:57:07.965+0000] {dagbag.py:538} INFO - Filling up the DagBag from /home/airflow/.local/lib/python3.8/site-packages/airflow/example_dags/example_python_decorator.py
[2024-10-27T18:57:07.976+0000] {processor.py:840} INFO - DAG(s) 'example_python_decorator' retrieved from /home/airflow/.local/lib/python3.8/site-packages/airflow/example_dags/example_python_decorator.py
[2024-10-27T18:57:07.994+0000] {logging_mixin.py:188} INFO - [2024-10-27T18:57:07.993+0000] {dag.py:3036} INFO - Sync 1 DAGs
[2024-10-27T18:57:08.005+0000] {logging_mixin.py:188} INFO - [2024-10-27T18:57:08.004+0000] {dag.py:3823} INFO - Setting next_dagrun for example_python_decorator to None, run_after=None
[2024-10-27T18:57:08.024+0000] {processor.py:183} INFO - Processing /home/airflow/.local/lib/python3.8/site-packages/airflow/example_dags/example_python_decorator.py took 0.063 seconds
[2024-10-27T18:57:38.339+0000] {processor.py:161} INFO - Started process (PID=192) to work on /home/airflow/.local/lib/python3.8/site-packages/airflow/example_dags/example_python_decorator.py
[2024-10-27T18:57:38.340+0000] {processor.py:830} INFO - Processing file /home/airflow/.local/lib/python3.8/site-packages/airflow/example_dags/example_python_decorator.py for tasks to queue
[2024-10-27T18:57:38.341+0000] {logging_mixin.py:188} INFO - [2024-10-27T18:57:38.341+0000] {dagbag.py:538} INFO - Filling up the DagBag from /home/airflow/.local/lib/python3.8/site-packages/airflow/example_dags/example_python_decorator.py
[2024-10-27T18:57:38.350+0000] {processor.py:840} INFO - DAG(s) 'example_python_decorator' retrieved from /home/airflow/.local/lib/python3.8/site-packages/airflow/example_dags/example_python_decorator.py
[2024-10-27T18:57:38.366+0000] {logging_mixin.py:188} INFO - [2024-10-27T18:57:38.365+0000] {dag.py:3036} INFO - Sync 1 DAGs
[2024-10-27T18:57:38.375+0000] {logging_mixin.py:188} INFO - [2024-10-27T18:57:38.374+0000] {dag.py:3823} INFO - Setting next_dagrun for example_python_decorator to None, run_after=None
[2024-10-27T18:57:38.391+0000] {processor.py:183} INFO - Processing /home/airflow/.local/lib/python3.8/site-packages/airflow/example_dags/example_python_decorator.py took 0.054 seconds
[2024-10-27T18:58:08.926+0000] {processor.py:161} INFO - Started process (PID=248) to work on /home/airflow/.local/lib/python3.8/site-packages/airflow/example_dags/example_python_decorator.py
[2024-10-27T18:58:08.927+0000] {processor.py:830} INFO - Processing file /home/airflow/.local/lib/python3.8/site-packages/airflow/example_dags/example_python_decorator.py for tasks to queue
[2024-10-27T18:58:08.929+0000] {logging_mixin.py:188} INFO - [2024-10-27T18:58:08.928+0000] {dagbag.py:538} INFO - Filling up the DagBag from /home/airflow/.local/lib/python3.8/site-packages/airflow/example_dags/example_python_decorator.py
[2024-10-27T18:58:08.939+0000] {processor.py:840} INFO - DAG(s) 'example_python_decorator' retrieved from /home/airflow/.local/lib/python3.8/site-packages/airflow/example_dags/example_python_decorator.py
[2024-10-27T18:58:08.961+0000] {logging_mixin.py:188} INFO - [2024-10-27T18:58:08.960+0000] {dag.py:3036} INFO - Sync 1 DAGs
[2024-10-27T18:58:08.971+0000] {logging_mixin.py:188} INFO - [2024-10-27T18:58:08.971+0000] {dag.py:3823} INFO - Setting next_dagrun for example_python_decorator to None, run_after=None
[2024-10-27T18:58:08.989+0000] {processor.py:183} INFO - Processing /home/airflow/.local/lib/python3.8/site-packages/airflow/example_dags/example_python_decorator.py took 0.065 seconds
[2024-10-27T18:58:39.496+0000] {processor.py:161} INFO - Started process (PID=304) to work on /home/airflow/.local/lib/python3.8/site-packages/airflow/example_dags/example_python_decorator.py
[2024-10-27T18:58:39.497+0000] {processor.py:830} INFO - Processing file /home/airflow/.local/lib/python3.8/site-packages/airflow/example_dags/example_python_decorator.py for tasks to queue
[2024-10-27T18:58:39.499+0000] {logging_mixin.py:188} INFO - [2024-10-27T18:58:39.499+0000] {dagbag.py:538} INFO - Filling up the DagBag from /home/airflow/.local/lib/python3.8/site-packages/airflow/example_dags/example_python_decorator.py
[2024-10-27T18:58:39.509+0000] {processor.py:840} INFO - DAG(s) 'example_python_decorator' retrieved from /home/airflow/.local/lib/python3.8/site-packages/airflow/example_dags/example_python_decorator.py
[2024-10-27T18:58:39.527+0000] {logging_mixin.py:188} INFO - [2024-10-27T18:58:39.527+0000] {dag.py:3036} INFO - Sync 1 DAGs
[2024-10-27T18:58:39.538+0000] {logging_mixin.py:188} INFO - [2024-10-27T18:58:39.538+0000] {dag.py:3823} INFO - Setting next_dagrun for example_python_decorator to None, run_after=None
[2024-10-27T18:58:39.560+0000] {processor.py:183} INFO - Processing /home/airflow/.local/lib/python3.8/site-packages/airflow/example_dags/example_python_decorator.py took 0.066 seconds
[2024-10-27T18:59:09.620+0000] {processor.py:161} INFO - Started process (PID=361) to work on /home/airflow/.local/lib/python3.8/site-packages/airflow/example_dags/example_python_decorator.py
[2024-10-27T18:59:09.621+0000] {processor.py:830} INFO - Processing file /home/airflow/.local/lib/python3.8/site-packages/airflow/example_dags/example_python_decorator.py for tasks to queue
[2024-10-27T18:59:09.623+0000] {logging_mixin.py:188} INFO - [2024-10-27T18:59:09.622+0000] {dagbag.py:538} INFO - Filling up the DagBag from /home/airflow/.local/lib/python3.8/site-packages/airflow/example_dags/example_python_decorator.py
[2024-10-27T18:59:09.633+0000] {processor.py:840} INFO - DAG(s) 'example_python_decorator' retrieved from /home/airflow/.local/lib/python3.8/site-packages/airflow/example_dags/example_python_decorator.py
[2024-10-27T18:59:09.652+0000] {logging_mixin.py:188} INFO - [2024-10-27T18:59:09.652+0000] {dag.py:3036} INFO - Sync 1 DAGs
[2024-10-27T18:59:09.663+0000] {logging_mixin.py:188} INFO - [2024-10-27T18:59:09.663+0000] {dag.py:3823} INFO - Setting next_dagrun for example_python_decorator to None, run_after=None
[2024-10-27T18:59:09.685+0000] {processor.py:183} INFO - Processing /home/airflow/.local/lib/python3.8/site-packages/airflow/example_dags/example_python_decorator.py took 0.067 seconds
[2024-10-27T18:59:40.020+0000] {processor.py:161} INFO - Started process (PID=417) to work on /home/airflow/.local/lib/python3.8/site-packages/airflow/example_dags/example_python_decorator.py
[2024-10-27T18:59:40.021+0000] {processor.py:830} INFO - Processing file /home/airflow/.local/lib/python3.8/site-packages/airflow/example_dags/example_python_decorator.py for tasks to queue
[2024-10-27T18:59:40.022+0000] {logging_mixin.py:188} INFO - [2024-10-27T18:59:40.022+0000] {dagbag.py:538} INFO - Filling up the DagBag from /home/airflow/.local/lib/python3.8/site-packages/airflow/example_dags/example_python_decorator.py
[2024-10-27T18:59:40.032+0000] {processor.py:840} INFO - DAG(s) 'example_python_decorator' retrieved from /home/airflow/.local/lib/python3.8/site-packages/airflow/example_dags/example_python_decorator.py
[2024-10-27T18:59:40.049+0000] {logging_mixin.py:188} INFO - [2024-10-27T18:59:40.049+0000] {dag.py:3036} INFO - Sync 1 DAGs
[2024-10-27T18:59:40.059+0000] {logging_mixin.py:188} INFO - [2024-10-27T18:59:40.058+0000] {dag.py:3823} INFO - Setting next_dagrun for example_python_decorator to None, run_after=None
[2024-10-27T18:59:40.075+0000] {processor.py:183} INFO - Processing /home/airflow/.local/lib/python3.8/site-packages/airflow/example_dags/example_python_decorator.py took 0.057 seconds
[2024-10-27T19:00:10.238+0000] {processor.py:161} INFO - Started process (PID=473) to work on /home/airflow/.local/lib/python3.8/site-packages/airflow/example_dags/example_python_decorator.py
[2024-10-27T19:00:10.238+0000] {processor.py:830} INFO - Processing file /home/airflow/.local/lib/python3.8/site-packages/airflow/example_dags/example_python_decorator.py for tasks to queue
[2024-10-27T19:00:10.240+0000] {logging_mixin.py:188} INFO - [2024-10-27T19:00:10.239+0000] {dagbag.py:538} INFO - Filling up the DagBag from /home/airflow/.local/lib/python3.8/site-packages/airflow/example_dags/example_python_decorator.py
[2024-10-27T19:00:10.249+0000] {processor.py:840} INFO - DAG(s) 'example_python_decorator' retrieved from /home/airflow/.local/lib/python3.8/site-packages/airflow/example_dags/example_python_decorator.py
[2024-10-27T19:00:10.265+0000] {logging_mixin.py:188} INFO - [2024-10-27T19:00:10.265+0000] {dag.py:3036} INFO - Sync 1 DAGs
[2024-10-27T19:00:10.274+0000] {logging_mixin.py:188} INFO - [2024-10-27T19:00:10.274+0000] {dag.py:3823} INFO - Setting next_dagrun for example_python_decorator to None, run_after=None
[2024-10-27T19:00:10.289+0000] {processor.py:183} INFO - Processing /home/airflow/.local/lib/python3.8/site-packages/airflow/example_dags/example_python_decorator.py took 0.053 seconds
[2024-10-27T19:00:40.517+0000] {processor.py:161} INFO - Started process (PID=529) to work on /home/airflow/.local/lib/python3.8/site-packages/airflow/example_dags/example_python_decorator.py
[2024-10-27T19:00:40.517+0000] {processor.py:830} INFO - Processing file /home/airflow/.local/lib/python3.8/site-packages/airflow/example_dags/example_python_decorator.py for tasks to queue
[2024-10-27T19:00:40.519+0000] {logging_mixin.py:188} INFO - [2024-10-27T19:00:40.518+0000] {dagbag.py:538} INFO - Filling up the DagBag from /home/airflow/.local/lib/python3.8/site-packages/airflow/example_dags/example_python_decorator.py
[2024-10-27T19:00:40.528+0000] {processor.py:840} INFO - DAG(s) 'example_python_decorator' retrieved from /home/airflow/.local/lib/python3.8/site-packages/airflow/example_dags/example_python_decorator.py
[2024-10-27T19:00:40.544+0000] {logging_mixin.py:188} INFO - [2024-10-27T19:00:40.544+0000] {dag.py:3036} INFO - Sync 1 DAGs
[2024-10-27T19:00:40.554+0000] {logging_mixin.py:188} INFO - [2024-10-27T19:00:40.553+0000] {dag.py:3823} INFO - Setting next_dagrun for example_python_decorator to None, run_after=None
[2024-10-27T19:00:40.567+0000] {processor.py:183} INFO - Processing /home/airflow/.local/lib/python3.8/site-packages/airflow/example_dags/example_python_decorator.py took 0.053 seconds
[2024-10-27T19:01:10.731+0000] {processor.py:161} INFO - Started process (PID=585) to work on /home/airflow/.local/lib/python3.8/site-packages/airflow/example_dags/example_python_decorator.py
[2024-10-27T19:01:10.732+0000] {processor.py:830} INFO - Processing file /home/airflow/.local/lib/python3.8/site-packages/airflow/example_dags/example_python_decorator.py for tasks to queue
[2024-10-27T19:01:10.733+0000] {logging_mixin.py:188} INFO - [2024-10-27T19:01:10.733+0000] {dagbag.py:538} INFO - Filling up the DagBag from /home/airflow/.local/lib/python3.8/site-packages/airflow/example_dags/example_python_decorator.py
[2024-10-27T19:01:10.743+0000] {processor.py:840} INFO - DAG(s) 'example_python_decorator' retrieved from /home/airflow/.local/lib/python3.8/site-packages/airflow/example_dags/example_python_decorator.py
[2024-10-27T19:01:10.760+0000] {logging_mixin.py:188} INFO - [2024-10-27T19:01:10.759+0000] {dag.py:3036} INFO - Sync 1 DAGs
[2024-10-27T19:01:10.769+0000] {logging_mixin.py:188} INFO - [2024-10-27T19:01:10.768+0000] {dag.py:3823} INFO - Setting next_dagrun for example_python_decorator to None, run_after=None
[2024-10-27T19:01:10.783+0000] {processor.py:183} INFO - Processing /home/airflow/.local/lib/python3.8/site-packages/airflow/example_dags/example_python_decorator.py took 0.054 seconds
[2024-10-27T19:01:41.124+0000] {processor.py:161} INFO - Started process (PID=641) to work on /home/airflow/.local/lib/python3.8/site-packages/airflow/example_dags/example_python_decorator.py
[2024-10-27T19:01:41.125+0000] {processor.py:830} INFO - Processing file /home/airflow/.local/lib/python3.8/site-packages/airflow/example_dags/example_python_decorator.py for tasks to queue
[2024-10-27T19:01:41.127+0000] {logging_mixin.py:188} INFO - [2024-10-27T19:01:41.127+0000] {dagbag.py:538} INFO - Filling up the DagBag from /home/airflow/.local/lib/python3.8/site-packages/airflow/example_dags/example_python_decorator.py
[2024-10-27T19:01:41.137+0000] {processor.py:840} INFO - DAG(s) 'example_python_decorator' retrieved from /home/airflow/.local/lib/python3.8/site-packages/airflow/example_dags/example_python_decorator.py
[2024-10-27T19:01:41.154+0000] {logging_mixin.py:188} INFO - [2024-10-27T19:01:41.153+0000] {dag.py:3036} INFO - Sync 1 DAGs
[2024-10-27T19:01:41.163+0000] {logging_mixin.py:188} INFO - [2024-10-27T19:01:41.162+0000] {dag.py:3823} INFO - Setting next_dagrun for example_python_decorator to None, run_after=None
[2024-10-27T19:01:41.177+0000] {processor.py:183} INFO - Processing /home/airflow/.local/lib/python3.8/site-packages/airflow/example_dags/example_python_decorator.py took 0.054 seconds
[2024-10-27T19:02:11.389+0000] {processor.py:161} INFO - Started process (PID=697) to work on /home/airflow/.local/lib/python3.8/site-packages/airflow/example_dags/example_python_decorator.py
[2024-10-27T19:02:11.390+0000] {processor.py:830} INFO - Processing file /home/airflow/.local/lib/python3.8/site-packages/airflow/example_dags/example_python_decorator.py for tasks to queue
[2024-10-27T19:02:11.391+0000] {logging_mixin.py:188} INFO - [2024-10-27T19:02:11.391+0000] {dagbag.py:538} INFO - Filling up the DagBag from /home/airflow/.local/lib/python3.8/site-packages/airflow/example_dags/example_python_decorator.py
[2024-10-27T19:02:11.401+0000] {processor.py:840} INFO - DAG(s) 'example_python_decorator' retrieved from /home/airflow/.local/lib/python3.8/site-packages/airflow/example_dags/example_python_decorator.py
[2024-10-27T19:02:11.418+0000] {logging_mixin.py:188} INFO - [2024-10-27T19:02:11.418+0000] {dag.py:3036} INFO - Sync 1 DAGs
[2024-10-27T19:02:11.428+0000] {logging_mixin.py:188} INFO - [2024-10-27T19:02:11.428+0000] {dag.py:3823} INFO - Setting next_dagrun for example_python_decorator to None, run_after=None
[2024-10-27T19:02:11.444+0000] {processor.py:183} INFO - Processing /home/airflow/.local/lib/python3.8/site-packages/airflow/example_dags/example_python_decorator.py took 0.058 seconds
[2024-10-27T19:02:41.655+0000] {processor.py:161} INFO - Started process (PID=753) to work on /home/airflow/.local/lib/python3.8/site-packages/airflow/example_dags/example_python_decorator.py
[2024-10-27T19:02:41.656+0000] {processor.py:830} INFO - Processing file /home/airflow/.local/lib/python3.8/site-packages/airflow/example_dags/example_python_decorator.py for tasks to queue
[2024-10-27T19:02:41.657+0000] {logging_mixin.py:188} INFO - [2024-10-27T19:02:41.657+0000] {dagbag.py:538} INFO - Filling up the DagBag from /home/airflow/.local/lib/python3.8/site-packages/airflow/example_dags/example_python_decorator.py
[2024-10-27T19:02:41.666+0000] {processor.py:840} INFO - DAG(s) 'example_python_decorator' retrieved from /home/airflow/.local/lib/python3.8/site-packages/airflow/example_dags/example_python_decorator.py
[2024-10-27T19:02:41.682+0000] {logging_mixin.py:188} INFO - [2024-10-27T19:02:41.682+0000] {dag.py:3036} INFO - Sync 1 DAGs
[2024-10-27T19:02:41.692+0000] {logging_mixin.py:188} INFO - [2024-10-27T19:02:41.692+0000] {dag.py:3823} INFO - Setting next_dagrun for example_python_decorator to None, run_after=None
[2024-10-27T19:02:41.708+0000] {processor.py:183} INFO - Processing /home/airflow/.local/lib/python3.8/site-packages/airflow/example_dags/example_python_decorator.py took 0.055 seconds
[2024-10-27T19:03:11.815+0000] {processor.py:161} INFO - Started process (PID=809) to work on /home/airflow/.local/lib/python3.8/site-packages/airflow/example_dags/example_python_decorator.py
[2024-10-27T19:03:11.815+0000] {processor.py:830} INFO - Processing file /home/airflow/.local/lib/python3.8/site-packages/airflow/example_dags/example_python_decorator.py for tasks to queue
[2024-10-27T19:03:11.817+0000] {logging_mixin.py:188} INFO - [2024-10-27T19:03:11.816+0000] {dagbag.py:538} INFO - Filling up the DagBag from /home/airflow/.local/lib/python3.8/site-packages/airflow/example_dags/example_python_decorator.py
[2024-10-27T19:03:11.826+0000] {processor.py:840} INFO - DAG(s) 'example_python_decorator' retrieved from /home/airflow/.local/lib/python3.8/site-packages/airflow/example_dags/example_python_decorator.py
[2024-10-27T19:03:11.841+0000] {logging_mixin.py:188} INFO - [2024-10-27T19:03:11.841+0000] {dag.py:3036} INFO - Sync 1 DAGs
[2024-10-27T19:03:11.851+0000] {logging_mixin.py:188} INFO - [2024-10-27T19:03:11.851+0000] {dag.py:3823} INFO - Setting next_dagrun for example_python_decorator to None, run_after=None
[2024-10-27T19:03:11.867+0000] {processor.py:183} INFO - Processing /home/airflow/.local/lib/python3.8/site-packages/airflow/example_dags/example_python_decorator.py took 0.055 seconds
[2024-10-27T19:03:42.181+0000] {processor.py:161} INFO - Started process (PID=865) to work on /home/airflow/.local/lib/python3.8/site-packages/airflow/example_dags/example_python_decorator.py
[2024-10-27T19:03:42.182+0000] {processor.py:830} INFO - Processing file /home/airflow/.local/lib/python3.8/site-packages/airflow/example_dags/example_python_decorator.py for tasks to queue
[2024-10-27T19:03:42.184+0000] {logging_mixin.py:188} INFO - [2024-10-27T19:03:42.183+0000] {dagbag.py:538} INFO - Filling up the DagBag from /home/airflow/.local/lib/python3.8/site-packages/airflow/example_dags/example_python_decorator.py
[2024-10-27T19:03:42.195+0000] {processor.py:840} INFO - DAG(s) 'example_python_decorator' retrieved from /home/airflow/.local/lib/python3.8/site-packages/airflow/example_dags/example_python_decorator.py
[2024-10-27T19:03:42.212+0000] {logging_mixin.py:188} INFO - [2024-10-27T19:03:42.212+0000] {dag.py:3036} INFO - Sync 1 DAGs
[2024-10-27T19:03:42.223+0000] {logging_mixin.py:188} INFO - [2024-10-27T19:03:42.222+0000] {dag.py:3823} INFO - Setting next_dagrun for example_python_decorator to None, run_after=None
[2024-10-27T19:03:42.239+0000] {processor.py:183} INFO - Processing /home/airflow/.local/lib/python3.8/site-packages/airflow/example_dags/example_python_decorator.py took 0.059 seconds
[2024-10-27T19:04:12.497+0000] {processor.py:161} INFO - Started process (PID=921) to work on /home/airflow/.local/lib/python3.8/site-packages/airflow/example_dags/example_python_decorator.py
[2024-10-27T19:04:12.498+0000] {processor.py:830} INFO - Processing file /home/airflow/.local/lib/python3.8/site-packages/airflow/example_dags/example_python_decorator.py for tasks to queue
[2024-10-27T19:04:12.499+0000] {logging_mixin.py:188} INFO - [2024-10-27T19:04:12.499+0000] {dagbag.py:538} INFO - Filling up the DagBag from /home/airflow/.local/lib/python3.8/site-packages/airflow/example_dags/example_python_decorator.py
[2024-10-27T19:04:12.511+0000] {processor.py:840} INFO - DAG(s) 'example_python_decorator' retrieved from /home/airflow/.local/lib/python3.8/site-packages/airflow/example_dags/example_python_decorator.py
[2024-10-27T19:04:12.534+0000] {logging_mixin.py:188} INFO - [2024-10-27T19:04:12.533+0000] {dag.py:3036} INFO - Sync 1 DAGs
[2024-10-27T19:04:12.547+0000] {logging_mixin.py:188} INFO - [2024-10-27T19:04:12.546+0000] {dag.py:3823} INFO - Setting next_dagrun for example_python_decorator to None, run_after=None
[2024-10-27T19:04:12.567+0000] {processor.py:183} INFO - Processing /home/airflow/.local/lib/python3.8/site-packages/airflow/example_dags/example_python_decorator.py took 0.073 seconds
[2024-10-27T19:04:43.231+0000] {processor.py:161} INFO - Started process (PID=977) to work on /home/airflow/.local/lib/python3.8/site-packages/airflow/example_dags/example_python_decorator.py
[2024-10-27T19:04:43.232+0000] {processor.py:830} INFO - Processing file /home/airflow/.local/lib/python3.8/site-packages/airflow/example_dags/example_python_decorator.py for tasks to queue
[2024-10-27T19:04:43.233+0000] {logging_mixin.py:188} INFO - [2024-10-27T19:04:43.233+0000] {dagbag.py:538} INFO - Filling up the DagBag from /home/airflow/.local/lib/python3.8/site-packages/airflow/example_dags/example_python_decorator.py
[2024-10-27T19:04:43.243+0000] {processor.py:840} INFO - DAG(s) 'example_python_decorator' retrieved from /home/airflow/.local/lib/python3.8/site-packages/airflow/example_dags/example_python_decorator.py
[2024-10-27T19:04:43.262+0000] {logging_mixin.py:188} INFO - [2024-10-27T19:04:43.262+0000] {dag.py:3036} INFO - Sync 1 DAGs
[2024-10-27T19:04:43.273+0000] {logging_mixin.py:188} INFO - [2024-10-27T19:04:43.273+0000] {dag.py:3823} INFO - Setting next_dagrun for example_python_decorator to None, run_after=None
[2024-10-27T19:04:43.289+0000] {processor.py:183} INFO - Processing /home/airflow/.local/lib/python3.8/site-packages/airflow/example_dags/example_python_decorator.py took 0.060 seconds
[2024-10-27T19:05:13.729+0000] {processor.py:161} INFO - Started process (PID=1033) to work on /home/airflow/.local/lib/python3.8/site-packages/airflow/example_dags/example_python_decorator.py
[2024-10-27T19:05:13.730+0000] {processor.py:830} INFO - Processing file /home/airflow/.local/lib/python3.8/site-packages/airflow/example_dags/example_python_decorator.py for tasks to queue
[2024-10-27T19:05:13.732+0000] {logging_mixin.py:188} INFO - [2024-10-27T19:05:13.731+0000] {dagbag.py:538} INFO - Filling up the DagBag from /home/airflow/.local/lib/python3.8/site-packages/airflow/example_dags/example_python_decorator.py
[2024-10-27T19:05:13.744+0000] {processor.py:840} INFO - DAG(s) 'example_python_decorator' retrieved from /home/airflow/.local/lib/python3.8/site-packages/airflow/example_dags/example_python_decorator.py
[2024-10-27T19:05:13.762+0000] {logging_mixin.py:188} INFO - [2024-10-27T19:05:13.762+0000] {dag.py:3036} INFO - Sync 1 DAGs
[2024-10-27T19:05:13.773+0000] {logging_mixin.py:188} INFO - [2024-10-27T19:05:13.772+0000] {dag.py:3823} INFO - Setting next_dagrun for example_python_decorator to None, run_after=None
[2024-10-27T19:05:13.788+0000] {processor.py:183} INFO - Processing /home/airflow/.local/lib/python3.8/site-packages/airflow/example_dags/example_python_decorator.py took 0.062 seconds
[2024-10-27T19:13:20.609+0000] {processor.py:161} INFO - Started process (PID=89) to work on /home/airflow/.local/lib/python3.11/site-packages/airflow/example_dags/example_python_decorator.py
[2024-10-27T19:13:20.610+0000] {processor.py:830} INFO - Processing file /home/airflow/.local/lib/python3.11/site-packages/airflow/example_dags/example_python_decorator.py for tasks to queue
[2024-10-27T19:13:20.611+0000] {logging_mixin.py:188} INFO - [2024-10-27T19:13:20.611+0000] {dagbag.py:538} INFO - Filling up the DagBag from /home/airflow/.local/lib/python3.11/site-packages/airflow/example_dags/example_python_decorator.py
[2024-10-27T19:13:20.621+0000] {processor.py:840} INFO - DAG(s) 'example_python_decorator' retrieved from /home/airflow/.local/lib/python3.11/site-packages/airflow/example_dags/example_python_decorator.py
[2024-10-27T19:13:20.707+0000] {logging_mixin.py:188} INFO - [2024-10-27T19:13:20.706+0000] {dag.py:3036} INFO - Sync 1 DAGs
[2024-10-27T19:13:20.714+0000] {logging_mixin.py:188} INFO - [2024-10-27T19:13:20.714+0000] {dag.py:3823} INFO - Setting next_dagrun for example_python_decorator to None, run_after=None
[2024-10-27T19:13:20.730+0000] {processor.py:183} INFO - Processing /home/airflow/.local/lib/python3.11/site-packages/airflow/example_dags/example_python_decorator.py took 0.123 seconds
[2024-10-27T19:14:01.832+0000] {processor.py:161} INFO - Started process (PID=147) to work on /home/airflow/.local/lib/python3.11/site-packages/airflow/example_dags/example_python_decorator.py
[2024-10-27T19:14:01.833+0000] {processor.py:830} INFO - Processing file /home/airflow/.local/lib/python3.11/site-packages/airflow/example_dags/example_python_decorator.py for tasks to queue
[2024-10-27T19:14:01.835+0000] {logging_mixin.py:188} INFO - [2024-10-27T19:14:01.835+0000] {dagbag.py:538} INFO - Filling up the DagBag from /home/airflow/.local/lib/python3.11/site-packages/airflow/example_dags/example_python_decorator.py
[2024-10-27T19:14:01.846+0000] {processor.py:840} INFO - DAG(s) 'example_python_decorator' retrieved from /home/airflow/.local/lib/python3.11/site-packages/airflow/example_dags/example_python_decorator.py
[2024-10-27T19:14:01.864+0000] {logging_mixin.py:188} INFO - [2024-10-27T19:14:01.864+0000] {dag.py:3036} INFO - Sync 1 DAGs
[2024-10-27T19:14:01.876+0000] {logging_mixin.py:188} INFO - [2024-10-27T19:14:01.876+0000] {dag.py:3823} INFO - Setting next_dagrun for example_python_decorator to None, run_after=None
[2024-10-27T19:14:02.003+0000] {processor.py:183} INFO - Processing /home/airflow/.local/lib/python3.11/site-packages/airflow/example_dags/example_python_decorator.py took 0.173 seconds
[2024-10-27T19:14:32.510+0000] {processor.py:161} INFO - Started process (PID=205) to work on /home/airflow/.local/lib/python3.11/site-packages/airflow/example_dags/example_python_decorator.py
[2024-10-27T19:14:32.511+0000] {processor.py:830} INFO - Processing file /home/airflow/.local/lib/python3.11/site-packages/airflow/example_dags/example_python_decorator.py for tasks to queue
[2024-10-27T19:14:32.514+0000] {logging_mixin.py:188} INFO - [2024-10-27T19:14:32.513+0000] {dagbag.py:538} INFO - Filling up the DagBag from /home/airflow/.local/lib/python3.11/site-packages/airflow/example_dags/example_python_decorator.py
[2024-10-27T19:14:32.537+0000] {processor.py:840} INFO - DAG(s) 'example_python_decorator' retrieved from /home/airflow/.local/lib/python3.11/site-packages/airflow/example_dags/example_python_decorator.py
[2024-10-27T19:14:32.573+0000] {logging_mixin.py:188} INFO - [2024-10-27T19:14:32.572+0000] {dag.py:3036} INFO - Sync 1 DAGs
[2024-10-27T19:14:32.594+0000] {logging_mixin.py:188} INFO - [2024-10-27T19:14:32.593+0000] {dag.py:3823} INFO - Setting next_dagrun for example_python_decorator to None, run_after=None
[2024-10-27T19:14:32.627+0000] {processor.py:183} INFO - Processing /home/airflow/.local/lib/python3.11/site-packages/airflow/example_dags/example_python_decorator.py took 0.121 seconds
[2024-10-27T19:15:02.693+0000] {processor.py:161} INFO - Started process (PID=263) to work on /home/airflow/.local/lib/python3.11/site-packages/airflow/example_dags/example_python_decorator.py
[2024-10-27T19:15:02.695+0000] {processor.py:830} INFO - Processing file /home/airflow/.local/lib/python3.11/site-packages/airflow/example_dags/example_python_decorator.py for tasks to queue
[2024-10-27T19:15:02.697+0000] {logging_mixin.py:188} INFO - [2024-10-27T19:15:02.697+0000] {dagbag.py:538} INFO - Filling up the DagBag from /home/airflow/.local/lib/python3.11/site-packages/airflow/example_dags/example_python_decorator.py
[2024-10-27T19:15:02.718+0000] {processor.py:840} INFO - DAG(s) 'example_python_decorator' retrieved from /home/airflow/.local/lib/python3.11/site-packages/airflow/example_dags/example_python_decorator.py
[2024-10-27T19:15:02.754+0000] {logging_mixin.py:188} INFO - [2024-10-27T19:15:02.753+0000] {dag.py:3036} INFO - Sync 1 DAGs
[2024-10-27T19:15:02.777+0000] {logging_mixin.py:188} INFO - [2024-10-27T19:15:02.776+0000] {dag.py:3823} INFO - Setting next_dagrun for example_python_decorator to None, run_after=None
[2024-10-27T19:15:02.827+0000] {processor.py:183} INFO - Processing /home/airflow/.local/lib/python3.11/site-packages/airflow/example_dags/example_python_decorator.py took 0.137 seconds
[2024-10-27T19:15:33.696+0000] {processor.py:161} INFO - Started process (PID=321) to work on /home/airflow/.local/lib/python3.11/site-packages/airflow/example_dags/example_python_decorator.py
[2024-10-27T19:15:33.697+0000] {processor.py:830} INFO - Processing file /home/airflow/.local/lib/python3.11/site-packages/airflow/example_dags/example_python_decorator.py for tasks to queue
[2024-10-27T19:15:33.699+0000] {logging_mixin.py:188} INFO - [2024-10-27T19:15:33.699+0000] {dagbag.py:538} INFO - Filling up the DagBag from /home/airflow/.local/lib/python3.11/site-packages/airflow/example_dags/example_python_decorator.py
[2024-10-27T19:15:33.712+0000] {processor.py:840} INFO - DAG(s) 'example_python_decorator' retrieved from /home/airflow/.local/lib/python3.11/site-packages/airflow/example_dags/example_python_decorator.py
[2024-10-27T19:15:33.729+0000] {logging_mixin.py:188} INFO - [2024-10-27T19:15:33.729+0000] {dag.py:3036} INFO - Sync 1 DAGs
[2024-10-27T19:15:33.740+0000] {logging_mixin.py:188} INFO - [2024-10-27T19:15:33.740+0000] {dag.py:3823} INFO - Setting next_dagrun for example_python_decorator to None, run_after=None
[2024-10-27T19:15:33.758+0000] {processor.py:183} INFO - Processing /home/airflow/.local/lib/python3.11/site-packages/airflow/example_dags/example_python_decorator.py took 0.064 seconds
