[2024-10-27T18:56:01.492+0000] {processor.py:161} INFO - Started process (PID=196) to work on /home/airflow/.local/lib/python3.8/site-packages/airflow/example_dags/example_task_group.py
[2024-10-27T18:56:01.493+0000] {processor.py:830} INFO - Processing file /home/airflow/.local/lib/python3.8/site-packages/airflow/example_dags/example_task_group.py for tasks to queue
[2024-10-27T18:56:01.494+0000] {logging_mixin.py:188} INFO - [2024-10-27T18:56:01.494+0000] {dagbag.py:538} INFO - Filling up the DagBag from /home/airflow/.local/lib/python3.8/site-packages/airflow/example_dags/example_task_group.py
[2024-10-27T18:56:01.500+0000] {processor.py:840} INFO - DAG(s) 'example_task_group' retrieved from /home/airflow/.local/lib/python3.8/site-packages/airflow/example_dags/example_task_group.py
[2024-10-27T18:56:01.584+0000] {logging_mixin.py:188} INFO - [2024-10-27T18:56:01.584+0000] {override.py:1769} INFO - Created Permission View: can delete on DAG:example_task_group
[2024-10-27T18:56:01.593+0000] {logging_mixin.py:188} INFO - [2024-10-27T18:56:01.592+0000] {override.py:1769} INFO - Created Permission View: can read on DAG:example_task_group
[2024-10-27T18:56:01.599+0000] {logging_mixin.py:188} INFO - [2024-10-27T18:56:01.598+0000] {override.py:1769} INFO - Created Permission View: can edit on DAG:example_task_group
[2024-10-27T18:56:01.599+0000] {logging_mixin.py:188} INFO - [2024-10-27T18:56:01.599+0000] {dag.py:3036} INFO - Sync 1 DAGs
[2024-10-27T18:56:01.608+0000] {logging_mixin.py:188} INFO - [2024-10-27T18:56:01.608+0000] {dag.py:3058} INFO - Creating ORM DAG for example_task_group
[2024-10-27T18:56:01.616+0000] {logging_mixin.py:188} INFO - [2024-10-27T18:56:01.616+0000] {dag.py:3823} INFO - Setting next_dagrun for example_task_group to 2024-10-26 00:00:00+00:00, run_after=2024-10-27 00:00:00+00:00
[2024-10-27T18:56:01.633+0000] {processor.py:183} INFO - Processing /home/airflow/.local/lib/python3.8/site-packages/airflow/example_dags/example_task_group.py took 0.143 seconds
[2024-10-27T18:56:36.828+0000] {processor.py:161} INFO - Started process (PID=62) to work on /home/airflow/.local/lib/python3.8/site-packages/airflow/example_dags/example_task_group.py
[2024-10-27T18:56:36.829+0000] {processor.py:830} INFO - Processing file /home/airflow/.local/lib/python3.8/site-packages/airflow/example_dags/example_task_group.py for tasks to queue
[2024-10-27T18:56:36.831+0000] {logging_mixin.py:188} INFO - [2024-10-27T18:56:36.830+0000] {dagbag.py:538} INFO - Filling up the DagBag from /home/airflow/.local/lib/python3.8/site-packages/airflow/example_dags/example_task_group.py
[2024-10-27T18:56:36.836+0000] {processor.py:840} INFO - DAG(s) 'example_task_group' retrieved from /home/airflow/.local/lib/python3.8/site-packages/airflow/example_dags/example_task_group.py
[2024-10-27T18:56:36.854+0000] {logging_mixin.py:188} INFO - [2024-10-27T18:56:36.853+0000] {dag.py:3036} INFO - Sync 1 DAGs
[2024-10-27T18:56:36.873+0000] {logging_mixin.py:188} INFO - [2024-10-27T18:56:36.873+0000] {dag.py:3823} INFO - Setting next_dagrun for example_task_group to 2024-10-26 00:00:00+00:00, run_after=2024-10-27 00:00:00+00:00
[2024-10-27T18:56:36.889+0000] {processor.py:183} INFO - Processing /home/airflow/.local/lib/python3.8/site-packages/airflow/example_dags/example_task_group.py took 0.063 seconds
[2024-10-27T18:57:07.350+0000] {processor.py:161} INFO - Started process (PID=118) to work on /home/airflow/.local/lib/python3.8/site-packages/airflow/example_dags/example_task_group.py
[2024-10-27T18:57:07.351+0000] {processor.py:830} INFO - Processing file /home/airflow/.local/lib/python3.8/site-packages/airflow/example_dags/example_task_group.py for tasks to queue
[2024-10-27T18:57:07.352+0000] {logging_mixin.py:188} INFO - [2024-10-27T18:57:07.352+0000] {dagbag.py:538} INFO - Filling up the DagBag from /home/airflow/.local/lib/python3.8/site-packages/airflow/example_dags/example_task_group.py
[2024-10-27T18:57:07.358+0000] {processor.py:840} INFO - DAG(s) 'example_task_group' retrieved from /home/airflow/.local/lib/python3.8/site-packages/airflow/example_dags/example_task_group.py
[2024-10-27T18:57:07.374+0000] {logging_mixin.py:188} INFO - [2024-10-27T18:57:07.374+0000] {dag.py:3036} INFO - Sync 1 DAGs
[2024-10-27T18:57:07.395+0000] {logging_mixin.py:188} INFO - [2024-10-27T18:57:07.394+0000] {dag.py:3823} INFO - Setting next_dagrun for example_task_group to 2024-10-26 00:00:00+00:00, run_after=2024-10-27 00:00:00+00:00
[2024-10-27T18:57:07.418+0000] {processor.py:183} INFO - Processing /home/airflow/.local/lib/python3.8/site-packages/airflow/example_dags/example_task_group.py took 0.070 seconds
[2024-10-27T18:57:37.798+0000] {processor.py:161} INFO - Started process (PID=180) to work on /home/airflow/.local/lib/python3.8/site-packages/airflow/example_dags/example_task_group.py
[2024-10-27T18:57:37.799+0000] {processor.py:830} INFO - Processing file /home/airflow/.local/lib/python3.8/site-packages/airflow/example_dags/example_task_group.py for tasks to queue
[2024-10-27T18:57:37.800+0000] {logging_mixin.py:188} INFO - [2024-10-27T18:57:37.800+0000] {dagbag.py:538} INFO - Filling up the DagBag from /home/airflow/.local/lib/python3.8/site-packages/airflow/example_dags/example_task_group.py
[2024-10-27T18:57:37.806+0000] {processor.py:840} INFO - DAG(s) 'example_task_group' retrieved from /home/airflow/.local/lib/python3.8/site-packages/airflow/example_dags/example_task_group.py
[2024-10-27T18:57:37.823+0000] {logging_mixin.py:188} INFO - [2024-10-27T18:57:37.823+0000] {dag.py:3036} INFO - Sync 1 DAGs
[2024-10-27T18:57:37.841+0000] {logging_mixin.py:188} INFO - [2024-10-27T18:57:37.841+0000] {dag.py:3823} INFO - Setting next_dagrun for example_task_group to 2024-10-26 00:00:00+00:00, run_after=2024-10-27 00:00:00+00:00
[2024-10-27T18:57:37.860+0000] {processor.py:183} INFO - Processing /home/airflow/.local/lib/python3.8/site-packages/airflow/example_dags/example_task_group.py took 0.064 seconds
[2024-10-27T18:58:08.259+0000] {processor.py:161} INFO - Started process (PID=236) to work on /home/airflow/.local/lib/python3.8/site-packages/airflow/example_dags/example_task_group.py
[2024-10-27T18:58:08.259+0000] {processor.py:830} INFO - Processing file /home/airflow/.local/lib/python3.8/site-packages/airflow/example_dags/example_task_group.py for tasks to queue
[2024-10-27T18:58:08.261+0000] {logging_mixin.py:188} INFO - [2024-10-27T18:58:08.260+0000] {dagbag.py:538} INFO - Filling up the DagBag from /home/airflow/.local/lib/python3.8/site-packages/airflow/example_dags/example_task_group.py
[2024-10-27T18:58:08.269+0000] {processor.py:840} INFO - DAG(s) 'example_task_group' retrieved from /home/airflow/.local/lib/python3.8/site-packages/airflow/example_dags/example_task_group.py
[2024-10-27T18:58:08.294+0000] {logging_mixin.py:188} INFO - [2024-10-27T18:58:08.293+0000] {dag.py:3036} INFO - Sync 1 DAGs
[2024-10-27T18:58:08.313+0000] {logging_mixin.py:188} INFO - [2024-10-27T18:58:08.313+0000] {dag.py:3823} INFO - Setting next_dagrun for example_task_group to 2024-10-26 00:00:00+00:00, run_after=2024-10-27 00:00:00+00:00
[2024-10-27T18:58:08.329+0000] {processor.py:183} INFO - Processing /home/airflow/.local/lib/python3.8/site-packages/airflow/example_dags/example_task_group.py took 0.073 seconds
[2024-10-27T18:58:38.895+0000] {processor.py:161} INFO - Started process (PID=292) to work on /home/airflow/.local/lib/python3.8/site-packages/airflow/example_dags/example_task_group.py
[2024-10-27T18:58:38.896+0000] {processor.py:830} INFO - Processing file /home/airflow/.local/lib/python3.8/site-packages/airflow/example_dags/example_task_group.py for tasks to queue
[2024-10-27T18:58:38.897+0000] {logging_mixin.py:188} INFO - [2024-10-27T18:58:38.897+0000] {dagbag.py:538} INFO - Filling up the DagBag from /home/airflow/.local/lib/python3.8/site-packages/airflow/example_dags/example_task_group.py
[2024-10-27T18:58:38.903+0000] {processor.py:840} INFO - DAG(s) 'example_task_group' retrieved from /home/airflow/.local/lib/python3.8/site-packages/airflow/example_dags/example_task_group.py
[2024-10-27T18:58:38.923+0000] {logging_mixin.py:188} INFO - [2024-10-27T18:58:38.923+0000] {dag.py:3036} INFO - Sync 1 DAGs
[2024-10-27T18:58:38.943+0000] {logging_mixin.py:188} INFO - [2024-10-27T18:58:38.943+0000] {dag.py:3823} INFO - Setting next_dagrun for example_task_group to 2024-10-26 00:00:00+00:00, run_after=2024-10-27 00:00:00+00:00
[2024-10-27T18:58:38.966+0000] {processor.py:183} INFO - Processing /home/airflow/.local/lib/python3.8/site-packages/airflow/example_dags/example_task_group.py took 0.073 seconds
[2024-10-27T18:59:09.174+0000] {processor.py:161} INFO - Started process (PID=349) to work on /home/airflow/.local/lib/python3.8/site-packages/airflow/example_dags/example_task_group.py
[2024-10-27T18:59:09.174+0000] {processor.py:830} INFO - Processing file /home/airflow/.local/lib/python3.8/site-packages/airflow/example_dags/example_task_group.py for tasks to queue
[2024-10-27T18:59:09.176+0000] {logging_mixin.py:188} INFO - [2024-10-27T18:59:09.175+0000] {dagbag.py:538} INFO - Filling up the DagBag from /home/airflow/.local/lib/python3.8/site-packages/airflow/example_dags/example_task_group.py
[2024-10-27T18:59:09.183+0000] {processor.py:840} INFO - DAG(s) 'example_task_group' retrieved from /home/airflow/.local/lib/python3.8/site-packages/airflow/example_dags/example_task_group.py
[2024-10-27T18:59:09.198+0000] {logging_mixin.py:188} INFO - [2024-10-27T18:59:09.198+0000] {dag.py:3036} INFO - Sync 1 DAGs
[2024-10-27T18:59:09.213+0000] {logging_mixin.py:188} INFO - [2024-10-27T18:59:09.213+0000] {dag.py:3823} INFO - Setting next_dagrun for example_task_group to 2024-10-26 00:00:00+00:00, run_after=2024-10-27 00:00:00+00:00
[2024-10-27T18:59:09.227+0000] {processor.py:183} INFO - Processing /home/airflow/.local/lib/python3.8/site-packages/airflow/example_dags/example_task_group.py took 0.055 seconds
[2024-10-27T18:59:39.453+0000] {processor.py:161} INFO - Started process (PID=405) to work on /home/airflow/.local/lib/python3.8/site-packages/airflow/example_dags/example_task_group.py
[2024-10-27T18:59:39.454+0000] {processor.py:830} INFO - Processing file /home/airflow/.local/lib/python3.8/site-packages/airflow/example_dags/example_task_group.py for tasks to queue
[2024-10-27T18:59:39.456+0000] {logging_mixin.py:188} INFO - [2024-10-27T18:59:39.455+0000] {dagbag.py:538} INFO - Filling up the DagBag from /home/airflow/.local/lib/python3.8/site-packages/airflow/example_dags/example_task_group.py
[2024-10-27T18:59:39.461+0000] {processor.py:840} INFO - DAG(s) 'example_task_group' retrieved from /home/airflow/.local/lib/python3.8/site-packages/airflow/example_dags/example_task_group.py
[2024-10-27T18:59:39.478+0000] {logging_mixin.py:188} INFO - [2024-10-27T18:59:39.478+0000] {dag.py:3036} INFO - Sync 1 DAGs
[2024-10-27T18:59:39.497+0000] {logging_mixin.py:188} INFO - [2024-10-27T18:59:39.496+0000] {dag.py:3823} INFO - Setting next_dagrun for example_task_group to 2024-10-26 00:00:00+00:00, run_after=2024-10-27 00:00:00+00:00
[2024-10-27T18:59:39.516+0000] {processor.py:183} INFO - Processing /home/airflow/.local/lib/python3.8/site-packages/airflow/example_dags/example_task_group.py took 0.065 seconds
[2024-10-27T19:00:09.712+0000] {processor.py:161} INFO - Started process (PID=461) to work on /home/airflow/.local/lib/python3.8/site-packages/airflow/example_dags/example_task_group.py
[2024-10-27T19:00:09.713+0000] {processor.py:830} INFO - Processing file /home/airflow/.local/lib/python3.8/site-packages/airflow/example_dags/example_task_group.py for tasks to queue
[2024-10-27T19:00:09.715+0000] {logging_mixin.py:188} INFO - [2024-10-27T19:00:09.715+0000] {dagbag.py:538} INFO - Filling up the DagBag from /home/airflow/.local/lib/python3.8/site-packages/airflow/example_dags/example_task_group.py
[2024-10-27T19:00:09.721+0000] {processor.py:840} INFO - DAG(s) 'example_task_group' retrieved from /home/airflow/.local/lib/python3.8/site-packages/airflow/example_dags/example_task_group.py
[2024-10-27T19:00:09.744+0000] {logging_mixin.py:188} INFO - [2024-10-27T19:00:09.744+0000] {dag.py:3036} INFO - Sync 1 DAGs
[2024-10-27T19:00:09.771+0000] {logging_mixin.py:188} INFO - [2024-10-27T19:00:09.771+0000] {dag.py:3823} INFO - Setting next_dagrun for example_task_group to 2024-10-26 00:00:00+00:00, run_after=2024-10-27 00:00:00+00:00
[2024-10-27T19:00:09.790+0000] {processor.py:183} INFO - Processing /home/airflow/.local/lib/python3.8/site-packages/airflow/example_dags/example_task_group.py took 0.080 seconds
[2024-10-27T19:00:39.963+0000] {processor.py:161} INFO - Started process (PID=517) to work on /home/airflow/.local/lib/python3.8/site-packages/airflow/example_dags/example_task_group.py
[2024-10-27T19:00:39.964+0000] {processor.py:830} INFO - Processing file /home/airflow/.local/lib/python3.8/site-packages/airflow/example_dags/example_task_group.py for tasks to queue
[2024-10-27T19:00:39.965+0000] {logging_mixin.py:188} INFO - [2024-10-27T19:00:39.965+0000] {dagbag.py:538} INFO - Filling up the DagBag from /home/airflow/.local/lib/python3.8/site-packages/airflow/example_dags/example_task_group.py
[2024-10-27T19:00:39.971+0000] {processor.py:840} INFO - DAG(s) 'example_task_group' retrieved from /home/airflow/.local/lib/python3.8/site-packages/airflow/example_dags/example_task_group.py
[2024-10-27T19:00:39.987+0000] {logging_mixin.py:188} INFO - [2024-10-27T19:00:39.987+0000] {dag.py:3036} INFO - Sync 1 DAGs
[2024-10-27T19:00:40.004+0000] {logging_mixin.py:188} INFO - [2024-10-27T19:00:40.004+0000] {dag.py:3823} INFO - Setting next_dagrun for example_task_group to 2024-10-26 00:00:00+00:00, run_after=2024-10-27 00:00:00+00:00
[2024-10-27T19:00:40.020+0000] {processor.py:183} INFO - Processing /home/airflow/.local/lib/python3.8/site-packages/airflow/example_dags/example_task_group.py took 0.060 seconds
[2024-10-27T19:01:10.257+0000] {processor.py:161} INFO - Started process (PID=573) to work on /home/airflow/.local/lib/python3.8/site-packages/airflow/example_dags/example_task_group.py
[2024-10-27T19:01:10.258+0000] {processor.py:830} INFO - Processing file /home/airflow/.local/lib/python3.8/site-packages/airflow/example_dags/example_task_group.py for tasks to queue
[2024-10-27T19:01:10.260+0000] {logging_mixin.py:188} INFO - [2024-10-27T19:01:10.259+0000] {dagbag.py:538} INFO - Filling up the DagBag from /home/airflow/.local/lib/python3.8/site-packages/airflow/example_dags/example_task_group.py
[2024-10-27T19:01:10.265+0000] {processor.py:840} INFO - DAG(s) 'example_task_group' retrieved from /home/airflow/.local/lib/python3.8/site-packages/airflow/example_dags/example_task_group.py
[2024-10-27T19:01:10.281+0000] {logging_mixin.py:188} INFO - [2024-10-27T19:01:10.280+0000] {dag.py:3036} INFO - Sync 1 DAGs
[2024-10-27T19:01:10.298+0000] {logging_mixin.py:188} INFO - [2024-10-27T19:01:10.298+0000] {dag.py:3823} INFO - Setting next_dagrun for example_task_group to 2024-10-26 00:00:00+00:00, run_after=2024-10-27 00:00:00+00:00
[2024-10-27T19:01:10.313+0000] {processor.py:183} INFO - Processing /home/airflow/.local/lib/python3.8/site-packages/airflow/example_dags/example_task_group.py took 0.058 seconds
[2024-10-27T19:01:40.545+0000] {processor.py:161} INFO - Started process (PID=629) to work on /home/airflow/.local/lib/python3.8/site-packages/airflow/example_dags/example_task_group.py
[2024-10-27T19:01:40.546+0000] {processor.py:830} INFO - Processing file /home/airflow/.local/lib/python3.8/site-packages/airflow/example_dags/example_task_group.py for tasks to queue
[2024-10-27T19:01:40.547+0000] {logging_mixin.py:188} INFO - [2024-10-27T19:01:40.547+0000] {dagbag.py:538} INFO - Filling up the DagBag from /home/airflow/.local/lib/python3.8/site-packages/airflow/example_dags/example_task_group.py
[2024-10-27T19:01:40.553+0000] {processor.py:840} INFO - DAG(s) 'example_task_group' retrieved from /home/airflow/.local/lib/python3.8/site-packages/airflow/example_dags/example_task_group.py
[2024-10-27T19:01:40.569+0000] {logging_mixin.py:188} INFO - [2024-10-27T19:01:40.569+0000] {dag.py:3036} INFO - Sync 1 DAGs
[2024-10-27T19:01:40.588+0000] {logging_mixin.py:188} INFO - [2024-10-27T19:01:40.588+0000] {dag.py:3823} INFO - Setting next_dagrun for example_task_group to 2024-10-26 00:00:00+00:00, run_after=2024-10-27 00:00:00+00:00
[2024-10-27T19:01:40.602+0000] {processor.py:183} INFO - Processing /home/airflow/.local/lib/python3.8/site-packages/airflow/example_dags/example_task_group.py took 0.059 seconds
[2024-10-27T19:02:10.878+0000] {processor.py:161} INFO - Started process (PID=685) to work on /home/airflow/.local/lib/python3.8/site-packages/airflow/example_dags/example_task_group.py
[2024-10-27T19:02:10.879+0000] {processor.py:830} INFO - Processing file /home/airflow/.local/lib/python3.8/site-packages/airflow/example_dags/example_task_group.py for tasks to queue
[2024-10-27T19:02:10.880+0000] {logging_mixin.py:188} INFO - [2024-10-27T19:02:10.880+0000] {dagbag.py:538} INFO - Filling up the DagBag from /home/airflow/.local/lib/python3.8/site-packages/airflow/example_dags/example_task_group.py
[2024-10-27T19:02:10.886+0000] {processor.py:840} INFO - DAG(s) 'example_task_group' retrieved from /home/airflow/.local/lib/python3.8/site-packages/airflow/example_dags/example_task_group.py
[2024-10-27T19:02:10.902+0000] {logging_mixin.py:188} INFO - [2024-10-27T19:02:10.901+0000] {dag.py:3036} INFO - Sync 1 DAGs
[2024-10-27T19:02:10.919+0000] {logging_mixin.py:188} INFO - [2024-10-27T19:02:10.919+0000] {dag.py:3823} INFO - Setting next_dagrun for example_task_group to 2024-10-26 00:00:00+00:00, run_after=2024-10-27 00:00:00+00:00
[2024-10-27T19:02:10.934+0000] {processor.py:183} INFO - Processing /home/airflow/.local/lib/python3.8/site-packages/airflow/example_dags/example_task_group.py took 0.058 seconds
[2024-10-27T19:02:41.178+0000] {processor.py:161} INFO - Started process (PID=741) to work on /home/airflow/.local/lib/python3.8/site-packages/airflow/example_dags/example_task_group.py
[2024-10-27T19:02:41.179+0000] {processor.py:830} INFO - Processing file /home/airflow/.local/lib/python3.8/site-packages/airflow/example_dags/example_task_group.py for tasks to queue
[2024-10-27T19:02:41.180+0000] {logging_mixin.py:188} INFO - [2024-10-27T19:02:41.180+0000] {dagbag.py:538} INFO - Filling up the DagBag from /home/airflow/.local/lib/python3.8/site-packages/airflow/example_dags/example_task_group.py
[2024-10-27T19:02:41.185+0000] {processor.py:840} INFO - DAG(s) 'example_task_group' retrieved from /home/airflow/.local/lib/python3.8/site-packages/airflow/example_dags/example_task_group.py
[2024-10-27T19:02:41.201+0000] {logging_mixin.py:188} INFO - [2024-10-27T19:02:41.201+0000] {dag.py:3036} INFO - Sync 1 DAGs
[2024-10-27T19:02:41.219+0000] {logging_mixin.py:188} INFO - [2024-10-27T19:02:41.218+0000] {dag.py:3823} INFO - Setting next_dagrun for example_task_group to 2024-10-26 00:00:00+00:00, run_after=2024-10-27 00:00:00+00:00
[2024-10-27T19:02:41.236+0000] {processor.py:183} INFO - Processing /home/airflow/.local/lib/python3.8/site-packages/airflow/example_dags/example_task_group.py took 0.060 seconds
[2024-10-27T19:03:11.339+0000] {processor.py:161} INFO - Started process (PID=797) to work on /home/airflow/.local/lib/python3.8/site-packages/airflow/example_dags/example_task_group.py
[2024-10-27T19:03:11.339+0000] {processor.py:830} INFO - Processing file /home/airflow/.local/lib/python3.8/site-packages/airflow/example_dags/example_task_group.py for tasks to queue
[2024-10-27T19:03:11.341+0000] {logging_mixin.py:188} INFO - [2024-10-27T19:03:11.341+0000] {dagbag.py:538} INFO - Filling up the DagBag from /home/airflow/.local/lib/python3.8/site-packages/airflow/example_dags/example_task_group.py
[2024-10-27T19:03:11.346+0000] {processor.py:840} INFO - DAG(s) 'example_task_group' retrieved from /home/airflow/.local/lib/python3.8/site-packages/airflow/example_dags/example_task_group.py
[2024-10-27T19:03:11.362+0000] {logging_mixin.py:188} INFO - [2024-10-27T19:03:11.362+0000] {dag.py:3036} INFO - Sync 1 DAGs
[2024-10-27T19:03:11.378+0000] {logging_mixin.py:188} INFO - [2024-10-27T19:03:11.378+0000] {dag.py:3823} INFO - Setting next_dagrun for example_task_group to 2024-10-26 00:00:00+00:00, run_after=2024-10-27 00:00:00+00:00
[2024-10-27T19:03:11.392+0000] {processor.py:183} INFO - Processing /home/airflow/.local/lib/python3.8/site-packages/airflow/example_dags/example_task_group.py took 0.056 seconds
[2024-10-27T19:03:41.660+0000] {processor.py:161} INFO - Started process (PID=853) to work on /home/airflow/.local/lib/python3.8/site-packages/airflow/example_dags/example_task_group.py
[2024-10-27T19:03:41.661+0000] {processor.py:830} INFO - Processing file /home/airflow/.local/lib/python3.8/site-packages/airflow/example_dags/example_task_group.py for tasks to queue
[2024-10-27T19:03:41.662+0000] {logging_mixin.py:188} INFO - [2024-10-27T19:03:41.662+0000] {dagbag.py:538} INFO - Filling up the DagBag from /home/airflow/.local/lib/python3.8/site-packages/airflow/example_dags/example_task_group.py
[2024-10-27T19:03:41.668+0000] {processor.py:840} INFO - DAG(s) 'example_task_group' retrieved from /home/airflow/.local/lib/python3.8/site-packages/airflow/example_dags/example_task_group.py
[2024-10-27T19:03:41.684+0000] {logging_mixin.py:188} INFO - [2024-10-27T19:03:41.684+0000] {dag.py:3036} INFO - Sync 1 DAGs
[2024-10-27T19:03:41.701+0000] {logging_mixin.py:188} INFO - [2024-10-27T19:03:41.701+0000] {dag.py:3823} INFO - Setting next_dagrun for example_task_group to 2024-10-26 00:00:00+00:00, run_after=2024-10-27 00:00:00+00:00
[2024-10-27T19:03:41.718+0000] {processor.py:183} INFO - Processing /home/airflow/.local/lib/python3.8/site-packages/airflow/example_dags/example_task_group.py took 0.060 seconds
[2024-10-27T19:04:11.895+0000] {processor.py:161} INFO - Started process (PID=909) to work on /home/airflow/.local/lib/python3.8/site-packages/airflow/example_dags/example_task_group.py
[2024-10-27T19:04:11.896+0000] {processor.py:830} INFO - Processing file /home/airflow/.local/lib/python3.8/site-packages/airflow/example_dags/example_task_group.py for tasks to queue
[2024-10-27T19:04:11.898+0000] {logging_mixin.py:188} INFO - [2024-10-27T19:04:11.897+0000] {dagbag.py:538} INFO - Filling up the DagBag from /home/airflow/.local/lib/python3.8/site-packages/airflow/example_dags/example_task_group.py
[2024-10-27T19:04:11.903+0000] {processor.py:840} INFO - DAG(s) 'example_task_group' retrieved from /home/airflow/.local/lib/python3.8/site-packages/airflow/example_dags/example_task_group.py
[2024-10-27T19:04:11.919+0000] {logging_mixin.py:188} INFO - [2024-10-27T19:04:11.919+0000] {dag.py:3036} INFO - Sync 1 DAGs
[2024-10-27T19:04:11.937+0000] {logging_mixin.py:188} INFO - [2024-10-27T19:04:11.936+0000] {dag.py:3823} INFO - Setting next_dagrun for example_task_group to 2024-10-26 00:00:00+00:00, run_after=2024-10-27 00:00:00+00:00
[2024-10-27T19:04:11.953+0000] {processor.py:183} INFO - Processing /home/airflow/.local/lib/python3.8/site-packages/airflow/example_dags/example_task_group.py took 0.060 seconds
[2024-10-27T19:04:42.431+0000] {processor.py:161} INFO - Started process (PID=965) to work on /home/airflow/.local/lib/python3.8/site-packages/airflow/example_dags/example_task_group.py
[2024-10-27T19:04:42.432+0000] {processor.py:830} INFO - Processing file /home/airflow/.local/lib/python3.8/site-packages/airflow/example_dags/example_task_group.py for tasks to queue
[2024-10-27T19:04:42.433+0000] {logging_mixin.py:188} INFO - [2024-10-27T19:04:42.433+0000] {dagbag.py:538} INFO - Filling up the DagBag from /home/airflow/.local/lib/python3.8/site-packages/airflow/example_dags/example_task_group.py
[2024-10-27T19:04:42.438+0000] {processor.py:840} INFO - DAG(s) 'example_task_group' retrieved from /home/airflow/.local/lib/python3.8/site-packages/airflow/example_dags/example_task_group.py
[2024-10-27T19:04:42.454+0000] {logging_mixin.py:188} INFO - [2024-10-27T19:04:42.454+0000] {dag.py:3036} INFO - Sync 1 DAGs
[2024-10-27T19:04:42.471+0000] {logging_mixin.py:188} INFO - [2024-10-27T19:04:42.470+0000] {dag.py:3823} INFO - Setting next_dagrun for example_task_group to 2024-10-26 00:00:00+00:00, run_after=2024-10-27 00:00:00+00:00
[2024-10-27T19:04:42.484+0000] {processor.py:183} INFO - Processing /home/airflow/.local/lib/python3.8/site-packages/airflow/example_dags/example_task_group.py took 0.056 seconds
[2024-10-27T19:05:13.120+0000] {processor.py:161} INFO - Started process (PID=1021) to work on /home/airflow/.local/lib/python3.8/site-packages/airflow/example_dags/example_task_group.py
[2024-10-27T19:05:13.121+0000] {processor.py:830} INFO - Processing file /home/airflow/.local/lib/python3.8/site-packages/airflow/example_dags/example_task_group.py for tasks to queue
[2024-10-27T19:05:13.122+0000] {logging_mixin.py:188} INFO - [2024-10-27T19:05:13.122+0000] {dagbag.py:538} INFO - Filling up the DagBag from /home/airflow/.local/lib/python3.8/site-packages/airflow/example_dags/example_task_group.py
[2024-10-27T19:05:13.129+0000] {processor.py:840} INFO - DAG(s) 'example_task_group' retrieved from /home/airflow/.local/lib/python3.8/site-packages/airflow/example_dags/example_task_group.py
[2024-10-27T19:05:13.148+0000] {logging_mixin.py:188} INFO - [2024-10-27T19:05:13.147+0000] {dag.py:3036} INFO - Sync 1 DAGs
[2024-10-27T19:05:13.166+0000] {logging_mixin.py:188} INFO - [2024-10-27T19:05:13.166+0000] {dag.py:3823} INFO - Setting next_dagrun for example_task_group to 2024-10-26 00:00:00+00:00, run_after=2024-10-27 00:00:00+00:00
[2024-10-27T19:05:13.182+0000] {processor.py:183} INFO - Processing /home/airflow/.local/lib/python3.8/site-packages/airflow/example_dags/example_task_group.py took 0.064 seconds
[2024-10-27T19:13:19.133+0000] {processor.py:161} INFO - Started process (PID=77) to work on /home/airflow/.local/lib/python3.11/site-packages/airflow/example_dags/example_task_group.py
[2024-10-27T19:13:19.139+0000] {processor.py:830} INFO - Processing file /home/airflow/.local/lib/python3.11/site-packages/airflow/example_dags/example_task_group.py for tasks to queue
[2024-10-27T19:13:19.142+0000] {logging_mixin.py:188} INFO - [2024-10-27T19:13:19.141+0000] {dagbag.py:538} INFO - Filling up the DagBag from /home/airflow/.local/lib/python3.11/site-packages/airflow/example_dags/example_task_group.py
[2024-10-27T19:13:19.153+0000] {processor.py:840} INFO - DAG(s) 'example_task_group' retrieved from /home/airflow/.local/lib/python3.11/site-packages/airflow/example_dags/example_task_group.py
[2024-10-27T19:13:19.249+0000] {logging_mixin.py:188} INFO - [2024-10-27T19:13:19.249+0000] {dag.py:3036} INFO - Sync 1 DAGs
[2024-10-27T19:13:19.271+0000] {logging_mixin.py:188} INFO - [2024-10-27T19:13:19.271+0000] {dag.py:3823} INFO - Setting next_dagrun for example_task_group to 2024-10-26 00:00:00+00:00, run_after=2024-10-27 00:00:00+00:00
[2024-10-27T19:13:19.297+0000] {processor.py:183} INFO - Processing /home/airflow/.local/lib/python3.11/site-packages/airflow/example_dags/example_task_group.py took 0.167 seconds
[2024-10-27T19:13:55.857+0000] {processor.py:161} INFO - Started process (PID=135) to work on /home/airflow/.local/lib/python3.11/site-packages/airflow/example_dags/example_task_group.py
[2024-10-27T19:13:55.858+0000] {processor.py:830} INFO - Processing file /home/airflow/.local/lib/python3.11/site-packages/airflow/example_dags/example_task_group.py for tasks to queue
[2024-10-27T19:13:55.860+0000] {logging_mixin.py:188} INFO - [2024-10-27T19:13:55.859+0000] {dagbag.py:538} INFO - Filling up the DagBag from /home/airflow/.local/lib/python3.11/site-packages/airflow/example_dags/example_task_group.py
[2024-10-27T19:13:55.866+0000] {processor.py:840} INFO - DAG(s) 'example_task_group' retrieved from /home/airflow/.local/lib/python3.11/site-packages/airflow/example_dags/example_task_group.py
[2024-10-27T19:13:55.884+0000] {logging_mixin.py:188} INFO - [2024-10-27T19:13:55.883+0000] {dag.py:3036} INFO - Sync 1 DAGs
[2024-10-27T19:13:55.900+0000] {logging_mixin.py:188} INFO - [2024-10-27T19:13:55.900+0000] {dag.py:3823} INFO - Setting next_dagrun for example_task_group to 2024-10-26 00:00:00+00:00, run_after=2024-10-27 00:00:00+00:00
[2024-10-27T19:13:57.246+0000] {processor.py:183} INFO - Processing /home/airflow/.local/lib/python3.11/site-packages/airflow/example_dags/example_task_group.py took 1.392 seconds
[2024-10-27T19:14:27.330+0000] {processor.py:161} INFO - Started process (PID=193) to work on /home/airflow/.local/lib/python3.11/site-packages/airflow/example_dags/example_task_group.py
[2024-10-27T19:14:27.331+0000] {processor.py:830} INFO - Processing file /home/airflow/.local/lib/python3.11/site-packages/airflow/example_dags/example_task_group.py for tasks to queue
[2024-10-27T19:14:27.333+0000] {logging_mixin.py:188} INFO - [2024-10-27T19:14:27.333+0000] {dagbag.py:538} INFO - Filling up the DagBag from /home/airflow/.local/lib/python3.11/site-packages/airflow/example_dags/example_task_group.py
[2024-10-27T19:14:27.343+0000] {processor.py:840} INFO - DAG(s) 'example_task_group' retrieved from /home/airflow/.local/lib/python3.11/site-packages/airflow/example_dags/example_task_group.py
[2024-10-27T19:14:27.382+0000] {logging_mixin.py:188} INFO - [2024-10-27T19:14:27.382+0000] {dag.py:3036} INFO - Sync 1 DAGs
[2024-10-27T19:14:27.419+0000] {logging_mixin.py:188} INFO - [2024-10-27T19:14:27.419+0000] {dag.py:3823} INFO - Setting next_dagrun for example_task_group to 2024-10-26 00:00:00+00:00, run_after=2024-10-27 00:00:00+00:00
[2024-10-27T19:14:27.459+0000] {processor.py:183} INFO - Processing /home/airflow/.local/lib/python3.11/site-packages/airflow/example_dags/example_task_group.py took 0.134 seconds
[2024-10-27T19:14:58.463+0000] {processor.py:161} INFO - Started process (PID=251) to work on /home/airflow/.local/lib/python3.11/site-packages/airflow/example_dags/example_task_group.py
[2024-10-27T19:14:58.466+0000] {processor.py:830} INFO - Processing file /home/airflow/.local/lib/python3.11/site-packages/airflow/example_dags/example_task_group.py for tasks to queue
[2024-10-27T19:14:58.469+0000] {logging_mixin.py:188} INFO - [2024-10-27T19:14:58.468+0000] {dagbag.py:538} INFO - Filling up the DagBag from /home/airflow/.local/lib/python3.11/site-packages/airflow/example_dags/example_task_group.py
[2024-10-27T19:14:58.477+0000] {processor.py:840} INFO - DAG(s) 'example_task_group' retrieved from /home/airflow/.local/lib/python3.11/site-packages/airflow/example_dags/example_task_group.py
[2024-10-27T19:14:58.500+0000] {logging_mixin.py:188} INFO - [2024-10-27T19:14:58.500+0000] {dag.py:3036} INFO - Sync 1 DAGs
[2024-10-27T19:14:58.525+0000] {logging_mixin.py:188} INFO - [2024-10-27T19:14:58.525+0000] {dag.py:3823} INFO - Setting next_dagrun for example_task_group to 2024-10-26 00:00:00+00:00, run_after=2024-10-27 00:00:00+00:00
[2024-10-27T19:14:58.545+0000] {processor.py:183} INFO - Processing /home/airflow/.local/lib/python3.11/site-packages/airflow/example_dags/example_task_group.py took 0.086 seconds
[2024-10-27T19:15:29.226+0000] {processor.py:161} INFO - Started process (PID=309) to work on /home/airflow/.local/lib/python3.11/site-packages/airflow/example_dags/example_task_group.py
[2024-10-27T19:15:29.227+0000] {processor.py:830} INFO - Processing file /home/airflow/.local/lib/python3.11/site-packages/airflow/example_dags/example_task_group.py for tasks to queue
[2024-10-27T19:15:29.228+0000] {logging_mixin.py:188} INFO - [2024-10-27T19:15:29.228+0000] {dagbag.py:538} INFO - Filling up the DagBag from /home/airflow/.local/lib/python3.11/site-packages/airflow/example_dags/example_task_group.py
[2024-10-27T19:15:29.234+0000] {processor.py:840} INFO - DAG(s) 'example_task_group' retrieved from /home/airflow/.local/lib/python3.11/site-packages/airflow/example_dags/example_task_group.py
[2024-10-27T19:15:29.250+0000] {logging_mixin.py:188} INFO - [2024-10-27T19:15:29.249+0000] {dag.py:3036} INFO - Sync 1 DAGs
[2024-10-27T19:15:29.269+0000] {logging_mixin.py:188} INFO - [2024-10-27T19:15:29.269+0000] {dag.py:3823} INFO - Setting next_dagrun for example_task_group to 2024-10-26 00:00:00+00:00, run_after=2024-10-27 00:00:00+00:00
[2024-10-27T19:15:29.283+0000] {processor.py:183} INFO - Processing /home/airflow/.local/lib/python3.11/site-packages/airflow/example_dags/example_task_group.py took 0.060 seconds
