[2024-10-27T18:56:01.505+0000] {processor.py:161} INFO - Started process (PID=197) to work on /home/airflow/.local/lib/python3.8/site-packages/airflow/example_dags/example_short_circuit_decorator.py
[2024-10-27T18:56:01.506+0000] {processor.py:830} INFO - Processing file /home/airflow/.local/lib/python3.8/site-packages/airflow/example_dags/example_short_circuit_decorator.py for tasks to queue
[2024-10-27T18:56:01.507+0000] {logging_mixin.py:188} INFO - [2024-10-27T18:56:01.507+0000] {dagbag.py:538} INFO - Filling up the DagBag from /home/airflow/.local/lib/python3.8/site-packages/airflow/example_dags/example_short_circuit_decorator.py
[2024-10-27T18:56:01.515+0000] {processor.py:840} INFO - DAG(s) 'example_short_circuit_decorator' retrieved from /home/airflow/.local/lib/python3.8/site-packages/airflow/example_dags/example_short_circuit_decorator.py
[2024-10-27T18:56:01.602+0000] {logging_mixin.py:188} INFO - [2024-10-27T18:56:01.601+0000] {override.py:1769} INFO - Created Permission View: can delete on DAG:example_short_circuit_decorator
[2024-10-27T18:56:01.610+0000] {logging_mixin.py:188} INFO - [2024-10-27T18:56:01.610+0000] {override.py:1769} INFO - Created Permission View: can read on DAG:example_short_circuit_decorator
[2024-10-27T18:56:01.616+0000] {logging_mixin.py:188} INFO - [2024-10-27T18:56:01.616+0000] {override.py:1769} INFO - Created Permission View: can edit on DAG:example_short_circuit_decorator
[2024-10-27T18:56:01.617+0000] {logging_mixin.py:188} INFO - [2024-10-27T18:56:01.617+0000] {dag.py:3036} INFO - Sync 1 DAGs
[2024-10-27T18:56:01.625+0000] {logging_mixin.py:188} INFO - [2024-10-27T18:56:01.625+0000] {dag.py:3058} INFO - Creating ORM DAG for example_short_circuit_decorator
[2024-10-27T18:56:01.635+0000] {logging_mixin.py:188} INFO - [2024-10-27T18:56:01.635+0000] {dag.py:3823} INFO - Setting next_dagrun for example_short_circuit_decorator to 2024-10-26 00:00:00+00:00, run_after=2024-10-27 00:00:00+00:00
[2024-10-27T18:56:01.655+0000] {processor.py:183} INFO - Processing /home/airflow/.local/lib/python3.8/site-packages/airflow/example_dags/example_short_circuit_decorator.py took 0.153 seconds
[2024-10-27T18:56:36.870+0000] {processor.py:161} INFO - Started process (PID=63) to work on /home/airflow/.local/lib/python3.8/site-packages/airflow/example_dags/example_short_circuit_decorator.py
[2024-10-27T18:56:36.870+0000] {processor.py:830} INFO - Processing file /home/airflow/.local/lib/python3.8/site-packages/airflow/example_dags/example_short_circuit_decorator.py for tasks to queue
[2024-10-27T18:56:36.872+0000] {logging_mixin.py:188} INFO - [2024-10-27T18:56:36.872+0000] {dagbag.py:538} INFO - Filling up the DagBag from /home/airflow/.local/lib/python3.8/site-packages/airflow/example_dags/example_short_circuit_decorator.py
[2024-10-27T18:56:36.879+0000] {processor.py:840} INFO - DAG(s) 'example_short_circuit_decorator' retrieved from /home/airflow/.local/lib/python3.8/site-packages/airflow/example_dags/example_short_circuit_decorator.py
[2024-10-27T18:56:36.897+0000] {logging_mixin.py:188} INFO - [2024-10-27T18:56:36.896+0000] {dag.py:3036} INFO - Sync 1 DAGs
[2024-10-27T18:56:36.917+0000] {logging_mixin.py:188} INFO - [2024-10-27T18:56:36.916+0000] {dag.py:3823} INFO - Setting next_dagrun for example_short_circuit_decorator to 2024-10-26 00:00:00+00:00, run_after=2024-10-27 00:00:00+00:00
[2024-10-27T18:56:36.933+0000] {processor.py:183} INFO - Processing /home/airflow/.local/lib/python3.8/site-packages/airflow/example_dags/example_short_circuit_decorator.py took 0.066 seconds
[2024-10-27T18:57:07.392+0000] {processor.py:161} INFO - Started process (PID=119) to work on /home/airflow/.local/lib/python3.8/site-packages/airflow/example_dags/example_short_circuit_decorator.py
[2024-10-27T18:57:07.393+0000] {processor.py:830} INFO - Processing file /home/airflow/.local/lib/python3.8/site-packages/airflow/example_dags/example_short_circuit_decorator.py for tasks to queue
[2024-10-27T18:57:07.394+0000] {logging_mixin.py:188} INFO - [2024-10-27T18:57:07.394+0000] {dagbag.py:538} INFO - Filling up the DagBag from /home/airflow/.local/lib/python3.8/site-packages/airflow/example_dags/example_short_circuit_decorator.py
[2024-10-27T18:57:07.401+0000] {processor.py:840} INFO - DAG(s) 'example_short_circuit_decorator' retrieved from /home/airflow/.local/lib/python3.8/site-packages/airflow/example_dags/example_short_circuit_decorator.py
[2024-10-27T18:57:07.429+0000] {logging_mixin.py:188} INFO - [2024-10-27T18:57:07.429+0000] {dag.py:3036} INFO - Sync 1 DAGs
[2024-10-27T18:57:07.452+0000] {logging_mixin.py:188} INFO - [2024-10-27T18:57:07.452+0000] {dag.py:3823} INFO - Setting next_dagrun for example_short_circuit_decorator to 2024-10-26 00:00:00+00:00, run_after=2024-10-27 00:00:00+00:00
[2024-10-27T18:57:07.510+0000] {processor.py:183} INFO - Processing /home/airflow/.local/lib/python3.8/site-packages/airflow/example_dags/example_short_circuit_decorator.py took 0.121 seconds
[2024-10-27T18:57:37.866+0000] {processor.py:161} INFO - Started process (PID=181) to work on /home/airflow/.local/lib/python3.8/site-packages/airflow/example_dags/example_short_circuit_decorator.py
[2024-10-27T18:57:37.867+0000] {processor.py:830} INFO - Processing file /home/airflow/.local/lib/python3.8/site-packages/airflow/example_dags/example_short_circuit_decorator.py for tasks to queue
[2024-10-27T18:57:37.868+0000] {logging_mixin.py:188} INFO - [2024-10-27T18:57:37.868+0000] {dagbag.py:538} INFO - Filling up the DagBag from /home/airflow/.local/lib/python3.8/site-packages/airflow/example_dags/example_short_circuit_decorator.py
[2024-10-27T18:57:37.876+0000] {processor.py:840} INFO - DAG(s) 'example_short_circuit_decorator' retrieved from /home/airflow/.local/lib/python3.8/site-packages/airflow/example_dags/example_short_circuit_decorator.py
[2024-10-27T18:57:37.896+0000] {logging_mixin.py:188} INFO - [2024-10-27T18:57:37.896+0000] {dag.py:3036} INFO - Sync 1 DAGs
[2024-10-27T18:57:37.917+0000] {logging_mixin.py:188} INFO - [2024-10-27T18:57:37.916+0000] {dag.py:3823} INFO - Setting next_dagrun for example_short_circuit_decorator to 2024-10-26 00:00:00+00:00, run_after=2024-10-27 00:00:00+00:00
[2024-10-27T18:57:37.933+0000] {processor.py:183} INFO - Processing /home/airflow/.local/lib/python3.8/site-packages/airflow/example_dags/example_short_circuit_decorator.py took 0.070 seconds
[2024-10-27T18:58:08.340+0000] {processor.py:161} INFO - Started process (PID=237) to work on /home/airflow/.local/lib/python3.8/site-packages/airflow/example_dags/example_short_circuit_decorator.py
[2024-10-27T18:58:08.341+0000] {processor.py:830} INFO - Processing file /home/airflow/.local/lib/python3.8/site-packages/airflow/example_dags/example_short_circuit_decorator.py for tasks to queue
[2024-10-27T18:58:08.342+0000] {logging_mixin.py:188} INFO - [2024-10-27T18:58:08.342+0000] {dagbag.py:538} INFO - Filling up the DagBag from /home/airflow/.local/lib/python3.8/site-packages/airflow/example_dags/example_short_circuit_decorator.py
[2024-10-27T18:58:08.349+0000] {processor.py:840} INFO - DAG(s) 'example_short_circuit_decorator' retrieved from /home/airflow/.local/lib/python3.8/site-packages/airflow/example_dags/example_short_circuit_decorator.py
[2024-10-27T18:58:08.366+0000] {logging_mixin.py:188} INFO - [2024-10-27T18:58:08.366+0000] {dag.py:3036} INFO - Sync 1 DAGs
[2024-10-27T18:58:08.384+0000] {logging_mixin.py:188} INFO - [2024-10-27T18:58:08.384+0000] {dag.py:3823} INFO - Setting next_dagrun for example_short_circuit_decorator to 2024-10-26 00:00:00+00:00, run_after=2024-10-27 00:00:00+00:00
[2024-10-27T18:58:08.399+0000] {processor.py:183} INFO - Processing /home/airflow/.local/lib/python3.8/site-packages/airflow/example_dags/example_short_circuit_decorator.py took 0.061 seconds
[2024-10-27T18:58:38.950+0000] {processor.py:161} INFO - Started process (PID=293) to work on /home/airflow/.local/lib/python3.8/site-packages/airflow/example_dags/example_short_circuit_decorator.py
[2024-10-27T18:58:38.951+0000] {processor.py:830} INFO - Processing file /home/airflow/.local/lib/python3.8/site-packages/airflow/example_dags/example_short_circuit_decorator.py for tasks to queue
[2024-10-27T18:58:38.953+0000] {logging_mixin.py:188} INFO - [2024-10-27T18:58:38.953+0000] {dagbag.py:538} INFO - Filling up the DagBag from /home/airflow/.local/lib/python3.8/site-packages/airflow/example_dags/example_short_circuit_decorator.py
[2024-10-27T18:58:38.963+0000] {processor.py:840} INFO - DAG(s) 'example_short_circuit_decorator' retrieved from /home/airflow/.local/lib/python3.8/site-packages/airflow/example_dags/example_short_circuit_decorator.py
[2024-10-27T18:58:38.985+0000] {logging_mixin.py:188} INFO - [2024-10-27T18:58:38.984+0000] {dag.py:3036} INFO - Sync 1 DAGs
[2024-10-27T18:58:39.007+0000] {logging_mixin.py:188} INFO - [2024-10-27T18:58:39.007+0000] {dag.py:3823} INFO - Setting next_dagrun for example_short_circuit_decorator to 2024-10-26 00:00:00+00:00, run_after=2024-10-27 00:00:00+00:00
[2024-10-27T18:58:39.029+0000] {processor.py:183} INFO - Processing /home/airflow/.local/lib/python3.8/site-packages/airflow/example_dags/example_short_circuit_decorator.py took 0.082 seconds
[2024-10-27T18:59:09.236+0000] {processor.py:161} INFO - Started process (PID=350) to work on /home/airflow/.local/lib/python3.8/site-packages/airflow/example_dags/example_short_circuit_decorator.py
[2024-10-27T18:59:09.237+0000] {processor.py:830} INFO - Processing file /home/airflow/.local/lib/python3.8/site-packages/airflow/example_dags/example_short_circuit_decorator.py for tasks to queue
[2024-10-27T18:59:09.238+0000] {logging_mixin.py:188} INFO - [2024-10-27T18:59:09.238+0000] {dagbag.py:538} INFO - Filling up the DagBag from /home/airflow/.local/lib/python3.8/site-packages/airflow/example_dags/example_short_circuit_decorator.py
[2024-10-27T18:59:09.244+0000] {processor.py:840} INFO - DAG(s) 'example_short_circuit_decorator' retrieved from /home/airflow/.local/lib/python3.8/site-packages/airflow/example_dags/example_short_circuit_decorator.py
[2024-10-27T18:59:09.260+0000] {logging_mixin.py:188} INFO - [2024-10-27T18:59:09.260+0000] {dag.py:3036} INFO - Sync 1 DAGs
[2024-10-27T18:59:09.276+0000] {logging_mixin.py:188} INFO - [2024-10-27T18:59:09.276+0000] {dag.py:3823} INFO - Setting next_dagrun for example_short_circuit_decorator to 2024-10-26 00:00:00+00:00, run_after=2024-10-27 00:00:00+00:00
[2024-10-27T18:59:09.289+0000] {processor.py:183} INFO - Processing /home/airflow/.local/lib/python3.8/site-packages/airflow/example_dags/example_short_circuit_decorator.py took 0.056 seconds
[2024-10-27T18:59:39.515+0000] {processor.py:161} INFO - Started process (PID=406) to work on /home/airflow/.local/lib/python3.8/site-packages/airflow/example_dags/example_short_circuit_decorator.py
[2024-10-27T18:59:39.516+0000] {processor.py:830} INFO - Processing file /home/airflow/.local/lib/python3.8/site-packages/airflow/example_dags/example_short_circuit_decorator.py for tasks to queue
[2024-10-27T18:59:39.518+0000] {logging_mixin.py:188} INFO - [2024-10-27T18:59:39.517+0000] {dagbag.py:538} INFO - Filling up the DagBag from /home/airflow/.local/lib/python3.8/site-packages/airflow/example_dags/example_short_circuit_decorator.py
[2024-10-27T18:59:39.525+0000] {processor.py:840} INFO - DAG(s) 'example_short_circuit_decorator' retrieved from /home/airflow/.local/lib/python3.8/site-packages/airflow/example_dags/example_short_circuit_decorator.py
[2024-10-27T18:59:39.545+0000] {logging_mixin.py:188} INFO - [2024-10-27T18:59:39.544+0000] {dag.py:3036} INFO - Sync 1 DAGs
[2024-10-27T18:59:39.565+0000] {logging_mixin.py:188} INFO - [2024-10-27T18:59:39.564+0000] {dag.py:3823} INFO - Setting next_dagrun for example_short_circuit_decorator to 2024-10-26 00:00:00+00:00, run_after=2024-10-27 00:00:00+00:00
[2024-10-27T18:59:39.583+0000] {processor.py:183} INFO - Processing /home/airflow/.local/lib/python3.8/site-packages/airflow/example_dags/example_short_circuit_decorator.py took 0.071 seconds
[2024-10-27T19:00:09.795+0000] {processor.py:161} INFO - Started process (PID=462) to work on /home/airflow/.local/lib/python3.8/site-packages/airflow/example_dags/example_short_circuit_decorator.py
[2024-10-27T19:00:09.796+0000] {processor.py:830} INFO - Processing file /home/airflow/.local/lib/python3.8/site-packages/airflow/example_dags/example_short_circuit_decorator.py for tasks to queue
[2024-10-27T19:00:09.801+0000] {logging_mixin.py:188} INFO - [2024-10-27T19:00:09.801+0000] {dagbag.py:538} INFO - Filling up the DagBag from /home/airflow/.local/lib/python3.8/site-packages/airflow/example_dags/example_short_circuit_decorator.py
[2024-10-27T19:00:09.811+0000] {processor.py:840} INFO - DAG(s) 'example_short_circuit_decorator' retrieved from /home/airflow/.local/lib/python3.8/site-packages/airflow/example_dags/example_short_circuit_decorator.py
[2024-10-27T19:00:09.835+0000] {logging_mixin.py:188} INFO - [2024-10-27T19:00:09.835+0000] {dag.py:3036} INFO - Sync 1 DAGs
[2024-10-27T19:00:09.854+0000] {logging_mixin.py:188} INFO - [2024-10-27T19:00:09.853+0000] {dag.py:3823} INFO - Setting next_dagrun for example_short_circuit_decorator to 2024-10-26 00:00:00+00:00, run_after=2024-10-27 00:00:00+00:00
[2024-10-27T19:00:09.869+0000] {processor.py:183} INFO - Processing /home/airflow/.local/lib/python3.8/site-packages/airflow/example_dags/example_short_circuit_decorator.py took 0.077 seconds
[2024-10-27T19:00:40.024+0000] {processor.py:161} INFO - Started process (PID=518) to work on /home/airflow/.local/lib/python3.8/site-packages/airflow/example_dags/example_short_circuit_decorator.py
[2024-10-27T19:00:40.024+0000] {processor.py:830} INFO - Processing file /home/airflow/.local/lib/python3.8/site-packages/airflow/example_dags/example_short_circuit_decorator.py for tasks to queue
[2024-10-27T19:00:40.026+0000] {logging_mixin.py:188} INFO - [2024-10-27T19:00:40.025+0000] {dagbag.py:538} INFO - Filling up the DagBag from /home/airflow/.local/lib/python3.8/site-packages/airflow/example_dags/example_short_circuit_decorator.py
[2024-10-27T19:00:40.033+0000] {processor.py:840} INFO - DAG(s) 'example_short_circuit_decorator' retrieved from /home/airflow/.local/lib/python3.8/site-packages/airflow/example_dags/example_short_circuit_decorator.py
[2024-10-27T19:00:40.052+0000] {logging_mixin.py:188} INFO - [2024-10-27T19:00:40.052+0000] {dag.py:3036} INFO - Sync 1 DAGs
[2024-10-27T19:00:40.070+0000] {logging_mixin.py:188} INFO - [2024-10-27T19:00:40.070+0000] {dag.py:3823} INFO - Setting next_dagrun for example_short_circuit_decorator to 2024-10-26 00:00:00+00:00, run_after=2024-10-27 00:00:00+00:00
[2024-10-27T19:00:40.085+0000] {processor.py:183} INFO - Processing /home/airflow/.local/lib/python3.8/site-packages/airflow/example_dags/example_short_circuit_decorator.py took 0.064 seconds
[2024-10-27T19:01:10.319+0000] {processor.py:161} INFO - Started process (PID=574) to work on /home/airflow/.local/lib/python3.8/site-packages/airflow/example_dags/example_short_circuit_decorator.py
[2024-10-27T19:01:10.320+0000] {processor.py:830} INFO - Processing file /home/airflow/.local/lib/python3.8/site-packages/airflow/example_dags/example_short_circuit_decorator.py for tasks to queue
[2024-10-27T19:01:10.321+0000] {logging_mixin.py:188} INFO - [2024-10-27T19:01:10.321+0000] {dagbag.py:538} INFO - Filling up the DagBag from /home/airflow/.local/lib/python3.8/site-packages/airflow/example_dags/example_short_circuit_decorator.py
[2024-10-27T19:01:10.328+0000] {processor.py:840} INFO - DAG(s) 'example_short_circuit_decorator' retrieved from /home/airflow/.local/lib/python3.8/site-packages/airflow/example_dags/example_short_circuit_decorator.py
[2024-10-27T19:01:10.346+0000] {logging_mixin.py:188} INFO - [2024-10-27T19:01:10.346+0000] {dag.py:3036} INFO - Sync 1 DAGs
[2024-10-27T19:01:10.363+0000] {logging_mixin.py:188} INFO - [2024-10-27T19:01:10.363+0000] {dag.py:3823} INFO - Setting next_dagrun for example_short_circuit_decorator to 2024-10-26 00:00:00+00:00, run_after=2024-10-27 00:00:00+00:00
[2024-10-27T19:01:10.379+0000] {processor.py:183} INFO - Processing /home/airflow/.local/lib/python3.8/site-packages/airflow/example_dags/example_short_circuit_decorator.py took 0.062 seconds
[2024-10-27T19:01:40.627+0000] {processor.py:161} INFO - Started process (PID=630) to work on /home/airflow/.local/lib/python3.8/site-packages/airflow/example_dags/example_short_circuit_decorator.py
[2024-10-27T19:01:40.628+0000] {processor.py:830} INFO - Processing file /home/airflow/.local/lib/python3.8/site-packages/airflow/example_dags/example_short_circuit_decorator.py for tasks to queue
[2024-10-27T19:01:40.629+0000] {logging_mixin.py:188} INFO - [2024-10-27T19:01:40.629+0000] {dagbag.py:538} INFO - Filling up the DagBag from /home/airflow/.local/lib/python3.8/site-packages/airflow/example_dags/example_short_circuit_decorator.py
[2024-10-27T19:01:40.636+0000] {processor.py:840} INFO - DAG(s) 'example_short_circuit_decorator' retrieved from /home/airflow/.local/lib/python3.8/site-packages/airflow/example_dags/example_short_circuit_decorator.py
[2024-10-27T19:01:40.653+0000] {logging_mixin.py:188} INFO - [2024-10-27T19:01:40.653+0000] {dag.py:3036} INFO - Sync 1 DAGs
[2024-10-27T19:01:40.670+0000] {logging_mixin.py:188} INFO - [2024-10-27T19:01:40.669+0000] {dag.py:3823} INFO - Setting next_dagrun for example_short_circuit_decorator to 2024-10-26 00:00:00+00:00, run_after=2024-10-27 00:00:00+00:00
[2024-10-27T19:01:40.684+0000] {processor.py:183} INFO - Processing /home/airflow/.local/lib/python3.8/site-packages/airflow/example_dags/example_short_circuit_decorator.py took 0.059 seconds
[2024-10-27T19:02:10.934+0000] {processor.py:161} INFO - Started process (PID=686) to work on /home/airflow/.local/lib/python3.8/site-packages/airflow/example_dags/example_short_circuit_decorator.py
[2024-10-27T19:02:10.935+0000] {processor.py:830} INFO - Processing file /home/airflow/.local/lib/python3.8/site-packages/airflow/example_dags/example_short_circuit_decorator.py for tasks to queue
[2024-10-27T19:02:10.936+0000] {logging_mixin.py:188} INFO - [2024-10-27T19:02:10.936+0000] {dagbag.py:538} INFO - Filling up the DagBag from /home/airflow/.local/lib/python3.8/site-packages/airflow/example_dags/example_short_circuit_decorator.py
[2024-10-27T19:02:10.943+0000] {processor.py:840} INFO - DAG(s) 'example_short_circuit_decorator' retrieved from /home/airflow/.local/lib/python3.8/site-packages/airflow/example_dags/example_short_circuit_decorator.py
[2024-10-27T19:02:10.961+0000] {logging_mixin.py:188} INFO - [2024-10-27T19:02:10.961+0000] {dag.py:3036} INFO - Sync 1 DAGs
[2024-10-27T19:02:10.979+0000] {logging_mixin.py:188} INFO - [2024-10-27T19:02:10.978+0000] {dag.py:3823} INFO - Setting next_dagrun for example_short_circuit_decorator to 2024-10-26 00:00:00+00:00, run_after=2024-10-27 00:00:00+00:00
[2024-10-27T19:02:10.993+0000] {processor.py:183} INFO - Processing /home/airflow/.local/lib/python3.8/site-packages/airflow/example_dags/example_short_circuit_decorator.py took 0.061 seconds
[2024-10-27T19:02:41.229+0000] {processor.py:161} INFO - Started process (PID=742) to work on /home/airflow/.local/lib/python3.8/site-packages/airflow/example_dags/example_short_circuit_decorator.py
[2024-10-27T19:02:41.230+0000] {processor.py:830} INFO - Processing file /home/airflow/.local/lib/python3.8/site-packages/airflow/example_dags/example_short_circuit_decorator.py for tasks to queue
[2024-10-27T19:02:41.231+0000] {logging_mixin.py:188} INFO - [2024-10-27T19:02:41.231+0000] {dagbag.py:538} INFO - Filling up the DagBag from /home/airflow/.local/lib/python3.8/site-packages/airflow/example_dags/example_short_circuit_decorator.py
[2024-10-27T19:02:41.238+0000] {processor.py:840} INFO - DAG(s) 'example_short_circuit_decorator' retrieved from /home/airflow/.local/lib/python3.8/site-packages/airflow/example_dags/example_short_circuit_decorator.py
[2024-10-27T19:02:41.255+0000] {logging_mixin.py:188} INFO - [2024-10-27T19:02:41.255+0000] {dag.py:3036} INFO - Sync 1 DAGs
[2024-10-27T19:02:41.272+0000] {logging_mixin.py:188} INFO - [2024-10-27T19:02:41.271+0000] {dag.py:3823} INFO - Setting next_dagrun for example_short_circuit_decorator to 2024-10-26 00:00:00+00:00, run_after=2024-10-27 00:00:00+00:00
[2024-10-27T19:02:41.286+0000] {processor.py:183} INFO - Processing /home/airflow/.local/lib/python3.8/site-packages/airflow/example_dags/example_short_circuit_decorator.py took 0.060 seconds
[2024-10-27T19:03:11.400+0000] {processor.py:161} INFO - Started process (PID=798) to work on /home/airflow/.local/lib/python3.8/site-packages/airflow/example_dags/example_short_circuit_decorator.py
[2024-10-27T19:03:11.401+0000] {processor.py:830} INFO - Processing file /home/airflow/.local/lib/python3.8/site-packages/airflow/example_dags/example_short_circuit_decorator.py for tasks to queue
[2024-10-27T19:03:11.402+0000] {logging_mixin.py:188} INFO - [2024-10-27T19:03:11.402+0000] {dagbag.py:538} INFO - Filling up the DagBag from /home/airflow/.local/lib/python3.8/site-packages/airflow/example_dags/example_short_circuit_decorator.py
[2024-10-27T19:03:11.408+0000] {processor.py:840} INFO - DAG(s) 'example_short_circuit_decorator' retrieved from /home/airflow/.local/lib/python3.8/site-packages/airflow/example_dags/example_short_circuit_decorator.py
[2024-10-27T19:03:11.425+0000] {logging_mixin.py:188} INFO - [2024-10-27T19:03:11.424+0000] {dag.py:3036} INFO - Sync 1 DAGs
[2024-10-27T19:03:11.440+0000] {logging_mixin.py:188} INFO - [2024-10-27T19:03:11.440+0000] {dag.py:3823} INFO - Setting next_dagrun for example_short_circuit_decorator to 2024-10-26 00:00:00+00:00, run_after=2024-10-27 00:00:00+00:00
[2024-10-27T19:03:11.455+0000] {processor.py:183} INFO - Processing /home/airflow/.local/lib/python3.8/site-packages/airflow/example_dags/example_short_circuit_decorator.py took 0.058 seconds
[2024-10-27T19:03:41.712+0000] {processor.py:161} INFO - Started process (PID=854) to work on /home/airflow/.local/lib/python3.8/site-packages/airflow/example_dags/example_short_circuit_decorator.py
[2024-10-27T19:03:41.713+0000] {processor.py:830} INFO - Processing file /home/airflow/.local/lib/python3.8/site-packages/airflow/example_dags/example_short_circuit_decorator.py for tasks to queue
[2024-10-27T19:03:41.714+0000] {logging_mixin.py:188} INFO - [2024-10-27T19:03:41.714+0000] {dagbag.py:538} INFO - Filling up the DagBag from /home/airflow/.local/lib/python3.8/site-packages/airflow/example_dags/example_short_circuit_decorator.py
[2024-10-27T19:03:41.721+0000] {processor.py:840} INFO - DAG(s) 'example_short_circuit_decorator' retrieved from /home/airflow/.local/lib/python3.8/site-packages/airflow/example_dags/example_short_circuit_decorator.py
[2024-10-27T19:03:41.739+0000] {logging_mixin.py:188} INFO - [2024-10-27T19:03:41.739+0000] {dag.py:3036} INFO - Sync 1 DAGs
[2024-10-27T19:03:41.756+0000] {logging_mixin.py:188} INFO - [2024-10-27T19:03:41.756+0000] {dag.py:3823} INFO - Setting next_dagrun for example_short_circuit_decorator to 2024-10-26 00:00:00+00:00, run_after=2024-10-27 00:00:00+00:00
[2024-10-27T19:03:41.771+0000] {processor.py:183} INFO - Processing /home/airflow/.local/lib/python3.8/site-packages/airflow/example_dags/example_short_circuit_decorator.py took 0.061 seconds
[2024-10-27T19:04:11.984+0000] {processor.py:161} INFO - Started process (PID=910) to work on /home/airflow/.local/lib/python3.8/site-packages/airflow/example_dags/example_short_circuit_decorator.py
[2024-10-27T19:04:11.985+0000] {processor.py:830} INFO - Processing file /home/airflow/.local/lib/python3.8/site-packages/airflow/example_dags/example_short_circuit_decorator.py for tasks to queue
[2024-10-27T19:04:11.987+0000] {logging_mixin.py:188} INFO - [2024-10-27T19:04:11.986+0000] {dagbag.py:538} INFO - Filling up the DagBag from /home/airflow/.local/lib/python3.8/site-packages/airflow/example_dags/example_short_circuit_decorator.py
[2024-10-27T19:04:11.993+0000] {processor.py:840} INFO - DAG(s) 'example_short_circuit_decorator' retrieved from /home/airflow/.local/lib/python3.8/site-packages/airflow/example_dags/example_short_circuit_decorator.py
[2024-10-27T19:04:12.016+0000] {logging_mixin.py:188} INFO - [2024-10-27T19:04:12.015+0000] {dag.py:3036} INFO - Sync 1 DAGs
[2024-10-27T19:04:12.037+0000] {logging_mixin.py:188} INFO - [2024-10-27T19:04:12.036+0000] {dag.py:3823} INFO - Setting next_dagrun for example_short_circuit_decorator to 2024-10-26 00:00:00+00:00, run_after=2024-10-27 00:00:00+00:00
[2024-10-27T19:04:12.053+0000] {processor.py:183} INFO - Processing /home/airflow/.local/lib/python3.8/site-packages/airflow/example_dags/example_short_circuit_decorator.py took 0.071 seconds
[2024-10-27T19:04:42.431+0000] {processor.py:161} INFO - Started process (PID=966) to work on /home/airflow/.local/lib/python3.8/site-packages/airflow/example_dags/example_short_circuit_decorator.py
[2024-10-27T19:04:42.432+0000] {processor.py:830} INFO - Processing file /home/airflow/.local/lib/python3.8/site-packages/airflow/example_dags/example_short_circuit_decorator.py for tasks to queue
[2024-10-27T19:04:42.433+0000] {logging_mixin.py:188} INFO - [2024-10-27T19:04:42.433+0000] {dagbag.py:538} INFO - Filling up the DagBag from /home/airflow/.local/lib/python3.8/site-packages/airflow/example_dags/example_short_circuit_decorator.py
[2024-10-27T19:04:42.439+0000] {processor.py:840} INFO - DAG(s) 'example_short_circuit_decorator' retrieved from /home/airflow/.local/lib/python3.8/site-packages/airflow/example_dags/example_short_circuit_decorator.py
[2024-10-27T19:04:42.454+0000] {logging_mixin.py:188} INFO - [2024-10-27T19:04:42.454+0000] {dag.py:3036} INFO - Sync 1 DAGs
[2024-10-27T19:04:42.471+0000] {logging_mixin.py:188} INFO - [2024-10-27T19:04:42.470+0000] {dag.py:3823} INFO - Setting next_dagrun for example_short_circuit_decorator to 2024-10-26 00:00:00+00:00, run_after=2024-10-27 00:00:00+00:00
[2024-10-27T19:04:42.485+0000] {processor.py:183} INFO - Processing /home/airflow/.local/lib/python3.8/site-packages/airflow/example_dags/example_short_circuit_decorator.py took 0.056 seconds
[2024-10-27T19:05:13.210+0000] {processor.py:161} INFO - Started process (PID=1022) to work on /home/airflow/.local/lib/python3.8/site-packages/airflow/example_dags/example_short_circuit_decorator.py
[2024-10-27T19:05:13.211+0000] {processor.py:830} INFO - Processing file /home/airflow/.local/lib/python3.8/site-packages/airflow/example_dags/example_short_circuit_decorator.py for tasks to queue
[2024-10-27T19:05:13.213+0000] {logging_mixin.py:188} INFO - [2024-10-27T19:05:13.212+0000] {dagbag.py:538} INFO - Filling up the DagBag from /home/airflow/.local/lib/python3.8/site-packages/airflow/example_dags/example_short_circuit_decorator.py
[2024-10-27T19:05:13.220+0000] {processor.py:840} INFO - DAG(s) 'example_short_circuit_decorator' retrieved from /home/airflow/.local/lib/python3.8/site-packages/airflow/example_dags/example_short_circuit_decorator.py
[2024-10-27T19:05:13.239+0000] {logging_mixin.py:188} INFO - [2024-10-27T19:05:13.239+0000] {dag.py:3036} INFO - Sync 1 DAGs
[2024-10-27T19:05:13.257+0000] {logging_mixin.py:188} INFO - [2024-10-27T19:05:13.257+0000] {dag.py:3823} INFO - Setting next_dagrun for example_short_circuit_decorator to 2024-10-26 00:00:00+00:00, run_after=2024-10-27 00:00:00+00:00
[2024-10-27T19:05:13.271+0000] {processor.py:183} INFO - Processing /home/airflow/.local/lib/python3.8/site-packages/airflow/example_dags/example_short_circuit_decorator.py took 0.064 seconds
[2024-10-27T19:13:19.330+0000] {processor.py:161} INFO - Started process (PID=78) to work on /home/airflow/.local/lib/python3.11/site-packages/airflow/example_dags/example_short_circuit_decorator.py
[2024-10-27T19:13:19.333+0000] {processor.py:830} INFO - Processing file /home/airflow/.local/lib/python3.11/site-packages/airflow/example_dags/example_short_circuit_decorator.py for tasks to queue
[2024-10-27T19:13:19.335+0000] {logging_mixin.py:188} INFO - [2024-10-27T19:13:19.335+0000] {dagbag.py:538} INFO - Filling up the DagBag from /home/airflow/.local/lib/python3.11/site-packages/airflow/example_dags/example_short_circuit_decorator.py
[2024-10-27T19:13:19.347+0000] {processor.py:840} INFO - DAG(s) 'example_short_circuit_decorator' retrieved from /home/airflow/.local/lib/python3.11/site-packages/airflow/example_dags/example_short_circuit_decorator.py
[2024-10-27T19:13:19.440+0000] {logging_mixin.py:188} INFO - [2024-10-27T19:13:19.440+0000] {dag.py:3036} INFO - Sync 1 DAGs
[2024-10-27T19:13:19.458+0000] {logging_mixin.py:188} INFO - [2024-10-27T19:13:19.458+0000] {dag.py:3823} INFO - Setting next_dagrun for example_short_circuit_decorator to 2024-10-26 00:00:00+00:00, run_after=2024-10-27 00:00:00+00:00
[2024-10-27T19:13:19.481+0000] {processor.py:183} INFO - Processing /home/airflow/.local/lib/python3.11/site-packages/airflow/example_dags/example_short_circuit_decorator.py took 0.154 seconds
[2024-10-27T19:13:57.273+0000] {processor.py:161} INFO - Started process (PID=136) to work on /home/airflow/.local/lib/python3.11/site-packages/airflow/example_dags/example_short_circuit_decorator.py
[2024-10-27T19:13:57.274+0000] {processor.py:830} INFO - Processing file /home/airflow/.local/lib/python3.11/site-packages/airflow/example_dags/example_short_circuit_decorator.py for tasks to queue
[2024-10-27T19:13:57.276+0000] {logging_mixin.py:188} INFO - [2024-10-27T19:13:57.275+0000] {dagbag.py:538} INFO - Filling up the DagBag from /home/airflow/.local/lib/python3.11/site-packages/airflow/example_dags/example_short_circuit_decorator.py
[2024-10-27T19:13:57.287+0000] {processor.py:840} INFO - DAG(s) 'example_short_circuit_decorator' retrieved from /home/airflow/.local/lib/python3.11/site-packages/airflow/example_dags/example_short_circuit_decorator.py
[2024-10-27T19:13:57.304+0000] {logging_mixin.py:188} INFO - [2024-10-27T19:13:57.304+0000] {dag.py:3036} INFO - Sync 1 DAGs
[2024-10-27T19:13:57.320+0000] {logging_mixin.py:188} INFO - [2024-10-27T19:13:57.319+0000] {dag.py:3823} INFO - Setting next_dagrun for example_short_circuit_decorator to 2024-10-26 00:00:00+00:00, run_after=2024-10-27 00:00:00+00:00
[2024-10-27T19:13:57.345+0000] {processor.py:183} INFO - Processing /home/airflow/.local/lib/python3.11/site-packages/airflow/example_dags/example_short_circuit_decorator.py took 0.074 seconds
[2024-10-27T19:14:27.513+0000] {processor.py:161} INFO - Started process (PID=194) to work on /home/airflow/.local/lib/python3.11/site-packages/airflow/example_dags/example_short_circuit_decorator.py
[2024-10-27T19:14:27.514+0000] {processor.py:830} INFO - Processing file /home/airflow/.local/lib/python3.11/site-packages/airflow/example_dags/example_short_circuit_decorator.py for tasks to queue
[2024-10-27T19:14:27.519+0000] {logging_mixin.py:188} INFO - [2024-10-27T19:14:27.518+0000] {dagbag.py:538} INFO - Filling up the DagBag from /home/airflow/.local/lib/python3.11/site-packages/airflow/example_dags/example_short_circuit_decorator.py
[2024-10-27T19:14:27.532+0000] {processor.py:840} INFO - DAG(s) 'example_short_circuit_decorator' retrieved from /home/airflow/.local/lib/python3.11/site-packages/airflow/example_dags/example_short_circuit_decorator.py
[2024-10-27T19:14:27.567+0000] {logging_mixin.py:188} INFO - [2024-10-27T19:14:27.567+0000] {dag.py:3036} INFO - Sync 1 DAGs
[2024-10-27T19:14:27.585+0000] {logging_mixin.py:188} INFO - [2024-10-27T19:14:27.585+0000] {dag.py:3823} INFO - Setting next_dagrun for example_short_circuit_decorator to 2024-10-26 00:00:00+00:00, run_after=2024-10-27 00:00:00+00:00
[2024-10-27T19:14:27.599+0000] {processor.py:183} INFO - Processing /home/airflow/.local/lib/python3.11/site-packages/airflow/example_dags/example_short_circuit_decorator.py took 0.090 seconds
[2024-10-27T19:14:58.581+0000] {processor.py:161} INFO - Started process (PID=252) to work on /home/airflow/.local/lib/python3.11/site-packages/airflow/example_dags/example_short_circuit_decorator.py
[2024-10-27T19:14:58.582+0000] {processor.py:830} INFO - Processing file /home/airflow/.local/lib/python3.11/site-packages/airflow/example_dags/example_short_circuit_decorator.py for tasks to queue
[2024-10-27T19:14:58.584+0000] {logging_mixin.py:188} INFO - [2024-10-27T19:14:58.584+0000] {dagbag.py:538} INFO - Filling up the DagBag from /home/airflow/.local/lib/python3.11/site-packages/airflow/example_dags/example_short_circuit_decorator.py
[2024-10-27T19:14:58.596+0000] {processor.py:840} INFO - DAG(s) 'example_short_circuit_decorator' retrieved from /home/airflow/.local/lib/python3.11/site-packages/airflow/example_dags/example_short_circuit_decorator.py
[2024-10-27T19:14:58.622+0000] {logging_mixin.py:188} INFO - [2024-10-27T19:14:58.622+0000] {dag.py:3036} INFO - Sync 1 DAGs
[2024-10-27T19:14:58.647+0000] {logging_mixin.py:188} INFO - [2024-10-27T19:14:58.647+0000] {dag.py:3823} INFO - Setting next_dagrun for example_short_circuit_decorator to 2024-10-26 00:00:00+00:00, run_after=2024-10-27 00:00:00+00:00
[2024-10-27T19:14:58.669+0000] {processor.py:183} INFO - Processing /home/airflow/.local/lib/python3.11/site-packages/airflow/example_dags/example_short_circuit_decorator.py took 0.090 seconds
[2024-10-27T19:15:29.241+0000] {processor.py:161} INFO - Started process (PID=310) to work on /home/airflow/.local/lib/python3.11/site-packages/airflow/example_dags/example_short_circuit_decorator.py
[2024-10-27T19:15:29.241+0000] {processor.py:830} INFO - Processing file /home/airflow/.local/lib/python3.11/site-packages/airflow/example_dags/example_short_circuit_decorator.py for tasks to queue
[2024-10-27T19:15:29.243+0000] {logging_mixin.py:188} INFO - [2024-10-27T19:15:29.243+0000] {dagbag.py:538} INFO - Filling up the DagBag from /home/airflow/.local/lib/python3.11/site-packages/airflow/example_dags/example_short_circuit_decorator.py
[2024-10-27T19:15:29.249+0000] {processor.py:840} INFO - DAG(s) 'example_short_circuit_decorator' retrieved from /home/airflow/.local/lib/python3.11/site-packages/airflow/example_dags/example_short_circuit_decorator.py
[2024-10-27T19:15:29.270+0000] {logging_mixin.py:188} INFO - [2024-10-27T19:15:29.269+0000] {dag.py:3036} INFO - Sync 1 DAGs
[2024-10-27T19:15:29.286+0000] {logging_mixin.py:188} INFO - [2024-10-27T19:15:29.285+0000] {dag.py:3823} INFO - Setting next_dagrun for example_short_circuit_decorator to 2024-10-26 00:00:00+00:00, run_after=2024-10-27 00:00:00+00:00
[2024-10-27T19:15:29.300+0000] {processor.py:183} INFO - Processing /home/airflow/.local/lib/python3.11/site-packages/airflow/example_dags/example_short_circuit_decorator.py took 0.062 seconds
