[2024-10-27T18:56:03.772+0000] {processor.py:161} INFO - Started process (PID=222) to work on /home/airflow/.local/lib/python3.8/site-packages/airflow/example_dags/example_datasets.py
[2024-10-27T18:56:03.772+0000] {processor.py:830} INFO - Processing file /home/airflow/.local/lib/python3.8/site-packages/airflow/example_dags/example_datasets.py for tasks to queue
[2024-10-27T18:56:03.774+0000] {logging_mixin.py:188} INFO - [2024-10-27T18:56:03.773+0000] {dagbag.py:538} INFO - Filling up the DagBag from /home/airflow/.local/lib/python3.8/site-packages/airflow/example_dags/example_datasets.py
[2024-10-27T18:56:03.781+0000] {processor.py:840} INFO - DAG(s) 'dataset_consumes_unknown_never_scheduled', 'dataset_consumes_1_never_scheduled', 'dataset_consumes_1_and_2', 'dataset_produces_1', 'dataset_consumes_1', 'dataset_produces_2' retrieved from /home/airflow/.local/lib/python3.8/site-packages/airflow/example_dags/example_datasets.py
[2024-10-27T18:56:03.858+0000] {logging_mixin.py:188} INFO - [2024-10-27T18:56:03.857+0000] {override.py:1769} INFO - Created Permission View: can delete on DAG:dataset_consumes_unknown_never_scheduled
[2024-10-27T18:56:03.867+0000] {logging_mixin.py:188} INFO - [2024-10-27T18:56:03.867+0000] {override.py:1769} INFO - Created Permission View: can read on DAG:dataset_consumes_unknown_never_scheduled
[2024-10-27T18:56:03.873+0000] {logging_mixin.py:188} INFO - [2024-10-27T18:56:03.873+0000] {override.py:1769} INFO - Created Permission View: can edit on DAG:dataset_consumes_unknown_never_scheduled
[2024-10-27T18:56:03.884+0000] {logging_mixin.py:188} INFO - [2024-10-27T18:56:03.883+0000] {override.py:1769} INFO - Created Permission View: can delete on DAG:dataset_consumes_1_never_scheduled
[2024-10-27T18:56:03.890+0000] {logging_mixin.py:188} INFO - [2024-10-27T18:56:03.889+0000] {override.py:1769} INFO - Created Permission View: can read on DAG:dataset_consumes_1_never_scheduled
[2024-10-27T18:56:03.896+0000] {logging_mixin.py:188} INFO - [2024-10-27T18:56:03.895+0000] {override.py:1769} INFO - Created Permission View: can edit on DAG:dataset_consumes_1_never_scheduled
[2024-10-27T18:56:03.908+0000] {logging_mixin.py:188} INFO - [2024-10-27T18:56:03.907+0000] {override.py:1769} INFO - Created Permission View: can delete on DAG:dataset_consumes_1_and_2
[2024-10-27T18:56:03.914+0000] {logging_mixin.py:188} INFO - [2024-10-27T18:56:03.913+0000] {override.py:1769} INFO - Created Permission View: can read on DAG:dataset_consumes_1_and_2
[2024-10-27T18:56:03.920+0000] {logging_mixin.py:188} INFO - [2024-10-27T18:56:03.919+0000] {override.py:1769} INFO - Created Permission View: can edit on DAG:dataset_consumes_1_and_2
[2024-10-27T18:56:03.931+0000] {logging_mixin.py:188} INFO - [2024-10-27T18:56:03.931+0000] {override.py:1769} INFO - Created Permission View: can delete on DAG:dataset_produces_1
[2024-10-27T18:56:03.940+0000] {logging_mixin.py:188} INFO - [2024-10-27T18:56:03.939+0000] {override.py:1769} INFO - Created Permission View: can read on DAG:dataset_produces_1
[2024-10-27T18:56:03.946+0000] {logging_mixin.py:188} INFO - [2024-10-27T18:56:03.946+0000] {override.py:1769} INFO - Created Permission View: can edit on DAG:dataset_produces_1
[2024-10-27T18:56:03.958+0000] {logging_mixin.py:188} INFO - [2024-10-27T18:56:03.957+0000] {override.py:1769} INFO - Created Permission View: can delete on DAG:dataset_consumes_1
[2024-10-27T18:56:03.964+0000] {logging_mixin.py:188} INFO - [2024-10-27T18:56:03.964+0000] {override.py:1769} INFO - Created Permission View: can read on DAG:dataset_consumes_1
[2024-10-27T18:56:03.971+0000] {logging_mixin.py:188} INFO - [2024-10-27T18:56:03.970+0000] {override.py:1769} INFO - Created Permission View: can edit on DAG:dataset_consumes_1
[2024-10-27T18:56:03.982+0000] {logging_mixin.py:188} INFO - [2024-10-27T18:56:03.982+0000] {override.py:1769} INFO - Created Permission View: can delete on DAG:dataset_produces_2
[2024-10-27T18:56:03.988+0000] {logging_mixin.py:188} INFO - [2024-10-27T18:56:03.987+0000] {override.py:1769} INFO - Created Permission View: can read on DAG:dataset_produces_2
[2024-10-27T18:56:03.994+0000] {logging_mixin.py:188} INFO - [2024-10-27T18:56:03.994+0000] {override.py:1769} INFO - Created Permission View: can edit on DAG:dataset_produces_2
[2024-10-27T18:56:03.995+0000] {logging_mixin.py:188} INFO - [2024-10-27T18:56:03.994+0000] {dag.py:3036} INFO - Sync 6 DAGs
[2024-10-27T18:56:04.004+0000] {logging_mixin.py:188} INFO - [2024-10-27T18:56:04.004+0000] {dag.py:3058} INFO - Creating ORM DAG for dataset_consumes_unknown_never_scheduled
[2024-10-27T18:56:04.005+0000] {logging_mixin.py:188} INFO - [2024-10-27T18:56:04.005+0000] {dag.py:3058} INFO - Creating ORM DAG for dataset_produces_2
[2024-10-27T18:56:04.006+0000] {logging_mixin.py:188} INFO - [2024-10-27T18:56:04.005+0000] {dag.py:3058} INFO - Creating ORM DAG for dataset_produces_1
[2024-10-27T18:56:04.007+0000] {logging_mixin.py:188} INFO - [2024-10-27T18:56:04.006+0000] {dag.py:3058} INFO - Creating ORM DAG for dataset_consumes_1_and_2
[2024-10-27T18:56:04.007+0000] {logging_mixin.py:188} INFO - [2024-10-27T18:56:04.007+0000] {dag.py:3058} INFO - Creating ORM DAG for dataset_consumes_1_never_scheduled
[2024-10-27T18:56:04.008+0000] {logging_mixin.py:188} INFO - [2024-10-27T18:56:04.008+0000] {dag.py:3058} INFO - Creating ORM DAG for dataset_consumes_1
[2024-10-27T18:56:04.015+0000] {logging_mixin.py:188} INFO - [2024-10-27T18:56:04.015+0000] {dag.py:3823} INFO - Setting next_dagrun for dataset_consumes_1 to None, run_after=None
[2024-10-27T18:56:04.016+0000] {logging_mixin.py:188} INFO - [2024-10-27T18:56:04.016+0000] {dag.py:3823} INFO - Setting next_dagrun for dataset_consumes_1_and_2 to None, run_after=None
[2024-10-27T18:56:04.017+0000] {logging_mixin.py:188} INFO - [2024-10-27T18:56:04.017+0000] {dag.py:3823} INFO - Setting next_dagrun for dataset_consumes_1_never_scheduled to None, run_after=None
[2024-10-27T18:56:04.018+0000] {logging_mixin.py:188} INFO - [2024-10-27T18:56:04.017+0000] {dag.py:3823} INFO - Setting next_dagrun for dataset_consumes_unknown_never_scheduled to None, run_after=None
[2024-10-27T18:56:04.020+0000] {logging_mixin.py:188} INFO - [2024-10-27T18:56:04.019+0000] {dag.py:3823} INFO - Setting next_dagrun for dataset_produces_1 to 2024-10-26 00:00:00+00:00, run_after=2024-10-27 00:00:00+00:00
[2024-10-27T18:56:04.020+0000] {logging_mixin.py:188} INFO - [2024-10-27T18:56:04.020+0000] {dag.py:3823} INFO - Setting next_dagrun for dataset_produces_2 to None, run_after=None
[2024-10-27T18:56:04.052+0000] {processor.py:183} INFO - Processing /home/airflow/.local/lib/python3.8/site-packages/airflow/example_dags/example_datasets.py took 0.283 seconds
[2024-10-27T18:56:38.249+0000] {processor.py:161} INFO - Started process (PID=94) to work on /home/airflow/.local/lib/python3.8/site-packages/airflow/example_dags/example_datasets.py
[2024-10-27T18:56:38.250+0000] {processor.py:830} INFO - Processing file /home/airflow/.local/lib/python3.8/site-packages/airflow/example_dags/example_datasets.py for tasks to queue
[2024-10-27T18:56:38.251+0000] {logging_mixin.py:188} INFO - [2024-10-27T18:56:38.251+0000] {dagbag.py:538} INFO - Filling up the DagBag from /home/airflow/.local/lib/python3.8/site-packages/airflow/example_dags/example_datasets.py
[2024-10-27T18:56:38.258+0000] {processor.py:840} INFO - DAG(s) 'dataset_consumes_1', 'dataset_consumes_1_never_scheduled', 'dataset_produces_2', 'dataset_produces_1', 'dataset_consumes_1_and_2', 'dataset_consumes_unknown_never_scheduled' retrieved from /home/airflow/.local/lib/python3.8/site-packages/airflow/example_dags/example_datasets.py
[2024-10-27T18:56:38.286+0000] {logging_mixin.py:188} INFO - [2024-10-27T18:56:38.285+0000] {dag.py:3036} INFO - Sync 6 DAGs
[2024-10-27T18:56:38.305+0000] {logging_mixin.py:188} INFO - [2024-10-27T18:56:38.305+0000] {dag.py:3823} INFO - Setting next_dagrun for dataset_consumes_1 to None, run_after=None
[2024-10-27T18:56:38.308+0000] {logging_mixin.py:188} INFO - [2024-10-27T18:56:38.308+0000] {dag.py:3823} INFO - Setting next_dagrun for dataset_consumes_1_and_2 to None, run_after=None
[2024-10-27T18:56:38.309+0000] {logging_mixin.py:188} INFO - [2024-10-27T18:56:38.309+0000] {dag.py:3823} INFO - Setting next_dagrun for dataset_consumes_1_never_scheduled to None, run_after=None
[2024-10-27T18:56:38.311+0000] {logging_mixin.py:188} INFO - [2024-10-27T18:56:38.310+0000] {dag.py:3823} INFO - Setting next_dagrun for dataset_consumes_unknown_never_scheduled to None, run_after=None
[2024-10-27T18:56:38.313+0000] {logging_mixin.py:188} INFO - [2024-10-27T18:56:38.313+0000] {dag.py:3823} INFO - Setting next_dagrun for dataset_produces_1 to 2024-10-26 00:00:00+00:00, run_after=2024-10-27 00:00:00+00:00
[2024-10-27T18:56:38.314+0000] {logging_mixin.py:188} INFO - [2024-10-27T18:56:38.314+0000] {dag.py:3823} INFO - Setting next_dagrun for dataset_produces_2 to None, run_after=None
[2024-10-27T18:56:38.338+0000] {processor.py:183} INFO - Processing /home/airflow/.local/lib/python3.8/site-packages/airflow/example_dags/example_datasets.py took 0.092 seconds
[2024-10-27T18:57:08.783+0000] {processor.py:161} INFO - Started process (PID=150) to work on /home/airflow/.local/lib/python3.8/site-packages/airflow/example_dags/example_datasets.py
[2024-10-27T18:57:08.784+0000] {processor.py:830} INFO - Processing file /home/airflow/.local/lib/python3.8/site-packages/airflow/example_dags/example_datasets.py for tasks to queue
[2024-10-27T18:57:08.786+0000] {logging_mixin.py:188} INFO - [2024-10-27T18:57:08.786+0000] {dagbag.py:538} INFO - Filling up the DagBag from /home/airflow/.local/lib/python3.8/site-packages/airflow/example_dags/example_datasets.py
[2024-10-27T18:57:08.793+0000] {processor.py:840} INFO - DAG(s) 'dataset_produces_1', 'dataset_consumes_1', 'dataset_consumes_unknown_never_scheduled', 'dataset_consumes_1_never_scheduled', 'dataset_consumes_1_and_2', 'dataset_produces_2' retrieved from /home/airflow/.local/lib/python3.8/site-packages/airflow/example_dags/example_datasets.py
[2024-10-27T18:57:08.822+0000] {logging_mixin.py:188} INFO - [2024-10-27T18:57:08.822+0000] {dag.py:3036} INFO - Sync 6 DAGs
[2024-10-27T18:57:08.844+0000] {logging_mixin.py:188} INFO - [2024-10-27T18:57:08.843+0000] {dag.py:3823} INFO - Setting next_dagrun for dataset_consumes_1 to None, run_after=None
[2024-10-27T18:57:08.848+0000] {logging_mixin.py:188} INFO - [2024-10-27T18:57:08.847+0000] {dag.py:3823} INFO - Setting next_dagrun for dataset_consumes_1_and_2 to None, run_after=None
[2024-10-27T18:57:08.849+0000] {logging_mixin.py:188} INFO - [2024-10-27T18:57:08.849+0000] {dag.py:3823} INFO - Setting next_dagrun for dataset_consumes_1_never_scheduled to None, run_after=None
[2024-10-27T18:57:08.850+0000] {logging_mixin.py:188} INFO - [2024-10-27T18:57:08.850+0000] {dag.py:3823} INFO - Setting next_dagrun for dataset_consumes_unknown_never_scheduled to None, run_after=None
[2024-10-27T18:57:08.853+0000] {logging_mixin.py:188} INFO - [2024-10-27T18:57:08.853+0000] {dag.py:3823} INFO - Setting next_dagrun for dataset_produces_1 to 2024-10-26 00:00:00+00:00, run_after=2024-10-27 00:00:00+00:00
[2024-10-27T18:57:08.855+0000] {logging_mixin.py:188} INFO - [2024-10-27T18:57:08.855+0000] {dag.py:3823} INFO - Setting next_dagrun for dataset_produces_2 to None, run_after=None
[2024-10-27T18:57:08.889+0000] {processor.py:183} INFO - Processing /home/airflow/.local/lib/python3.8/site-packages/airflow/example_dags/example_datasets.py took 0.108 seconds
[2024-10-27T18:57:39.143+0000] {processor.py:161} INFO - Started process (PID=206) to work on /home/airflow/.local/lib/python3.8/site-packages/airflow/example_dags/example_datasets.py
[2024-10-27T18:57:39.144+0000] {processor.py:830} INFO - Processing file /home/airflow/.local/lib/python3.8/site-packages/airflow/example_dags/example_datasets.py for tasks to queue
[2024-10-27T18:57:39.146+0000] {logging_mixin.py:188} INFO - [2024-10-27T18:57:39.145+0000] {dagbag.py:538} INFO - Filling up the DagBag from /home/airflow/.local/lib/python3.8/site-packages/airflow/example_dags/example_datasets.py
[2024-10-27T18:57:39.153+0000] {processor.py:840} INFO - DAG(s) 'dataset_consumes_1_never_scheduled', 'dataset_produces_1', 'dataset_produces_2', 'dataset_consumes_1_and_2', 'dataset_consumes_1', 'dataset_consumes_unknown_never_scheduled' retrieved from /home/airflow/.local/lib/python3.8/site-packages/airflow/example_dags/example_datasets.py
[2024-10-27T18:57:39.183+0000] {logging_mixin.py:188} INFO - [2024-10-27T18:57:39.182+0000] {dag.py:3036} INFO - Sync 6 DAGs
[2024-10-27T18:57:39.202+0000] {logging_mixin.py:188} INFO - [2024-10-27T18:57:39.202+0000] {dag.py:3823} INFO - Setting next_dagrun for dataset_consumes_1 to None, run_after=None
[2024-10-27T18:57:39.206+0000] {logging_mixin.py:188} INFO - [2024-10-27T18:57:39.206+0000] {dag.py:3823} INFO - Setting next_dagrun for dataset_consumes_1_and_2 to None, run_after=None
[2024-10-27T18:57:39.208+0000] {logging_mixin.py:188} INFO - [2024-10-27T18:57:39.207+0000] {dag.py:3823} INFO - Setting next_dagrun for dataset_consumes_1_never_scheduled to None, run_after=None
[2024-10-27T18:57:39.209+0000] {logging_mixin.py:188} INFO - [2024-10-27T18:57:39.209+0000] {dag.py:3823} INFO - Setting next_dagrun for dataset_consumes_unknown_never_scheduled to None, run_after=None
[2024-10-27T18:57:39.211+0000] {logging_mixin.py:188} INFO - [2024-10-27T18:57:39.211+0000] {dag.py:3823} INFO - Setting next_dagrun for dataset_produces_1 to 2024-10-26 00:00:00+00:00, run_after=2024-10-27 00:00:00+00:00
[2024-10-27T18:57:39.213+0000] {logging_mixin.py:188} INFO - [2024-10-27T18:57:39.213+0000] {dag.py:3823} INFO - Setting next_dagrun for dataset_produces_2 to None, run_after=None
[2024-10-27T18:57:39.240+0000] {processor.py:183} INFO - Processing /home/airflow/.local/lib/python3.8/site-packages/airflow/example_dags/example_datasets.py took 0.099 seconds
[2024-10-27T18:58:09.649+0000] {processor.py:161} INFO - Started process (PID=262) to work on /home/airflow/.local/lib/python3.8/site-packages/airflow/example_dags/example_datasets.py
[2024-10-27T18:58:09.650+0000] {processor.py:830} INFO - Processing file /home/airflow/.local/lib/python3.8/site-packages/airflow/example_dags/example_datasets.py for tasks to queue
[2024-10-27T18:58:09.652+0000] {logging_mixin.py:188} INFO - [2024-10-27T18:58:09.651+0000] {dagbag.py:538} INFO - Filling up the DagBag from /home/airflow/.local/lib/python3.8/site-packages/airflow/example_dags/example_datasets.py
[2024-10-27T18:58:09.663+0000] {processor.py:840} INFO - DAG(s) 'dataset_consumes_unknown_never_scheduled', 'dataset_consumes_1_never_scheduled', 'dataset_produces_1', 'dataset_produces_2', 'dataset_consumes_1', 'dataset_consumes_1_and_2' retrieved from /home/airflow/.local/lib/python3.8/site-packages/airflow/example_dags/example_datasets.py
[2024-10-27T18:58:09.707+0000] {logging_mixin.py:188} INFO - [2024-10-27T18:58:09.706+0000] {dag.py:3036} INFO - Sync 6 DAGs
[2024-10-27T18:58:09.730+0000] {logging_mixin.py:188} INFO - [2024-10-27T18:58:09.729+0000] {dag.py:3823} INFO - Setting next_dagrun for dataset_consumes_1 to None, run_after=None
[2024-10-27T18:58:09.734+0000] {logging_mixin.py:188} INFO - [2024-10-27T18:58:09.734+0000] {dag.py:3823} INFO - Setting next_dagrun for dataset_consumes_1_and_2 to None, run_after=None
[2024-10-27T18:58:09.736+0000] {logging_mixin.py:188} INFO - [2024-10-27T18:58:09.736+0000] {dag.py:3823} INFO - Setting next_dagrun for dataset_consumes_1_never_scheduled to None, run_after=None
[2024-10-27T18:58:09.737+0000] {logging_mixin.py:188} INFO - [2024-10-27T18:58:09.737+0000] {dag.py:3823} INFO - Setting next_dagrun for dataset_consumes_unknown_never_scheduled to None, run_after=None
[2024-10-27T18:58:09.740+0000] {logging_mixin.py:188} INFO - [2024-10-27T18:58:09.740+0000] {dag.py:3823} INFO - Setting next_dagrun for dataset_produces_1 to 2024-10-26 00:00:00+00:00, run_after=2024-10-27 00:00:00+00:00
[2024-10-27T18:58:09.741+0000] {logging_mixin.py:188} INFO - [2024-10-27T18:58:09.741+0000] {dag.py:3823} INFO - Setting next_dagrun for dataset_produces_2 to None, run_after=None
[2024-10-27T18:58:09.768+0000] {processor.py:183} INFO - Processing /home/airflow/.local/lib/python3.8/site-packages/airflow/example_dags/example_datasets.py took 0.122 seconds
[2024-10-27T18:58:40.288+0000] {processor.py:161} INFO - Started process (PID=318) to work on /home/airflow/.local/lib/python3.8/site-packages/airflow/example_dags/example_datasets.py
[2024-10-27T18:58:40.289+0000] {processor.py:830} INFO - Processing file /home/airflow/.local/lib/python3.8/site-packages/airflow/example_dags/example_datasets.py for tasks to queue
[2024-10-27T18:58:40.291+0000] {logging_mixin.py:188} INFO - [2024-10-27T18:58:40.290+0000] {dagbag.py:538} INFO - Filling up the DagBag from /home/airflow/.local/lib/python3.8/site-packages/airflow/example_dags/example_datasets.py
[2024-10-27T18:58:40.298+0000] {processor.py:840} INFO - DAG(s) 'dataset_consumes_unknown_never_scheduled', 'dataset_consumes_1', 'dataset_produces_2', 'dataset_consumes_1_and_2', 'dataset_produces_1', 'dataset_consumes_1_never_scheduled' retrieved from /home/airflow/.local/lib/python3.8/site-packages/airflow/example_dags/example_datasets.py
[2024-10-27T18:58:40.327+0000] {logging_mixin.py:188} INFO - [2024-10-27T18:58:40.327+0000] {dag.py:3036} INFO - Sync 6 DAGs
[2024-10-27T18:58:40.344+0000] {logging_mixin.py:188} INFO - [2024-10-27T18:58:40.344+0000] {dag.py:3823} INFO - Setting next_dagrun for dataset_consumes_1 to None, run_after=None
[2024-10-27T18:58:40.348+0000] {logging_mixin.py:188} INFO - [2024-10-27T18:58:40.347+0000] {dag.py:3823} INFO - Setting next_dagrun for dataset_consumes_1_and_2 to None, run_after=None
[2024-10-27T18:58:40.349+0000] {logging_mixin.py:188} INFO - [2024-10-27T18:58:40.349+0000] {dag.py:3823} INFO - Setting next_dagrun for dataset_consumes_1_never_scheduled to None, run_after=None
[2024-10-27T18:58:40.351+0000] {logging_mixin.py:188} INFO - [2024-10-27T18:58:40.350+0000] {dag.py:3823} INFO - Setting next_dagrun for dataset_consumes_unknown_never_scheduled to None, run_after=None
[2024-10-27T18:58:40.353+0000] {logging_mixin.py:188} INFO - [2024-10-27T18:58:40.353+0000] {dag.py:3823} INFO - Setting next_dagrun for dataset_produces_1 to 2024-10-26 00:00:00+00:00, run_after=2024-10-27 00:00:00+00:00
[2024-10-27T18:58:40.354+0000] {logging_mixin.py:188} INFO - [2024-10-27T18:58:40.354+0000] {dag.py:3823} INFO - Setting next_dagrun for dataset_produces_2 to None, run_after=None
[2024-10-27T18:58:40.380+0000] {processor.py:183} INFO - Processing /home/airflow/.local/lib/python3.8/site-packages/airflow/example_dags/example_datasets.py took 0.094 seconds
[2024-10-27T18:59:10.525+0000] {processor.py:161} INFO - Started process (PID=377) to work on /home/airflow/.local/lib/python3.8/site-packages/airflow/example_dags/example_datasets.py
[2024-10-27T18:59:10.526+0000] {processor.py:830} INFO - Processing file /home/airflow/.local/lib/python3.8/site-packages/airflow/example_dags/example_datasets.py for tasks to queue
[2024-10-27T18:59:10.528+0000] {logging_mixin.py:188} INFO - [2024-10-27T18:59:10.527+0000] {dagbag.py:538} INFO - Filling up the DagBag from /home/airflow/.local/lib/python3.8/site-packages/airflow/example_dags/example_datasets.py
[2024-10-27T18:59:10.536+0000] {processor.py:840} INFO - DAG(s) 'dataset_consumes_1_never_scheduled', 'dataset_produces_1', 'dataset_produces_2', 'dataset_consumes_1', 'dataset_consumes_1_and_2', 'dataset_consumes_unknown_never_scheduled' retrieved from /home/airflow/.local/lib/python3.8/site-packages/airflow/example_dags/example_datasets.py
[2024-10-27T18:59:10.567+0000] {logging_mixin.py:188} INFO - [2024-10-27T18:59:10.566+0000] {dag.py:3036} INFO - Sync 6 DAGs
[2024-10-27T18:59:10.584+0000] {logging_mixin.py:188} INFO - [2024-10-27T18:59:10.584+0000] {dag.py:3823} INFO - Setting next_dagrun for dataset_consumes_1 to None, run_after=None
[2024-10-27T18:59:10.587+0000] {logging_mixin.py:188} INFO - [2024-10-27T18:59:10.587+0000] {dag.py:3823} INFO - Setting next_dagrun for dataset_consumes_1_and_2 to None, run_after=None
[2024-10-27T18:59:10.589+0000] {logging_mixin.py:188} INFO - [2024-10-27T18:59:10.589+0000] {dag.py:3823} INFO - Setting next_dagrun for dataset_consumes_1_never_scheduled to None, run_after=None
[2024-10-27T18:59:10.590+0000] {logging_mixin.py:188} INFO - [2024-10-27T18:59:10.590+0000] {dag.py:3823} INFO - Setting next_dagrun for dataset_consumes_unknown_never_scheduled to None, run_after=None
[2024-10-27T18:59:10.592+0000] {logging_mixin.py:188} INFO - [2024-10-27T18:59:10.592+0000] {dag.py:3823} INFO - Setting next_dagrun for dataset_produces_1 to 2024-10-26 00:00:00+00:00, run_after=2024-10-27 00:00:00+00:00
[2024-10-27T18:59:10.593+0000] {logging_mixin.py:188} INFO - [2024-10-27T18:59:10.593+0000] {dag.py:3823} INFO - Setting next_dagrun for dataset_produces_2 to None, run_after=None
[2024-10-27T18:59:10.617+0000] {processor.py:183} INFO - Processing /home/airflow/.local/lib/python3.8/site-packages/airflow/example_dags/example_datasets.py took 0.095 seconds
[2024-10-27T18:59:40.804+0000] {processor.py:161} INFO - Started process (PID=434) to work on /home/airflow/.local/lib/python3.8/site-packages/airflow/example_dags/example_datasets.py
[2024-10-27T18:59:40.804+0000] {processor.py:830} INFO - Processing file /home/airflow/.local/lib/python3.8/site-packages/airflow/example_dags/example_datasets.py for tasks to queue
[2024-10-27T18:59:40.806+0000] {logging_mixin.py:188} INFO - [2024-10-27T18:59:40.806+0000] {dagbag.py:538} INFO - Filling up the DagBag from /home/airflow/.local/lib/python3.8/site-packages/airflow/example_dags/example_datasets.py
[2024-10-27T18:59:40.816+0000] {processor.py:840} INFO - DAG(s) 'dataset_consumes_1', 'dataset_produces_2', 'dataset_consumes_unknown_never_scheduled', 'dataset_consumes_1_and_2', 'dataset_consumes_1_never_scheduled', 'dataset_produces_1' retrieved from /home/airflow/.local/lib/python3.8/site-packages/airflow/example_dags/example_datasets.py
[2024-10-27T18:59:40.846+0000] {logging_mixin.py:188} INFO - [2024-10-27T18:59:40.846+0000] {dag.py:3036} INFO - Sync 6 DAGs
[2024-10-27T18:59:40.865+0000] {logging_mixin.py:188} INFO - [2024-10-27T18:59:40.864+0000] {dag.py:3823} INFO - Setting next_dagrun for dataset_consumes_1 to None, run_after=None
[2024-10-27T18:59:40.869+0000] {logging_mixin.py:188} INFO - [2024-10-27T18:59:40.869+0000] {dag.py:3823} INFO - Setting next_dagrun for dataset_consumes_1_and_2 to None, run_after=None
[2024-10-27T18:59:40.871+0000] {logging_mixin.py:188} INFO - [2024-10-27T18:59:40.870+0000] {dag.py:3823} INFO - Setting next_dagrun for dataset_consumes_1_never_scheduled to None, run_after=None
[2024-10-27T18:59:40.872+0000] {logging_mixin.py:188} INFO - [2024-10-27T18:59:40.872+0000] {dag.py:3823} INFO - Setting next_dagrun for dataset_consumes_unknown_never_scheduled to None, run_after=None
[2024-10-27T18:59:40.874+0000] {logging_mixin.py:188} INFO - [2024-10-27T18:59:40.874+0000] {dag.py:3823} INFO - Setting next_dagrun for dataset_produces_1 to 2024-10-26 00:00:00+00:00, run_after=2024-10-27 00:00:00+00:00
[2024-10-27T18:59:40.876+0000] {logging_mixin.py:188} INFO - [2024-10-27T18:59:40.876+0000] {dag.py:3823} INFO - Setting next_dagrun for dataset_produces_2 to None, run_after=None
[2024-10-27T18:59:40.903+0000] {processor.py:183} INFO - Processing /home/airflow/.local/lib/python3.8/site-packages/airflow/example_dags/example_datasets.py took 0.102 seconds
[2024-10-27T19:00:11.006+0000] {processor.py:161} INFO - Started process (PID=490) to work on /home/airflow/.local/lib/python3.8/site-packages/airflow/example_dags/example_datasets.py
[2024-10-27T19:00:11.007+0000] {processor.py:830} INFO - Processing file /home/airflow/.local/lib/python3.8/site-packages/airflow/example_dags/example_datasets.py for tasks to queue
[2024-10-27T19:00:11.008+0000] {logging_mixin.py:188} INFO - [2024-10-27T19:00:11.008+0000] {dagbag.py:538} INFO - Filling up the DagBag from /home/airflow/.local/lib/python3.8/site-packages/airflow/example_dags/example_datasets.py
[2024-10-27T19:00:11.015+0000] {processor.py:840} INFO - DAG(s) 'dataset_consumes_unknown_never_scheduled', 'dataset_consumes_1', 'dataset_consumes_1_never_scheduled', 'dataset_produces_2', 'dataset_produces_1', 'dataset_consumes_1_and_2' retrieved from /home/airflow/.local/lib/python3.8/site-packages/airflow/example_dags/example_datasets.py
[2024-10-27T19:00:11.041+0000] {logging_mixin.py:188} INFO - [2024-10-27T19:00:11.041+0000] {dag.py:3036} INFO - Sync 6 DAGs
[2024-10-27T19:00:11.059+0000] {logging_mixin.py:188} INFO - [2024-10-27T19:00:11.059+0000] {dag.py:3823} INFO - Setting next_dagrun for dataset_consumes_1 to None, run_after=None
[2024-10-27T19:00:11.062+0000] {logging_mixin.py:188} INFO - [2024-10-27T19:00:11.062+0000] {dag.py:3823} INFO - Setting next_dagrun for dataset_consumes_1_and_2 to None, run_after=None
[2024-10-27T19:00:11.063+0000] {logging_mixin.py:188} INFO - [2024-10-27T19:00:11.063+0000] {dag.py:3823} INFO - Setting next_dagrun for dataset_consumes_1_never_scheduled to None, run_after=None
[2024-10-27T19:00:11.064+0000] {logging_mixin.py:188} INFO - [2024-10-27T19:00:11.064+0000] {dag.py:3823} INFO - Setting next_dagrun for dataset_consumes_unknown_never_scheduled to None, run_after=None
[2024-10-27T19:00:11.067+0000] {logging_mixin.py:188} INFO - [2024-10-27T19:00:11.067+0000] {dag.py:3823} INFO - Setting next_dagrun for dataset_produces_1 to 2024-10-26 00:00:00+00:00, run_after=2024-10-27 00:00:00+00:00
[2024-10-27T19:00:11.068+0000] {logging_mixin.py:188} INFO - [2024-10-27T19:00:11.068+0000] {dag.py:3823} INFO - Setting next_dagrun for dataset_produces_2 to None, run_after=None
[2024-10-27T19:00:11.090+0000] {processor.py:183} INFO - Processing /home/airflow/.local/lib/python3.8/site-packages/airflow/example_dags/example_datasets.py took 0.086 seconds
[2024-10-27T19:00:41.304+0000] {processor.py:161} INFO - Started process (PID=546) to work on /home/airflow/.local/lib/python3.8/site-packages/airflow/example_dags/example_datasets.py
[2024-10-27T19:00:41.305+0000] {processor.py:830} INFO - Processing file /home/airflow/.local/lib/python3.8/site-packages/airflow/example_dags/example_datasets.py for tasks to queue
[2024-10-27T19:00:41.306+0000] {logging_mixin.py:188} INFO - [2024-10-27T19:00:41.306+0000] {dagbag.py:538} INFO - Filling up the DagBag from /home/airflow/.local/lib/python3.8/site-packages/airflow/example_dags/example_datasets.py
[2024-10-27T19:00:41.314+0000] {processor.py:840} INFO - DAG(s) 'dataset_produces_2', 'dataset_consumes_1', 'dataset_consumes_unknown_never_scheduled', 'dataset_consumes_1_never_scheduled', 'dataset_consumes_1_and_2', 'dataset_produces_1' retrieved from /home/airflow/.local/lib/python3.8/site-packages/airflow/example_dags/example_datasets.py
[2024-10-27T19:00:41.344+0000] {logging_mixin.py:188} INFO - [2024-10-27T19:00:41.343+0000] {dag.py:3036} INFO - Sync 6 DAGs
[2024-10-27T19:00:41.361+0000] {logging_mixin.py:188} INFO - [2024-10-27T19:00:41.360+0000] {dag.py:3823} INFO - Setting next_dagrun for dataset_consumes_1 to None, run_after=None
[2024-10-27T19:00:41.364+0000] {logging_mixin.py:188} INFO - [2024-10-27T19:00:41.363+0000] {dag.py:3823} INFO - Setting next_dagrun for dataset_consumes_1_and_2 to None, run_after=None
[2024-10-27T19:00:41.365+0000] {logging_mixin.py:188} INFO - [2024-10-27T19:00:41.365+0000] {dag.py:3823} INFO - Setting next_dagrun for dataset_consumes_1_never_scheduled to None, run_after=None
[2024-10-27T19:00:41.366+0000] {logging_mixin.py:188} INFO - [2024-10-27T19:00:41.366+0000] {dag.py:3823} INFO - Setting next_dagrun for dataset_consumes_unknown_never_scheduled to None, run_after=None
[2024-10-27T19:00:41.368+0000] {logging_mixin.py:188} INFO - [2024-10-27T19:00:41.368+0000] {dag.py:3823} INFO - Setting next_dagrun for dataset_produces_1 to 2024-10-26 00:00:00+00:00, run_after=2024-10-27 00:00:00+00:00
[2024-10-27T19:00:41.369+0000] {logging_mixin.py:188} INFO - [2024-10-27T19:00:41.369+0000] {dag.py:3823} INFO - Setting next_dagrun for dataset_produces_2 to None, run_after=None
[2024-10-27T19:00:41.392+0000] {processor.py:183} INFO - Processing /home/airflow/.local/lib/python3.8/site-packages/airflow/example_dags/example_datasets.py took 0.090 seconds
[2024-10-27T19:01:11.526+0000] {processor.py:161} INFO - Started process (PID=602) to work on /home/airflow/.local/lib/python3.8/site-packages/airflow/example_dags/example_datasets.py
[2024-10-27T19:01:11.527+0000] {processor.py:830} INFO - Processing file /home/airflow/.local/lib/python3.8/site-packages/airflow/example_dags/example_datasets.py for tasks to queue
[2024-10-27T19:01:11.529+0000] {logging_mixin.py:188} INFO - [2024-10-27T19:01:11.528+0000] {dagbag.py:538} INFO - Filling up the DagBag from /home/airflow/.local/lib/python3.8/site-packages/airflow/example_dags/example_datasets.py
[2024-10-27T19:01:11.535+0000] {processor.py:840} INFO - DAG(s) 'dataset_produces_1', 'dataset_consumes_unknown_never_scheduled', 'dataset_consumes_1_and_2', 'dataset_consumes_1_never_scheduled', 'dataset_consumes_1', 'dataset_produces_2' retrieved from /home/airflow/.local/lib/python3.8/site-packages/airflow/example_dags/example_datasets.py
[2024-10-27T19:01:11.561+0000] {logging_mixin.py:188} INFO - [2024-10-27T19:01:11.561+0000] {dag.py:3036} INFO - Sync 6 DAGs
[2024-10-27T19:01:11.577+0000] {logging_mixin.py:188} INFO - [2024-10-27T19:01:11.577+0000] {dag.py:3823} INFO - Setting next_dagrun for dataset_consumes_1 to None, run_after=None
[2024-10-27T19:01:11.580+0000] {logging_mixin.py:188} INFO - [2024-10-27T19:01:11.580+0000] {dag.py:3823} INFO - Setting next_dagrun for dataset_consumes_1_and_2 to None, run_after=None
[2024-10-27T19:01:11.581+0000] {logging_mixin.py:188} INFO - [2024-10-27T19:01:11.581+0000] {dag.py:3823} INFO - Setting next_dagrun for dataset_consumes_1_never_scheduled to None, run_after=None
[2024-10-27T19:01:11.582+0000] {logging_mixin.py:188} INFO - [2024-10-27T19:01:11.582+0000] {dag.py:3823} INFO - Setting next_dagrun for dataset_consumes_unknown_never_scheduled to None, run_after=None
[2024-10-27T19:01:11.584+0000] {logging_mixin.py:188} INFO - [2024-10-27T19:01:11.584+0000] {dag.py:3823} INFO - Setting next_dagrun for dataset_produces_1 to 2024-10-26 00:00:00+00:00, run_after=2024-10-27 00:00:00+00:00
[2024-10-27T19:01:11.585+0000] {logging_mixin.py:188} INFO - [2024-10-27T19:01:11.585+0000] {dag.py:3823} INFO - Setting next_dagrun for dataset_produces_2 to None, run_after=None
[2024-10-27T19:01:11.608+0000] {processor.py:183} INFO - Processing /home/airflow/.local/lib/python3.8/site-packages/airflow/example_dags/example_datasets.py took 0.083 seconds
[2024-10-27T19:01:41.941+0000] {processor.py:161} INFO - Started process (PID=657) to work on /home/airflow/.local/lib/python3.8/site-packages/airflow/example_dags/example_datasets.py
[2024-10-27T19:01:41.942+0000] {processor.py:830} INFO - Processing file /home/airflow/.local/lib/python3.8/site-packages/airflow/example_dags/example_datasets.py for tasks to queue
[2024-10-27T19:01:41.943+0000] {logging_mixin.py:188} INFO - [2024-10-27T19:01:41.943+0000] {dagbag.py:538} INFO - Filling up the DagBag from /home/airflow/.local/lib/python3.8/site-packages/airflow/example_dags/example_datasets.py
[2024-10-27T19:01:41.950+0000] {processor.py:840} INFO - DAG(s) 'dataset_consumes_1', 'dataset_consumes_1_never_scheduled', 'dataset_consumes_unknown_never_scheduled', 'dataset_produces_2', 'dataset_produces_1', 'dataset_consumes_1_and_2' retrieved from /home/airflow/.local/lib/python3.8/site-packages/airflow/example_dags/example_datasets.py
[2024-10-27T19:01:41.976+0000] {logging_mixin.py:188} INFO - [2024-10-27T19:01:41.976+0000] {dag.py:3036} INFO - Sync 6 DAGs
[2024-10-27T19:01:41.993+0000] {logging_mixin.py:188} INFO - [2024-10-27T19:01:41.993+0000] {dag.py:3823} INFO - Setting next_dagrun for dataset_consumes_1 to None, run_after=None
[2024-10-27T19:01:41.997+0000] {logging_mixin.py:188} INFO - [2024-10-27T19:01:41.996+0000] {dag.py:3823} INFO - Setting next_dagrun for dataset_consumes_1_and_2 to None, run_after=None
[2024-10-27T19:01:41.998+0000] {logging_mixin.py:188} INFO - [2024-10-27T19:01:41.998+0000] {dag.py:3823} INFO - Setting next_dagrun for dataset_consumes_1_never_scheduled to None, run_after=None
[2024-10-27T19:01:41.999+0000] {logging_mixin.py:188} INFO - [2024-10-27T19:01:41.999+0000] {dag.py:3823} INFO - Setting next_dagrun for dataset_consumes_unknown_never_scheduled to None, run_after=None
[2024-10-27T19:01:42.001+0000] {logging_mixin.py:188} INFO - [2024-10-27T19:01:42.001+0000] {dag.py:3823} INFO - Setting next_dagrun for dataset_produces_1 to 2024-10-26 00:00:00+00:00, run_after=2024-10-27 00:00:00+00:00
[2024-10-27T19:01:42.002+0000] {logging_mixin.py:188} INFO - [2024-10-27T19:01:42.002+0000] {dag.py:3823} INFO - Setting next_dagrun for dataset_produces_2 to None, run_after=None
[2024-10-27T19:01:42.026+0000] {processor.py:183} INFO - Processing /home/airflow/.local/lib/python3.8/site-packages/airflow/example_dags/example_datasets.py took 0.087 seconds
[2024-10-27T19:02:12.144+0000] {processor.py:161} INFO - Started process (PID=713) to work on /home/airflow/.local/lib/python3.8/site-packages/airflow/example_dags/example_datasets.py
[2024-10-27T19:02:12.144+0000] {processor.py:830} INFO - Processing file /home/airflow/.local/lib/python3.8/site-packages/airflow/example_dags/example_datasets.py for tasks to queue
[2024-10-27T19:02:12.146+0000] {logging_mixin.py:188} INFO - [2024-10-27T19:02:12.146+0000] {dagbag.py:538} INFO - Filling up the DagBag from /home/airflow/.local/lib/python3.8/site-packages/airflow/example_dags/example_datasets.py
[2024-10-27T19:02:12.154+0000] {processor.py:840} INFO - DAG(s) 'dataset_consumes_1_and_2', 'dataset_consumes_1', 'dataset_produces_2', 'dataset_produces_1', 'dataset_consumes_unknown_never_scheduled', 'dataset_consumes_1_never_scheduled' retrieved from /home/airflow/.local/lib/python3.8/site-packages/airflow/example_dags/example_datasets.py
[2024-10-27T19:02:12.185+0000] {logging_mixin.py:188} INFO - [2024-10-27T19:02:12.185+0000] {dag.py:3036} INFO - Sync 6 DAGs
[2024-10-27T19:02:12.204+0000] {logging_mixin.py:188} INFO - [2024-10-27T19:02:12.204+0000] {dag.py:3823} INFO - Setting next_dagrun for dataset_consumes_1 to None, run_after=None
[2024-10-27T19:02:12.207+0000] {logging_mixin.py:188} INFO - [2024-10-27T19:02:12.207+0000] {dag.py:3823} INFO - Setting next_dagrun for dataset_consumes_1_and_2 to None, run_after=None
[2024-10-27T19:02:12.208+0000] {logging_mixin.py:188} INFO - [2024-10-27T19:02:12.208+0000] {dag.py:3823} INFO - Setting next_dagrun for dataset_consumes_1_never_scheduled to None, run_after=None
[2024-10-27T19:02:12.210+0000] {logging_mixin.py:188} INFO - [2024-10-27T19:02:12.210+0000] {dag.py:3823} INFO - Setting next_dagrun for dataset_consumes_unknown_never_scheduled to None, run_after=None
[2024-10-27T19:02:12.213+0000] {logging_mixin.py:188} INFO - [2024-10-27T19:02:12.212+0000] {dag.py:3823} INFO - Setting next_dagrun for dataset_produces_1 to 2024-10-26 00:00:00+00:00, run_after=2024-10-27 00:00:00+00:00
[2024-10-27T19:02:12.214+0000] {logging_mixin.py:188} INFO - [2024-10-27T19:02:12.214+0000] {dag.py:3823} INFO - Setting next_dagrun for dataset_produces_2 to None, run_after=None
[2024-10-27T19:02:12.239+0000] {processor.py:183} INFO - Processing /home/airflow/.local/lib/python3.8/site-packages/airflow/example_dags/example_datasets.py took 0.098 seconds
[2024-10-27T19:02:42.428+0000] {processor.py:161} INFO - Started process (PID=769) to work on /home/airflow/.local/lib/python3.8/site-packages/airflow/example_dags/example_datasets.py
[2024-10-27T19:02:42.429+0000] {processor.py:830} INFO - Processing file /home/airflow/.local/lib/python3.8/site-packages/airflow/example_dags/example_datasets.py for tasks to queue
[2024-10-27T19:02:42.431+0000] {logging_mixin.py:188} INFO - [2024-10-27T19:02:42.431+0000] {dagbag.py:538} INFO - Filling up the DagBag from /home/airflow/.local/lib/python3.8/site-packages/airflow/example_dags/example_datasets.py
[2024-10-27T19:02:42.439+0000] {processor.py:840} INFO - DAG(s) 'dataset_consumes_1_never_scheduled', 'dataset_consumes_unknown_never_scheduled', 'dataset_consumes_1_and_2', 'dataset_produces_1', 'dataset_produces_2', 'dataset_consumes_1' retrieved from /home/airflow/.local/lib/python3.8/site-packages/airflow/example_dags/example_datasets.py
[2024-10-27T19:02:42.470+0000] {logging_mixin.py:188} INFO - [2024-10-27T19:02:42.470+0000] {dag.py:3036} INFO - Sync 6 DAGs
[2024-10-27T19:02:42.489+0000] {logging_mixin.py:188} INFO - [2024-10-27T19:02:42.488+0000] {dag.py:3823} INFO - Setting next_dagrun for dataset_consumes_1 to None, run_after=None
[2024-10-27T19:02:42.493+0000] {logging_mixin.py:188} INFO - [2024-10-27T19:02:42.493+0000] {dag.py:3823} INFO - Setting next_dagrun for dataset_consumes_1_and_2 to None, run_after=None
[2024-10-27T19:02:42.494+0000] {logging_mixin.py:188} INFO - [2024-10-27T19:02:42.494+0000] {dag.py:3823} INFO - Setting next_dagrun for dataset_consumes_1_never_scheduled to None, run_after=None
[2024-10-27T19:02:42.495+0000] {logging_mixin.py:188} INFO - [2024-10-27T19:02:42.495+0000] {dag.py:3823} INFO - Setting next_dagrun for dataset_consumes_unknown_never_scheduled to None, run_after=None
[2024-10-27T19:02:42.498+0000] {logging_mixin.py:188} INFO - [2024-10-27T19:02:42.497+0000] {dag.py:3823} INFO - Setting next_dagrun for dataset_produces_1 to 2024-10-26 00:00:00+00:00, run_after=2024-10-27 00:00:00+00:00
[2024-10-27T19:02:42.499+0000] {logging_mixin.py:188} INFO - [2024-10-27T19:02:42.498+0000] {dag.py:3823} INFO - Setting next_dagrun for dataset_produces_2 to None, run_after=None
[2024-10-27T19:02:42.525+0000] {processor.py:183} INFO - Processing /home/airflow/.local/lib/python3.8/site-packages/airflow/example_dags/example_datasets.py took 0.100 seconds
[2024-10-27T19:03:12.591+0000] {processor.py:161} INFO - Started process (PID=824) to work on /home/airflow/.local/lib/python3.8/site-packages/airflow/example_dags/example_datasets.py
[2024-10-27T19:03:12.592+0000] {processor.py:830} INFO - Processing file /home/airflow/.local/lib/python3.8/site-packages/airflow/example_dags/example_datasets.py for tasks to queue
[2024-10-27T19:03:12.593+0000] {logging_mixin.py:188} INFO - [2024-10-27T19:03:12.593+0000] {dagbag.py:538} INFO - Filling up the DagBag from /home/airflow/.local/lib/python3.8/site-packages/airflow/example_dags/example_datasets.py
[2024-10-27T19:03:12.601+0000] {processor.py:840} INFO - DAG(s) 'dataset_consumes_1_and_2', 'dataset_consumes_unknown_never_scheduled', 'dataset_produces_2', 'dataset_consumes_1', 'dataset_produces_1', 'dataset_consumes_1_never_scheduled' retrieved from /home/airflow/.local/lib/python3.8/site-packages/airflow/example_dags/example_datasets.py
[2024-10-27T19:03:12.633+0000] {logging_mixin.py:188} INFO - [2024-10-27T19:03:12.633+0000] {dag.py:3036} INFO - Sync 6 DAGs
[2024-10-27T19:03:12.651+0000] {logging_mixin.py:188} INFO - [2024-10-27T19:03:12.651+0000] {dag.py:3823} INFO - Setting next_dagrun for dataset_consumes_1 to None, run_after=None
[2024-10-27T19:03:12.654+0000] {logging_mixin.py:188} INFO - [2024-10-27T19:03:12.654+0000] {dag.py:3823} INFO - Setting next_dagrun for dataset_consumes_1_and_2 to None, run_after=None
[2024-10-27T19:03:12.656+0000] {logging_mixin.py:188} INFO - [2024-10-27T19:03:12.655+0000] {dag.py:3823} INFO - Setting next_dagrun for dataset_consumes_1_never_scheduled to None, run_after=None
[2024-10-27T19:03:12.657+0000] {logging_mixin.py:188} INFO - [2024-10-27T19:03:12.657+0000] {dag.py:3823} INFO - Setting next_dagrun for dataset_consumes_unknown_never_scheduled to None, run_after=None
[2024-10-27T19:03:12.660+0000] {logging_mixin.py:188} INFO - [2024-10-27T19:03:12.659+0000] {dag.py:3823} INFO - Setting next_dagrun for dataset_produces_1 to 2024-10-26 00:00:00+00:00, run_after=2024-10-27 00:00:00+00:00
[2024-10-27T19:03:12.661+0000] {logging_mixin.py:188} INFO - [2024-10-27T19:03:12.661+0000] {dag.py:3823} INFO - Setting next_dagrun for dataset_produces_2 to None, run_after=None
[2024-10-27T19:03:12.684+0000] {processor.py:183} INFO - Processing /home/airflow/.local/lib/python3.8/site-packages/airflow/example_dags/example_datasets.py took 0.096 seconds
[2024-10-27T19:03:42.955+0000] {processor.py:161} INFO - Started process (PID=879) to work on /home/airflow/.local/lib/python3.8/site-packages/airflow/example_dags/example_datasets.py
[2024-10-27T19:03:42.955+0000] {processor.py:830} INFO - Processing file /home/airflow/.local/lib/python3.8/site-packages/airflow/example_dags/example_datasets.py for tasks to queue
[2024-10-27T19:03:42.957+0000] {logging_mixin.py:188} INFO - [2024-10-27T19:03:42.957+0000] {dagbag.py:538} INFO - Filling up the DagBag from /home/airflow/.local/lib/python3.8/site-packages/airflow/example_dags/example_datasets.py
[2024-10-27T19:03:42.964+0000] {processor.py:840} INFO - DAG(s) 'dataset_consumes_1', 'dataset_consumes_1_never_scheduled', 'dataset_consumes_unknown_never_scheduled', 'dataset_produces_1', 'dataset_produces_2', 'dataset_consumes_1_and_2' retrieved from /home/airflow/.local/lib/python3.8/site-packages/airflow/example_dags/example_datasets.py
[2024-10-27T19:03:42.992+0000] {logging_mixin.py:188} INFO - [2024-10-27T19:03:42.991+0000] {dag.py:3036} INFO - Sync 6 DAGs
[2024-10-27T19:03:43.009+0000] {logging_mixin.py:188} INFO - [2024-10-27T19:03:43.009+0000] {dag.py:3823} INFO - Setting next_dagrun for dataset_consumes_1 to None, run_after=None
[2024-10-27T19:03:43.012+0000] {logging_mixin.py:188} INFO - [2024-10-27T19:03:43.012+0000] {dag.py:3823} INFO - Setting next_dagrun for dataset_consumes_1_and_2 to None, run_after=None
[2024-10-27T19:03:43.013+0000] {logging_mixin.py:188} INFO - [2024-10-27T19:03:43.013+0000] {dag.py:3823} INFO - Setting next_dagrun for dataset_consumes_1_never_scheduled to None, run_after=None
[2024-10-27T19:03:43.014+0000] {logging_mixin.py:188} INFO - [2024-10-27T19:03:43.014+0000] {dag.py:3823} INFO - Setting next_dagrun for dataset_consumes_unknown_never_scheduled to None, run_after=None
[2024-10-27T19:03:43.017+0000] {logging_mixin.py:188} INFO - [2024-10-27T19:03:43.017+0000] {dag.py:3823} INFO - Setting next_dagrun for dataset_produces_1 to 2024-10-26 00:00:00+00:00, run_after=2024-10-27 00:00:00+00:00
[2024-10-27T19:03:43.018+0000] {logging_mixin.py:188} INFO - [2024-10-27T19:03:43.018+0000] {dag.py:3823} INFO - Setting next_dagrun for dataset_produces_2 to None, run_after=None
[2024-10-27T19:03:43.042+0000] {processor.py:183} INFO - Processing /home/airflow/.local/lib/python3.8/site-packages/airflow/example_dags/example_datasets.py took 0.089 seconds
[2024-10-27T19:04:13.361+0000] {processor.py:161} INFO - Started process (PID=935) to work on /home/airflow/.local/lib/python3.8/site-packages/airflow/example_dags/example_datasets.py
[2024-10-27T19:04:13.362+0000] {processor.py:830} INFO - Processing file /home/airflow/.local/lib/python3.8/site-packages/airflow/example_dags/example_datasets.py for tasks to queue
[2024-10-27T19:04:13.364+0000] {logging_mixin.py:188} INFO - [2024-10-27T19:04:13.363+0000] {dagbag.py:538} INFO - Filling up the DagBag from /home/airflow/.local/lib/python3.8/site-packages/airflow/example_dags/example_datasets.py
[2024-10-27T19:04:13.371+0000] {processor.py:840} INFO - DAG(s) 'dataset_produces_2', 'dataset_consumes_unknown_never_scheduled', 'dataset_produces_1', 'dataset_consumes_1', 'dataset_consumes_1_never_scheduled', 'dataset_consumes_1_and_2' retrieved from /home/airflow/.local/lib/python3.8/site-packages/airflow/example_dags/example_datasets.py
[2024-10-27T19:04:13.402+0000] {logging_mixin.py:188} INFO - [2024-10-27T19:04:13.401+0000] {dag.py:3036} INFO - Sync 6 DAGs
[2024-10-27T19:04:13.420+0000] {logging_mixin.py:188} INFO - [2024-10-27T19:04:13.420+0000] {dag.py:3823} INFO - Setting next_dagrun for dataset_consumes_1 to None, run_after=None
[2024-10-27T19:04:13.424+0000] {logging_mixin.py:188} INFO - [2024-10-27T19:04:13.424+0000] {dag.py:3823} INFO - Setting next_dagrun for dataset_consumes_1_and_2 to None, run_after=None
[2024-10-27T19:04:13.425+0000] {logging_mixin.py:188} INFO - [2024-10-27T19:04:13.425+0000] {dag.py:3823} INFO - Setting next_dagrun for dataset_consumes_1_never_scheduled to None, run_after=None
[2024-10-27T19:04:13.427+0000] {logging_mixin.py:188} INFO - [2024-10-27T19:04:13.426+0000] {dag.py:3823} INFO - Setting next_dagrun for dataset_consumes_unknown_never_scheduled to None, run_after=None
[2024-10-27T19:04:13.429+0000] {logging_mixin.py:188} INFO - [2024-10-27T19:04:13.429+0000] {dag.py:3823} INFO - Setting next_dagrun for dataset_produces_1 to 2024-10-26 00:00:00+00:00, run_after=2024-10-27 00:00:00+00:00
[2024-10-27T19:04:13.431+0000] {logging_mixin.py:188} INFO - [2024-10-27T19:04:13.431+0000] {dag.py:3823} INFO - Setting next_dagrun for dataset_produces_2 to None, run_after=None
[2024-10-27T19:04:13.457+0000] {processor.py:183} INFO - Processing /home/airflow/.local/lib/python3.8/site-packages/airflow/example_dags/example_datasets.py took 0.099 seconds
[2024-10-27T19:04:44.045+0000] {processor.py:161} INFO - Started process (PID=991) to work on /home/airflow/.local/lib/python3.8/site-packages/airflow/example_dags/example_datasets.py
[2024-10-27T19:04:44.047+0000] {processor.py:830} INFO - Processing file /home/airflow/.local/lib/python3.8/site-packages/airflow/example_dags/example_datasets.py for tasks to queue
[2024-10-27T19:04:44.048+0000] {logging_mixin.py:188} INFO - [2024-10-27T19:04:44.048+0000] {dagbag.py:538} INFO - Filling up the DagBag from /home/airflow/.local/lib/python3.8/site-packages/airflow/example_dags/example_datasets.py
[2024-10-27T19:04:44.057+0000] {processor.py:840} INFO - DAG(s) 'dataset_produces_2', 'dataset_consumes_unknown_never_scheduled', 'dataset_consumes_1_never_scheduled', 'dataset_consumes_1', 'dataset_consumes_1_and_2', 'dataset_produces_1' retrieved from /home/airflow/.local/lib/python3.8/site-packages/airflow/example_dags/example_datasets.py
[2024-10-27T19:04:44.088+0000] {logging_mixin.py:188} INFO - [2024-10-27T19:04:44.088+0000] {dag.py:3036} INFO - Sync 6 DAGs
[2024-10-27T19:04:44.111+0000] {logging_mixin.py:188} INFO - [2024-10-27T19:04:44.111+0000] {dag.py:3823} INFO - Setting next_dagrun for dataset_consumes_1 to None, run_after=None
[2024-10-27T19:04:44.116+0000] {logging_mixin.py:188} INFO - [2024-10-27T19:04:44.115+0000] {dag.py:3823} INFO - Setting next_dagrun for dataset_consumes_1_and_2 to None, run_after=None
[2024-10-27T19:04:44.117+0000] {logging_mixin.py:188} INFO - [2024-10-27T19:04:44.117+0000] {dag.py:3823} INFO - Setting next_dagrun for dataset_consumes_1_never_scheduled to None, run_after=None
[2024-10-27T19:04:44.119+0000] {logging_mixin.py:188} INFO - [2024-10-27T19:04:44.119+0000] {dag.py:3823} INFO - Setting next_dagrun for dataset_consumes_unknown_never_scheduled to None, run_after=None
[2024-10-27T19:04:44.122+0000] {logging_mixin.py:188} INFO - [2024-10-27T19:04:44.122+0000] {dag.py:3823} INFO - Setting next_dagrun for dataset_produces_1 to 2024-10-26 00:00:00+00:00, run_after=2024-10-27 00:00:00+00:00
[2024-10-27T19:04:44.124+0000] {logging_mixin.py:188} INFO - [2024-10-27T19:04:44.124+0000] {dag.py:3823} INFO - Setting next_dagrun for dataset_produces_2 to None, run_after=None
[2024-10-27T19:04:44.156+0000] {processor.py:183} INFO - Processing /home/airflow/.local/lib/python3.8/site-packages/airflow/example_dags/example_datasets.py took 0.113 seconds
[2024-10-27T19:05:14.632+0000] {processor.py:161} INFO - Started process (PID=1047) to work on /home/airflow/.local/lib/python3.8/site-packages/airflow/example_dags/example_datasets.py
[2024-10-27T19:05:14.632+0000] {processor.py:830} INFO - Processing file /home/airflow/.local/lib/python3.8/site-packages/airflow/example_dags/example_datasets.py for tasks to queue
[2024-10-27T19:05:14.634+0000] {logging_mixin.py:188} INFO - [2024-10-27T19:05:14.633+0000] {dagbag.py:538} INFO - Filling up the DagBag from /home/airflow/.local/lib/python3.8/site-packages/airflow/example_dags/example_datasets.py
[2024-10-27T19:05:14.641+0000] {processor.py:840} INFO - DAG(s) 'dataset_produces_2', 'dataset_consumes_1_and_2', 'dataset_produces_1', 'dataset_consumes_1', 'dataset_consumes_unknown_never_scheduled', 'dataset_consumes_1_never_scheduled' retrieved from /home/airflow/.local/lib/python3.8/site-packages/airflow/example_dags/example_datasets.py
[2024-10-27T19:05:14.668+0000] {logging_mixin.py:188} INFO - [2024-10-27T19:05:14.668+0000] {dag.py:3036} INFO - Sync 6 DAGs
[2024-10-27T19:05:14.687+0000] {logging_mixin.py:188} INFO - [2024-10-27T19:05:14.687+0000] {dag.py:3823} INFO - Setting next_dagrun for dataset_consumes_1 to None, run_after=None
[2024-10-27T19:05:14.691+0000] {logging_mixin.py:188} INFO - [2024-10-27T19:05:14.691+0000] {dag.py:3823} INFO - Setting next_dagrun for dataset_consumes_1_and_2 to None, run_after=None
[2024-10-27T19:05:14.693+0000] {logging_mixin.py:188} INFO - [2024-10-27T19:05:14.692+0000] {dag.py:3823} INFO - Setting next_dagrun for dataset_consumes_1_never_scheduled to None, run_after=None
[2024-10-27T19:05:14.694+0000] {logging_mixin.py:188} INFO - [2024-10-27T19:05:14.694+0000] {dag.py:3823} INFO - Setting next_dagrun for dataset_consumes_unknown_never_scheduled to None, run_after=None
[2024-10-27T19:05:14.696+0000] {logging_mixin.py:188} INFO - [2024-10-27T19:05:14.696+0000] {dag.py:3823} INFO - Setting next_dagrun for dataset_produces_1 to 2024-10-26 00:00:00+00:00, run_after=2024-10-27 00:00:00+00:00
[2024-10-27T19:05:14.697+0000] {logging_mixin.py:188} INFO - [2024-10-27T19:05:14.697+0000] {dag.py:3823} INFO - Setting next_dagrun for dataset_produces_2 to None, run_after=None
[2024-10-27T19:05:14.724+0000] {processor.py:183} INFO - Processing /home/airflow/.local/lib/python3.8/site-packages/airflow/example_dags/example_datasets.py took 0.094 seconds
[2024-10-27T19:13:21.657+0000] {processor.py:161} INFO - Started process (PID=103) to work on /home/airflow/.local/lib/python3.11/site-packages/airflow/example_dags/example_datasets.py
[2024-10-27T19:13:21.658+0000] {processor.py:830} INFO - Processing file /home/airflow/.local/lib/python3.11/site-packages/airflow/example_dags/example_datasets.py for tasks to queue
[2024-10-27T19:13:21.660+0000] {logging_mixin.py:188} INFO - [2024-10-27T19:13:21.660+0000] {dagbag.py:538} INFO - Filling up the DagBag from /home/airflow/.local/lib/python3.11/site-packages/airflow/example_dags/example_datasets.py
[2024-10-27T19:13:21.668+0000] {processor.py:840} INFO - DAG(s) 'dataset_consumes_1_never_scheduled', 'dataset_consumes_unknown_never_scheduled', 'dataset_produces_1', 'dataset_produces_2', 'dataset_consumes_1', 'dataset_consumes_1_and_2' retrieved from /home/airflow/.local/lib/python3.11/site-packages/airflow/example_dags/example_datasets.py
[2024-10-27T19:13:21.819+0000] {logging_mixin.py:188} INFO - [2024-10-27T19:13:21.819+0000] {dag.py:3036} INFO - Sync 6 DAGs
[2024-10-27T19:13:21.840+0000] {logging_mixin.py:188} INFO - [2024-10-27T19:13:21.840+0000] {dag.py:3823} INFO - Setting next_dagrun for dataset_consumes_1 to None, run_after=None
[2024-10-27T19:13:21.843+0000] {logging_mixin.py:188} INFO - [2024-10-27T19:13:21.843+0000] {dag.py:3823} INFO - Setting next_dagrun for dataset_consumes_1_and_2 to None, run_after=None
[2024-10-27T19:13:21.845+0000] {logging_mixin.py:188} INFO - [2024-10-27T19:13:21.845+0000] {dag.py:3823} INFO - Setting next_dagrun for dataset_consumes_1_never_scheduled to None, run_after=None
[2024-10-27T19:13:21.846+0000] {logging_mixin.py:188} INFO - [2024-10-27T19:13:21.846+0000] {dag.py:3823} INFO - Setting next_dagrun for dataset_consumes_unknown_never_scheduled to None, run_after=None
[2024-10-27T19:13:21.849+0000] {logging_mixin.py:188} INFO - [2024-10-27T19:13:21.849+0000] {dag.py:3823} INFO - Setting next_dagrun for dataset_produces_1 to 2024-10-26 00:00:00+00:00, run_after=2024-10-27 00:00:00+00:00
[2024-10-27T19:13:21.850+0000] {logging_mixin.py:188} INFO - [2024-10-27T19:13:21.850+0000] {dag.py:3823} INFO - Setting next_dagrun for dataset_produces_2 to None, run_after=None
[2024-10-27T19:13:21.876+0000] {processor.py:183} INFO - Processing /home/airflow/.local/lib/python3.11/site-packages/airflow/example_dags/example_datasets.py took 0.221 seconds
[2024-10-27T19:14:06.713+0000] {processor.py:161} INFO - Started process (PID=161) to work on /home/airflow/.local/lib/python3.11/site-packages/airflow/example_dags/example_datasets.py
[2024-10-27T19:14:06.714+0000] {processor.py:830} INFO - Processing file /home/airflow/.local/lib/python3.11/site-packages/airflow/example_dags/example_datasets.py for tasks to queue
[2024-10-27T19:14:06.716+0000] {logging_mixin.py:188} INFO - [2024-10-27T19:14:06.715+0000] {dagbag.py:538} INFO - Filling up the DagBag from /home/airflow/.local/lib/python3.11/site-packages/airflow/example_dags/example_datasets.py
[2024-10-27T19:14:06.725+0000] {processor.py:840} INFO - DAG(s) 'dataset_consumes_1_and_2', 'dataset_consumes_unknown_never_scheduled', 'dataset_produces_1', 'dataset_consumes_1_never_scheduled', 'dataset_consumes_1', 'dataset_produces_2' retrieved from /home/airflow/.local/lib/python3.11/site-packages/airflow/example_dags/example_datasets.py
[2024-10-27T19:14:06.759+0000] {logging_mixin.py:188} INFO - [2024-10-27T19:14:06.759+0000] {dag.py:3036} INFO - Sync 6 DAGs
[2024-10-27T19:14:06.779+0000] {logging_mixin.py:188} INFO - [2024-10-27T19:14:06.778+0000] {dag.py:3823} INFO - Setting next_dagrun for dataset_consumes_1 to None, run_after=None
[2024-10-27T19:14:06.782+0000] {logging_mixin.py:188} INFO - [2024-10-27T19:14:06.781+0000] {dag.py:3823} INFO - Setting next_dagrun for dataset_consumes_1_and_2 to None, run_after=None
[2024-10-27T19:14:06.783+0000] {logging_mixin.py:188} INFO - [2024-10-27T19:14:06.783+0000] {dag.py:3823} INFO - Setting next_dagrun for dataset_consumes_1_never_scheduled to None, run_after=None
[2024-10-27T19:14:06.784+0000] {logging_mixin.py:188} INFO - [2024-10-27T19:14:06.784+0000] {dag.py:3823} INFO - Setting next_dagrun for dataset_consumes_unknown_never_scheduled to None, run_after=None
[2024-10-27T19:14:06.786+0000] {logging_mixin.py:188} INFO - [2024-10-27T19:14:06.786+0000] {dag.py:3823} INFO - Setting next_dagrun for dataset_produces_1 to 2024-10-26 00:00:00+00:00, run_after=2024-10-27 00:00:00+00:00
[2024-10-27T19:14:06.788+0000] {logging_mixin.py:188} INFO - [2024-10-27T19:14:06.788+0000] {dag.py:3823} INFO - Setting next_dagrun for dataset_produces_2 to None, run_after=None
[2024-10-27T19:14:06.825+0000] {processor.py:183} INFO - Processing /home/airflow/.local/lib/python3.11/site-packages/airflow/example_dags/example_datasets.py took 0.114 seconds
[2024-10-27T19:14:44.064+0000] {processor.py:161} INFO - Started process (PID=219) to work on /home/airflow/.local/lib/python3.11/site-packages/airflow/example_dags/example_datasets.py
[2024-10-27T19:14:44.066+0000] {processor.py:830} INFO - Processing file /home/airflow/.local/lib/python3.11/site-packages/airflow/example_dags/example_datasets.py for tasks to queue
[2024-10-27T19:14:44.070+0000] {logging_mixin.py:188} INFO - [2024-10-27T19:14:44.069+0000] {dagbag.py:538} INFO - Filling up the DagBag from /home/airflow/.local/lib/python3.11/site-packages/airflow/example_dags/example_datasets.py
[2024-10-27T19:14:44.081+0000] {processor.py:840} INFO - DAG(s) 'dataset_consumes_1', 'dataset_consumes_1_never_scheduled', 'dataset_produces_1', 'dataset_consumes_1_and_2', 'dataset_produces_2', 'dataset_consumes_unknown_never_scheduled' retrieved from /home/airflow/.local/lib/python3.11/site-packages/airflow/example_dags/example_datasets.py
[2024-10-27T19:14:44.173+0000] {logging_mixin.py:188} INFO - [2024-10-27T19:14:44.173+0000] {dag.py:3036} INFO - Sync 6 DAGs
[2024-10-27T19:14:44.223+0000] {logging_mixin.py:188} INFO - [2024-10-27T19:14:44.223+0000] {dag.py:3823} INFO - Setting next_dagrun for dataset_consumes_1 to None, run_after=None
[2024-10-27T19:14:44.231+0000] {logging_mixin.py:188} INFO - [2024-10-27T19:14:44.230+0000] {dag.py:3823} INFO - Setting next_dagrun for dataset_consumes_1_and_2 to None, run_after=None
[2024-10-27T19:14:44.233+0000] {logging_mixin.py:188} INFO - [2024-10-27T19:14:44.233+0000] {dag.py:3823} INFO - Setting next_dagrun for dataset_consumes_1_never_scheduled to None, run_after=None
[2024-10-27T19:14:44.237+0000] {logging_mixin.py:188} INFO - [2024-10-27T19:14:44.236+0000] {dag.py:3823} INFO - Setting next_dagrun for dataset_consumes_unknown_never_scheduled to None, run_after=None
[2024-10-27T19:14:44.244+0000] {logging_mixin.py:188} INFO - [2024-10-27T19:14:44.243+0000] {dag.py:3823} INFO - Setting next_dagrun for dataset_produces_1 to 2024-10-26 00:00:00+00:00, run_after=2024-10-27 00:00:00+00:00
[2024-10-27T19:14:44.247+0000] {logging_mixin.py:188} INFO - [2024-10-27T19:14:44.247+0000] {dag.py:3823} INFO - Setting next_dagrun for dataset_produces_2 to None, run_after=None
[2024-10-27T19:14:44.315+0000] {processor.py:183} INFO - Processing /home/airflow/.local/lib/python3.11/site-packages/airflow/example_dags/example_datasets.py took 0.254 seconds
[2024-10-27T19:15:14.852+0000] {processor.py:161} INFO - Started process (PID=283) to work on /home/airflow/.local/lib/python3.11/site-packages/airflow/example_dags/example_datasets.py
[2024-10-27T19:15:14.853+0000] {processor.py:830} INFO - Processing file /home/airflow/.local/lib/python3.11/site-packages/airflow/example_dags/example_datasets.py for tasks to queue
[2024-10-27T19:15:14.855+0000] {logging_mixin.py:188} INFO - [2024-10-27T19:15:14.854+0000] {dagbag.py:538} INFO - Filling up the DagBag from /home/airflow/.local/lib/python3.11/site-packages/airflow/example_dags/example_datasets.py
[2024-10-27T19:15:14.862+0000] {processor.py:840} INFO - DAG(s) 'dataset_consumes_1', 'dataset_consumes_1_never_scheduled', 'dataset_produces_1', 'dataset_consumes_1_and_2', 'dataset_produces_2', 'dataset_consumes_unknown_never_scheduled' retrieved from /home/airflow/.local/lib/python3.11/site-packages/airflow/example_dags/example_datasets.py
[2024-10-27T19:15:14.903+0000] {logging_mixin.py:188} INFO - [2024-10-27T19:15:14.902+0000] {dag.py:3036} INFO - Sync 6 DAGs
[2024-10-27T19:15:14.929+0000] {logging_mixin.py:188} INFO - [2024-10-27T19:15:14.929+0000] {dag.py:3823} INFO - Setting next_dagrun for dataset_consumes_1 to None, run_after=None
[2024-10-27T19:15:14.933+0000] {logging_mixin.py:188} INFO - [2024-10-27T19:15:14.933+0000] {dag.py:3823} INFO - Setting next_dagrun for dataset_consumes_1_and_2 to None, run_after=None
[2024-10-27T19:15:14.935+0000] {logging_mixin.py:188} INFO - [2024-10-27T19:15:14.935+0000] {dag.py:3823} INFO - Setting next_dagrun for dataset_consumes_1_never_scheduled to None, run_after=None
[2024-10-27T19:15:14.937+0000] {logging_mixin.py:188} INFO - [2024-10-27T19:15:14.937+0000] {dag.py:3823} INFO - Setting next_dagrun for dataset_consumes_unknown_never_scheduled to None, run_after=None
[2024-10-27T19:15:14.941+0000] {logging_mixin.py:188} INFO - [2024-10-27T19:15:14.941+0000] {dag.py:3823} INFO - Setting next_dagrun for dataset_produces_1 to 2024-10-26 00:00:00+00:00, run_after=2024-10-27 00:00:00+00:00
[2024-10-27T19:15:14.944+0000] {logging_mixin.py:188} INFO - [2024-10-27T19:15:14.944+0000] {dag.py:3823} INFO - Setting next_dagrun for dataset_produces_2 to None, run_after=None
[2024-10-27T19:15:14.980+0000] {processor.py:183} INFO - Processing /home/airflow/.local/lib/python3.11/site-packages/airflow/example_dags/example_datasets.py took 0.131 seconds
[2024-10-27T19:15:45.289+0000] {processor.py:161} INFO - Started process (PID=341) to work on /home/airflow/.local/lib/python3.11/site-packages/airflow/example_dags/example_datasets.py
[2024-10-27T19:15:45.290+0000] {processor.py:830} INFO - Processing file /home/airflow/.local/lib/python3.11/site-packages/airflow/example_dags/example_datasets.py for tasks to queue
[2024-10-27T19:15:45.292+0000] {logging_mixin.py:188} INFO - [2024-10-27T19:15:45.291+0000] {dagbag.py:538} INFO - Filling up the DagBag from /home/airflow/.local/lib/python3.11/site-packages/airflow/example_dags/example_datasets.py
[2024-10-27T19:15:45.298+0000] {processor.py:840} INFO - DAG(s) 'dataset_consumes_1_never_scheduled', 'dataset_produces_2', 'dataset_consumes_unknown_never_scheduled', 'dataset_consumes_1_and_2', 'dataset_produces_1', 'dataset_consumes_1' retrieved from /home/airflow/.local/lib/python3.11/site-packages/airflow/example_dags/example_datasets.py
[2024-10-27T19:15:45.326+0000] {logging_mixin.py:188} INFO - [2024-10-27T19:15:45.326+0000] {dag.py:3036} INFO - Sync 6 DAGs
[2024-10-27T19:15:45.344+0000] {logging_mixin.py:188} INFO - [2024-10-27T19:15:45.344+0000] {dag.py:3823} INFO - Setting next_dagrun for dataset_consumes_1 to None, run_after=None
[2024-10-27T19:15:45.348+0000] {logging_mixin.py:188} INFO - [2024-10-27T19:15:45.347+0000] {dag.py:3823} INFO - Setting next_dagrun for dataset_consumes_1_and_2 to None, run_after=None
[2024-10-27T19:15:45.349+0000] {logging_mixin.py:188} INFO - [2024-10-27T19:15:45.349+0000] {dag.py:3823} INFO - Setting next_dagrun for dataset_consumes_1_never_scheduled to None, run_after=None
[2024-10-27T19:15:45.350+0000] {logging_mixin.py:188} INFO - [2024-10-27T19:15:45.350+0000] {dag.py:3823} INFO - Setting next_dagrun for dataset_consumes_unknown_never_scheduled to None, run_after=None
[2024-10-27T19:15:45.353+0000] {logging_mixin.py:188} INFO - [2024-10-27T19:15:45.353+0000] {dag.py:3823} INFO - Setting next_dagrun for dataset_produces_1 to 2024-10-26 00:00:00+00:00, run_after=2024-10-27 00:00:00+00:00
[2024-10-27T19:15:45.354+0000] {logging_mixin.py:188} INFO - [2024-10-27T19:15:45.353+0000] {dag.py:3823} INFO - Setting next_dagrun for dataset_produces_2 to None, run_after=None
[2024-10-27T19:15:45.379+0000] {processor.py:183} INFO - Processing /home/airflow/.local/lib/python3.11/site-packages/airflow/example_dags/example_datasets.py took 0.092 seconds
