[2024-10-27T18:56:03.736+0000] {processor.py:161} INFO - Started process (PID=221) to work on /home/airflow/.local/lib/python3.8/site-packages/airflow/example_dags/example_sla_dag.py
[2024-10-27T18:56:03.737+0000] {processor.py:830} INFO - Processing file /home/airflow/.local/lib/python3.8/site-packages/airflow/example_dags/example_sla_dag.py for tasks to queue
[2024-10-27T18:56:03.738+0000] {logging_mixin.py:188} INFO - [2024-10-27T18:56:03.738+0000] {dagbag.py:538} INFO - Filling up the DagBag from /home/airflow/.local/lib/python3.8/site-packages/airflow/example_dags/example_sla_dag.py
[2024-10-27T18:56:03.745+0000] {processor.py:840} INFO - DAG(s) 'example_sla_dag' retrieved from /home/airflow/.local/lib/python3.8/site-packages/airflow/example_dags/example_sla_dag.py
[2024-10-27T18:56:03.837+0000] {logging_mixin.py:188} INFO - [2024-10-27T18:56:03.837+0000] {override.py:1769} INFO - Created Permission View: can delete on DAG:example_sla_dag
[2024-10-27T18:56:03.846+0000] {logging_mixin.py:188} INFO - [2024-10-27T18:56:03.845+0000] {override.py:1769} INFO - Created Permission View: can read on DAG:example_sla_dag
[2024-10-27T18:56:03.851+0000] {logging_mixin.py:188} INFO - [2024-10-27T18:56:03.851+0000] {override.py:1769} INFO - Created Permission View: can edit on DAG:example_sla_dag
[2024-10-27T18:56:03.852+0000] {logging_mixin.py:188} INFO - [2024-10-27T18:56:03.852+0000] {dag.py:3036} INFO - Sync 1 DAGs
[2024-10-27T18:56:03.862+0000] {logging_mixin.py:188} INFO - [2024-10-27T18:56:03.862+0000] {dag.py:3058} INFO - Creating ORM DAG for example_sla_dag
[2024-10-27T18:56:03.873+0000] {logging_mixin.py:188} INFO - [2024-10-27T18:56:03.873+0000] {dag.py:3823} INFO - Setting next_dagrun for example_sla_dag to 2024-10-27 18:54:00+00:00, run_after=2024-10-27 18:56:00+00:00
[2024-10-27T18:56:03.886+0000] {processor.py:183} INFO - Processing /home/airflow/.local/lib/python3.8/site-packages/airflow/example_dags/example_sla_dag.py took 0.152 seconds
[2024-10-27T18:56:38.215+0000] {processor.py:161} INFO - Started process (PID=93) to work on /home/airflow/.local/lib/python3.8/site-packages/airflow/example_dags/example_sla_dag.py
[2024-10-27T18:56:38.215+0000] {processor.py:830} INFO - Processing file /home/airflow/.local/lib/python3.8/site-packages/airflow/example_dags/example_sla_dag.py for tasks to queue
[2024-10-27T18:56:38.217+0000] {logging_mixin.py:188} INFO - [2024-10-27T18:56:38.216+0000] {dagbag.py:538} INFO - Filling up the DagBag from /home/airflow/.local/lib/python3.8/site-packages/airflow/example_dags/example_sla_dag.py
[2024-10-27T18:56:38.223+0000] {processor.py:840} INFO - DAG(s) 'example_sla_dag' retrieved from /home/airflow/.local/lib/python3.8/site-packages/airflow/example_dags/example_sla_dag.py
[2024-10-27T18:56:38.239+0000] {logging_mixin.py:188} INFO - [2024-10-27T18:56:38.239+0000] {dag.py:3036} INFO - Sync 1 DAGs
[2024-10-27T18:56:38.260+0000] {logging_mixin.py:188} INFO - [2024-10-27T18:56:38.260+0000] {dag.py:3823} INFO - Setting next_dagrun for example_sla_dag to 2024-10-27 18:54:00+00:00, run_after=2024-10-27 18:56:00+00:00
[2024-10-27T18:56:38.273+0000] {processor.py:183} INFO - Processing /home/airflow/.local/lib/python3.8/site-packages/airflow/example_dags/example_sla_dag.py took 0.061 seconds
[2024-10-27T18:57:08.759+0000] {processor.py:161} INFO - Started process (PID=149) to work on /home/airflow/.local/lib/python3.8/site-packages/airflow/example_dags/example_sla_dag.py
[2024-10-27T18:57:08.760+0000] {processor.py:830} INFO - Processing file /home/airflow/.local/lib/python3.8/site-packages/airflow/example_dags/example_sla_dag.py for tasks to queue
[2024-10-27T18:57:08.761+0000] {logging_mixin.py:188} INFO - [2024-10-27T18:57:08.761+0000] {dagbag.py:538} INFO - Filling up the DagBag from /home/airflow/.local/lib/python3.8/site-packages/airflow/example_dags/example_sla_dag.py
[2024-10-27T18:57:08.768+0000] {processor.py:840} INFO - DAG(s) 'example_sla_dag' retrieved from /home/airflow/.local/lib/python3.8/site-packages/airflow/example_dags/example_sla_dag.py
[2024-10-27T18:57:08.784+0000] {logging_mixin.py:188} INFO - [2024-10-27T18:57:08.784+0000] {dag.py:3036} INFO - Sync 1 DAGs
[2024-10-27T18:57:08.806+0000] {logging_mixin.py:188} INFO - [2024-10-27T18:57:08.806+0000] {dag.py:3823} INFO - Setting next_dagrun for example_sla_dag to 2024-10-27 18:54:00+00:00, run_after=2024-10-27 18:56:00+00:00
[2024-10-27T18:57:08.822+0000] {processor.py:183} INFO - Processing /home/airflow/.local/lib/python3.8/site-packages/airflow/example_dags/example_sla_dag.py took 0.065 seconds
[2024-10-27T18:57:39.126+0000] {processor.py:161} INFO - Started process (PID=205) to work on /home/airflow/.local/lib/python3.8/site-packages/airflow/example_dags/example_sla_dag.py
[2024-10-27T18:57:39.127+0000] {processor.py:830} INFO - Processing file /home/airflow/.local/lib/python3.8/site-packages/airflow/example_dags/example_sla_dag.py for tasks to queue
[2024-10-27T18:57:39.129+0000] {logging_mixin.py:188} INFO - [2024-10-27T18:57:39.129+0000] {dagbag.py:538} INFO - Filling up the DagBag from /home/airflow/.local/lib/python3.8/site-packages/airflow/example_dags/example_sla_dag.py
[2024-10-27T18:57:39.137+0000] {processor.py:840} INFO - DAG(s) 'example_sla_dag' retrieved from /home/airflow/.local/lib/python3.8/site-packages/airflow/example_dags/example_sla_dag.py
[2024-10-27T18:57:39.153+0000] {logging_mixin.py:188} INFO - [2024-10-27T18:57:39.153+0000] {dag.py:3036} INFO - Sync 1 DAGs
[2024-10-27T18:57:39.174+0000] {logging_mixin.py:188} INFO - [2024-10-27T18:57:39.173+0000] {dag.py:3823} INFO - Setting next_dagrun for example_sla_dag to 2024-10-27 18:54:00+00:00, run_after=2024-10-27 18:56:00+00:00
[2024-10-27T18:57:39.222+0000] {processor.py:183} INFO - Processing /home/airflow/.local/lib/python3.8/site-packages/airflow/example_dags/example_sla_dag.py took 0.098 seconds
[2024-10-27T18:58:09.648+0000] {processor.py:161} INFO - Started process (PID=261) to work on /home/airflow/.local/lib/python3.8/site-packages/airflow/example_dags/example_sla_dag.py
[2024-10-27T18:58:09.649+0000] {processor.py:830} INFO - Processing file /home/airflow/.local/lib/python3.8/site-packages/airflow/example_dags/example_sla_dag.py for tasks to queue
[2024-10-27T18:58:09.651+0000] {logging_mixin.py:188} INFO - [2024-10-27T18:58:09.650+0000] {dagbag.py:538} INFO - Filling up the DagBag from /home/airflow/.local/lib/python3.8/site-packages/airflow/example_dags/example_sla_dag.py
[2024-10-27T18:58:09.662+0000] {processor.py:840} INFO - DAG(s) 'example_sla_dag' retrieved from /home/airflow/.local/lib/python3.8/site-packages/airflow/example_dags/example_sla_dag.py
[2024-10-27T18:58:09.683+0000] {logging_mixin.py:188} INFO - [2024-10-27T18:58:09.683+0000] {dag.py:3036} INFO - Sync 1 DAGs
[2024-10-27T18:58:09.714+0000] {logging_mixin.py:188} INFO - [2024-10-27T18:58:09.714+0000] {dag.py:3823} INFO - Setting next_dagrun for example_sla_dag to 2024-10-27 18:56:00+00:00, run_after=2024-10-27 18:58:00+00:00
[2024-10-27T18:58:09.734+0000] {processor.py:183} INFO - Processing /home/airflow/.local/lib/python3.8/site-packages/airflow/example_dags/example_sla_dag.py took 0.089 seconds
[2024-10-27T18:58:40.208+0000] {processor.py:161} INFO - Started process (PID=317) to work on /home/airflow/.local/lib/python3.8/site-packages/airflow/example_dags/example_sla_dag.py
[2024-10-27T18:58:40.209+0000] {processor.py:830} INFO - Processing file /home/airflow/.local/lib/python3.8/site-packages/airflow/example_dags/example_sla_dag.py for tasks to queue
[2024-10-27T18:58:40.210+0000] {logging_mixin.py:188} INFO - [2024-10-27T18:58:40.210+0000] {dagbag.py:538} INFO - Filling up the DagBag from /home/airflow/.local/lib/python3.8/site-packages/airflow/example_dags/example_sla_dag.py
[2024-10-27T18:58:40.216+0000] {processor.py:840} INFO - DAG(s) 'example_sla_dag' retrieved from /home/airflow/.local/lib/python3.8/site-packages/airflow/example_dags/example_sla_dag.py
[2024-10-27T18:58:40.231+0000] {logging_mixin.py:188} INFO - [2024-10-27T18:58:40.231+0000] {dag.py:3036} INFO - Sync 1 DAGs
[2024-10-27T18:58:40.250+0000] {logging_mixin.py:188} INFO - [2024-10-27T18:58:40.250+0000] {dag.py:3823} INFO - Setting next_dagrun for example_sla_dag to 2024-10-27 18:56:00+00:00, run_after=2024-10-27 18:58:00+00:00
[2024-10-27T18:58:40.264+0000] {processor.py:183} INFO - Processing /home/airflow/.local/lib/python3.8/site-packages/airflow/example_dags/example_sla_dag.py took 0.058 seconds
[2024-10-27T18:59:10.393+0000] {processor.py:161} INFO - Started process (PID=374) to work on /home/airflow/.local/lib/python3.8/site-packages/airflow/example_dags/example_sla_dag.py
[2024-10-27T18:59:10.394+0000] {processor.py:830} INFO - Processing file /home/airflow/.local/lib/python3.8/site-packages/airflow/example_dags/example_sla_dag.py for tasks to queue
[2024-10-27T18:59:10.395+0000] {logging_mixin.py:188} INFO - [2024-10-27T18:59:10.395+0000] {dagbag.py:538} INFO - Filling up the DagBag from /home/airflow/.local/lib/python3.8/site-packages/airflow/example_dags/example_sla_dag.py
[2024-10-27T18:59:10.402+0000] {processor.py:840} INFO - DAG(s) 'example_sla_dag' retrieved from /home/airflow/.local/lib/python3.8/site-packages/airflow/example_dags/example_sla_dag.py
[2024-10-27T18:59:10.417+0000] {logging_mixin.py:188} INFO - [2024-10-27T18:59:10.417+0000] {dag.py:3036} INFO - Sync 1 DAGs
[2024-10-27T18:59:10.437+0000] {logging_mixin.py:188} INFO - [2024-10-27T18:59:10.437+0000] {dag.py:3823} INFO - Setting next_dagrun for example_sla_dag to 2024-10-27 18:56:00+00:00, run_after=2024-10-27 18:58:00+00:00
[2024-10-27T18:59:10.453+0000] {processor.py:183} INFO - Processing /home/airflow/.local/lib/python3.8/site-packages/airflow/example_dags/example_sla_dag.py took 0.062 seconds
[2024-10-27T18:59:40.705+0000] {processor.py:161} INFO - Started process (PID=430) to work on /home/airflow/.local/lib/python3.8/site-packages/airflow/example_dags/example_sla_dag.py
[2024-10-27T18:59:40.706+0000] {processor.py:830} INFO - Processing file /home/airflow/.local/lib/python3.8/site-packages/airflow/example_dags/example_sla_dag.py for tasks to queue
[2024-10-27T18:59:40.707+0000] {logging_mixin.py:188} INFO - [2024-10-27T18:59:40.707+0000] {dagbag.py:538} INFO - Filling up the DagBag from /home/airflow/.local/lib/python3.8/site-packages/airflow/example_dags/example_sla_dag.py
[2024-10-27T18:59:40.714+0000] {processor.py:840} INFO - DAG(s) 'example_sla_dag' retrieved from /home/airflow/.local/lib/python3.8/site-packages/airflow/example_dags/example_sla_dag.py
[2024-10-27T18:59:40.730+0000] {logging_mixin.py:188} INFO - [2024-10-27T18:59:40.729+0000] {dag.py:3036} INFO - Sync 1 DAGs
[2024-10-27T18:59:40.751+0000] {logging_mixin.py:188} INFO - [2024-10-27T18:59:40.751+0000] {dag.py:3823} INFO - Setting next_dagrun for example_sla_dag to 2024-10-27 18:56:00+00:00, run_after=2024-10-27 18:58:00+00:00
[2024-10-27T18:59:40.777+0000] {processor.py:183} INFO - Processing /home/airflow/.local/lib/python3.8/site-packages/airflow/example_dags/example_sla_dag.py took 0.074 seconds
[2024-10-27T19:00:10.913+0000] {processor.py:161} INFO - Started process (PID=486) to work on /home/airflow/.local/lib/python3.8/site-packages/airflow/example_dags/example_sla_dag.py
[2024-10-27T19:00:10.914+0000] {processor.py:830} INFO - Processing file /home/airflow/.local/lib/python3.8/site-packages/airflow/example_dags/example_sla_dag.py for tasks to queue
[2024-10-27T19:00:10.915+0000] {logging_mixin.py:188} INFO - [2024-10-27T19:00:10.915+0000] {dagbag.py:538} INFO - Filling up the DagBag from /home/airflow/.local/lib/python3.8/site-packages/airflow/example_dags/example_sla_dag.py
[2024-10-27T19:00:10.921+0000] {processor.py:840} INFO - DAG(s) 'example_sla_dag' retrieved from /home/airflow/.local/lib/python3.8/site-packages/airflow/example_dags/example_sla_dag.py
[2024-10-27T19:00:10.936+0000] {logging_mixin.py:188} INFO - [2024-10-27T19:00:10.936+0000] {dag.py:3036} INFO - Sync 1 DAGs
[2024-10-27T19:00:10.955+0000] {logging_mixin.py:188} INFO - [2024-10-27T19:00:10.955+0000] {dag.py:3823} INFO - Setting next_dagrun for example_sla_dag to 2024-10-27 18:58:00+00:00, run_after=2024-10-27 19:00:00+00:00
[2024-10-27T19:00:10.972+0000] {processor.py:183} INFO - Processing /home/airflow/.local/lib/python3.8/site-packages/airflow/example_dags/example_sla_dag.py took 0.062 seconds
[2024-10-27T19:00:41.190+0000] {processor.py:161} INFO - Started process (PID=542) to work on /home/airflow/.local/lib/python3.8/site-packages/airflow/example_dags/example_sla_dag.py
[2024-10-27T19:00:41.190+0000] {processor.py:830} INFO - Processing file /home/airflow/.local/lib/python3.8/site-packages/airflow/example_dags/example_sla_dag.py for tasks to queue
[2024-10-27T19:00:41.192+0000] {logging_mixin.py:188} INFO - [2024-10-27T19:00:41.191+0000] {dagbag.py:538} INFO - Filling up the DagBag from /home/airflow/.local/lib/python3.8/site-packages/airflow/example_dags/example_sla_dag.py
[2024-10-27T19:00:41.198+0000] {processor.py:840} INFO - DAG(s) 'example_sla_dag' retrieved from /home/airflow/.local/lib/python3.8/site-packages/airflow/example_dags/example_sla_dag.py
[2024-10-27T19:00:41.212+0000] {logging_mixin.py:188} INFO - [2024-10-27T19:00:41.211+0000] {dag.py:3036} INFO - Sync 1 DAGs
[2024-10-27T19:00:41.230+0000] {logging_mixin.py:188} INFO - [2024-10-27T19:00:41.230+0000] {dag.py:3823} INFO - Setting next_dagrun for example_sla_dag to 2024-10-27 18:58:00+00:00, run_after=2024-10-27 19:00:00+00:00
[2024-10-27T19:00:41.245+0000] {processor.py:183} INFO - Processing /home/airflow/.local/lib/python3.8/site-packages/airflow/example_dags/example_sla_dag.py took 0.058 seconds
[2024-10-27T19:01:11.445+0000] {processor.py:161} INFO - Started process (PID=598) to work on /home/airflow/.local/lib/python3.8/site-packages/airflow/example_dags/example_sla_dag.py
[2024-10-27T19:01:11.446+0000] {processor.py:830} INFO - Processing file /home/airflow/.local/lib/python3.8/site-packages/airflow/example_dags/example_sla_dag.py for tasks to queue
[2024-10-27T19:01:11.447+0000] {logging_mixin.py:188} INFO - [2024-10-27T19:01:11.447+0000] {dagbag.py:538} INFO - Filling up the DagBag from /home/airflow/.local/lib/python3.8/site-packages/airflow/example_dags/example_sla_dag.py
[2024-10-27T19:01:11.454+0000] {processor.py:840} INFO - DAG(s) 'example_sla_dag' retrieved from /home/airflow/.local/lib/python3.8/site-packages/airflow/example_dags/example_sla_dag.py
[2024-10-27T19:01:11.468+0000] {logging_mixin.py:188} INFO - [2024-10-27T19:01:11.467+0000] {dag.py:3036} INFO - Sync 1 DAGs
[2024-10-27T19:01:11.488+0000] {logging_mixin.py:188} INFO - [2024-10-27T19:01:11.487+0000] {dag.py:3823} INFO - Setting next_dagrun for example_sla_dag to 2024-10-27 18:58:00+00:00, run_after=2024-10-27 19:00:00+00:00
[2024-10-27T19:01:11.504+0000] {processor.py:183} INFO - Processing /home/airflow/.local/lib/python3.8/site-packages/airflow/example_dags/example_sla_dag.py took 0.061 seconds
[2024-10-27T19:01:41.841+0000] {processor.py:161} INFO - Started process (PID=654) to work on /home/airflow/.local/lib/python3.8/site-packages/airflow/example_dags/example_sla_dag.py
[2024-10-27T19:01:41.842+0000] {processor.py:830} INFO - Processing file /home/airflow/.local/lib/python3.8/site-packages/airflow/example_dags/example_sla_dag.py for tasks to queue
[2024-10-27T19:01:41.843+0000] {logging_mixin.py:188} INFO - [2024-10-27T19:01:41.843+0000] {dagbag.py:538} INFO - Filling up the DagBag from /home/airflow/.local/lib/python3.8/site-packages/airflow/example_dags/example_sla_dag.py
[2024-10-27T19:01:41.850+0000] {processor.py:840} INFO - DAG(s) 'example_sla_dag' retrieved from /home/airflow/.local/lib/python3.8/site-packages/airflow/example_dags/example_sla_dag.py
[2024-10-27T19:01:41.865+0000] {logging_mixin.py:188} INFO - [2024-10-27T19:01:41.865+0000] {dag.py:3036} INFO - Sync 1 DAGs
[2024-10-27T19:01:41.902+0000] {logging_mixin.py:188} INFO - [2024-10-27T19:01:41.902+0000] {dag.py:3823} INFO - Setting next_dagrun for example_sla_dag to 2024-10-27 18:58:00+00:00, run_after=2024-10-27 19:00:00+00:00
[2024-10-27T19:01:41.919+0000] {processor.py:183} INFO - Processing /home/airflow/.local/lib/python3.8/site-packages/airflow/example_dags/example_sla_dag.py took 0.080 seconds
[2024-10-27T19:02:12.010+0000] {processor.py:161} INFO - Started process (PID=710) to work on /home/airflow/.local/lib/python3.8/site-packages/airflow/example_dags/example_sla_dag.py
[2024-10-27T19:02:12.012+0000] {processor.py:830} INFO - Processing file /home/airflow/.local/lib/python3.8/site-packages/airflow/example_dags/example_sla_dag.py for tasks to queue
[2024-10-27T19:02:12.014+0000] {logging_mixin.py:188} INFO - [2024-10-27T19:02:12.013+0000] {dagbag.py:538} INFO - Filling up the DagBag from /home/airflow/.local/lib/python3.8/site-packages/airflow/example_dags/example_sla_dag.py
[2024-10-27T19:02:12.021+0000] {processor.py:840} INFO - DAG(s) 'example_sla_dag' retrieved from /home/airflow/.local/lib/python3.8/site-packages/airflow/example_dags/example_sla_dag.py
[2024-10-27T19:02:12.037+0000] {logging_mixin.py:188} INFO - [2024-10-27T19:02:12.036+0000] {dag.py:3036} INFO - Sync 1 DAGs
[2024-10-27T19:02:12.059+0000] {logging_mixin.py:188} INFO - [2024-10-27T19:02:12.059+0000] {dag.py:3823} INFO - Setting next_dagrun for example_sla_dag to 2024-10-27 19:00:00+00:00, run_after=2024-10-27 19:02:00+00:00
[2024-10-27T19:02:12.077+0000] {processor.py:183} INFO - Processing /home/airflow/.local/lib/python3.8/site-packages/airflow/example_dags/example_sla_dag.py took 0.069 seconds
[2024-10-27T19:02:42.266+0000] {processor.py:161} INFO - Started process (PID=766) to work on /home/airflow/.local/lib/python3.8/site-packages/airflow/example_dags/example_sla_dag.py
[2024-10-27T19:02:42.267+0000] {processor.py:830} INFO - Processing file /home/airflow/.local/lib/python3.8/site-packages/airflow/example_dags/example_sla_dag.py for tasks to queue
[2024-10-27T19:02:42.268+0000] {logging_mixin.py:188} INFO - [2024-10-27T19:02:42.268+0000] {dagbag.py:538} INFO - Filling up the DagBag from /home/airflow/.local/lib/python3.8/site-packages/airflow/example_dags/example_sla_dag.py
[2024-10-27T19:02:42.275+0000] {processor.py:840} INFO - DAG(s) 'example_sla_dag' retrieved from /home/airflow/.local/lib/python3.8/site-packages/airflow/example_dags/example_sla_dag.py
[2024-10-27T19:02:42.289+0000] {logging_mixin.py:188} INFO - [2024-10-27T19:02:42.289+0000] {dag.py:3036} INFO - Sync 1 DAGs
[2024-10-27T19:02:42.308+0000] {logging_mixin.py:188} INFO - [2024-10-27T19:02:42.308+0000] {dag.py:3823} INFO - Setting next_dagrun for example_sla_dag to 2024-10-27 19:00:00+00:00, run_after=2024-10-27 19:02:00+00:00
[2024-10-27T19:02:42.322+0000] {processor.py:183} INFO - Processing /home/airflow/.local/lib/python3.8/site-packages/airflow/example_dags/example_sla_dag.py took 0.059 seconds
[2024-10-27T19:03:12.461+0000] {processor.py:161} INFO - Started process (PID=822) to work on /home/airflow/.local/lib/python3.8/site-packages/airflow/example_dags/example_sla_dag.py
[2024-10-27T19:03:12.462+0000] {processor.py:830} INFO - Processing file /home/airflow/.local/lib/python3.8/site-packages/airflow/example_dags/example_sla_dag.py for tasks to queue
[2024-10-27T19:03:12.463+0000] {logging_mixin.py:188} INFO - [2024-10-27T19:03:12.463+0000] {dagbag.py:538} INFO - Filling up the DagBag from /home/airflow/.local/lib/python3.8/site-packages/airflow/example_dags/example_sla_dag.py
[2024-10-27T19:03:12.471+0000] {processor.py:840} INFO - DAG(s) 'example_sla_dag' retrieved from /home/airflow/.local/lib/python3.8/site-packages/airflow/example_dags/example_sla_dag.py
[2024-10-27T19:03:12.487+0000] {logging_mixin.py:188} INFO - [2024-10-27T19:03:12.487+0000] {dag.py:3036} INFO - Sync 1 DAGs
[2024-10-27T19:03:12.515+0000] {logging_mixin.py:188} INFO - [2024-10-27T19:03:12.514+0000] {dag.py:3823} INFO - Setting next_dagrun for example_sla_dag to 2024-10-27 19:00:00+00:00, run_after=2024-10-27 19:02:00+00:00
[2024-10-27T19:03:12.530+0000] {processor.py:183} INFO - Processing /home/airflow/.local/lib/python3.8/site-packages/airflow/example_dags/example_sla_dag.py took 0.072 seconds
[2024-10-27T19:03:42.875+0000] {processor.py:161} INFO - Started process (PID=878) to work on /home/airflow/.local/lib/python3.8/site-packages/airflow/example_dags/example_sla_dag.py
[2024-10-27T19:03:42.876+0000] {processor.py:830} INFO - Processing file /home/airflow/.local/lib/python3.8/site-packages/airflow/example_dags/example_sla_dag.py for tasks to queue
[2024-10-27T19:03:42.877+0000] {logging_mixin.py:188} INFO - [2024-10-27T19:03:42.877+0000] {dagbag.py:538} INFO - Filling up the DagBag from /home/airflow/.local/lib/python3.8/site-packages/airflow/example_dags/example_sla_dag.py
[2024-10-27T19:03:42.885+0000] {processor.py:840} INFO - DAG(s) 'example_sla_dag' retrieved from /home/airflow/.local/lib/python3.8/site-packages/airflow/example_dags/example_sla_dag.py
[2024-10-27T19:03:42.900+0000] {logging_mixin.py:188} INFO - [2024-10-27T19:03:42.900+0000] {dag.py:3036} INFO - Sync 1 DAGs
[2024-10-27T19:03:42.919+0000] {logging_mixin.py:188} INFO - [2024-10-27T19:03:42.919+0000] {dag.py:3823} INFO - Setting next_dagrun for example_sla_dag to 2024-10-27 19:00:00+00:00, run_after=2024-10-27 19:02:00+00:00
[2024-10-27T19:03:42.934+0000] {processor.py:183} INFO - Processing /home/airflow/.local/lib/python3.8/site-packages/airflow/example_dags/example_sla_dag.py took 0.061 seconds
[2024-10-27T19:04:13.279+0000] {processor.py:161} INFO - Started process (PID=934) to work on /home/airflow/.local/lib/python3.8/site-packages/airflow/example_dags/example_sla_dag.py
[2024-10-27T19:04:13.280+0000] {processor.py:830} INFO - Processing file /home/airflow/.local/lib/python3.8/site-packages/airflow/example_dags/example_sla_dag.py for tasks to queue
[2024-10-27T19:04:13.282+0000] {logging_mixin.py:188} INFO - [2024-10-27T19:04:13.281+0000] {dagbag.py:538} INFO - Filling up the DagBag from /home/airflow/.local/lib/python3.8/site-packages/airflow/example_dags/example_sla_dag.py
[2024-10-27T19:04:13.288+0000] {processor.py:840} INFO - DAG(s) 'example_sla_dag' retrieved from /home/airflow/.local/lib/python3.8/site-packages/airflow/example_dags/example_sla_dag.py
[2024-10-27T19:04:13.304+0000] {logging_mixin.py:188} INFO - [2024-10-27T19:04:13.304+0000] {dag.py:3036} INFO - Sync 1 DAGs
[2024-10-27T19:04:13.323+0000] {logging_mixin.py:188} INFO - [2024-10-27T19:04:13.323+0000] {dag.py:3823} INFO - Setting next_dagrun for example_sla_dag to 2024-10-27 19:02:00+00:00, run_after=2024-10-27 19:04:00+00:00
[2024-10-27T19:04:13.339+0000] {processor.py:183} INFO - Processing /home/airflow/.local/lib/python3.8/site-packages/airflow/example_dags/example_sla_dag.py took 0.062 seconds
[2024-10-27T19:04:43.830+0000] {processor.py:161} INFO - Started process (PID=990) to work on /home/airflow/.local/lib/python3.8/site-packages/airflow/example_dags/example_sla_dag.py
[2024-10-27T19:04:43.831+0000] {processor.py:830} INFO - Processing file /home/airflow/.local/lib/python3.8/site-packages/airflow/example_dags/example_sla_dag.py for tasks to queue
[2024-10-27T19:04:43.834+0000] {logging_mixin.py:188} INFO - [2024-10-27T19:04:43.834+0000] {dagbag.py:538} INFO - Filling up the DagBag from /home/airflow/.local/lib/python3.8/site-packages/airflow/example_dags/example_sla_dag.py
[2024-10-27T19:04:43.852+0000] {processor.py:840} INFO - DAG(s) 'example_sla_dag' retrieved from /home/airflow/.local/lib/python3.8/site-packages/airflow/example_dags/example_sla_dag.py
[2024-10-27T19:04:43.909+0000] {logging_mixin.py:188} INFO - [2024-10-27T19:04:43.909+0000] {dag.py:3036} INFO - Sync 1 DAGs
[2024-10-27T19:04:43.965+0000] {logging_mixin.py:188} INFO - [2024-10-27T19:04:43.964+0000] {dag.py:3823} INFO - Setting next_dagrun for example_sla_dag to 2024-10-27 19:02:00+00:00, run_after=2024-10-27 19:04:00+00:00
[2024-10-27T19:04:44.017+0000] {processor.py:183} INFO - Processing /home/airflow/.local/lib/python3.8/site-packages/airflow/example_dags/example_sla_dag.py took 0.190 seconds
[2024-10-27T19:05:14.632+0000] {processor.py:161} INFO - Started process (PID=1046) to work on /home/airflow/.local/lib/python3.8/site-packages/airflow/example_dags/example_sla_dag.py
[2024-10-27T19:05:14.632+0000] {processor.py:830} INFO - Processing file /home/airflow/.local/lib/python3.8/site-packages/airflow/example_dags/example_sla_dag.py for tasks to queue
[2024-10-27T19:05:14.634+0000] {logging_mixin.py:188} INFO - [2024-10-27T19:05:14.633+0000] {dagbag.py:538} INFO - Filling up the DagBag from /home/airflow/.local/lib/python3.8/site-packages/airflow/example_dags/example_sla_dag.py
[2024-10-27T19:05:14.640+0000] {processor.py:840} INFO - DAG(s) 'example_sla_dag' retrieved from /home/airflow/.local/lib/python3.8/site-packages/airflow/example_dags/example_sla_dag.py
[2024-10-27T19:05:14.656+0000] {logging_mixin.py:188} INFO - [2024-10-27T19:05:14.655+0000] {dag.py:3036} INFO - Sync 1 DAGs
[2024-10-27T19:05:14.676+0000] {logging_mixin.py:188} INFO - [2024-10-27T19:05:14.676+0000] {dag.py:3823} INFO - Setting next_dagrun for example_sla_dag to 2024-10-27 19:02:00+00:00, run_after=2024-10-27 19:04:00+00:00
[2024-10-27T19:05:14.693+0000] {processor.py:183} INFO - Processing /home/airflow/.local/lib/python3.8/site-packages/airflow/example_dags/example_sla_dag.py took 0.063 seconds
[2024-10-27T19:13:21.636+0000] {processor.py:161} INFO - Started process (PID=102) to work on /home/airflow/.local/lib/python3.11/site-packages/airflow/example_dags/example_sla_dag.py
[2024-10-27T19:13:21.638+0000] {processor.py:830} INFO - Processing file /home/airflow/.local/lib/python3.11/site-packages/airflow/example_dags/example_sla_dag.py for tasks to queue
[2024-10-27T19:13:21.639+0000] {logging_mixin.py:188} INFO - [2024-10-27T19:13:21.639+0000] {dagbag.py:538} INFO - Filling up the DagBag from /home/airflow/.local/lib/python3.11/site-packages/airflow/example_dags/example_sla_dag.py
[2024-10-27T19:13:21.646+0000] {processor.py:840} INFO - DAG(s) 'example_sla_dag' retrieved from /home/airflow/.local/lib/python3.11/site-packages/airflow/example_dags/example_sla_dag.py
[2024-10-27T19:13:21.749+0000] {logging_mixin.py:188} INFO - [2024-10-27T19:13:21.744+0000] {dag.py:3036} INFO - Sync 1 DAGs
[2024-10-27T19:13:21.768+0000] {logging_mixin.py:188} INFO - [2024-10-27T19:13:21.767+0000] {dag.py:3823} INFO - Setting next_dagrun for example_sla_dag to 2024-10-27 19:10:00+00:00, run_after=2024-10-27 19:12:00+00:00
[2024-10-27T19:13:21.790+0000] {processor.py:183} INFO - Processing /home/airflow/.local/lib/python3.11/site-packages/airflow/example_dags/example_sla_dag.py took 0.156 seconds
[2024-10-27T19:14:06.346+0000] {processor.py:161} INFO - Started process (PID=160) to work on /home/airflow/.local/lib/python3.11/site-packages/airflow/example_dags/example_sla_dag.py
[2024-10-27T19:14:06.347+0000] {processor.py:830} INFO - Processing file /home/airflow/.local/lib/python3.11/site-packages/airflow/example_dags/example_sla_dag.py for tasks to queue
[2024-10-27T19:14:06.348+0000] {logging_mixin.py:188} INFO - [2024-10-27T19:14:06.348+0000] {dagbag.py:538} INFO - Filling up the DagBag from /home/airflow/.local/lib/python3.11/site-packages/airflow/example_dags/example_sla_dag.py
[2024-10-27T19:14:06.354+0000] {processor.py:840} INFO - DAG(s) 'example_sla_dag' retrieved from /home/airflow/.local/lib/python3.11/site-packages/airflow/example_dags/example_sla_dag.py
[2024-10-27T19:14:06.367+0000] {logging_mixin.py:188} INFO - [2024-10-27T19:14:06.367+0000] {dag.py:3036} INFO - Sync 1 DAGs
[2024-10-27T19:14:06.384+0000] {logging_mixin.py:188} INFO - [2024-10-27T19:14:06.384+0000] {dag.py:3823} INFO - Setting next_dagrun for example_sla_dag to 2024-10-27 19:12:00+00:00, run_after=2024-10-27 19:14:00+00:00
[2024-10-27T19:14:06.708+0000] {processor.py:183} INFO - Processing /home/airflow/.local/lib/python3.11/site-packages/airflow/example_dags/example_sla_dag.py took 0.363 seconds
[2024-10-27T19:14:43.502+0000] {processor.py:161} INFO - Started process (PID=218) to work on /home/airflow/.local/lib/python3.11/site-packages/airflow/example_dags/example_sla_dag.py
[2024-10-27T19:14:43.502+0000] {processor.py:830} INFO - Processing file /home/airflow/.local/lib/python3.11/site-packages/airflow/example_dags/example_sla_dag.py for tasks to queue
[2024-10-27T19:14:43.503+0000] {logging_mixin.py:188} INFO - [2024-10-27T19:14:43.503+0000] {dagbag.py:538} INFO - Filling up the DagBag from /home/airflow/.local/lib/python3.11/site-packages/airflow/example_dags/example_sla_dag.py
[2024-10-27T19:14:43.509+0000] {processor.py:840} INFO - DAG(s) 'example_sla_dag' retrieved from /home/airflow/.local/lib/python3.11/site-packages/airflow/example_dags/example_sla_dag.py
[2024-10-27T19:14:43.526+0000] {logging_mixin.py:188} INFO - [2024-10-27T19:14:43.526+0000] {dag.py:3036} INFO - Sync 1 DAGs
[2024-10-27T19:14:43.548+0000] {logging_mixin.py:188} INFO - [2024-10-27T19:14:43.547+0000] {dag.py:3823} INFO - Setting next_dagrun for example_sla_dag to 2024-10-27 19:12:00+00:00, run_after=2024-10-27 19:14:00+00:00
[2024-10-27T19:14:44.040+0000] {processor.py:183} INFO - Processing /home/airflow/.local/lib/python3.11/site-packages/airflow/example_dags/example_sla_dag.py took 0.541 seconds
[2024-10-27T19:15:14.773+0000] {processor.py:161} INFO - Started process (PID=282) to work on /home/airflow/.local/lib/python3.11/site-packages/airflow/example_dags/example_sla_dag.py
[2024-10-27T19:15:14.775+0000] {processor.py:830} INFO - Processing file /home/airflow/.local/lib/python3.11/site-packages/airflow/example_dags/example_sla_dag.py for tasks to queue
[2024-10-27T19:15:14.776+0000] {logging_mixin.py:188} INFO - [2024-10-27T19:15:14.776+0000] {dagbag.py:538} INFO - Filling up the DagBag from /home/airflow/.local/lib/python3.11/site-packages/airflow/example_dags/example_sla_dag.py
[2024-10-27T19:15:14.784+0000] {processor.py:840} INFO - DAG(s) 'example_sla_dag' retrieved from /home/airflow/.local/lib/python3.11/site-packages/airflow/example_dags/example_sla_dag.py
[2024-10-27T19:15:14.799+0000] {logging_mixin.py:188} INFO - [2024-10-27T19:15:14.799+0000] {dag.py:3036} INFO - Sync 1 DAGs
[2024-10-27T19:15:14.825+0000] {logging_mixin.py:188} INFO - [2024-10-27T19:15:14.824+0000] {dag.py:3823} INFO - Setting next_dagrun for example_sla_dag to 2024-10-27 19:12:00+00:00, run_after=2024-10-27 19:14:00+00:00
[2024-10-27T19:15:14.844+0000] {processor.py:183} INFO - Processing /home/airflow/.local/lib/python3.11/site-packages/airflow/example_dags/example_sla_dag.py took 0.074 seconds
[2024-10-27T19:15:45.153+0000] {processor.py:161} INFO - Started process (PID=340) to work on /home/airflow/.local/lib/python3.11/site-packages/airflow/example_dags/example_sla_dag.py
[2024-10-27T19:15:45.154+0000] {processor.py:830} INFO - Processing file /home/airflow/.local/lib/python3.11/site-packages/airflow/example_dags/example_sla_dag.py for tasks to queue
[2024-10-27T19:15:45.155+0000] {logging_mixin.py:188} INFO - [2024-10-27T19:15:45.155+0000] {dagbag.py:538} INFO - Filling up the DagBag from /home/airflow/.local/lib/python3.11/site-packages/airflow/example_dags/example_sla_dag.py
[2024-10-27T19:15:45.162+0000] {processor.py:840} INFO - DAG(s) 'example_sla_dag' retrieved from /home/airflow/.local/lib/python3.11/site-packages/airflow/example_dags/example_sla_dag.py
[2024-10-27T19:15:45.178+0000] {logging_mixin.py:188} INFO - [2024-10-27T19:15:45.178+0000] {dag.py:3036} INFO - Sync 1 DAGs
[2024-10-27T19:15:45.198+0000] {logging_mixin.py:188} INFO - [2024-10-27T19:15:45.197+0000] {dag.py:3823} INFO - Setting next_dagrun for example_sla_dag to 2024-10-27 19:12:00+00:00, run_after=2024-10-27 19:14:00+00:00
[2024-10-27T19:15:45.261+0000] {processor.py:183} INFO - Processing /home/airflow/.local/lib/python3.11/site-packages/airflow/example_dags/example_sla_dag.py took 0.110 seconds
