[2024-10-27T18:56:01.680+0000] {processor.py:161} INFO - Started process (PID=199) to work on /home/airflow/.local/lib/python3.8/site-packages/airflow/example_dags/example_xcomargs.py
[2024-10-27T18:56:01.681+0000] {processor.py:830} INFO - Processing file /home/airflow/.local/lib/python3.8/site-packages/airflow/example_dags/example_xcomargs.py for tasks to queue
[2024-10-27T18:56:01.684+0000] {logging_mixin.py:188} INFO - [2024-10-27T18:56:01.683+0000] {dagbag.py:538} INFO - Filling up the DagBag from /home/airflow/.local/lib/python3.8/site-packages/airflow/example_dags/example_xcomargs.py
[2024-10-27T18:56:01.695+0000] {processor.py:840} INFO - DAG(s) 'example_xcom_args', 'example_xcom_args_with_operators' retrieved from /home/airflow/.local/lib/python3.8/site-packages/airflow/example_dags/example_xcomargs.py
[2024-10-27T18:56:01.786+0000] {logging_mixin.py:188} INFO - [2024-10-27T18:56:01.785+0000] {override.py:1769} INFO - Created Permission View: can delete on DAG:example_xcom_args
[2024-10-27T18:56:01.795+0000] {logging_mixin.py:188} INFO - [2024-10-27T18:56:01.794+0000] {override.py:1769} INFO - Created Permission View: can read on DAG:example_xcom_args
[2024-10-27T18:56:01.800+0000] {logging_mixin.py:188} INFO - [2024-10-27T18:56:01.800+0000] {override.py:1769} INFO - Created Permission View: can edit on DAG:example_xcom_args
[2024-10-27T18:56:01.813+0000] {logging_mixin.py:188} INFO - [2024-10-27T18:56:01.812+0000] {override.py:1769} INFO - Created Permission View: can delete on DAG:example_xcom_args_with_operators
[2024-10-27T18:56:01.819+0000] {logging_mixin.py:188} INFO - [2024-10-27T18:56:01.819+0000] {override.py:1769} INFO - Created Permission View: can read on DAG:example_xcom_args_with_operators
[2024-10-27T18:56:01.826+0000] {logging_mixin.py:188} INFO - [2024-10-27T18:56:01.825+0000] {override.py:1769} INFO - Created Permission View: can edit on DAG:example_xcom_args_with_operators
[2024-10-27T18:56:01.826+0000] {logging_mixin.py:188} INFO - [2024-10-27T18:56:01.826+0000] {dag.py:3036} INFO - Sync 2 DAGs
[2024-10-27T18:56:01.836+0000] {logging_mixin.py:188} INFO - [2024-10-27T18:56:01.836+0000] {dag.py:3058} INFO - Creating ORM DAG for example_xcom_args
[2024-10-27T18:56:01.837+0000] {logging_mixin.py:188} INFO - [2024-10-27T18:56:01.837+0000] {dag.py:3058} INFO - Creating ORM DAG for example_xcom_args_with_operators
[2024-10-27T18:56:01.838+0000] {logging_mixin.py:188} INFO - [2024-10-27T18:56:01.837+0000] {dag.py:3823} INFO - Setting next_dagrun for example_xcom_args to None, run_after=None
[2024-10-27T18:56:01.838+0000] {logging_mixin.py:188} INFO - [2024-10-27T18:56:01.838+0000] {dag.py:3823} INFO - Setting next_dagrun for example_xcom_args_with_operators to None, run_after=None
[2024-10-27T18:56:01.856+0000] {processor.py:183} INFO - Processing /home/airflow/.local/lib/python3.8/site-packages/airflow/example_dags/example_xcomargs.py took 0.179 seconds
[2024-10-27T18:56:36.953+0000] {processor.py:161} INFO - Started process (PID=65) to work on /home/airflow/.local/lib/python3.8/site-packages/airflow/example_dags/example_xcomargs.py
[2024-10-27T18:56:36.954+0000] {processor.py:830} INFO - Processing file /home/airflow/.local/lib/python3.8/site-packages/airflow/example_dags/example_xcomargs.py for tasks to queue
[2024-10-27T18:56:36.955+0000] {logging_mixin.py:188} INFO - [2024-10-27T18:56:36.955+0000] {dagbag.py:538} INFO - Filling up the DagBag from /home/airflow/.local/lib/python3.8/site-packages/airflow/example_dags/example_xcomargs.py
[2024-10-27T18:56:36.961+0000] {processor.py:840} INFO - DAG(s) 'example_xcom_args', 'example_xcom_args_with_operators' retrieved from /home/airflow/.local/lib/python3.8/site-packages/airflow/example_dags/example_xcomargs.py
[2024-10-27T18:56:36.979+0000] {logging_mixin.py:188} INFO - [2024-10-27T18:56:36.979+0000] {dag.py:3036} INFO - Sync 2 DAGs
[2024-10-27T18:56:36.990+0000] {logging_mixin.py:188} INFO - [2024-10-27T18:56:36.989+0000] {dag.py:3823} INFO - Setting next_dagrun for example_xcom_args to None, run_after=None
[2024-10-27T18:56:36.993+0000] {logging_mixin.py:188} INFO - [2024-10-27T18:56:36.993+0000] {dag.py:3823} INFO - Setting next_dagrun for example_xcom_args_with_operators to None, run_after=None
[2024-10-27T18:56:37.007+0000] {processor.py:183} INFO - Processing /home/airflow/.local/lib/python3.8/site-packages/airflow/example_dags/example_xcomargs.py took 0.056 seconds
[2024-10-27T18:57:07.445+0000] {processor.py:161} INFO - Started process (PID=126) to work on /home/airflow/.local/lib/python3.8/site-packages/airflow/example_dags/example_xcomargs.py
[2024-10-27T18:57:07.446+0000] {processor.py:830} INFO - Processing file /home/airflow/.local/lib/python3.8/site-packages/airflow/example_dags/example_xcomargs.py for tasks to queue
[2024-10-27T18:57:07.447+0000] {logging_mixin.py:188} INFO - [2024-10-27T18:57:07.447+0000] {dagbag.py:538} INFO - Filling up the DagBag from /home/airflow/.local/lib/python3.8/site-packages/airflow/example_dags/example_xcomargs.py
[2024-10-27T18:57:07.454+0000] {processor.py:840} INFO - DAG(s) 'example_xcom_args_with_operators', 'example_xcom_args' retrieved from /home/airflow/.local/lib/python3.8/site-packages/airflow/example_dags/example_xcomargs.py
[2024-10-27T18:57:07.474+0000] {logging_mixin.py:188} INFO - [2024-10-27T18:57:07.474+0000] {dag.py:3036} INFO - Sync 2 DAGs
[2024-10-27T18:57:07.484+0000] {logging_mixin.py:188} INFO - [2024-10-27T18:57:07.484+0000] {dag.py:3823} INFO - Setting next_dagrun for example_xcom_args to None, run_after=None
[2024-10-27T18:57:07.488+0000] {logging_mixin.py:188} INFO - [2024-10-27T18:57:07.488+0000] {dag.py:3823} INFO - Setting next_dagrun for example_xcom_args_with_operators to None, run_after=None
[2024-10-27T18:57:07.510+0000] {processor.py:183} INFO - Processing /home/airflow/.local/lib/python3.8/site-packages/airflow/example_dags/example_xcomargs.py took 0.068 seconds
[2024-10-27T18:57:37.954+0000] {processor.py:161} INFO - Started process (PID=183) to work on /home/airflow/.local/lib/python3.8/site-packages/airflow/example_dags/example_xcomargs.py
[2024-10-27T18:57:37.955+0000] {processor.py:830} INFO - Processing file /home/airflow/.local/lib/python3.8/site-packages/airflow/example_dags/example_xcomargs.py for tasks to queue
[2024-10-27T18:57:37.956+0000] {logging_mixin.py:188} INFO - [2024-10-27T18:57:37.956+0000] {dagbag.py:538} INFO - Filling up the DagBag from /home/airflow/.local/lib/python3.8/site-packages/airflow/example_dags/example_xcomargs.py
[2024-10-27T18:57:37.963+0000] {processor.py:840} INFO - DAG(s) 'example_xcom_args', 'example_xcom_args_with_operators' retrieved from /home/airflow/.local/lib/python3.8/site-packages/airflow/example_dags/example_xcomargs.py
[2024-10-27T18:57:37.985+0000] {logging_mixin.py:188} INFO - [2024-10-27T18:57:37.985+0000] {dag.py:3036} INFO - Sync 2 DAGs
[2024-10-27T18:57:37.997+0000] {logging_mixin.py:188} INFO - [2024-10-27T18:57:37.996+0000] {dag.py:3823} INFO - Setting next_dagrun for example_xcom_args to None, run_after=None
[2024-10-27T18:57:38.000+0000] {logging_mixin.py:188} INFO - [2024-10-27T18:57:38.000+0000] {dag.py:3823} INFO - Setting next_dagrun for example_xcom_args_with_operators to None, run_after=None
[2024-10-27T18:57:38.015+0000] {processor.py:183} INFO - Processing /home/airflow/.local/lib/python3.8/site-packages/airflow/example_dags/example_xcomargs.py took 0.063 seconds
[2024-10-27T18:58:08.420+0000] {processor.py:161} INFO - Started process (PID=239) to work on /home/airflow/.local/lib/python3.8/site-packages/airflow/example_dags/example_xcomargs.py
[2024-10-27T18:58:08.420+0000] {processor.py:830} INFO - Processing file /home/airflow/.local/lib/python3.8/site-packages/airflow/example_dags/example_xcomargs.py for tasks to queue
[2024-10-27T18:58:08.422+0000] {logging_mixin.py:188} INFO - [2024-10-27T18:58:08.422+0000] {dagbag.py:538} INFO - Filling up the DagBag from /home/airflow/.local/lib/python3.8/site-packages/airflow/example_dags/example_xcomargs.py
[2024-10-27T18:58:08.428+0000] {processor.py:840} INFO - DAG(s) 'example_xcom_args', 'example_xcom_args_with_operators' retrieved from /home/airflow/.local/lib/python3.8/site-packages/airflow/example_dags/example_xcomargs.py
[2024-10-27T18:58:08.449+0000] {logging_mixin.py:188} INFO - [2024-10-27T18:58:08.448+0000] {dag.py:3036} INFO - Sync 2 DAGs
[2024-10-27T18:58:08.459+0000] {logging_mixin.py:188} INFO - [2024-10-27T18:58:08.459+0000] {dag.py:3823} INFO - Setting next_dagrun for example_xcom_args to None, run_after=None
[2024-10-27T18:58:08.463+0000] {logging_mixin.py:188} INFO - [2024-10-27T18:58:08.463+0000] {dag.py:3823} INFO - Setting next_dagrun for example_xcom_args_with_operators to None, run_after=None
[2024-10-27T18:58:08.484+0000] {processor.py:183} INFO - Processing /home/airflow/.local/lib/python3.8/site-packages/airflow/example_dags/example_xcomargs.py took 0.067 seconds
[2024-10-27T18:58:39.056+0000] {processor.py:161} INFO - Started process (PID=295) to work on /home/airflow/.local/lib/python3.8/site-packages/airflow/example_dags/example_xcomargs.py
[2024-10-27T18:58:39.056+0000] {processor.py:830} INFO - Processing file /home/airflow/.local/lib/python3.8/site-packages/airflow/example_dags/example_xcomargs.py for tasks to queue
[2024-10-27T18:58:39.058+0000] {logging_mixin.py:188} INFO - [2024-10-27T18:58:39.058+0000] {dagbag.py:538} INFO - Filling up the DagBag from /home/airflow/.local/lib/python3.8/site-packages/airflow/example_dags/example_xcomargs.py
[2024-10-27T18:58:39.067+0000] {processor.py:840} INFO - DAG(s) 'example_xcom_args', 'example_xcom_args_with_operators' retrieved from /home/airflow/.local/lib/python3.8/site-packages/airflow/example_dags/example_xcomargs.py
[2024-10-27T18:58:39.088+0000] {logging_mixin.py:188} INFO - [2024-10-27T18:58:39.088+0000] {dag.py:3036} INFO - Sync 2 DAGs
[2024-10-27T18:58:39.103+0000] {logging_mixin.py:188} INFO - [2024-10-27T18:58:39.102+0000] {dag.py:3823} INFO - Setting next_dagrun for example_xcom_args to None, run_after=None
[2024-10-27T18:58:39.107+0000] {logging_mixin.py:188} INFO - [2024-10-27T18:58:39.106+0000] {dag.py:3823} INFO - Setting next_dagrun for example_xcom_args_with_operators to None, run_after=None
[2024-10-27T18:58:39.124+0000] {processor.py:183} INFO - Processing /home/airflow/.local/lib/python3.8/site-packages/airflow/example_dags/example_xcomargs.py took 0.070 seconds
[2024-10-27T18:59:09.309+0000] {processor.py:161} INFO - Started process (PID=352) to work on /home/airflow/.local/lib/python3.8/site-packages/airflow/example_dags/example_xcomargs.py
[2024-10-27T18:59:09.309+0000] {processor.py:830} INFO - Processing file /home/airflow/.local/lib/python3.8/site-packages/airflow/example_dags/example_xcomargs.py for tasks to queue
[2024-10-27T18:59:09.311+0000] {logging_mixin.py:188} INFO - [2024-10-27T18:59:09.311+0000] {dagbag.py:538} INFO - Filling up the DagBag from /home/airflow/.local/lib/python3.8/site-packages/airflow/example_dags/example_xcomargs.py
[2024-10-27T18:59:09.317+0000] {processor.py:840} INFO - DAG(s) 'example_xcom_args', 'example_xcom_args_with_operators' retrieved from /home/airflow/.local/lib/python3.8/site-packages/airflow/example_dags/example_xcomargs.py
[2024-10-27T18:59:09.334+0000] {logging_mixin.py:188} INFO - [2024-10-27T18:59:09.333+0000] {dag.py:3036} INFO - Sync 2 DAGs
[2024-10-27T18:59:09.343+0000] {logging_mixin.py:188} INFO - [2024-10-27T18:59:09.343+0000] {dag.py:3823} INFO - Setting next_dagrun for example_xcom_args to None, run_after=None
[2024-10-27T18:59:09.346+0000] {logging_mixin.py:188} INFO - [2024-10-27T18:59:09.346+0000] {dag.py:3823} INFO - Setting next_dagrun for example_xcom_args_with_operators to None, run_after=None
[2024-10-27T18:59:09.358+0000] {processor.py:183} INFO - Processing /home/airflow/.local/lib/python3.8/site-packages/airflow/example_dags/example_xcomargs.py took 0.052 seconds
[2024-10-27T18:59:39.606+0000] {processor.py:161} INFO - Started process (PID=408) to work on /home/airflow/.local/lib/python3.8/site-packages/airflow/example_dags/example_xcomargs.py
[2024-10-27T18:59:39.607+0000] {processor.py:830} INFO - Processing file /home/airflow/.local/lib/python3.8/site-packages/airflow/example_dags/example_xcomargs.py for tasks to queue
[2024-10-27T18:59:39.608+0000] {logging_mixin.py:188} INFO - [2024-10-27T18:59:39.608+0000] {dagbag.py:538} INFO - Filling up the DagBag from /home/airflow/.local/lib/python3.8/site-packages/airflow/example_dags/example_xcomargs.py
[2024-10-27T18:59:39.614+0000] {processor.py:840} INFO - DAG(s) 'example_xcom_args_with_operators', 'example_xcom_args' retrieved from /home/airflow/.local/lib/python3.8/site-packages/airflow/example_dags/example_xcomargs.py
[2024-10-27T18:59:39.637+0000] {logging_mixin.py:188} INFO - [2024-10-27T18:59:39.637+0000] {dag.py:3036} INFO - Sync 2 DAGs
[2024-10-27T18:59:39.651+0000] {logging_mixin.py:188} INFO - [2024-10-27T18:59:39.651+0000] {dag.py:3823} INFO - Setting next_dagrun for example_xcom_args to None, run_after=None
[2024-10-27T18:59:39.656+0000] {logging_mixin.py:188} INFO - [2024-10-27T18:59:39.655+0000] {dag.py:3823} INFO - Setting next_dagrun for example_xcom_args_with_operators to None, run_after=None
[2024-10-27T18:59:39.676+0000] {processor.py:183} INFO - Processing /home/airflow/.local/lib/python3.8/site-packages/airflow/example_dags/example_xcomargs.py took 0.072 seconds
[2024-10-27T19:00:09.890+0000] {processor.py:161} INFO - Started process (PID=464) to work on /home/airflow/.local/lib/python3.8/site-packages/airflow/example_dags/example_xcomargs.py
[2024-10-27T19:00:09.891+0000] {processor.py:830} INFO - Processing file /home/airflow/.local/lib/python3.8/site-packages/airflow/example_dags/example_xcomargs.py for tasks to queue
[2024-10-27T19:00:09.892+0000] {logging_mixin.py:188} INFO - [2024-10-27T19:00:09.892+0000] {dagbag.py:538} INFO - Filling up the DagBag from /home/airflow/.local/lib/python3.8/site-packages/airflow/example_dags/example_xcomargs.py
[2024-10-27T19:00:09.898+0000] {processor.py:840} INFO - DAG(s) 'example_xcom_args', 'example_xcom_args_with_operators' retrieved from /home/airflow/.local/lib/python3.8/site-packages/airflow/example_dags/example_xcomargs.py
[2024-10-27T19:00:09.919+0000] {logging_mixin.py:188} INFO - [2024-10-27T19:00:09.919+0000] {dag.py:3036} INFO - Sync 2 DAGs
[2024-10-27T19:00:09.930+0000] {logging_mixin.py:188} INFO - [2024-10-27T19:00:09.930+0000] {dag.py:3823} INFO - Setting next_dagrun for example_xcom_args to None, run_after=None
[2024-10-27T19:00:09.934+0000] {logging_mixin.py:188} INFO - [2024-10-27T19:00:09.933+0000] {dag.py:3823} INFO - Setting next_dagrun for example_xcom_args_with_operators to None, run_after=None
[2024-10-27T19:00:09.949+0000] {processor.py:183} INFO - Processing /home/airflow/.local/lib/python3.8/site-packages/airflow/example_dags/example_xcomargs.py took 0.061 seconds
[2024-10-27T19:00:40.105+0000] {processor.py:161} INFO - Started process (PID=520) to work on /home/airflow/.local/lib/python3.8/site-packages/airflow/example_dags/example_xcomargs.py
[2024-10-27T19:00:40.106+0000] {processor.py:830} INFO - Processing file /home/airflow/.local/lib/python3.8/site-packages/airflow/example_dags/example_xcomargs.py for tasks to queue
[2024-10-27T19:00:40.107+0000] {logging_mixin.py:188} INFO - [2024-10-27T19:00:40.107+0000] {dagbag.py:538} INFO - Filling up the DagBag from /home/airflow/.local/lib/python3.8/site-packages/airflow/example_dags/example_xcomargs.py
[2024-10-27T19:00:40.114+0000] {processor.py:840} INFO - DAG(s) 'example_xcom_args', 'example_xcom_args_with_operators' retrieved from /home/airflow/.local/lib/python3.8/site-packages/airflow/example_dags/example_xcomargs.py
[2024-10-27T19:00:40.134+0000] {logging_mixin.py:188} INFO - [2024-10-27T19:00:40.134+0000] {dag.py:3036} INFO - Sync 2 DAGs
[2024-10-27T19:00:40.144+0000] {logging_mixin.py:188} INFO - [2024-10-27T19:00:40.144+0000] {dag.py:3823} INFO - Setting next_dagrun for example_xcom_args to None, run_after=None
[2024-10-27T19:00:40.148+0000] {logging_mixin.py:188} INFO - [2024-10-27T19:00:40.148+0000] {dag.py:3823} INFO - Setting next_dagrun for example_xcom_args_with_operators to None, run_after=None
[2024-10-27T19:00:40.161+0000] {processor.py:183} INFO - Processing /home/airflow/.local/lib/python3.8/site-packages/airflow/example_dags/example_xcomargs.py took 0.057 seconds
[2024-10-27T19:01:10.400+0000] {processor.py:161} INFO - Started process (PID=576) to work on /home/airflow/.local/lib/python3.8/site-packages/airflow/example_dags/example_xcomargs.py
[2024-10-27T19:01:10.400+0000] {processor.py:830} INFO - Processing file /home/airflow/.local/lib/python3.8/site-packages/airflow/example_dags/example_xcomargs.py for tasks to queue
[2024-10-27T19:01:10.402+0000] {logging_mixin.py:188} INFO - [2024-10-27T19:01:10.402+0000] {dagbag.py:538} INFO - Filling up the DagBag from /home/airflow/.local/lib/python3.8/site-packages/airflow/example_dags/example_xcomargs.py
[2024-10-27T19:01:10.408+0000] {processor.py:840} INFO - DAG(s) 'example_xcom_args_with_operators', 'example_xcom_args' retrieved from /home/airflow/.local/lib/python3.8/site-packages/airflow/example_dags/example_xcomargs.py
[2024-10-27T19:01:10.427+0000] {logging_mixin.py:188} INFO - [2024-10-27T19:01:10.427+0000] {dag.py:3036} INFO - Sync 2 DAGs
[2024-10-27T19:01:10.438+0000] {logging_mixin.py:188} INFO - [2024-10-27T19:01:10.438+0000] {dag.py:3823} INFO - Setting next_dagrun for example_xcom_args to None, run_after=None
[2024-10-27T19:01:10.441+0000] {logging_mixin.py:188} INFO - [2024-10-27T19:01:10.441+0000] {dag.py:3823} INFO - Setting next_dagrun for example_xcom_args_with_operators to None, run_after=None
[2024-10-27T19:01:10.454+0000] {processor.py:183} INFO - Processing /home/airflow/.local/lib/python3.8/site-packages/airflow/example_dags/example_xcomargs.py took 0.057 seconds
[2024-10-27T19:01:40.704+0000] {processor.py:161} INFO - Started process (PID=632) to work on /home/airflow/.local/lib/python3.8/site-packages/airflow/example_dags/example_xcomargs.py
[2024-10-27T19:01:40.705+0000] {processor.py:830} INFO - Processing file /home/airflow/.local/lib/python3.8/site-packages/airflow/example_dags/example_xcomargs.py for tasks to queue
[2024-10-27T19:01:40.706+0000] {logging_mixin.py:188} INFO - [2024-10-27T19:01:40.706+0000] {dagbag.py:538} INFO - Filling up the DagBag from /home/airflow/.local/lib/python3.8/site-packages/airflow/example_dags/example_xcomargs.py
[2024-10-27T19:01:40.712+0000] {processor.py:840} INFO - DAG(s) 'example_xcom_args', 'example_xcom_args_with_operators' retrieved from /home/airflow/.local/lib/python3.8/site-packages/airflow/example_dags/example_xcomargs.py
[2024-10-27T19:01:40.730+0000] {logging_mixin.py:188} INFO - [2024-10-27T19:01:40.730+0000] {dag.py:3036} INFO - Sync 2 DAGs
[2024-10-27T19:01:40.740+0000] {logging_mixin.py:188} INFO - [2024-10-27T19:01:40.740+0000] {dag.py:3823} INFO - Setting next_dagrun for example_xcom_args to None, run_after=None
[2024-10-27T19:01:40.743+0000] {logging_mixin.py:188} INFO - [2024-10-27T19:01:40.743+0000] {dag.py:3823} INFO - Setting next_dagrun for example_xcom_args_with_operators to None, run_after=None
[2024-10-27T19:01:40.757+0000] {processor.py:183} INFO - Processing /home/airflow/.local/lib/python3.8/site-packages/airflow/example_dags/example_xcomargs.py took 0.055 seconds
[2024-10-27T19:02:11.013+0000] {processor.py:161} INFO - Started process (PID=688) to work on /home/airflow/.local/lib/python3.8/site-packages/airflow/example_dags/example_xcomargs.py
[2024-10-27T19:02:11.013+0000] {processor.py:830} INFO - Processing file /home/airflow/.local/lib/python3.8/site-packages/airflow/example_dags/example_xcomargs.py for tasks to queue
[2024-10-27T19:02:11.015+0000] {logging_mixin.py:188} INFO - [2024-10-27T19:02:11.015+0000] {dagbag.py:538} INFO - Filling up the DagBag from /home/airflow/.local/lib/python3.8/site-packages/airflow/example_dags/example_xcomargs.py
[2024-10-27T19:02:11.021+0000] {processor.py:840} INFO - DAG(s) 'example_xcom_args', 'example_xcom_args_with_operators' retrieved from /home/airflow/.local/lib/python3.8/site-packages/airflow/example_dags/example_xcomargs.py
[2024-10-27T19:02:11.039+0000] {logging_mixin.py:188} INFO - [2024-10-27T19:02:11.039+0000] {dag.py:3036} INFO - Sync 2 DAGs
[2024-10-27T19:02:11.049+0000] {logging_mixin.py:188} INFO - [2024-10-27T19:02:11.049+0000] {dag.py:3823} INFO - Setting next_dagrun for example_xcom_args to None, run_after=None
[2024-10-27T19:02:11.053+0000] {logging_mixin.py:188} INFO - [2024-10-27T19:02:11.053+0000] {dag.py:3823} INFO - Setting next_dagrun for example_xcom_args_with_operators to None, run_after=None
[2024-10-27T19:02:11.066+0000] {processor.py:183} INFO - Processing /home/airflow/.local/lib/python3.8/site-packages/airflow/example_dags/example_xcomargs.py took 0.056 seconds
[2024-10-27T19:02:41.307+0000] {processor.py:161} INFO - Started process (PID=744) to work on /home/airflow/.local/lib/python3.8/site-packages/airflow/example_dags/example_xcomargs.py
[2024-10-27T19:02:41.308+0000] {processor.py:830} INFO - Processing file /home/airflow/.local/lib/python3.8/site-packages/airflow/example_dags/example_xcomargs.py for tasks to queue
[2024-10-27T19:02:41.309+0000] {logging_mixin.py:188} INFO - [2024-10-27T19:02:41.309+0000] {dagbag.py:538} INFO - Filling up the DagBag from /home/airflow/.local/lib/python3.8/site-packages/airflow/example_dags/example_xcomargs.py
[2024-10-27T19:02:41.315+0000] {processor.py:840} INFO - DAG(s) 'example_xcom_args_with_operators', 'example_xcom_args' retrieved from /home/airflow/.local/lib/python3.8/site-packages/airflow/example_dags/example_xcomargs.py
[2024-10-27T19:02:41.333+0000] {logging_mixin.py:188} INFO - [2024-10-27T19:02:41.333+0000] {dag.py:3036} INFO - Sync 2 DAGs
[2024-10-27T19:02:41.344+0000] {logging_mixin.py:188} INFO - [2024-10-27T19:02:41.343+0000] {dag.py:3823} INFO - Setting next_dagrun for example_xcom_args to None, run_after=None
[2024-10-27T19:02:41.347+0000] {logging_mixin.py:188} INFO - [2024-10-27T19:02:41.347+0000] {dag.py:3823} INFO - Setting next_dagrun for example_xcom_args_with_operators to None, run_after=None
[2024-10-27T19:02:41.362+0000] {processor.py:183} INFO - Processing /home/airflow/.local/lib/python3.8/site-packages/airflow/example_dags/example_xcomargs.py took 0.057 seconds
[2024-10-27T19:03:11.476+0000] {processor.py:161} INFO - Started process (PID=800) to work on /home/airflow/.local/lib/python3.8/site-packages/airflow/example_dags/example_xcomargs.py
[2024-10-27T19:03:11.476+0000] {processor.py:830} INFO - Processing file /home/airflow/.local/lib/python3.8/site-packages/airflow/example_dags/example_xcomargs.py for tasks to queue
[2024-10-27T19:03:11.478+0000] {logging_mixin.py:188} INFO - [2024-10-27T19:03:11.477+0000] {dagbag.py:538} INFO - Filling up the DagBag from /home/airflow/.local/lib/python3.8/site-packages/airflow/example_dags/example_xcomargs.py
[2024-10-27T19:03:11.483+0000] {processor.py:840} INFO - DAG(s) 'example_xcom_args_with_operators', 'example_xcom_args' retrieved from /home/airflow/.local/lib/python3.8/site-packages/airflow/example_dags/example_xcomargs.py
[2024-10-27T19:03:11.502+0000] {logging_mixin.py:188} INFO - [2024-10-27T19:03:11.502+0000] {dag.py:3036} INFO - Sync 2 DAGs
[2024-10-27T19:03:11.512+0000] {logging_mixin.py:188} INFO - [2024-10-27T19:03:11.511+0000] {dag.py:3823} INFO - Setting next_dagrun for example_xcom_args to None, run_after=None
[2024-10-27T19:03:11.515+0000] {logging_mixin.py:188} INFO - [2024-10-27T19:03:11.514+0000] {dag.py:3823} INFO - Setting next_dagrun for example_xcom_args_with_operators to None, run_after=None
[2024-10-27T19:03:11.528+0000] {processor.py:183} INFO - Processing /home/airflow/.local/lib/python3.8/site-packages/airflow/example_dags/example_xcomargs.py took 0.055 seconds
[2024-10-27T19:03:41.792+0000] {processor.py:161} INFO - Started process (PID=856) to work on /home/airflow/.local/lib/python3.8/site-packages/airflow/example_dags/example_xcomargs.py
[2024-10-27T19:03:41.793+0000] {processor.py:830} INFO - Processing file /home/airflow/.local/lib/python3.8/site-packages/airflow/example_dags/example_xcomargs.py for tasks to queue
[2024-10-27T19:03:41.795+0000] {logging_mixin.py:188} INFO - [2024-10-27T19:03:41.795+0000] {dagbag.py:538} INFO - Filling up the DagBag from /home/airflow/.local/lib/python3.8/site-packages/airflow/example_dags/example_xcomargs.py
[2024-10-27T19:03:41.802+0000] {processor.py:840} INFO - DAG(s) 'example_xcom_args', 'example_xcom_args_with_operators' retrieved from /home/airflow/.local/lib/python3.8/site-packages/airflow/example_dags/example_xcomargs.py
[2024-10-27T19:03:41.826+0000] {logging_mixin.py:188} INFO - [2024-10-27T19:03:41.825+0000] {dag.py:3036} INFO - Sync 2 DAGs
[2024-10-27T19:03:41.837+0000] {logging_mixin.py:188} INFO - [2024-10-27T19:03:41.837+0000] {dag.py:3823} INFO - Setting next_dagrun for example_xcom_args to None, run_after=None
[2024-10-27T19:03:41.842+0000] {logging_mixin.py:188} INFO - [2024-10-27T19:03:41.842+0000] {dag.py:3823} INFO - Setting next_dagrun for example_xcom_args_with_operators to None, run_after=None
[2024-10-27T19:03:41.858+0000] {processor.py:183} INFO - Processing /home/airflow/.local/lib/python3.8/site-packages/airflow/example_dags/example_xcomargs.py took 0.068 seconds
[2024-10-27T19:04:12.076+0000] {processor.py:161} INFO - Started process (PID=912) to work on /home/airflow/.local/lib/python3.8/site-packages/airflow/example_dags/example_xcomargs.py
[2024-10-27T19:04:12.076+0000] {processor.py:830} INFO - Processing file /home/airflow/.local/lib/python3.8/site-packages/airflow/example_dags/example_xcomargs.py for tasks to queue
[2024-10-27T19:04:12.078+0000] {logging_mixin.py:188} INFO - [2024-10-27T19:04:12.078+0000] {dagbag.py:538} INFO - Filling up the DagBag from /home/airflow/.local/lib/python3.8/site-packages/airflow/example_dags/example_xcomargs.py
[2024-10-27T19:04:12.084+0000] {processor.py:840} INFO - DAG(s) 'example_xcom_args', 'example_xcom_args_with_operators' retrieved from /home/airflow/.local/lib/python3.8/site-packages/airflow/example_dags/example_xcomargs.py
[2024-10-27T19:04:12.105+0000] {logging_mixin.py:188} INFO - [2024-10-27T19:04:12.104+0000] {dag.py:3036} INFO - Sync 2 DAGs
[2024-10-27T19:04:12.115+0000] {logging_mixin.py:188} INFO - [2024-10-27T19:04:12.114+0000] {dag.py:3823} INFO - Setting next_dagrun for example_xcom_args to None, run_after=None
[2024-10-27T19:04:12.118+0000] {logging_mixin.py:188} INFO - [2024-10-27T19:04:12.117+0000] {dag.py:3823} INFO - Setting next_dagrun for example_xcom_args_with_operators to None, run_after=None
[2024-10-27T19:04:12.132+0000] {processor.py:183} INFO - Processing /home/airflow/.local/lib/python3.8/site-packages/airflow/example_dags/example_xcomargs.py took 0.058 seconds
[2024-10-27T19:04:42.604+0000] {processor.py:161} INFO - Started process (PID=968) to work on /home/airflow/.local/lib/python3.8/site-packages/airflow/example_dags/example_xcomargs.py
[2024-10-27T19:04:42.605+0000] {processor.py:830} INFO - Processing file /home/airflow/.local/lib/python3.8/site-packages/airflow/example_dags/example_xcomargs.py for tasks to queue
[2024-10-27T19:04:42.607+0000] {logging_mixin.py:188} INFO - [2024-10-27T19:04:42.606+0000] {dagbag.py:538} INFO - Filling up the DagBag from /home/airflow/.local/lib/python3.8/site-packages/airflow/example_dags/example_xcomargs.py
[2024-10-27T19:04:42.614+0000] {processor.py:840} INFO - DAG(s) 'example_xcom_args_with_operators', 'example_xcom_args' retrieved from /home/airflow/.local/lib/python3.8/site-packages/airflow/example_dags/example_xcomargs.py
[2024-10-27T19:04:42.635+0000] {logging_mixin.py:188} INFO - [2024-10-27T19:04:42.634+0000] {dag.py:3036} INFO - Sync 2 DAGs
[2024-10-27T19:04:42.647+0000] {logging_mixin.py:188} INFO - [2024-10-27T19:04:42.646+0000] {dag.py:3823} INFO - Setting next_dagrun for example_xcom_args to None, run_after=None
[2024-10-27T19:04:42.651+0000] {logging_mixin.py:188} INFO - [2024-10-27T19:04:42.651+0000] {dag.py:3823} INFO - Setting next_dagrun for example_xcom_args_with_operators to None, run_after=None
[2024-10-27T19:04:42.667+0000] {processor.py:183} INFO - Processing /home/airflow/.local/lib/python3.8/site-packages/airflow/example_dags/example_xcomargs.py took 0.065 seconds
[2024-10-27T19:05:13.297+0000] {processor.py:161} INFO - Started process (PID=1024) to work on /home/airflow/.local/lib/python3.8/site-packages/airflow/example_dags/example_xcomargs.py
[2024-10-27T19:05:13.298+0000] {processor.py:830} INFO - Processing file /home/airflow/.local/lib/python3.8/site-packages/airflow/example_dags/example_xcomargs.py for tasks to queue
[2024-10-27T19:05:13.299+0000] {logging_mixin.py:188} INFO - [2024-10-27T19:05:13.299+0000] {dagbag.py:538} INFO - Filling up the DagBag from /home/airflow/.local/lib/python3.8/site-packages/airflow/example_dags/example_xcomargs.py
[2024-10-27T19:05:13.306+0000] {processor.py:840} INFO - DAG(s) 'example_xcom_args_with_operators', 'example_xcom_args' retrieved from /home/airflow/.local/lib/python3.8/site-packages/airflow/example_dags/example_xcomargs.py
[2024-10-27T19:05:13.324+0000] {logging_mixin.py:188} INFO - [2024-10-27T19:05:13.324+0000] {dag.py:3036} INFO - Sync 2 DAGs
[2024-10-27T19:05:13.335+0000] {logging_mixin.py:188} INFO - [2024-10-27T19:05:13.334+0000] {dag.py:3823} INFO - Setting next_dagrun for example_xcom_args to None, run_after=None
[2024-10-27T19:05:13.338+0000] {logging_mixin.py:188} INFO - [2024-10-27T19:05:13.338+0000] {dag.py:3823} INFO - Setting next_dagrun for example_xcom_args_with_operators to None, run_after=None
[2024-10-27T19:05:13.352+0000] {processor.py:183} INFO - Processing /home/airflow/.local/lib/python3.8/site-packages/airflow/example_dags/example_xcomargs.py took 0.058 seconds
[2024-10-27T19:13:19.516+0000] {processor.py:161} INFO - Started process (PID=80) to work on /home/airflow/.local/lib/python3.11/site-packages/airflow/example_dags/example_xcomargs.py
[2024-10-27T19:13:19.519+0000] {processor.py:830} INFO - Processing file /home/airflow/.local/lib/python3.11/site-packages/airflow/example_dags/example_xcomargs.py for tasks to queue
[2024-10-27T19:13:19.521+0000] {logging_mixin.py:188} INFO - [2024-10-27T19:13:19.520+0000] {dagbag.py:538} INFO - Filling up the DagBag from /home/airflow/.local/lib/python3.11/site-packages/airflow/example_dags/example_xcomargs.py
[2024-10-27T19:13:19.530+0000] {processor.py:840} INFO - DAG(s) 'example_xcom_args', 'example_xcom_args_with_operators' retrieved from /home/airflow/.local/lib/python3.11/site-packages/airflow/example_dags/example_xcomargs.py
[2024-10-27T19:13:19.666+0000] {logging_mixin.py:188} INFO - [2024-10-27T19:13:19.665+0000] {dag.py:3036} INFO - Sync 2 DAGs
[2024-10-27T19:13:19.676+0000] {logging_mixin.py:188} INFO - [2024-10-27T19:13:19.675+0000] {dag.py:3823} INFO - Setting next_dagrun for example_xcom_args to None, run_after=None
[2024-10-27T19:13:19.679+0000] {logging_mixin.py:188} INFO - [2024-10-27T19:13:19.679+0000] {dag.py:3823} INFO - Setting next_dagrun for example_xcom_args_with_operators to None, run_after=None
[2024-10-27T19:13:19.779+0000] {processor.py:183} INFO - Processing /home/airflow/.local/lib/python3.11/site-packages/airflow/example_dags/example_xcomargs.py took 0.267 seconds
[2024-10-27T19:13:57.378+0000] {processor.py:161} INFO - Started process (PID=138) to work on /home/airflow/.local/lib/python3.11/site-packages/airflow/example_dags/example_xcomargs.py
[2024-10-27T19:13:57.379+0000] {processor.py:830} INFO - Processing file /home/airflow/.local/lib/python3.11/site-packages/airflow/example_dags/example_xcomargs.py for tasks to queue
[2024-10-27T19:13:57.380+0000] {logging_mixin.py:188} INFO - [2024-10-27T19:13:57.380+0000] {dagbag.py:538} INFO - Filling up the DagBag from /home/airflow/.local/lib/python3.11/site-packages/airflow/example_dags/example_xcomargs.py
[2024-10-27T19:13:57.387+0000] {processor.py:840} INFO - DAG(s) 'example_xcom_args', 'example_xcom_args_with_operators' retrieved from /home/airflow/.local/lib/python3.11/site-packages/airflow/example_dags/example_xcomargs.py
[2024-10-27T19:13:57.408+0000] {logging_mixin.py:188} INFO - [2024-10-27T19:13:57.407+0000] {dag.py:3036} INFO - Sync 2 DAGs
[2024-10-27T19:13:57.417+0000] {logging_mixin.py:188} INFO - [2024-10-27T19:13:57.417+0000] {dag.py:3823} INFO - Setting next_dagrun for example_xcom_args to None, run_after=None
[2024-10-27T19:13:57.419+0000] {logging_mixin.py:188} INFO - [2024-10-27T19:13:57.419+0000] {dag.py:3823} INFO - Setting next_dagrun for example_xcom_args_with_operators to None, run_after=None
[2024-10-27T19:13:58.067+0000] {processor.py:183} INFO - Processing /home/airflow/.local/lib/python3.11/site-packages/airflow/example_dags/example_xcomargs.py took 0.691 seconds
[2024-10-27T19:14:28.517+0000] {processor.py:161} INFO - Started process (PID=195) to work on /home/airflow/.local/lib/python3.11/site-packages/airflow/example_dags/example_xcomargs.py
[2024-10-27T19:14:28.518+0000] {processor.py:830} INFO - Processing file /home/airflow/.local/lib/python3.11/site-packages/airflow/example_dags/example_xcomargs.py for tasks to queue
[2024-10-27T19:14:28.520+0000] {logging_mixin.py:188} INFO - [2024-10-27T19:14:28.520+0000] {dagbag.py:538} INFO - Filling up the DagBag from /home/airflow/.local/lib/python3.11/site-packages/airflow/example_dags/example_xcomargs.py
[2024-10-27T19:14:28.529+0000] {processor.py:840} INFO - DAG(s) 'example_xcom_args', 'example_xcom_args_with_operators' retrieved from /home/airflow/.local/lib/python3.11/site-packages/airflow/example_dags/example_xcomargs.py
[2024-10-27T19:14:28.551+0000] {logging_mixin.py:188} INFO - [2024-10-27T19:14:28.551+0000] {dag.py:3036} INFO - Sync 2 DAGs
[2024-10-27T19:14:28.563+0000] {logging_mixin.py:188} INFO - [2024-10-27T19:14:28.562+0000] {dag.py:3823} INFO - Setting next_dagrun for example_xcom_args to None, run_after=None
[2024-10-27T19:14:28.567+0000] {logging_mixin.py:188} INFO - [2024-10-27T19:14:28.567+0000] {dag.py:3823} INFO - Setting next_dagrun for example_xcom_args_with_operators to None, run_after=None
[2024-10-27T19:14:28.584+0000] {processor.py:183} INFO - Processing /home/airflow/.local/lib/python3.11/site-packages/airflow/example_dags/example_xcomargs.py took 0.069 seconds
[2024-10-27T19:14:58.707+0000] {processor.py:161} INFO - Started process (PID=253) to work on /home/airflow/.local/lib/python3.11/site-packages/airflow/example_dags/example_xcomargs.py
[2024-10-27T19:14:58.708+0000] {processor.py:830} INFO - Processing file /home/airflow/.local/lib/python3.11/site-packages/airflow/example_dags/example_xcomargs.py for tasks to queue
[2024-10-27T19:14:58.710+0000] {logging_mixin.py:188} INFO - [2024-10-27T19:14:58.709+0000] {dagbag.py:538} INFO - Filling up the DagBag from /home/airflow/.local/lib/python3.11/site-packages/airflow/example_dags/example_xcomargs.py
[2024-10-27T19:14:58.720+0000] {processor.py:840} INFO - DAG(s) 'example_xcom_args', 'example_xcom_args_with_operators' retrieved from /home/airflow/.local/lib/python3.11/site-packages/airflow/example_dags/example_xcomargs.py
[2024-10-27T19:14:58.748+0000] {logging_mixin.py:188} INFO - [2024-10-27T19:14:58.748+0000] {dag.py:3036} INFO - Sync 2 DAGs
[2024-10-27T19:14:58.763+0000] {logging_mixin.py:188} INFO - [2024-10-27T19:14:58.763+0000] {dag.py:3823} INFO - Setting next_dagrun for example_xcom_args to None, run_after=None
[2024-10-27T19:14:58.767+0000] {logging_mixin.py:188} INFO - [2024-10-27T19:14:58.767+0000] {dag.py:3823} INFO - Setting next_dagrun for example_xcom_args_with_operators to None, run_after=None
[2024-10-27T19:14:58.790+0000] {processor.py:183} INFO - Processing /home/airflow/.local/lib/python3.11/site-packages/airflow/example_dags/example_xcomargs.py took 0.086 seconds
[2024-10-27T19:15:29.305+0000] {processor.py:161} INFO - Started process (PID=311) to work on /home/airflow/.local/lib/python3.11/site-packages/airflow/example_dags/example_xcomargs.py
[2024-10-27T19:15:29.305+0000] {processor.py:830} INFO - Processing file /home/airflow/.local/lib/python3.11/site-packages/airflow/example_dags/example_xcomargs.py for tasks to queue
[2024-10-27T19:15:29.307+0000] {logging_mixin.py:188} INFO - [2024-10-27T19:15:29.307+0000] {dagbag.py:538} INFO - Filling up the DagBag from /home/airflow/.local/lib/python3.11/site-packages/airflow/example_dags/example_xcomargs.py
[2024-10-27T19:15:29.313+0000] {processor.py:840} INFO - DAG(s) 'example_xcom_args_with_operators', 'example_xcom_args' retrieved from /home/airflow/.local/lib/python3.11/site-packages/airflow/example_dags/example_xcomargs.py
[2024-10-27T19:15:29.330+0000] {logging_mixin.py:188} INFO - [2024-10-27T19:15:29.330+0000] {dag.py:3036} INFO - Sync 2 DAGs
[2024-10-27T19:15:29.340+0000] {logging_mixin.py:188} INFO - [2024-10-27T19:15:29.340+0000] {dag.py:3823} INFO - Setting next_dagrun for example_xcom_args to None, run_after=None
[2024-10-27T19:15:29.343+0000] {logging_mixin.py:188} INFO - [2024-10-27T19:15:29.343+0000] {dag.py:3823} INFO - Setting next_dagrun for example_xcom_args_with_operators to None, run_after=None
[2024-10-27T19:15:29.356+0000] {processor.py:183} INFO - Processing /home/airflow/.local/lib/python3.11/site-packages/airflow/example_dags/example_xcomargs.py took 0.054 seconds
