[2024-10-27T18:56:01.314+0000] {processor.py:161} INFO - Started process (PID=194) to work on /home/airflow/.local/lib/python3.8/site-packages/airflow/example_dags/example_external_task_marker_dag.py
[2024-10-27T18:56:01.315+0000] {processor.py:830} INFO - Processing file /home/airflow/.local/lib/python3.8/site-packages/airflow/example_dags/example_external_task_marker_dag.py for tasks to queue
[2024-10-27T18:56:01.316+0000] {logging_mixin.py:188} INFO - [2024-10-27T18:56:01.316+0000] {dagbag.py:538} INFO - Filling up the DagBag from /home/airflow/.local/lib/python3.8/site-packages/airflow/example_dags/example_external_task_marker_dag.py
[2024-10-27T18:56:01.321+0000] {processor.py:840} INFO - DAG(s) 'example_external_task_marker_parent', 'example_external_task_marker_child' retrieved from /home/airflow/.local/lib/python3.8/site-packages/airflow/example_dags/example_external_task_marker_dag.py
[2024-10-27T18:56:01.411+0000] {logging_mixin.py:188} INFO - [2024-10-27T18:56:01.410+0000] {override.py:1769} INFO - Created Permission View: can delete on DAG:example_external_task_marker_parent
[2024-10-27T18:56:01.419+0000] {logging_mixin.py:188} INFO - [2024-10-27T18:56:01.419+0000] {override.py:1769} INFO - Created Permission View: can read on DAG:example_external_task_marker_parent
[2024-10-27T18:56:01.426+0000] {logging_mixin.py:188} INFO - [2024-10-27T18:56:01.426+0000] {override.py:1769} INFO - Created Permission View: can edit on DAG:example_external_task_marker_parent
[2024-10-27T18:56:01.440+0000] {logging_mixin.py:188} INFO - [2024-10-27T18:56:01.439+0000] {override.py:1769} INFO - Created Permission View: can delete on DAG:example_external_task_marker_child
[2024-10-27T18:56:01.446+0000] {logging_mixin.py:188} INFO - [2024-10-27T18:56:01.445+0000] {override.py:1769} INFO - Created Permission View: can read on DAG:example_external_task_marker_child
[2024-10-27T18:56:01.452+0000] {logging_mixin.py:188} INFO - [2024-10-27T18:56:01.451+0000] {override.py:1769} INFO - Created Permission View: can edit on DAG:example_external_task_marker_child
[2024-10-27T18:56:01.452+0000] {logging_mixin.py:188} INFO - [2024-10-27T18:56:01.452+0000] {dag.py:3036} INFO - Sync 2 DAGs
[2024-10-27T18:56:01.462+0000] {logging_mixin.py:188} INFO - [2024-10-27T18:56:01.462+0000] {dag.py:3058} INFO - Creating ORM DAG for example_external_task_marker_child
[2024-10-27T18:56:01.463+0000] {logging_mixin.py:188} INFO - [2024-10-27T18:56:01.463+0000] {dag.py:3058} INFO - Creating ORM DAG for example_external_task_marker_parent
[2024-10-27T18:56:01.464+0000] {logging_mixin.py:188} INFO - [2024-10-27T18:56:01.464+0000] {dag.py:3823} INFO - Setting next_dagrun for example_external_task_marker_child to None, run_after=None
[2024-10-27T18:56:01.464+0000] {logging_mixin.py:188} INFO - [2024-10-27T18:56:01.464+0000] {dag.py:3823} INFO - Setting next_dagrun for example_external_task_marker_parent to None, run_after=None
[2024-10-27T18:56:01.481+0000] {processor.py:183} INFO - Processing /home/airflow/.local/lib/python3.8/site-packages/airflow/example_dags/example_external_task_marker_dag.py took 0.169 seconds
[2024-10-27T18:56:36.730+0000] {processor.py:161} INFO - Started process (PID=60) to work on /home/airflow/.local/lib/python3.8/site-packages/airflow/example_dags/example_external_task_marker_dag.py
[2024-10-27T18:56:36.732+0000] {processor.py:830} INFO - Processing file /home/airflow/.local/lib/python3.8/site-packages/airflow/example_dags/example_external_task_marker_dag.py for tasks to queue
[2024-10-27T18:56:36.734+0000] {logging_mixin.py:188} INFO - [2024-10-27T18:56:36.733+0000] {dagbag.py:538} INFO - Filling up the DagBag from /home/airflow/.local/lib/python3.8/site-packages/airflow/example_dags/example_external_task_marker_dag.py
[2024-10-27T18:56:36.740+0000] {processor.py:840} INFO - DAG(s) 'example_external_task_marker_parent', 'example_external_task_marker_child' retrieved from /home/airflow/.local/lib/python3.8/site-packages/airflow/example_dags/example_external_task_marker_dag.py
[2024-10-27T18:56:36.769+0000] {logging_mixin.py:188} INFO - [2024-10-27T18:56:36.769+0000] {dag.py:3036} INFO - Sync 2 DAGs
[2024-10-27T18:56:36.784+0000] {logging_mixin.py:188} INFO - [2024-10-27T18:56:36.784+0000] {dag.py:3823} INFO - Setting next_dagrun for example_external_task_marker_child to None, run_after=None
[2024-10-27T18:56:36.788+0000] {logging_mixin.py:188} INFO - [2024-10-27T18:56:36.788+0000] {dag.py:3823} INFO - Setting next_dagrun for example_external_task_marker_parent to None, run_after=None
[2024-10-27T18:56:36.806+0000] {processor.py:183} INFO - Processing /home/airflow/.local/lib/python3.8/site-packages/airflow/example_dags/example_external_task_marker_dag.py took 0.079 seconds
[2024-10-27T18:57:07.274+0000] {processor.py:161} INFO - Started process (PID=116) to work on /home/airflow/.local/lib/python3.8/site-packages/airflow/example_dags/example_external_task_marker_dag.py
[2024-10-27T18:57:07.275+0000] {processor.py:830} INFO - Processing file /home/airflow/.local/lib/python3.8/site-packages/airflow/example_dags/example_external_task_marker_dag.py for tasks to queue
[2024-10-27T18:57:07.276+0000] {logging_mixin.py:188} INFO - [2024-10-27T18:57:07.276+0000] {dagbag.py:538} INFO - Filling up the DagBag from /home/airflow/.local/lib/python3.8/site-packages/airflow/example_dags/example_external_task_marker_dag.py
[2024-10-27T18:57:07.280+0000] {processor.py:840} INFO - DAG(s) 'example_external_task_marker_child', 'example_external_task_marker_parent' retrieved from /home/airflow/.local/lib/python3.8/site-packages/airflow/example_dags/example_external_task_marker_dag.py
[2024-10-27T18:57:07.299+0000] {logging_mixin.py:188} INFO - [2024-10-27T18:57:07.299+0000] {dag.py:3036} INFO - Sync 2 DAGs
[2024-10-27T18:57:07.310+0000] {logging_mixin.py:188} INFO - [2024-10-27T18:57:07.309+0000] {dag.py:3823} INFO - Setting next_dagrun for example_external_task_marker_child to None, run_after=None
[2024-10-27T18:57:07.313+0000] {logging_mixin.py:188} INFO - [2024-10-27T18:57:07.313+0000] {dag.py:3823} INFO - Setting next_dagrun for example_external_task_marker_parent to None, run_after=None
[2024-10-27T18:57:07.328+0000] {processor.py:183} INFO - Processing /home/airflow/.local/lib/python3.8/site-packages/airflow/example_dags/example_external_task_marker_dag.py took 0.056 seconds
[2024-10-27T18:57:37.717+0000] {processor.py:161} INFO - Started process (PID=178) to work on /home/airflow/.local/lib/python3.8/site-packages/airflow/example_dags/example_external_task_marker_dag.py
[2024-10-27T18:57:37.718+0000] {processor.py:830} INFO - Processing file /home/airflow/.local/lib/python3.8/site-packages/airflow/example_dags/example_external_task_marker_dag.py for tasks to queue
[2024-10-27T18:57:37.720+0000] {logging_mixin.py:188} INFO - [2024-10-27T18:57:37.719+0000] {dagbag.py:538} INFO - Filling up the DagBag from /home/airflow/.local/lib/python3.8/site-packages/airflow/example_dags/example_external_task_marker_dag.py
[2024-10-27T18:57:37.724+0000] {processor.py:840} INFO - DAG(s) 'example_external_task_marker_parent', 'example_external_task_marker_child' retrieved from /home/airflow/.local/lib/python3.8/site-packages/airflow/example_dags/example_external_task_marker_dag.py
[2024-10-27T18:57:37.743+0000] {logging_mixin.py:188} INFO - [2024-10-27T18:57:37.743+0000] {dag.py:3036} INFO - Sync 2 DAGs
[2024-10-27T18:57:37.754+0000] {logging_mixin.py:188} INFO - [2024-10-27T18:57:37.754+0000] {dag.py:3823} INFO - Setting next_dagrun for example_external_task_marker_child to None, run_after=None
[2024-10-27T18:57:37.758+0000] {logging_mixin.py:188} INFO - [2024-10-27T18:57:37.757+0000] {dag.py:3823} INFO - Setting next_dagrun for example_external_task_marker_parent to None, run_after=None
[2024-10-27T18:57:37.776+0000] {processor.py:183} INFO - Processing /home/airflow/.local/lib/python3.8/site-packages/airflow/example_dags/example_external_task_marker_dag.py took 0.061 seconds
[2024-10-27T18:58:08.185+0000] {processor.py:161} INFO - Started process (PID=234) to work on /home/airflow/.local/lib/python3.8/site-packages/airflow/example_dags/example_external_task_marker_dag.py
[2024-10-27T18:58:08.186+0000] {processor.py:830} INFO - Processing file /home/airflow/.local/lib/python3.8/site-packages/airflow/example_dags/example_external_task_marker_dag.py for tasks to queue
[2024-10-27T18:58:08.187+0000] {logging_mixin.py:188} INFO - [2024-10-27T18:58:08.187+0000] {dagbag.py:538} INFO - Filling up the DagBag from /home/airflow/.local/lib/python3.8/site-packages/airflow/example_dags/example_external_task_marker_dag.py
[2024-10-27T18:58:08.191+0000] {processor.py:840} INFO - DAG(s) 'example_external_task_marker_child', 'example_external_task_marker_parent' retrieved from /home/airflow/.local/lib/python3.8/site-packages/airflow/example_dags/example_external_task_marker_dag.py
[2024-10-27T18:58:08.209+0000] {logging_mixin.py:188} INFO - [2024-10-27T18:58:08.209+0000] {dag.py:3036} INFO - Sync 2 DAGs
[2024-10-27T18:58:08.219+0000] {logging_mixin.py:188} INFO - [2024-10-27T18:58:08.219+0000] {dag.py:3823} INFO - Setting next_dagrun for example_external_task_marker_child to None, run_after=None
[2024-10-27T18:58:08.222+0000] {logging_mixin.py:188} INFO - [2024-10-27T18:58:08.222+0000] {dag.py:3823} INFO - Setting next_dagrun for example_external_task_marker_parent to None, run_after=None
[2024-10-27T18:58:08.237+0000] {processor.py:183} INFO - Processing /home/airflow/.local/lib/python3.8/site-packages/airflow/example_dags/example_external_task_marker_dag.py took 0.055 seconds
[2024-10-27T18:58:38.813+0000] {processor.py:161} INFO - Started process (PID=290) to work on /home/airflow/.local/lib/python3.8/site-packages/airflow/example_dags/example_external_task_marker_dag.py
[2024-10-27T18:58:38.814+0000] {processor.py:830} INFO - Processing file /home/airflow/.local/lib/python3.8/site-packages/airflow/example_dags/example_external_task_marker_dag.py for tasks to queue
[2024-10-27T18:58:38.815+0000] {logging_mixin.py:188} INFO - [2024-10-27T18:58:38.815+0000] {dagbag.py:538} INFO - Filling up the DagBag from /home/airflow/.local/lib/python3.8/site-packages/airflow/example_dags/example_external_task_marker_dag.py
[2024-10-27T18:58:38.821+0000] {processor.py:840} INFO - DAG(s) 'example_external_task_marker_child', 'example_external_task_marker_parent' retrieved from /home/airflow/.local/lib/python3.8/site-packages/airflow/example_dags/example_external_task_marker_dag.py
[2024-10-27T18:58:38.841+0000] {logging_mixin.py:188} INFO - [2024-10-27T18:58:38.841+0000] {dag.py:3036} INFO - Sync 2 DAGs
[2024-10-27T18:58:38.853+0000] {logging_mixin.py:188} INFO - [2024-10-27T18:58:38.853+0000] {dag.py:3823} INFO - Setting next_dagrun for example_external_task_marker_child to None, run_after=None
[2024-10-27T18:58:38.857+0000] {logging_mixin.py:188} INFO - [2024-10-27T18:58:38.857+0000] {dag.py:3823} INFO - Setting next_dagrun for example_external_task_marker_parent to None, run_after=None
[2024-10-27T18:58:38.872+0000] {processor.py:183} INFO - Processing /home/airflow/.local/lib/python3.8/site-packages/airflow/example_dags/example_external_task_marker_dag.py took 0.061 seconds
[2024-10-27T18:59:09.102+0000] {processor.py:161} INFO - Started process (PID=347) to work on /home/airflow/.local/lib/python3.8/site-packages/airflow/example_dags/example_external_task_marker_dag.py
[2024-10-27T18:59:09.103+0000] {processor.py:830} INFO - Processing file /home/airflow/.local/lib/python3.8/site-packages/airflow/example_dags/example_external_task_marker_dag.py for tasks to queue
[2024-10-27T18:59:09.104+0000] {logging_mixin.py:188} INFO - [2024-10-27T18:59:09.104+0000] {dagbag.py:538} INFO - Filling up the DagBag from /home/airflow/.local/lib/python3.8/site-packages/airflow/example_dags/example_external_task_marker_dag.py
[2024-10-27T18:59:09.109+0000] {processor.py:840} INFO - DAG(s) 'example_external_task_marker_child', 'example_external_task_marker_parent' retrieved from /home/airflow/.local/lib/python3.8/site-packages/airflow/example_dags/example_external_task_marker_dag.py
[2024-10-27T18:59:09.128+0000] {logging_mixin.py:188} INFO - [2024-10-27T18:59:09.127+0000] {dag.py:3036} INFO - Sync 2 DAGs
[2024-10-27T18:59:09.137+0000] {logging_mixin.py:188} INFO - [2024-10-27T18:59:09.137+0000] {dag.py:3823} INFO - Setting next_dagrun for example_external_task_marker_child to None, run_after=None
[2024-10-27T18:59:09.140+0000] {logging_mixin.py:188} INFO - [2024-10-27T18:59:09.140+0000] {dag.py:3823} INFO - Setting next_dagrun for example_external_task_marker_parent to None, run_after=None
[2024-10-27T18:59:09.154+0000] {processor.py:183} INFO - Processing /home/airflow/.local/lib/python3.8/site-packages/airflow/example_dags/example_external_task_marker_dag.py took 0.054 seconds
[2024-10-27T18:59:39.380+0000] {processor.py:161} INFO - Started process (PID=403) to work on /home/airflow/.local/lib/python3.8/site-packages/airflow/example_dags/example_external_task_marker_dag.py
[2024-10-27T18:59:39.381+0000] {processor.py:830} INFO - Processing file /home/airflow/.local/lib/python3.8/site-packages/airflow/example_dags/example_external_task_marker_dag.py for tasks to queue
[2024-10-27T18:59:39.383+0000] {logging_mixin.py:188} INFO - [2024-10-27T18:59:39.382+0000] {dagbag.py:538} INFO - Filling up the DagBag from /home/airflow/.local/lib/python3.8/site-packages/airflow/example_dags/example_external_task_marker_dag.py
[2024-10-27T18:59:39.387+0000] {processor.py:840} INFO - DAG(s) 'example_external_task_marker_parent', 'example_external_task_marker_child' retrieved from /home/airflow/.local/lib/python3.8/site-packages/airflow/example_dags/example_external_task_marker_dag.py
[2024-10-27T18:59:39.405+0000] {logging_mixin.py:188} INFO - [2024-10-27T18:59:39.404+0000] {dag.py:3036} INFO - Sync 2 DAGs
[2024-10-27T18:59:39.414+0000] {logging_mixin.py:188} INFO - [2024-10-27T18:59:39.414+0000] {dag.py:3823} INFO - Setting next_dagrun for example_external_task_marker_child to None, run_after=None
[2024-10-27T18:59:39.418+0000] {logging_mixin.py:188} INFO - [2024-10-27T18:59:39.418+0000] {dag.py:3823} INFO - Setting next_dagrun for example_external_task_marker_parent to None, run_after=None
[2024-10-27T18:59:39.433+0000] {processor.py:183} INFO - Processing /home/airflow/.local/lib/python3.8/site-packages/airflow/example_dags/example_external_task_marker_dag.py took 0.054 seconds
[2024-10-27T19:00:09.631+0000] {processor.py:161} INFO - Started process (PID=459) to work on /home/airflow/.local/lib/python3.8/site-packages/airflow/example_dags/example_external_task_marker_dag.py
[2024-10-27T19:00:09.632+0000] {processor.py:830} INFO - Processing file /home/airflow/.local/lib/python3.8/site-packages/airflow/example_dags/example_external_task_marker_dag.py for tasks to queue
[2024-10-27T19:00:09.633+0000] {logging_mixin.py:188} INFO - [2024-10-27T19:00:09.633+0000] {dagbag.py:538} INFO - Filling up the DagBag from /home/airflow/.local/lib/python3.8/site-packages/airflow/example_dags/example_external_task_marker_dag.py
[2024-10-27T19:00:09.637+0000] {processor.py:840} INFO - DAG(s) 'example_external_task_marker_child', 'example_external_task_marker_parent' retrieved from /home/airflow/.local/lib/python3.8/site-packages/airflow/example_dags/example_external_task_marker_dag.py
[2024-10-27T19:00:09.656+0000] {logging_mixin.py:188} INFO - [2024-10-27T19:00:09.655+0000] {dag.py:3036} INFO - Sync 2 DAGs
[2024-10-27T19:00:09.667+0000] {logging_mixin.py:188} INFO - [2024-10-27T19:00:09.667+0000] {dag.py:3823} INFO - Setting next_dagrun for example_external_task_marker_child to None, run_after=None
[2024-10-27T19:00:09.672+0000] {logging_mixin.py:188} INFO - [2024-10-27T19:00:09.672+0000] {dag.py:3823} INFO - Setting next_dagrun for example_external_task_marker_parent to None, run_after=None
[2024-10-27T19:00:09.689+0000] {processor.py:183} INFO - Processing /home/airflow/.local/lib/python3.8/site-packages/airflow/example_dags/example_external_task_marker_dag.py took 0.060 seconds
[2024-10-27T19:00:39.881+0000] {processor.py:161} INFO - Started process (PID=515) to work on /home/airflow/.local/lib/python3.8/site-packages/airflow/example_dags/example_external_task_marker_dag.py
[2024-10-27T19:00:39.882+0000] {processor.py:830} INFO - Processing file /home/airflow/.local/lib/python3.8/site-packages/airflow/example_dags/example_external_task_marker_dag.py for tasks to queue
[2024-10-27T19:00:39.883+0000] {logging_mixin.py:188} INFO - [2024-10-27T19:00:39.883+0000] {dagbag.py:538} INFO - Filling up the DagBag from /home/airflow/.local/lib/python3.8/site-packages/airflow/example_dags/example_external_task_marker_dag.py
[2024-10-27T19:00:39.888+0000] {processor.py:840} INFO - DAG(s) 'example_external_task_marker_child', 'example_external_task_marker_parent' retrieved from /home/airflow/.local/lib/python3.8/site-packages/airflow/example_dags/example_external_task_marker_dag.py
[2024-10-27T19:00:39.907+0000] {logging_mixin.py:188} INFO - [2024-10-27T19:00:39.907+0000] {dag.py:3036} INFO - Sync 2 DAGs
[2024-10-27T19:00:39.919+0000] {logging_mixin.py:188} INFO - [2024-10-27T19:00:39.919+0000] {dag.py:3823} INFO - Setting next_dagrun for example_external_task_marker_child to None, run_after=None
[2024-10-27T19:00:39.923+0000] {logging_mixin.py:188} INFO - [2024-10-27T19:00:39.923+0000] {dag.py:3823} INFO - Setting next_dagrun for example_external_task_marker_parent to None, run_after=None
[2024-10-27T19:00:39.940+0000] {processor.py:183} INFO - Processing /home/airflow/.local/lib/python3.8/site-packages/airflow/example_dags/example_external_task_marker_dag.py took 0.061 seconds
[2024-10-27T19:01:10.185+0000] {processor.py:161} INFO - Started process (PID=571) to work on /home/airflow/.local/lib/python3.8/site-packages/airflow/example_dags/example_external_task_marker_dag.py
[2024-10-27T19:01:10.185+0000] {processor.py:830} INFO - Processing file /home/airflow/.local/lib/python3.8/site-packages/airflow/example_dags/example_external_task_marker_dag.py for tasks to queue
[2024-10-27T19:01:10.187+0000] {logging_mixin.py:188} INFO - [2024-10-27T19:01:10.186+0000] {dagbag.py:538} INFO - Filling up the DagBag from /home/airflow/.local/lib/python3.8/site-packages/airflow/example_dags/example_external_task_marker_dag.py
[2024-10-27T19:01:10.191+0000] {processor.py:840} INFO - DAG(s) 'example_external_task_marker_parent', 'example_external_task_marker_child' retrieved from /home/airflow/.local/lib/python3.8/site-packages/airflow/example_dags/example_external_task_marker_dag.py
[2024-10-27T19:01:10.208+0000] {logging_mixin.py:188} INFO - [2024-10-27T19:01:10.208+0000] {dag.py:3036} INFO - Sync 2 DAGs
[2024-10-27T19:01:10.218+0000] {logging_mixin.py:188} INFO - [2024-10-27T19:01:10.217+0000] {dag.py:3823} INFO - Setting next_dagrun for example_external_task_marker_child to None, run_after=None
[2024-10-27T19:01:10.221+0000] {logging_mixin.py:188} INFO - [2024-10-27T19:01:10.221+0000] {dag.py:3823} INFO - Setting next_dagrun for example_external_task_marker_parent to None, run_after=None
[2024-10-27T19:01:10.236+0000] {processor.py:183} INFO - Processing /home/airflow/.local/lib/python3.8/site-packages/airflow/example_dags/example_external_task_marker_dag.py took 0.054 seconds
[2024-10-27T19:01:40.387+0000] {processor.py:161} INFO - Started process (PID=627) to work on /home/airflow/.local/lib/python3.8/site-packages/airflow/example_dags/example_external_task_marker_dag.py
[2024-10-27T19:01:40.388+0000] {processor.py:830} INFO - Processing file /home/airflow/.local/lib/python3.8/site-packages/airflow/example_dags/example_external_task_marker_dag.py for tasks to queue
[2024-10-27T19:01:40.390+0000] {logging_mixin.py:188} INFO - [2024-10-27T19:01:40.389+0000] {dagbag.py:538} INFO - Filling up the DagBag from /home/airflow/.local/lib/python3.8/site-packages/airflow/example_dags/example_external_task_marker_dag.py
[2024-10-27T19:01:40.395+0000] {processor.py:840} INFO - DAG(s) 'example_external_task_marker_child', 'example_external_task_marker_parent' retrieved from /home/airflow/.local/lib/python3.8/site-packages/airflow/example_dags/example_external_task_marker_dag.py
[2024-10-27T19:01:40.416+0000] {logging_mixin.py:188} INFO - [2024-10-27T19:01:40.415+0000] {dag.py:3036} INFO - Sync 2 DAGs
[2024-10-27T19:01:40.425+0000] {logging_mixin.py:188} INFO - [2024-10-27T19:01:40.425+0000] {dag.py:3823} INFO - Setting next_dagrun for example_external_task_marker_child to None, run_after=None
[2024-10-27T19:01:40.429+0000] {logging_mixin.py:188} INFO - [2024-10-27T19:01:40.429+0000] {dag.py:3823} INFO - Setting next_dagrun for example_external_task_marker_parent to None, run_after=None
[2024-10-27T19:01:40.441+0000] {processor.py:183} INFO - Processing /home/airflow/.local/lib/python3.8/site-packages/airflow/example_dags/example_external_task_marker_dag.py took 0.056 seconds
[2024-10-27T19:02:10.800+0000] {processor.py:161} INFO - Started process (PID=683) to work on /home/airflow/.local/lib/python3.8/site-packages/airflow/example_dags/example_external_task_marker_dag.py
[2024-10-27T19:02:10.801+0000] {processor.py:830} INFO - Processing file /home/airflow/.local/lib/python3.8/site-packages/airflow/example_dags/example_external_task_marker_dag.py for tasks to queue
[2024-10-27T19:02:10.802+0000] {logging_mixin.py:188} INFO - [2024-10-27T19:02:10.802+0000] {dagbag.py:538} INFO - Filling up the DagBag from /home/airflow/.local/lib/python3.8/site-packages/airflow/example_dags/example_external_task_marker_dag.py
[2024-10-27T19:02:10.806+0000] {processor.py:840} INFO - DAG(s) 'example_external_task_marker_child', 'example_external_task_marker_parent' retrieved from /home/airflow/.local/lib/python3.8/site-packages/airflow/example_dags/example_external_task_marker_dag.py
[2024-10-27T19:02:10.823+0000] {logging_mixin.py:188} INFO - [2024-10-27T19:02:10.823+0000] {dag.py:3036} INFO - Sync 2 DAGs
[2024-10-27T19:02:10.834+0000] {logging_mixin.py:188} INFO - [2024-10-27T19:02:10.833+0000] {dag.py:3823} INFO - Setting next_dagrun for example_external_task_marker_child to None, run_after=None
[2024-10-27T19:02:10.837+0000] {logging_mixin.py:188} INFO - [2024-10-27T19:02:10.837+0000] {dag.py:3823} INFO - Setting next_dagrun for example_external_task_marker_parent to None, run_after=None
[2024-10-27T19:02:10.853+0000] {processor.py:183} INFO - Processing /home/airflow/.local/lib/python3.8/site-packages/airflow/example_dags/example_external_task_marker_dag.py took 0.055 seconds
[2024-10-27T19:02:41.106+0000] {processor.py:161} INFO - Started process (PID=739) to work on /home/airflow/.local/lib/python3.8/site-packages/airflow/example_dags/example_external_task_marker_dag.py
[2024-10-27T19:02:41.107+0000] {processor.py:830} INFO - Processing file /home/airflow/.local/lib/python3.8/site-packages/airflow/example_dags/example_external_task_marker_dag.py for tasks to queue
[2024-10-27T19:02:41.108+0000] {logging_mixin.py:188} INFO - [2024-10-27T19:02:41.108+0000] {dagbag.py:538} INFO - Filling up the DagBag from /home/airflow/.local/lib/python3.8/site-packages/airflow/example_dags/example_external_task_marker_dag.py
[2024-10-27T19:02:41.112+0000] {processor.py:840} INFO - DAG(s) 'example_external_task_marker_parent', 'example_external_task_marker_child' retrieved from /home/airflow/.local/lib/python3.8/site-packages/airflow/example_dags/example_external_task_marker_dag.py
[2024-10-27T19:02:41.130+0000] {logging_mixin.py:188} INFO - [2024-10-27T19:02:41.130+0000] {dag.py:3036} INFO - Sync 2 DAGs
[2024-10-27T19:02:41.139+0000] {logging_mixin.py:188} INFO - [2024-10-27T19:02:41.139+0000] {dag.py:3823} INFO - Setting next_dagrun for example_external_task_marker_child to None, run_after=None
[2024-10-27T19:02:41.143+0000] {logging_mixin.py:188} INFO - [2024-10-27T19:02:41.143+0000] {dag.py:3823} INFO - Setting next_dagrun for example_external_task_marker_parent to None, run_after=None
[2024-10-27T19:02:41.158+0000] {processor.py:183} INFO - Processing /home/airflow/.local/lib/python3.8/site-packages/airflow/example_dags/example_external_task_marker_dag.py took 0.054 seconds
[2024-10-27T19:03:11.257+0000] {processor.py:161} INFO - Started process (PID=795) to work on /home/airflow/.local/lib/python3.8/site-packages/airflow/example_dags/example_external_task_marker_dag.py
[2024-10-27T19:03:11.258+0000] {processor.py:830} INFO - Processing file /home/airflow/.local/lib/python3.8/site-packages/airflow/example_dags/example_external_task_marker_dag.py for tasks to queue
[2024-10-27T19:03:11.259+0000] {logging_mixin.py:188} INFO - [2024-10-27T19:03:11.259+0000] {dagbag.py:538} INFO - Filling up the DagBag from /home/airflow/.local/lib/python3.8/site-packages/airflow/example_dags/example_external_task_marker_dag.py
[2024-10-27T19:03:11.264+0000] {processor.py:840} INFO - DAG(s) 'example_external_task_marker_child', 'example_external_task_marker_parent' retrieved from /home/airflow/.local/lib/python3.8/site-packages/airflow/example_dags/example_external_task_marker_dag.py
[2024-10-27T19:03:11.285+0000] {logging_mixin.py:188} INFO - [2024-10-27T19:03:11.284+0000] {dag.py:3036} INFO - Sync 2 DAGs
[2024-10-27T19:03:11.295+0000] {logging_mixin.py:188} INFO - [2024-10-27T19:03:11.294+0000] {dag.py:3823} INFO - Setting next_dagrun for example_external_task_marker_child to None, run_after=None
[2024-10-27T19:03:11.298+0000] {logging_mixin.py:188} INFO - [2024-10-27T19:03:11.298+0000] {dag.py:3823} INFO - Setting next_dagrun for example_external_task_marker_parent to None, run_after=None
[2024-10-27T19:03:11.315+0000] {processor.py:183} INFO - Processing /home/airflow/.local/lib/python3.8/site-packages/airflow/example_dags/example_external_task_marker_dag.py took 0.060 seconds
[2024-10-27T19:03:41.586+0000] {processor.py:161} INFO - Started process (PID=851) to work on /home/airflow/.local/lib/python3.8/site-packages/airflow/example_dags/example_external_task_marker_dag.py
[2024-10-27T19:03:41.587+0000] {processor.py:830} INFO - Processing file /home/airflow/.local/lib/python3.8/site-packages/airflow/example_dags/example_external_task_marker_dag.py for tasks to queue
[2024-10-27T19:03:41.588+0000] {logging_mixin.py:188} INFO - [2024-10-27T19:03:41.588+0000] {dagbag.py:538} INFO - Filling up the DagBag from /home/airflow/.local/lib/python3.8/site-packages/airflow/example_dags/example_external_task_marker_dag.py
[2024-10-27T19:03:41.592+0000] {processor.py:840} INFO - DAG(s) 'example_external_task_marker_parent', 'example_external_task_marker_child' retrieved from /home/airflow/.local/lib/python3.8/site-packages/airflow/example_dags/example_external_task_marker_dag.py
[2024-10-27T19:03:41.610+0000] {logging_mixin.py:188} INFO - [2024-10-27T19:03:41.610+0000] {dag.py:3036} INFO - Sync 2 DAGs
[2024-10-27T19:03:41.620+0000] {logging_mixin.py:188} INFO - [2024-10-27T19:03:41.620+0000] {dag.py:3823} INFO - Setting next_dagrun for example_external_task_marker_child to None, run_after=None
[2024-10-27T19:03:41.625+0000] {logging_mixin.py:188} INFO - [2024-10-27T19:03:41.624+0000] {dag.py:3823} INFO - Setting next_dagrun for example_external_task_marker_parent to None, run_after=None
[2024-10-27T19:03:41.640+0000] {processor.py:183} INFO - Processing /home/airflow/.local/lib/python3.8/site-packages/airflow/example_dags/example_external_task_marker_dag.py took 0.056 seconds
[2024-10-27T19:04:11.816+0000] {processor.py:161} INFO - Started process (PID=907) to work on /home/airflow/.local/lib/python3.8/site-packages/airflow/example_dags/example_external_task_marker_dag.py
[2024-10-27T19:04:11.816+0000] {processor.py:830} INFO - Processing file /home/airflow/.local/lib/python3.8/site-packages/airflow/example_dags/example_external_task_marker_dag.py for tasks to queue
[2024-10-27T19:04:11.818+0000] {logging_mixin.py:188} INFO - [2024-10-27T19:04:11.818+0000] {dagbag.py:538} INFO - Filling up the DagBag from /home/airflow/.local/lib/python3.8/site-packages/airflow/example_dags/example_external_task_marker_dag.py
[2024-10-27T19:04:11.822+0000] {processor.py:840} INFO - DAG(s) 'example_external_task_marker_parent', 'example_external_task_marker_child' retrieved from /home/airflow/.local/lib/python3.8/site-packages/airflow/example_dags/example_external_task_marker_dag.py
[2024-10-27T19:04:11.841+0000] {logging_mixin.py:188} INFO - [2024-10-27T19:04:11.841+0000] {dag.py:3036} INFO - Sync 2 DAGs
[2024-10-27T19:04:11.851+0000] {logging_mixin.py:188} INFO - [2024-10-27T19:04:11.851+0000] {dag.py:3823} INFO - Setting next_dagrun for example_external_task_marker_child to None, run_after=None
[2024-10-27T19:04:11.854+0000] {logging_mixin.py:188} INFO - [2024-10-27T19:04:11.854+0000] {dag.py:3823} INFO - Setting next_dagrun for example_external_task_marker_parent to None, run_after=None
[2024-10-27T19:04:11.869+0000] {processor.py:183} INFO - Processing /home/airflow/.local/lib/python3.8/site-packages/airflow/example_dags/example_external_task_marker_dag.py took 0.056 seconds
[2024-10-27T19:04:42.272+0000] {processor.py:161} INFO - Started process (PID=963) to work on /home/airflow/.local/lib/python3.8/site-packages/airflow/example_dags/example_external_task_marker_dag.py
[2024-10-27T19:04:42.273+0000] {processor.py:830} INFO - Processing file /home/airflow/.local/lib/python3.8/site-packages/airflow/example_dags/example_external_task_marker_dag.py for tasks to queue
[2024-10-27T19:04:42.274+0000] {logging_mixin.py:188} INFO - [2024-10-27T19:04:42.274+0000] {dagbag.py:538} INFO - Filling up the DagBag from /home/airflow/.local/lib/python3.8/site-packages/airflow/example_dags/example_external_task_marker_dag.py
[2024-10-27T19:04:42.279+0000] {processor.py:840} INFO - DAG(s) 'example_external_task_marker_parent', 'example_external_task_marker_child' retrieved from /home/airflow/.local/lib/python3.8/site-packages/airflow/example_dags/example_external_task_marker_dag.py
[2024-10-27T19:04:42.296+0000] {logging_mixin.py:188} INFO - [2024-10-27T19:04:42.296+0000] {dag.py:3036} INFO - Sync 2 DAGs
[2024-10-27T19:04:42.305+0000] {logging_mixin.py:188} INFO - [2024-10-27T19:04:42.305+0000] {dag.py:3823} INFO - Setting next_dagrun for example_external_task_marker_child to None, run_after=None
[2024-10-27T19:04:42.308+0000] {logging_mixin.py:188} INFO - [2024-10-27T19:04:42.308+0000] {dag.py:3823} INFO - Setting next_dagrun for example_external_task_marker_parent to None, run_after=None
[2024-10-27T19:04:42.321+0000] {processor.py:183} INFO - Processing /home/airflow/.local/lib/python3.8/site-packages/airflow/example_dags/example_external_task_marker_dag.py took 0.051 seconds
[2024-10-27T19:05:13.037+0000] {processor.py:161} INFO - Started process (PID=1019) to work on /home/airflow/.local/lib/python3.8/site-packages/airflow/example_dags/example_external_task_marker_dag.py
[2024-10-27T19:05:13.038+0000] {processor.py:830} INFO - Processing file /home/airflow/.local/lib/python3.8/site-packages/airflow/example_dags/example_external_task_marker_dag.py for tasks to queue
[2024-10-27T19:05:13.040+0000] {logging_mixin.py:188} INFO - [2024-10-27T19:05:13.039+0000] {dagbag.py:538} INFO - Filling up the DagBag from /home/airflow/.local/lib/python3.8/site-packages/airflow/example_dags/example_external_task_marker_dag.py
[2024-10-27T19:05:13.045+0000] {processor.py:840} INFO - DAG(s) 'example_external_task_marker_child', 'example_external_task_marker_parent' retrieved from /home/airflow/.local/lib/python3.8/site-packages/airflow/example_dags/example_external_task_marker_dag.py
[2024-10-27T19:05:13.067+0000] {logging_mixin.py:188} INFO - [2024-10-27T19:05:13.067+0000] {dag.py:3036} INFO - Sync 2 DAGs
[2024-10-27T19:05:13.078+0000] {logging_mixin.py:188} INFO - [2024-10-27T19:05:13.078+0000] {dag.py:3823} INFO - Setting next_dagrun for example_external_task_marker_child to None, run_after=None
[2024-10-27T19:05:13.081+0000] {logging_mixin.py:188} INFO - [2024-10-27T19:05:13.081+0000] {dag.py:3823} INFO - Setting next_dagrun for example_external_task_marker_parent to None, run_after=None
[2024-10-27T19:05:13.097+0000] {processor.py:183} INFO - Processing /home/airflow/.local/lib/python3.8/site-packages/airflow/example_dags/example_external_task_marker_dag.py took 0.064 seconds
[2024-10-27T19:13:18.698+0000] {processor.py:161} INFO - Started process (PID=75) to work on /home/airflow/.local/lib/python3.11/site-packages/airflow/example_dags/example_external_task_marker_dag.py
[2024-10-27T19:13:18.758+0000] {processor.py:830} INFO - Processing file /home/airflow/.local/lib/python3.11/site-packages/airflow/example_dags/example_external_task_marker_dag.py for tasks to queue
[2024-10-27T19:13:18.760+0000] {logging_mixin.py:188} INFO - [2024-10-27T19:13:18.760+0000] {dagbag.py:538} INFO - Filling up the DagBag from /home/airflow/.local/lib/python3.11/site-packages/airflow/example_dags/example_external_task_marker_dag.py
[2024-10-27T19:13:18.767+0000] {processor.py:840} INFO - DAG(s) 'example_external_task_marker_parent', 'example_external_task_marker_child' retrieved from /home/airflow/.local/lib/python3.11/site-packages/airflow/example_dags/example_external_task_marker_dag.py
[2024-10-27T19:13:18.861+0000] {logging_mixin.py:188} INFO - [2024-10-27T19:13:18.861+0000] {dag.py:3036} INFO - Sync 2 DAGs
[2024-10-27T19:13:18.872+0000] {logging_mixin.py:188} INFO - [2024-10-27T19:13:18.872+0000] {dag.py:3823} INFO - Setting next_dagrun for example_external_task_marker_child to None, run_after=None
[2024-10-27T19:13:18.876+0000] {logging_mixin.py:188} INFO - [2024-10-27T19:13:18.876+0000] {dag.py:3823} INFO - Setting next_dagrun for example_external_task_marker_parent to None, run_after=None
[2024-10-27T19:13:19.103+0000] {processor.py:183} INFO - Processing /home/airflow/.local/lib/python3.11/site-packages/airflow/example_dags/example_external_task_marker_dag.py took 0.407 seconds
[2024-10-27T19:13:55.723+0000] {processor.py:161} INFO - Started process (PID=133) to work on /home/airflow/.local/lib/python3.11/site-packages/airflow/example_dags/example_external_task_marker_dag.py
[2024-10-27T19:13:55.725+0000] {processor.py:830} INFO - Processing file /home/airflow/.local/lib/python3.11/site-packages/airflow/example_dags/example_external_task_marker_dag.py for tasks to queue
[2024-10-27T19:13:55.728+0000] {logging_mixin.py:188} INFO - [2024-10-27T19:13:55.727+0000] {dagbag.py:538} INFO - Filling up the DagBag from /home/airflow/.local/lib/python3.11/site-packages/airflow/example_dags/example_external_task_marker_dag.py
[2024-10-27T19:13:55.735+0000] {processor.py:840} INFO - DAG(s) 'example_external_task_marker_parent', 'example_external_task_marker_child' retrieved from /home/airflow/.local/lib/python3.11/site-packages/airflow/example_dags/example_external_task_marker_dag.py
[2024-10-27T19:13:55.764+0000] {logging_mixin.py:188} INFO - [2024-10-27T19:13:55.763+0000] {dag.py:3036} INFO - Sync 2 DAGs
[2024-10-27T19:13:55.781+0000] {logging_mixin.py:188} INFO - [2024-10-27T19:13:55.781+0000] {dag.py:3823} INFO - Setting next_dagrun for example_external_task_marker_child to None, run_after=None
[2024-10-27T19:13:55.787+0000] {logging_mixin.py:188} INFO - [2024-10-27T19:13:55.787+0000] {dag.py:3823} INFO - Setting next_dagrun for example_external_task_marker_parent to None, run_after=None
[2024-10-27T19:13:55.824+0000] {processor.py:183} INFO - Processing /home/airflow/.local/lib/python3.11/site-packages/airflow/example_dags/example_external_task_marker_dag.py took 0.108 seconds
[2024-10-27T19:14:26.160+0000] {processor.py:161} INFO - Started process (PID=191) to work on /home/airflow/.local/lib/python3.11/site-packages/airflow/example_dags/example_external_task_marker_dag.py
[2024-10-27T19:14:26.161+0000] {processor.py:830} INFO - Processing file /home/airflow/.local/lib/python3.11/site-packages/airflow/example_dags/example_external_task_marker_dag.py for tasks to queue
[2024-10-27T19:14:26.167+0000] {logging_mixin.py:188} INFO - [2024-10-27T19:14:26.166+0000] {dagbag.py:538} INFO - Filling up the DagBag from /home/airflow/.local/lib/python3.11/site-packages/airflow/example_dags/example_external_task_marker_dag.py
[2024-10-27T19:14:26.180+0000] {processor.py:840} INFO - DAG(s) 'example_external_task_marker_child', 'example_external_task_marker_parent' retrieved from /home/airflow/.local/lib/python3.11/site-packages/airflow/example_dags/example_external_task_marker_dag.py
[2024-10-27T19:14:26.217+0000] {logging_mixin.py:188} INFO - [2024-10-27T19:14:26.216+0000] {dag.py:3036} INFO - Sync 2 DAGs
[2024-10-27T19:14:26.239+0000] {logging_mixin.py:188} INFO - [2024-10-27T19:14:26.238+0000] {dag.py:3823} INFO - Setting next_dagrun for example_external_task_marker_child to None, run_after=None
[2024-10-27T19:14:26.246+0000] {logging_mixin.py:188} INFO - [2024-10-27T19:14:26.246+0000] {dag.py:3823} INFO - Setting next_dagrun for example_external_task_marker_parent to None, run_after=None
[2024-10-27T19:14:26.272+0000] {processor.py:183} INFO - Processing /home/airflow/.local/lib/python3.11/site-packages/airflow/example_dags/example_external_task_marker_dag.py took 0.117 seconds
[2024-10-27T19:14:58.344+0000] {processor.py:161} INFO - Started process (PID=249) to work on /home/airflow/.local/lib/python3.11/site-packages/airflow/example_dags/example_external_task_marker_dag.py
[2024-10-27T19:14:58.346+0000] {processor.py:830} INFO - Processing file /home/airflow/.local/lib/python3.11/site-packages/airflow/example_dags/example_external_task_marker_dag.py for tasks to queue
[2024-10-27T19:14:58.348+0000] {logging_mixin.py:188} INFO - [2024-10-27T19:14:58.347+0000] {dagbag.py:538} INFO - Filling up the DagBag from /home/airflow/.local/lib/python3.11/site-packages/airflow/example_dags/example_external_task_marker_dag.py
[2024-10-27T19:14:58.356+0000] {processor.py:840} INFO - DAG(s) 'example_external_task_marker_parent', 'example_external_task_marker_child' retrieved from /home/airflow/.local/lib/python3.11/site-packages/airflow/example_dags/example_external_task_marker_dag.py
[2024-10-27T19:14:58.383+0000] {logging_mixin.py:188} INFO - [2024-10-27T19:14:58.382+0000] {dag.py:3036} INFO - Sync 2 DAGs
[2024-10-27T19:14:58.397+0000] {logging_mixin.py:188} INFO - [2024-10-27T19:14:58.396+0000] {dag.py:3823} INFO - Setting next_dagrun for example_external_task_marker_child to None, run_after=None
[2024-10-27T19:14:58.403+0000] {logging_mixin.py:188} INFO - [2024-10-27T19:14:58.402+0000] {dag.py:3823} INFO - Setting next_dagrun for example_external_task_marker_parent to None, run_after=None
[2024-10-27T19:14:58.424+0000] {processor.py:183} INFO - Processing /home/airflow/.local/lib/python3.11/site-packages/airflow/example_dags/example_external_task_marker_dag.py took 0.083 seconds
[2024-10-27T19:15:29.151+0000] {processor.py:161} INFO - Started process (PID=307) to work on /home/airflow/.local/lib/python3.11/site-packages/airflow/example_dags/example_external_task_marker_dag.py
[2024-10-27T19:15:29.152+0000] {processor.py:830} INFO - Processing file /home/airflow/.local/lib/python3.11/site-packages/airflow/example_dags/example_external_task_marker_dag.py for tasks to queue
[2024-10-27T19:15:29.153+0000] {logging_mixin.py:188} INFO - [2024-10-27T19:15:29.153+0000] {dagbag.py:538} INFO - Filling up the DagBag from /home/airflow/.local/lib/python3.11/site-packages/airflow/example_dags/example_external_task_marker_dag.py
[2024-10-27T19:15:29.158+0000] {processor.py:840} INFO - DAG(s) 'example_external_task_marker_child', 'example_external_task_marker_parent' retrieved from /home/airflow/.local/lib/python3.11/site-packages/airflow/example_dags/example_external_task_marker_dag.py
[2024-10-27T19:15:29.176+0000] {logging_mixin.py:188} INFO - [2024-10-27T19:15:29.176+0000] {dag.py:3036} INFO - Sync 2 DAGs
[2024-10-27T19:15:29.186+0000] {logging_mixin.py:188} INFO - [2024-10-27T19:15:29.186+0000] {dag.py:3823} INFO - Setting next_dagrun for example_external_task_marker_child to None, run_after=None
[2024-10-27T19:15:29.189+0000] {logging_mixin.py:188} INFO - [2024-10-27T19:15:29.189+0000] {dag.py:3823} INFO - Setting next_dagrun for example_external_task_marker_parent to None, run_after=None
[2024-10-27T19:15:29.204+0000] {processor.py:183} INFO - Processing /home/airflow/.local/lib/python3.11/site-packages/airflow/example_dags/example_external_task_marker_dag.py took 0.055 seconds
