[2024-10-27T18:56:02.853+0000] {processor.py:161} INFO - Started process (PID=212) to work on /home/airflow/.local/lib/python3.8/site-packages/airflow/example_dags/example_branch_day_of_week_operator.py
[2024-10-27T18:56:02.854+0000] {processor.py:830} INFO - Processing file /home/airflow/.local/lib/python3.8/site-packages/airflow/example_dags/example_branch_day_of_week_operator.py for tasks to queue
[2024-10-27T18:56:02.855+0000] {logging_mixin.py:188} INFO - [2024-10-27T18:56:02.855+0000] {dagbag.py:538} INFO - Filling up the DagBag from /home/airflow/.local/lib/python3.8/site-packages/airflow/example_dags/example_branch_day_of_week_operator.py
[2024-10-27T18:56:02.862+0000] {processor.py:840} INFO - DAG(s) 'example_weekday_branch_operator' retrieved from /home/airflow/.local/lib/python3.8/site-packages/airflow/example_dags/example_branch_day_of_week_operator.py
[2024-10-27T18:56:02.943+0000] {logging_mixin.py:188} INFO - [2024-10-27T18:56:02.942+0000] {override.py:1769} INFO - Created Permission View: can delete on DAG:example_weekday_branch_operator
[2024-10-27T18:56:02.953+0000] {logging_mixin.py:188} INFO - [2024-10-27T18:56:02.952+0000] {override.py:1769} INFO - Created Permission View: can read on DAG:example_weekday_branch_operator
[2024-10-27T18:56:02.959+0000] {logging_mixin.py:188} INFO - [2024-10-27T18:56:02.959+0000] {override.py:1769} INFO - Created Permission View: can edit on DAG:example_weekday_branch_operator
[2024-10-27T18:56:02.960+0000] {logging_mixin.py:188} INFO - [2024-10-27T18:56:02.960+0000] {dag.py:3036} INFO - Sync 1 DAGs
[2024-10-27T18:56:02.969+0000] {logging_mixin.py:188} INFO - [2024-10-27T18:56:02.969+0000] {dag.py:3058} INFO - Creating ORM DAG for example_weekday_branch_operator
[2024-10-27T18:56:02.983+0000] {logging_mixin.py:188} INFO - [2024-10-27T18:56:02.983+0000] {dag.py:3823} INFO - Setting next_dagrun for example_weekday_branch_operator to 2024-10-26 00:00:00+00:00, run_after=2024-10-27 00:00:00+00:00
[2024-10-27T18:56:02.999+0000] {processor.py:183} INFO - Processing /home/airflow/.local/lib/python3.8/site-packages/airflow/example_dags/example_branch_day_of_week_operator.py took 0.148 seconds
[2024-10-27T18:56:37.673+0000] {processor.py:161} INFO - Started process (PID=84) to work on /home/airflow/.local/lib/python3.8/site-packages/airflow/example_dags/example_branch_day_of_week_operator.py
[2024-10-27T18:56:37.674+0000] {processor.py:830} INFO - Processing file /home/airflow/.local/lib/python3.8/site-packages/airflow/example_dags/example_branch_day_of_week_operator.py for tasks to queue
[2024-10-27T18:56:37.675+0000] {logging_mixin.py:188} INFO - [2024-10-27T18:56:37.675+0000] {dagbag.py:538} INFO - Filling up the DagBag from /home/airflow/.local/lib/python3.8/site-packages/airflow/example_dags/example_branch_day_of_week_operator.py
[2024-10-27T18:56:37.681+0000] {processor.py:840} INFO - DAG(s) 'example_weekday_branch_operator' retrieved from /home/airflow/.local/lib/python3.8/site-packages/airflow/example_dags/example_branch_day_of_week_operator.py
[2024-10-27T18:56:37.697+0000] {logging_mixin.py:188} INFO - [2024-10-27T18:56:37.697+0000] {dag.py:3036} INFO - Sync 1 DAGs
[2024-10-27T18:56:37.716+0000] {logging_mixin.py:188} INFO - [2024-10-27T18:56:37.716+0000] {dag.py:3823} INFO - Setting next_dagrun for example_weekday_branch_operator to 2024-10-26 00:00:00+00:00, run_after=2024-10-27 00:00:00+00:00
[2024-10-27T18:56:37.733+0000] {processor.py:183} INFO - Processing /home/airflow/.local/lib/python3.8/site-packages/airflow/example_dags/example_branch_day_of_week_operator.py took 0.062 seconds
[2024-10-27T18:57:08.128+0000] {processor.py:161} INFO - Started process (PID=140) to work on /home/airflow/.local/lib/python3.8/site-packages/airflow/example_dags/example_branch_day_of_week_operator.py
[2024-10-27T18:57:08.129+0000] {processor.py:830} INFO - Processing file /home/airflow/.local/lib/python3.8/site-packages/airflow/example_dags/example_branch_day_of_week_operator.py for tasks to queue
[2024-10-27T18:57:08.131+0000] {logging_mixin.py:188} INFO - [2024-10-27T18:57:08.130+0000] {dagbag.py:538} INFO - Filling up the DagBag from /home/airflow/.local/lib/python3.8/site-packages/airflow/example_dags/example_branch_day_of_week_operator.py
[2024-10-27T18:57:08.137+0000] {processor.py:840} INFO - DAG(s) 'example_weekday_branch_operator' retrieved from /home/airflow/.local/lib/python3.8/site-packages/airflow/example_dags/example_branch_day_of_week_operator.py
[2024-10-27T18:57:08.156+0000] {logging_mixin.py:188} INFO - [2024-10-27T18:57:08.155+0000] {dag.py:3036} INFO - Sync 1 DAGs
[2024-10-27T18:57:08.178+0000] {logging_mixin.py:188} INFO - [2024-10-27T18:57:08.178+0000] {dag.py:3823} INFO - Setting next_dagrun for example_weekday_branch_operator to 2024-10-26 00:00:00+00:00, run_after=2024-10-27 00:00:00+00:00
[2024-10-27T18:57:08.196+0000] {processor.py:183} INFO - Processing /home/airflow/.local/lib/python3.8/site-packages/airflow/example_dags/example_branch_day_of_week_operator.py took 0.070 seconds
[2024-10-27T18:57:38.491+0000] {processor.py:161} INFO - Started process (PID=196) to work on /home/airflow/.local/lib/python3.8/site-packages/airflow/example_dags/example_branch_day_of_week_operator.py
[2024-10-27T18:57:38.492+0000] {processor.py:830} INFO - Processing file /home/airflow/.local/lib/python3.8/site-packages/airflow/example_dags/example_branch_day_of_week_operator.py for tasks to queue
[2024-10-27T18:57:38.493+0000] {logging_mixin.py:188} INFO - [2024-10-27T18:57:38.493+0000] {dagbag.py:538} INFO - Filling up the DagBag from /home/airflow/.local/lib/python3.8/site-packages/airflow/example_dags/example_branch_day_of_week_operator.py
[2024-10-27T18:57:38.499+0000] {processor.py:840} INFO - DAG(s) 'example_weekday_branch_operator' retrieved from /home/airflow/.local/lib/python3.8/site-packages/airflow/example_dags/example_branch_day_of_week_operator.py
[2024-10-27T18:57:38.515+0000] {logging_mixin.py:188} INFO - [2024-10-27T18:57:38.515+0000] {dag.py:3036} INFO - Sync 1 DAGs
[2024-10-27T18:57:38.542+0000] {logging_mixin.py:188} INFO - [2024-10-27T18:57:38.542+0000] {dag.py:3823} INFO - Setting next_dagrun for example_weekday_branch_operator to 2024-10-26 00:00:00+00:00, run_after=2024-10-27 00:00:00+00:00
[2024-10-27T18:57:38.560+0000] {processor.py:183} INFO - Processing /home/airflow/.local/lib/python3.8/site-packages/airflow/example_dags/example_branch_day_of_week_operator.py took 0.071 seconds
[2024-10-27T18:58:09.101+0000] {processor.py:161} INFO - Started process (PID=252) to work on /home/airflow/.local/lib/python3.8/site-packages/airflow/example_dags/example_branch_day_of_week_operator.py
[2024-10-27T18:58:09.102+0000] {processor.py:830} INFO - Processing file /home/airflow/.local/lib/python3.8/site-packages/airflow/example_dags/example_branch_day_of_week_operator.py for tasks to queue
[2024-10-27T18:58:09.103+0000] {logging_mixin.py:188} INFO - [2024-10-27T18:58:09.103+0000] {dagbag.py:538} INFO - Filling up the DagBag from /home/airflow/.local/lib/python3.8/site-packages/airflow/example_dags/example_branch_day_of_week_operator.py
[2024-10-27T18:58:09.109+0000] {processor.py:840} INFO - DAG(s) 'example_weekday_branch_operator' retrieved from /home/airflow/.local/lib/python3.8/site-packages/airflow/example_dags/example_branch_day_of_week_operator.py
[2024-10-27T18:58:09.127+0000] {logging_mixin.py:188} INFO - [2024-10-27T18:58:09.126+0000] {dag.py:3036} INFO - Sync 1 DAGs
[2024-10-27T18:58:09.147+0000] {logging_mixin.py:188} INFO - [2024-10-27T18:58:09.147+0000] {dag.py:3823} INFO - Setting next_dagrun for example_weekday_branch_operator to 2024-10-26 00:00:00+00:00, run_after=2024-10-27 00:00:00+00:00
[2024-10-27T18:58:09.197+0000] {processor.py:183} INFO - Processing /home/airflow/.local/lib/python3.8/site-packages/airflow/example_dags/example_branch_day_of_week_operator.py took 0.099 seconds
[2024-10-27T18:58:39.692+0000] {processor.py:161} INFO - Started process (PID=308) to work on /home/airflow/.local/lib/python3.8/site-packages/airflow/example_dags/example_branch_day_of_week_operator.py
[2024-10-27T18:58:39.693+0000] {processor.py:830} INFO - Processing file /home/airflow/.local/lib/python3.8/site-packages/airflow/example_dags/example_branch_day_of_week_operator.py for tasks to queue
[2024-10-27T18:58:39.696+0000] {logging_mixin.py:188} INFO - [2024-10-27T18:58:39.695+0000] {dagbag.py:538} INFO - Filling up the DagBag from /home/airflow/.local/lib/python3.8/site-packages/airflow/example_dags/example_branch_day_of_week_operator.py
[2024-10-27T18:58:39.705+0000] {processor.py:840} INFO - DAG(s) 'example_weekday_branch_operator' retrieved from /home/airflow/.local/lib/python3.8/site-packages/airflow/example_dags/example_branch_day_of_week_operator.py
[2024-10-27T18:58:39.725+0000] {logging_mixin.py:188} INFO - [2024-10-27T18:58:39.724+0000] {dag.py:3036} INFO - Sync 1 DAGs
[2024-10-27T18:58:39.752+0000] {logging_mixin.py:188} INFO - [2024-10-27T18:58:39.752+0000] {dag.py:3823} INFO - Setting next_dagrun for example_weekday_branch_operator to 2024-10-26 00:00:00+00:00, run_after=2024-10-27 00:00:00+00:00
[2024-10-27T18:58:39.776+0000] {processor.py:183} INFO - Processing /home/airflow/.local/lib/python3.8/site-packages/airflow/example_dags/example_branch_day_of_week_operator.py took 0.086 seconds
[2024-10-27T18:59:09.816+0000] {processor.py:161} INFO - Started process (PID=365) to work on /home/airflow/.local/lib/python3.8/site-packages/airflow/example_dags/example_branch_day_of_week_operator.py
[2024-10-27T18:59:09.817+0000] {processor.py:830} INFO - Processing file /home/airflow/.local/lib/python3.8/site-packages/airflow/example_dags/example_branch_day_of_week_operator.py for tasks to queue
[2024-10-27T18:59:09.820+0000] {logging_mixin.py:188} INFO - [2024-10-27T18:59:09.819+0000] {dagbag.py:538} INFO - Filling up the DagBag from /home/airflow/.local/lib/python3.8/site-packages/airflow/example_dags/example_branch_day_of_week_operator.py
[2024-10-27T18:59:09.829+0000] {processor.py:840} INFO - DAG(s) 'example_weekday_branch_operator' retrieved from /home/airflow/.local/lib/python3.8/site-packages/airflow/example_dags/example_branch_day_of_week_operator.py
[2024-10-27T18:59:09.851+0000] {logging_mixin.py:188} INFO - [2024-10-27T18:59:09.851+0000] {dag.py:3036} INFO - Sync 1 DAGs
[2024-10-27T18:59:09.880+0000] {logging_mixin.py:188} INFO - [2024-10-27T18:59:09.879+0000] {dag.py:3823} INFO - Setting next_dagrun for example_weekday_branch_operator to 2024-10-26 00:00:00+00:00, run_after=2024-10-27 00:00:00+00:00
[2024-10-27T18:59:09.903+0000] {processor.py:183} INFO - Processing /home/airflow/.local/lib/python3.8/site-packages/airflow/example_dags/example_branch_day_of_week_operator.py took 0.090 seconds
[2024-10-27T18:59:40.174+0000] {processor.py:161} INFO - Started process (PID=421) to work on /home/airflow/.local/lib/python3.8/site-packages/airflow/example_dags/example_branch_day_of_week_operator.py
[2024-10-27T18:59:40.174+0000] {processor.py:830} INFO - Processing file /home/airflow/.local/lib/python3.8/site-packages/airflow/example_dags/example_branch_day_of_week_operator.py for tasks to queue
[2024-10-27T18:59:40.175+0000] {logging_mixin.py:188} INFO - [2024-10-27T18:59:40.175+0000] {dagbag.py:538} INFO - Filling up the DagBag from /home/airflow/.local/lib/python3.8/site-packages/airflow/example_dags/example_branch_day_of_week_operator.py
[2024-10-27T18:59:40.182+0000] {processor.py:840} INFO - DAG(s) 'example_weekday_branch_operator' retrieved from /home/airflow/.local/lib/python3.8/site-packages/airflow/example_dags/example_branch_day_of_week_operator.py
[2024-10-27T18:59:40.200+0000] {logging_mixin.py:188} INFO - [2024-10-27T18:59:40.200+0000] {dag.py:3036} INFO - Sync 1 DAGs
[2024-10-27T18:59:40.218+0000] {logging_mixin.py:188} INFO - [2024-10-27T18:59:40.217+0000] {dag.py:3823} INFO - Setting next_dagrun for example_weekday_branch_operator to 2024-10-26 00:00:00+00:00, run_after=2024-10-27 00:00:00+00:00
[2024-10-27T18:59:40.233+0000] {processor.py:183} INFO - Processing /home/airflow/.local/lib/python3.8/site-packages/airflow/example_dags/example_branch_day_of_week_operator.py took 0.062 seconds
[2024-10-27T19:00:10.462+0000] {processor.py:161} INFO - Started process (PID=477) to work on /home/airflow/.local/lib/python3.8/site-packages/airflow/example_dags/example_branch_day_of_week_operator.py
[2024-10-27T19:00:10.463+0000] {processor.py:830} INFO - Processing file /home/airflow/.local/lib/python3.8/site-packages/airflow/example_dags/example_branch_day_of_week_operator.py for tasks to queue
[2024-10-27T19:00:10.465+0000] {logging_mixin.py:188} INFO - [2024-10-27T19:00:10.464+0000] {dagbag.py:538} INFO - Filling up the DagBag from /home/airflow/.local/lib/python3.8/site-packages/airflow/example_dags/example_branch_day_of_week_operator.py
[2024-10-27T19:00:10.470+0000] {processor.py:840} INFO - DAG(s) 'example_weekday_branch_operator' retrieved from /home/airflow/.local/lib/python3.8/site-packages/airflow/example_dags/example_branch_day_of_week_operator.py
[2024-10-27T19:00:10.485+0000] {logging_mixin.py:188} INFO - [2024-10-27T19:00:10.485+0000] {dag.py:3036} INFO - Sync 1 DAGs
[2024-10-27T19:00:10.502+0000] {logging_mixin.py:188} INFO - [2024-10-27T19:00:10.502+0000] {dag.py:3823} INFO - Setting next_dagrun for example_weekday_branch_operator to 2024-10-26 00:00:00+00:00, run_after=2024-10-27 00:00:00+00:00
[2024-10-27T19:00:10.515+0000] {processor.py:183} INFO - Processing /home/airflow/.local/lib/python3.8/site-packages/airflow/example_dags/example_branch_day_of_week_operator.py took 0.055 seconds
[2024-10-27T19:00:40.670+0000] {processor.py:161} INFO - Started process (PID=533) to work on /home/airflow/.local/lib/python3.8/site-packages/airflow/example_dags/example_branch_day_of_week_operator.py
[2024-10-27T19:00:40.671+0000] {processor.py:830} INFO - Processing file /home/airflow/.local/lib/python3.8/site-packages/airflow/example_dags/example_branch_day_of_week_operator.py for tasks to queue
[2024-10-27T19:00:40.672+0000] {logging_mixin.py:188} INFO - [2024-10-27T19:00:40.672+0000] {dagbag.py:538} INFO - Filling up the DagBag from /home/airflow/.local/lib/python3.8/site-packages/airflow/example_dags/example_branch_day_of_week_operator.py
[2024-10-27T19:00:40.677+0000] {processor.py:840} INFO - DAG(s) 'example_weekday_branch_operator' retrieved from /home/airflow/.local/lib/python3.8/site-packages/airflow/example_dags/example_branch_day_of_week_operator.py
[2024-10-27T19:00:40.694+0000] {logging_mixin.py:188} INFO - [2024-10-27T19:00:40.693+0000] {dag.py:3036} INFO - Sync 1 DAGs
[2024-10-27T19:00:40.711+0000] {logging_mixin.py:188} INFO - [2024-10-27T19:00:40.710+0000] {dag.py:3823} INFO - Setting next_dagrun for example_weekday_branch_operator to 2024-10-26 00:00:00+00:00, run_after=2024-10-27 00:00:00+00:00
[2024-10-27T19:00:40.728+0000] {processor.py:183} INFO - Processing /home/airflow/.local/lib/python3.8/site-packages/airflow/example_dags/example_branch_day_of_week_operator.py took 0.060 seconds
[2024-10-27T19:01:10.966+0000] {processor.py:161} INFO - Started process (PID=589) to work on /home/airflow/.local/lib/python3.8/site-packages/airflow/example_dags/example_branch_day_of_week_operator.py
[2024-10-27T19:01:10.967+0000] {processor.py:830} INFO - Processing file /home/airflow/.local/lib/python3.8/site-packages/airflow/example_dags/example_branch_day_of_week_operator.py for tasks to queue
[2024-10-27T19:01:10.968+0000] {logging_mixin.py:188} INFO - [2024-10-27T19:01:10.968+0000] {dagbag.py:538} INFO - Filling up the DagBag from /home/airflow/.local/lib/python3.8/site-packages/airflow/example_dags/example_branch_day_of_week_operator.py
[2024-10-27T19:01:10.974+0000] {processor.py:840} INFO - DAG(s) 'example_weekday_branch_operator' retrieved from /home/airflow/.local/lib/python3.8/site-packages/airflow/example_dags/example_branch_day_of_week_operator.py
[2024-10-27T19:01:10.990+0000] {logging_mixin.py:188} INFO - [2024-10-27T19:01:10.990+0000] {dag.py:3036} INFO - Sync 1 DAGs
[2024-10-27T19:01:11.008+0000] {logging_mixin.py:188} INFO - [2024-10-27T19:01:11.008+0000] {dag.py:3823} INFO - Setting next_dagrun for example_weekday_branch_operator to 2024-10-26 00:00:00+00:00, run_after=2024-10-27 00:00:00+00:00
[2024-10-27T19:01:11.022+0000] {processor.py:183} INFO - Processing /home/airflow/.local/lib/python3.8/site-packages/airflow/example_dags/example_branch_day_of_week_operator.py took 0.059 seconds
[2024-10-27T19:01:41.364+0000] {processor.py:161} INFO - Started process (PID=645) to work on /home/airflow/.local/lib/python3.8/site-packages/airflow/example_dags/example_branch_day_of_week_operator.py
[2024-10-27T19:01:41.364+0000] {processor.py:830} INFO - Processing file /home/airflow/.local/lib/python3.8/site-packages/airflow/example_dags/example_branch_day_of_week_operator.py for tasks to queue
[2024-10-27T19:01:41.366+0000] {logging_mixin.py:188} INFO - [2024-10-27T19:01:41.366+0000] {dagbag.py:538} INFO - Filling up the DagBag from /home/airflow/.local/lib/python3.8/site-packages/airflow/example_dags/example_branch_day_of_week_operator.py
[2024-10-27T19:01:41.371+0000] {processor.py:840} INFO - DAG(s) 'example_weekday_branch_operator' retrieved from /home/airflow/.local/lib/python3.8/site-packages/airflow/example_dags/example_branch_day_of_week_operator.py
[2024-10-27T19:01:41.388+0000] {logging_mixin.py:188} INFO - [2024-10-27T19:01:41.387+0000] {dag.py:3036} INFO - Sync 1 DAGs
[2024-10-27T19:01:41.405+0000] {logging_mixin.py:188} INFO - [2024-10-27T19:01:41.405+0000] {dag.py:3823} INFO - Setting next_dagrun for example_weekday_branch_operator to 2024-10-26 00:00:00+00:00, run_after=2024-10-27 00:00:00+00:00
[2024-10-27T19:01:41.419+0000] {processor.py:183} INFO - Processing /home/airflow/.local/lib/python3.8/site-packages/airflow/example_dags/example_branch_day_of_week_operator.py took 0.057 seconds
[2024-10-27T19:02:11.544+0000] {processor.py:161} INFO - Started process (PID=701) to work on /home/airflow/.local/lib/python3.8/site-packages/airflow/example_dags/example_branch_day_of_week_operator.py
[2024-10-27T19:02:11.545+0000] {processor.py:830} INFO - Processing file /home/airflow/.local/lib/python3.8/site-packages/airflow/example_dags/example_branch_day_of_week_operator.py for tasks to queue
[2024-10-27T19:02:11.546+0000] {logging_mixin.py:188} INFO - [2024-10-27T19:02:11.546+0000] {dagbag.py:538} INFO - Filling up the DagBag from /home/airflow/.local/lib/python3.8/site-packages/airflow/example_dags/example_branch_day_of_week_operator.py
[2024-10-27T19:02:11.552+0000] {processor.py:840} INFO - DAG(s) 'example_weekday_branch_operator' retrieved from /home/airflow/.local/lib/python3.8/site-packages/airflow/example_dags/example_branch_day_of_week_operator.py
[2024-10-27T19:02:11.567+0000] {logging_mixin.py:188} INFO - [2024-10-27T19:02:11.567+0000] {dag.py:3036} INFO - Sync 1 DAGs
[2024-10-27T19:02:11.585+0000] {logging_mixin.py:188} INFO - [2024-10-27T19:02:11.585+0000] {dag.py:3823} INFO - Setting next_dagrun for example_weekday_branch_operator to 2024-10-26 00:00:00+00:00, run_after=2024-10-27 00:00:00+00:00
[2024-10-27T19:02:11.602+0000] {processor.py:183} INFO - Processing /home/airflow/.local/lib/python3.8/site-packages/airflow/example_dags/example_branch_day_of_week_operator.py took 0.061 seconds
[2024-10-27T19:02:41.801+0000] {processor.py:161} INFO - Started process (PID=757) to work on /home/airflow/.local/lib/python3.8/site-packages/airflow/example_dags/example_branch_day_of_week_operator.py
[2024-10-27T19:02:41.801+0000] {processor.py:830} INFO - Processing file /home/airflow/.local/lib/python3.8/site-packages/airflow/example_dags/example_branch_day_of_week_operator.py for tasks to queue
[2024-10-27T19:02:41.803+0000] {logging_mixin.py:188} INFO - [2024-10-27T19:02:41.802+0000] {dagbag.py:538} INFO - Filling up the DagBag from /home/airflow/.local/lib/python3.8/site-packages/airflow/example_dags/example_branch_day_of_week_operator.py
[2024-10-27T19:02:41.808+0000] {processor.py:840} INFO - DAG(s) 'example_weekday_branch_operator' retrieved from /home/airflow/.local/lib/python3.8/site-packages/airflow/example_dags/example_branch_day_of_week_operator.py
[2024-10-27T19:02:41.826+0000] {logging_mixin.py:188} INFO - [2024-10-27T19:02:41.826+0000] {dag.py:3036} INFO - Sync 1 DAGs
[2024-10-27T19:02:41.845+0000] {logging_mixin.py:188} INFO - [2024-10-27T19:02:41.845+0000] {dag.py:3823} INFO - Setting next_dagrun for example_weekday_branch_operator to 2024-10-26 00:00:00+00:00, run_after=2024-10-27 00:00:00+00:00
[2024-10-27T19:02:41.863+0000] {processor.py:183} INFO - Processing /home/airflow/.local/lib/python3.8/site-packages/airflow/example_dags/example_branch_day_of_week_operator.py took 0.064 seconds
[2024-10-27T19:03:11.975+0000] {processor.py:161} INFO - Started process (PID=813) to work on /home/airflow/.local/lib/python3.8/site-packages/airflow/example_dags/example_branch_day_of_week_operator.py
[2024-10-27T19:03:11.976+0000] {processor.py:830} INFO - Processing file /home/airflow/.local/lib/python3.8/site-packages/airflow/example_dags/example_branch_day_of_week_operator.py for tasks to queue
[2024-10-27T19:03:11.977+0000] {logging_mixin.py:188} INFO - [2024-10-27T19:03:11.977+0000] {dagbag.py:538} INFO - Filling up the DagBag from /home/airflow/.local/lib/python3.8/site-packages/airflow/example_dags/example_branch_day_of_week_operator.py
[2024-10-27T19:03:11.985+0000] {processor.py:840} INFO - DAG(s) 'example_weekday_branch_operator' retrieved from /home/airflow/.local/lib/python3.8/site-packages/airflow/example_dags/example_branch_day_of_week_operator.py
[2024-10-27T19:03:12.000+0000] {logging_mixin.py:188} INFO - [2024-10-27T19:03:12.000+0000] {dag.py:3036} INFO - Sync 1 DAGs
[2024-10-27T19:03:12.017+0000] {logging_mixin.py:188} INFO - [2024-10-27T19:03:12.017+0000] {dag.py:3823} INFO - Setting next_dagrun for example_weekday_branch_operator to 2024-10-26 00:00:00+00:00, run_after=2024-10-27 00:00:00+00:00
[2024-10-27T19:03:12.031+0000] {processor.py:183} INFO - Processing /home/airflow/.local/lib/python3.8/site-packages/airflow/example_dags/example_branch_day_of_week_operator.py took 0.058 seconds
[2024-10-27T19:03:42.345+0000] {processor.py:161} INFO - Started process (PID=869) to work on /home/airflow/.local/lib/python3.8/site-packages/airflow/example_dags/example_branch_day_of_week_operator.py
[2024-10-27T19:03:42.346+0000] {processor.py:830} INFO - Processing file /home/airflow/.local/lib/python3.8/site-packages/airflow/example_dags/example_branch_day_of_week_operator.py for tasks to queue
[2024-10-27T19:03:42.348+0000] {logging_mixin.py:188} INFO - [2024-10-27T19:03:42.347+0000] {dagbag.py:538} INFO - Filling up the DagBag from /home/airflow/.local/lib/python3.8/site-packages/airflow/example_dags/example_branch_day_of_week_operator.py
[2024-10-27T19:03:42.354+0000] {processor.py:840} INFO - DAG(s) 'example_weekday_branch_operator' retrieved from /home/airflow/.local/lib/python3.8/site-packages/airflow/example_dags/example_branch_day_of_week_operator.py
[2024-10-27T19:03:42.370+0000] {logging_mixin.py:188} INFO - [2024-10-27T19:03:42.370+0000] {dag.py:3036} INFO - Sync 1 DAGs
[2024-10-27T19:03:42.388+0000] {logging_mixin.py:188} INFO - [2024-10-27T19:03:42.388+0000] {dag.py:3823} INFO - Setting next_dagrun for example_weekday_branch_operator to 2024-10-26 00:00:00+00:00, run_after=2024-10-27 00:00:00+00:00
[2024-10-27T19:03:42.403+0000] {processor.py:183} INFO - Processing /home/airflow/.local/lib/python3.8/site-packages/airflow/example_dags/example_branch_day_of_week_operator.py took 0.060 seconds
[2024-10-27T19:04:12.714+0000] {processor.py:161} INFO - Started process (PID=925) to work on /home/airflow/.local/lib/python3.8/site-packages/airflow/example_dags/example_branch_day_of_week_operator.py
[2024-10-27T19:04:12.715+0000] {processor.py:830} INFO - Processing file /home/airflow/.local/lib/python3.8/site-packages/airflow/example_dags/example_branch_day_of_week_operator.py for tasks to queue
[2024-10-27T19:04:12.717+0000] {logging_mixin.py:188} INFO - [2024-10-27T19:04:12.717+0000] {dagbag.py:538} INFO - Filling up the DagBag from /home/airflow/.local/lib/python3.8/site-packages/airflow/example_dags/example_branch_day_of_week_operator.py
[2024-10-27T19:04:12.724+0000] {processor.py:840} INFO - DAG(s) 'example_weekday_branch_operator' retrieved from /home/airflow/.local/lib/python3.8/site-packages/airflow/example_dags/example_branch_day_of_week_operator.py
[2024-10-27T19:04:12.743+0000] {logging_mixin.py:188} INFO - [2024-10-27T19:04:12.743+0000] {dag.py:3036} INFO - Sync 1 DAGs
[2024-10-27T19:04:12.767+0000] {logging_mixin.py:188} INFO - [2024-10-27T19:04:12.767+0000] {dag.py:3823} INFO - Setting next_dagrun for example_weekday_branch_operator to 2024-10-26 00:00:00+00:00, run_after=2024-10-27 00:00:00+00:00
[2024-10-27T19:04:12.786+0000] {processor.py:183} INFO - Processing /home/airflow/.local/lib/python3.8/site-packages/airflow/example_dags/example_branch_day_of_week_operator.py took 0.074 seconds
[2024-10-27T19:04:43.393+0000] {processor.py:161} INFO - Started process (PID=981) to work on /home/airflow/.local/lib/python3.8/site-packages/airflow/example_dags/example_branch_day_of_week_operator.py
[2024-10-27T19:04:43.394+0000] {processor.py:830} INFO - Processing file /home/airflow/.local/lib/python3.8/site-packages/airflow/example_dags/example_branch_day_of_week_operator.py for tasks to queue
[2024-10-27T19:04:43.395+0000] {logging_mixin.py:188} INFO - [2024-10-27T19:04:43.395+0000] {dagbag.py:538} INFO - Filling up the DagBag from /home/airflow/.local/lib/python3.8/site-packages/airflow/example_dags/example_branch_day_of_week_operator.py
[2024-10-27T19:04:43.401+0000] {processor.py:840} INFO - DAG(s) 'example_weekday_branch_operator' retrieved from /home/airflow/.local/lib/python3.8/site-packages/airflow/example_dags/example_branch_day_of_week_operator.py
[2024-10-27T19:04:43.416+0000] {logging_mixin.py:188} INFO - [2024-10-27T19:04:43.416+0000] {dag.py:3036} INFO - Sync 1 DAGs
[2024-10-27T19:04:43.434+0000] {logging_mixin.py:188} INFO - [2024-10-27T19:04:43.434+0000] {dag.py:3823} INFO - Setting next_dagrun for example_weekday_branch_operator to 2024-10-26 00:00:00+00:00, run_after=2024-10-27 00:00:00+00:00
[2024-10-27T19:04:43.449+0000] {processor.py:183} INFO - Processing /home/airflow/.local/lib/python3.8/site-packages/airflow/example_dags/example_branch_day_of_week_operator.py took 0.058 seconds
[2024-10-27T19:05:13.887+0000] {processor.py:161} INFO - Started process (PID=1037) to work on /home/airflow/.local/lib/python3.8/site-packages/airflow/example_dags/example_branch_day_of_week_operator.py
[2024-10-27T19:05:13.887+0000] {processor.py:830} INFO - Processing file /home/airflow/.local/lib/python3.8/site-packages/airflow/example_dags/example_branch_day_of_week_operator.py for tasks to queue
[2024-10-27T19:05:13.889+0000] {logging_mixin.py:188} INFO - [2024-10-27T19:05:13.888+0000] {dagbag.py:538} INFO - Filling up the DagBag from /home/airflow/.local/lib/python3.8/site-packages/airflow/example_dags/example_branch_day_of_week_operator.py
[2024-10-27T19:05:13.895+0000] {processor.py:840} INFO - DAG(s) 'example_weekday_branch_operator' retrieved from /home/airflow/.local/lib/python3.8/site-packages/airflow/example_dags/example_branch_day_of_week_operator.py
[2024-10-27T19:05:13.912+0000] {logging_mixin.py:188} INFO - [2024-10-27T19:05:13.911+0000] {dag.py:3036} INFO - Sync 1 DAGs
[2024-10-27T19:05:13.932+0000] {logging_mixin.py:188} INFO - [2024-10-27T19:05:13.931+0000] {dag.py:3823} INFO - Setting next_dagrun for example_weekday_branch_operator to 2024-10-26 00:00:00+00:00, run_after=2024-10-27 00:00:00+00:00
[2024-10-27T19:05:13.949+0000] {processor.py:183} INFO - Processing /home/airflow/.local/lib/python3.8/site-packages/airflow/example_dags/example_branch_day_of_week_operator.py took 0.065 seconds
[2024-10-27T19:13:20.899+0000] {processor.py:161} INFO - Started process (PID=93) to work on /home/airflow/.local/lib/python3.11/site-packages/airflow/example_dags/example_branch_day_of_week_operator.py
[2024-10-27T19:13:20.900+0000] {processor.py:830} INFO - Processing file /home/airflow/.local/lib/python3.11/site-packages/airflow/example_dags/example_branch_day_of_week_operator.py for tasks to queue
[2024-10-27T19:13:20.901+0000] {logging_mixin.py:188} INFO - [2024-10-27T19:13:20.901+0000] {dagbag.py:538} INFO - Filling up the DagBag from /home/airflow/.local/lib/python3.11/site-packages/airflow/example_dags/example_branch_day_of_week_operator.py
[2024-10-27T19:13:20.908+0000] {processor.py:840} INFO - DAG(s) 'example_weekday_branch_operator' retrieved from /home/airflow/.local/lib/python3.11/site-packages/airflow/example_dags/example_branch_day_of_week_operator.py
[2024-10-27T19:13:20.992+0000] {logging_mixin.py:188} INFO - [2024-10-27T19:13:20.992+0000] {dag.py:3036} INFO - Sync 1 DAGs
[2024-10-27T19:13:21.010+0000] {logging_mixin.py:188} INFO - [2024-10-27T19:13:21.010+0000] {dag.py:3823} INFO - Setting next_dagrun for example_weekday_branch_operator to 2024-10-26 00:00:00+00:00, run_after=2024-10-27 00:00:00+00:00
[2024-10-27T19:13:21.025+0000] {processor.py:183} INFO - Processing /home/airflow/.local/lib/python3.11/site-packages/airflow/example_dags/example_branch_day_of_week_operator.py took 0.129 seconds
[2024-10-27T19:14:03.533+0000] {processor.py:161} INFO - Started process (PID=151) to work on /home/airflow/.local/lib/python3.11/site-packages/airflow/example_dags/example_branch_day_of_week_operator.py
[2024-10-27T19:14:03.534+0000] {processor.py:830} INFO - Processing file /home/airflow/.local/lib/python3.11/site-packages/airflow/example_dags/example_branch_day_of_week_operator.py for tasks to queue
[2024-10-27T19:14:03.535+0000] {logging_mixin.py:188} INFO - [2024-10-27T19:14:03.535+0000] {dagbag.py:538} INFO - Filling up the DagBag from /home/airflow/.local/lib/python3.11/site-packages/airflow/example_dags/example_branch_day_of_week_operator.py
[2024-10-27T19:14:03.541+0000] {processor.py:840} INFO - DAG(s) 'example_weekday_branch_operator' retrieved from /home/airflow/.local/lib/python3.11/site-packages/airflow/example_dags/example_branch_day_of_week_operator.py
[2024-10-27T19:14:03.558+0000] {logging_mixin.py:188} INFO - [2024-10-27T19:14:03.558+0000] {dag.py:3036} INFO - Sync 1 DAGs
[2024-10-27T19:14:03.577+0000] {logging_mixin.py:188} INFO - [2024-10-27T19:14:03.577+0000] {dag.py:3823} INFO - Setting next_dagrun for example_weekday_branch_operator to 2024-10-26 00:00:00+00:00, run_after=2024-10-27 00:00:00+00:00
[2024-10-27T19:14:03.614+0000] {processor.py:183} INFO - Processing /home/airflow/.local/lib/python3.11/site-packages/airflow/example_dags/example_branch_day_of_week_operator.py took 0.083 seconds
[2024-10-27T19:14:35.978+0000] {processor.py:161} INFO - Started process (PID=209) to work on /home/airflow/.local/lib/python3.11/site-packages/airflow/example_dags/example_branch_day_of_week_operator.py
[2024-10-27T19:14:35.979+0000] {processor.py:830} INFO - Processing file /home/airflow/.local/lib/python3.11/site-packages/airflow/example_dags/example_branch_day_of_week_operator.py for tasks to queue
[2024-10-27T19:14:35.982+0000] {logging_mixin.py:188} INFO - [2024-10-27T19:14:35.981+0000] {dagbag.py:538} INFO - Filling up the DagBag from /home/airflow/.local/lib/python3.11/site-packages/airflow/example_dags/example_branch_day_of_week_operator.py
[2024-10-27T19:14:35.997+0000] {processor.py:840} INFO - DAG(s) 'example_weekday_branch_operator' retrieved from /home/airflow/.local/lib/python3.11/site-packages/airflow/example_dags/example_branch_day_of_week_operator.py
[2024-10-27T19:14:36.025+0000] {logging_mixin.py:188} INFO - [2024-10-27T19:14:36.025+0000] {dag.py:3036} INFO - Sync 1 DAGs
[2024-10-27T19:14:36.060+0000] {logging_mixin.py:188} INFO - [2024-10-27T19:14:36.060+0000] {dag.py:3823} INFO - Setting next_dagrun for example_weekday_branch_operator to 2024-10-26 00:00:00+00:00, run_after=2024-10-27 00:00:00+00:00
[2024-10-27T19:14:36.109+0000] {processor.py:183} INFO - Processing /home/airflow/.local/lib/python3.11/site-packages/airflow/example_dags/example_branch_day_of_week_operator.py took 0.134 seconds
[2024-10-27T19:15:06.319+0000] {processor.py:161} INFO - Started process (PID=267) to work on /home/airflow/.local/lib/python3.11/site-packages/airflow/example_dags/example_branch_day_of_week_operator.py
[2024-10-27T19:15:06.321+0000] {processor.py:830} INFO - Processing file /home/airflow/.local/lib/python3.11/site-packages/airflow/example_dags/example_branch_day_of_week_operator.py for tasks to queue
[2024-10-27T19:15:06.322+0000] {logging_mixin.py:188} INFO - [2024-10-27T19:15:06.322+0000] {dagbag.py:538} INFO - Filling up the DagBag from /home/airflow/.local/lib/python3.11/site-packages/airflow/example_dags/example_branch_day_of_week_operator.py
[2024-10-27T19:15:06.329+0000] {processor.py:840} INFO - DAG(s) 'example_weekday_branch_operator' retrieved from /home/airflow/.local/lib/python3.11/site-packages/airflow/example_dags/example_branch_day_of_week_operator.py
[2024-10-27T19:15:06.346+0000] {logging_mixin.py:188} INFO - [2024-10-27T19:15:06.346+0000] {dag.py:3036} INFO - Sync 1 DAGs
[2024-10-27T19:15:06.368+0000] {logging_mixin.py:188} INFO - [2024-10-27T19:15:06.367+0000] {dag.py:3823} INFO - Setting next_dagrun for example_weekday_branch_operator to 2024-10-26 00:00:00+00:00, run_after=2024-10-27 00:00:00+00:00
[2024-10-27T19:15:06.384+0000] {processor.py:183} INFO - Processing /home/airflow/.local/lib/python3.11/site-packages/airflow/example_dags/example_branch_day_of_week_operator.py took 0.068 seconds
[2024-10-27T19:15:36.899+0000] {processor.py:161} INFO - Started process (PID=325) to work on /home/airflow/.local/lib/python3.11/site-packages/airflow/example_dags/example_branch_day_of_week_operator.py
[2024-10-27T19:15:36.900+0000] {processor.py:830} INFO - Processing file /home/airflow/.local/lib/python3.11/site-packages/airflow/example_dags/example_branch_day_of_week_operator.py for tasks to queue
[2024-10-27T19:15:36.901+0000] {logging_mixin.py:188} INFO - [2024-10-27T19:15:36.901+0000] {dagbag.py:538} INFO - Filling up the DagBag from /home/airflow/.local/lib/python3.11/site-packages/airflow/example_dags/example_branch_day_of_week_operator.py
[2024-10-27T19:15:36.908+0000] {processor.py:840} INFO - DAG(s) 'example_weekday_branch_operator' retrieved from /home/airflow/.local/lib/python3.11/site-packages/airflow/example_dags/example_branch_day_of_week_operator.py
[2024-10-27T19:15:36.924+0000] {logging_mixin.py:188} INFO - [2024-10-27T19:15:36.923+0000] {dag.py:3036} INFO - Sync 1 DAGs
[2024-10-27T19:15:36.941+0000] {logging_mixin.py:188} INFO - [2024-10-27T19:15:36.940+0000] {dag.py:3823} INFO - Setting next_dagrun for example_weekday_branch_operator to 2024-10-26 00:00:00+00:00, run_after=2024-10-27 00:00:00+00:00
[2024-10-27T19:15:36.955+0000] {processor.py:183} INFO - Processing /home/airflow/.local/lib/python3.11/site-packages/airflow/example_dags/example_branch_day_of_week_operator.py took 0.059 seconds
