[2024-10-27T18:56:00.771+0000] {processor.py:161} INFO - Started process (PID=190) to work on /home/airflow/.local/lib/python3.8/site-packages/airflow/example_dags/example_subdag_operator.py
[2024-10-27T18:56:00.772+0000] {processor.py:830} INFO - Processing file /home/airflow/.local/lib/python3.8/site-packages/airflow/example_dags/example_subdag_operator.py for tasks to queue
[2024-10-27T18:56:00.773+0000] {logging_mixin.py:188} INFO - [2024-10-27T18:56:00.773+0000] {dagbag.py:538} INFO - Filling up the DagBag from /home/airflow/.local/lib/python3.8/site-packages/airflow/example_dags/example_subdag_operator.py
[2024-10-27T18:56:00.794+0000] {processor.py:840} INFO - DAG(s) 'example_subdag_operator.section-1', 'example_subdag_operator.section-2', 'example_subdag_operator' retrieved from /home/airflow/.local/lib/python3.8/site-packages/airflow/example_dags/example_subdag_operator.py
[2024-10-27T18:56:00.898+0000] {logging_mixin.py:188} INFO - [2024-10-27T18:56:00.898+0000] {override.py:1769} INFO - Created Permission View: can delete on DAG:example_subdag_operator
[2024-10-27T18:56:00.909+0000] {logging_mixin.py:188} INFO - [2024-10-27T18:56:00.908+0000] {override.py:1769} INFO - Created Permission View: can read on DAG:example_subdag_operator
[2024-10-27T18:56:00.916+0000] {logging_mixin.py:188} INFO - [2024-10-27T18:56:00.916+0000] {override.py:1769} INFO - Created Permission View: can edit on DAG:example_subdag_operator
[2024-10-27T18:56:00.917+0000] {logging_mixin.py:188} INFO - [2024-10-27T18:56:00.917+0000] {dag.py:3036} INFO - Sync 3 DAGs
[2024-10-27T18:56:00.929+0000] {logging_mixin.py:188} INFO - [2024-10-27T18:56:00.928+0000] {dag.py:3058} INFO - Creating ORM DAG for example_subdag_operator.section-1
[2024-10-27T18:56:00.929+0000] {logging_mixin.py:188} INFO - [2024-10-27T18:56:00.929+0000] {dag.py:3058} INFO - Creating ORM DAG for example_subdag_operator.section-2
[2024-10-27T18:56:00.930+0000] {logging_mixin.py:188} INFO - [2024-10-27T18:56:00.930+0000] {dag.py:3058} INFO - Creating ORM DAG for example_subdag_operator
[2024-10-27T18:56:00.938+0000] {logging_mixin.py:188} INFO - [2024-10-27T18:56:00.938+0000] {dag.py:3823} INFO - Setting next_dagrun for example_subdag_operator to 2022-01-01 00:00:00+00:00, run_after=2022-01-01 00:00:00+00:00
[2024-10-27T18:56:00.939+0000] {logging_mixin.py:188} INFO - [2024-10-27T18:56:00.939+0000] {dag.py:3823} INFO - Setting next_dagrun for example_subdag_operator.section-1 to None, run_after=None
[2024-10-27T18:56:00.940+0000] {logging_mixin.py:188} INFO - [2024-10-27T18:56:00.940+0000] {dag.py:3823} INFO - Setting next_dagrun for example_subdag_operator.section-2 to None, run_after=None
[2024-10-27T18:56:00.947+0000] {logging_mixin.py:188} INFO - [2024-10-27T18:56:00.947+0000] {dag.py:3036} INFO - Sync 2 DAGs
[2024-10-27T18:56:00.956+0000] {logging_mixin.py:188} INFO - [2024-10-27T18:56:00.956+0000] {dag.py:3823} INFO - Setting next_dagrun for example_subdag_operator.section-1 to None, run_after=None
[2024-10-27T18:56:00.960+0000] {logging_mixin.py:188} INFO - [2024-10-27T18:56:00.959+0000] {dag.py:3823} INFO - Setting next_dagrun for example_subdag_operator.section-2 to None, run_after=None
[2024-10-27T18:56:00.974+0000] {processor.py:183} INFO - Processing /home/airflow/.local/lib/python3.8/site-packages/airflow/example_dags/example_subdag_operator.py took 0.206 seconds
[2024-10-27T18:56:36.526+0000] {processor.py:161} INFO - Started process (PID=56) to work on /home/airflow/.local/lib/python3.8/site-packages/airflow/example_dags/example_subdag_operator.py
[2024-10-27T18:56:36.527+0000] {processor.py:830} INFO - Processing file /home/airflow/.local/lib/python3.8/site-packages/airflow/example_dags/example_subdag_operator.py for tasks to queue
[2024-10-27T18:56:36.529+0000] {logging_mixin.py:188} INFO - [2024-10-27T18:56:36.528+0000] {dagbag.py:538} INFO - Filling up the DagBag from /home/airflow/.local/lib/python3.8/site-packages/airflow/example_dags/example_subdag_operator.py
[2024-10-27T18:56:36.547+0000] {processor.py:840} INFO - DAG(s) 'example_subdag_operator.section-1', 'example_subdag_operator.section-2', 'example_subdag_operator' retrieved from /home/airflow/.local/lib/python3.8/site-packages/airflow/example_dags/example_subdag_operator.py
[2024-10-27T18:56:36.560+0000] {logging_mixin.py:188} INFO - [2024-10-27T18:56:36.560+0000] {dag.py:3036} INFO - Sync 3 DAGs
[2024-10-27T18:56:36.578+0000] {logging_mixin.py:188} INFO - [2024-10-27T18:56:36.578+0000] {dag.py:3823} INFO - Setting next_dagrun for example_subdag_operator to 2022-01-01 00:00:00+00:00, run_after=2022-01-01 00:00:00+00:00
[2024-10-27T18:56:36.581+0000] {logging_mixin.py:188} INFO - [2024-10-27T18:56:36.581+0000] {dag.py:3823} INFO - Setting next_dagrun for example_subdag_operator.section-1 to None, run_after=None
[2024-10-27T18:56:36.583+0000] {logging_mixin.py:188} INFO - [2024-10-27T18:56:36.583+0000] {dag.py:3823} INFO - Setting next_dagrun for example_subdag_operator.section-2 to None, run_after=None
[2024-10-27T18:56:36.589+0000] {logging_mixin.py:188} INFO - [2024-10-27T18:56:36.589+0000] {dag.py:3036} INFO - Sync 2 DAGs
[2024-10-27T18:56:36.594+0000] {logging_mixin.py:188} INFO - [2024-10-27T18:56:36.594+0000] {dag.py:3823} INFO - Setting next_dagrun for example_subdag_operator.section-1 to None, run_after=None
[2024-10-27T18:56:36.594+0000] {logging_mixin.py:188} INFO - [2024-10-27T18:56:36.594+0000] {dag.py:3823} INFO - Setting next_dagrun for example_subdag_operator.section-2 to None, run_after=None
[2024-10-27T18:56:36.605+0000] {processor.py:183} INFO - Processing /home/airflow/.local/lib/python3.8/site-packages/airflow/example_dags/example_subdag_operator.py took 0.081 seconds
[2024-10-27T18:57:07.084+0000] {processor.py:161} INFO - Started process (PID=112) to work on /home/airflow/.local/lib/python3.8/site-packages/airflow/example_dags/example_subdag_operator.py
[2024-10-27T18:57:07.085+0000] {processor.py:830} INFO - Processing file /home/airflow/.local/lib/python3.8/site-packages/airflow/example_dags/example_subdag_operator.py for tasks to queue
[2024-10-27T18:57:07.087+0000] {logging_mixin.py:188} INFO - [2024-10-27T18:57:07.087+0000] {dagbag.py:538} INFO - Filling up the DagBag from /home/airflow/.local/lib/python3.8/site-packages/airflow/example_dags/example_subdag_operator.py
[2024-10-27T18:57:07.108+0000] {processor.py:840} INFO - DAG(s) 'example_subdag_operator.section-1', 'example_subdag_operator.section-2', 'example_subdag_operator' retrieved from /home/airflow/.local/lib/python3.8/site-packages/airflow/example_dags/example_subdag_operator.py
[2024-10-27T18:57:07.121+0000] {logging_mixin.py:188} INFO - [2024-10-27T18:57:07.121+0000] {dag.py:3036} INFO - Sync 3 DAGs
[2024-10-27T18:57:07.143+0000] {logging_mixin.py:188} INFO - [2024-10-27T18:57:07.143+0000] {dag.py:3823} INFO - Setting next_dagrun for example_subdag_operator to 2022-01-01 00:00:00+00:00, run_after=2022-01-01 00:00:00+00:00
[2024-10-27T18:57:07.147+0000] {logging_mixin.py:188} INFO - [2024-10-27T18:57:07.147+0000] {dag.py:3823} INFO - Setting next_dagrun for example_subdag_operator.section-1 to None, run_after=None
[2024-10-27T18:57:07.149+0000] {logging_mixin.py:188} INFO - [2024-10-27T18:57:07.149+0000] {dag.py:3823} INFO - Setting next_dagrun for example_subdag_operator.section-2 to None, run_after=None
[2024-10-27T18:57:07.156+0000] {logging_mixin.py:188} INFO - [2024-10-27T18:57:07.155+0000] {dag.py:3036} INFO - Sync 2 DAGs
[2024-10-27T18:57:07.161+0000] {logging_mixin.py:188} INFO - [2024-10-27T18:57:07.161+0000] {dag.py:3823} INFO - Setting next_dagrun for example_subdag_operator.section-1 to None, run_after=None
[2024-10-27T18:57:07.162+0000] {logging_mixin.py:188} INFO - [2024-10-27T18:57:07.162+0000] {dag.py:3823} INFO - Setting next_dagrun for example_subdag_operator.section-2 to None, run_after=None
[2024-10-27T18:57:07.172+0000] {processor.py:183} INFO - Processing /home/airflow/.local/lib/python3.8/site-packages/airflow/example_dags/example_subdag_operator.py took 0.090 seconds
[2024-10-27T18:57:37.525+0000] {processor.py:161} INFO - Started process (PID=174) to work on /home/airflow/.local/lib/python3.8/site-packages/airflow/example_dags/example_subdag_operator.py
[2024-10-27T18:57:37.526+0000] {processor.py:830} INFO - Processing file /home/airflow/.local/lib/python3.8/site-packages/airflow/example_dags/example_subdag_operator.py for tasks to queue
[2024-10-27T18:57:37.528+0000] {logging_mixin.py:188} INFO - [2024-10-27T18:57:37.528+0000] {dagbag.py:538} INFO - Filling up the DagBag from /home/airflow/.local/lib/python3.8/site-packages/airflow/example_dags/example_subdag_operator.py
[2024-10-27T18:57:37.555+0000] {processor.py:840} INFO - DAG(s) 'example_subdag_operator.section-1', 'example_subdag_operator.section-2', 'example_subdag_operator' retrieved from /home/airflow/.local/lib/python3.8/site-packages/airflow/example_dags/example_subdag_operator.py
[2024-10-27T18:57:37.570+0000] {logging_mixin.py:188} INFO - [2024-10-27T18:57:37.569+0000] {dag.py:3036} INFO - Sync 3 DAGs
[2024-10-27T18:57:37.591+0000] {logging_mixin.py:188} INFO - [2024-10-27T18:57:37.591+0000] {dag.py:3823} INFO - Setting next_dagrun for example_subdag_operator to 2022-01-01 00:00:00+00:00, run_after=2022-01-01 00:00:00+00:00
[2024-10-27T18:57:37.595+0000] {logging_mixin.py:188} INFO - [2024-10-27T18:57:37.594+0000] {dag.py:3823} INFO - Setting next_dagrun for example_subdag_operator.section-1 to None, run_after=None
[2024-10-27T18:57:37.596+0000] {logging_mixin.py:188} INFO - [2024-10-27T18:57:37.596+0000] {dag.py:3823} INFO - Setting next_dagrun for example_subdag_operator.section-2 to None, run_after=None
[2024-10-27T18:57:37.602+0000] {logging_mixin.py:188} INFO - [2024-10-27T18:57:37.602+0000] {dag.py:3036} INFO - Sync 2 DAGs
[2024-10-27T18:57:37.608+0000] {logging_mixin.py:188} INFO - [2024-10-27T18:57:37.608+0000] {dag.py:3823} INFO - Setting next_dagrun for example_subdag_operator.section-1 to None, run_after=None
[2024-10-27T18:57:37.609+0000] {logging_mixin.py:188} INFO - [2024-10-27T18:57:37.609+0000] {dag.py:3823} INFO - Setting next_dagrun for example_subdag_operator.section-2 to None, run_after=None
[2024-10-27T18:57:37.621+0000] {processor.py:183} INFO - Processing /home/airflow/.local/lib/python3.8/site-packages/airflow/example_dags/example_subdag_operator.py took 0.100 seconds
[2024-10-27T18:58:07.999+0000] {processor.py:161} INFO - Started process (PID=230) to work on /home/airflow/.local/lib/python3.8/site-packages/airflow/example_dags/example_subdag_operator.py
[2024-10-27T18:58:08.000+0000] {processor.py:830} INFO - Processing file /home/airflow/.local/lib/python3.8/site-packages/airflow/example_dags/example_subdag_operator.py for tasks to queue
[2024-10-27T18:58:08.002+0000] {logging_mixin.py:188} INFO - [2024-10-27T18:58:08.001+0000] {dagbag.py:538} INFO - Filling up the DagBag from /home/airflow/.local/lib/python3.8/site-packages/airflow/example_dags/example_subdag_operator.py
[2024-10-27T18:58:08.023+0000] {processor.py:840} INFO - DAG(s) 'example_subdag_operator.section-1', 'example_subdag_operator.section-2', 'example_subdag_operator' retrieved from /home/airflow/.local/lib/python3.8/site-packages/airflow/example_dags/example_subdag_operator.py
[2024-10-27T18:58:08.038+0000] {logging_mixin.py:188} INFO - [2024-10-27T18:58:08.038+0000] {dag.py:3036} INFO - Sync 3 DAGs
[2024-10-27T18:58:08.058+0000] {logging_mixin.py:188} INFO - [2024-10-27T18:58:08.058+0000] {dag.py:3823} INFO - Setting next_dagrun for example_subdag_operator to 2022-01-01 00:00:00+00:00, run_after=2022-01-01 00:00:00+00:00
[2024-10-27T18:58:08.061+0000] {logging_mixin.py:188} INFO - [2024-10-27T18:58:08.061+0000] {dag.py:3823} INFO - Setting next_dagrun for example_subdag_operator.section-1 to None, run_after=None
[2024-10-27T18:58:08.063+0000] {logging_mixin.py:188} INFO - [2024-10-27T18:58:08.063+0000] {dag.py:3823} INFO - Setting next_dagrun for example_subdag_operator.section-2 to None, run_after=None
[2024-10-27T18:58:08.070+0000] {logging_mixin.py:188} INFO - [2024-10-27T18:58:08.069+0000] {dag.py:3036} INFO - Sync 2 DAGs
[2024-10-27T18:58:08.074+0000] {logging_mixin.py:188} INFO - [2024-10-27T18:58:08.074+0000] {dag.py:3823} INFO - Setting next_dagrun for example_subdag_operator.section-1 to None, run_after=None
[2024-10-27T18:58:08.075+0000] {logging_mixin.py:188} INFO - [2024-10-27T18:58:08.075+0000] {dag.py:3823} INFO - Setting next_dagrun for example_subdag_operator.section-2 to None, run_after=None
[2024-10-27T18:58:08.087+0000] {processor.py:183} INFO - Processing /home/airflow/.local/lib/python3.8/site-packages/airflow/example_dags/example_subdag_operator.py took 0.091 seconds
[2024-10-27T18:58:38.608+0000] {processor.py:161} INFO - Started process (PID=286) to work on /home/airflow/.local/lib/python3.8/site-packages/airflow/example_dags/example_subdag_operator.py
[2024-10-27T18:58:38.609+0000] {processor.py:830} INFO - Processing file /home/airflow/.local/lib/python3.8/site-packages/airflow/example_dags/example_subdag_operator.py for tasks to queue
[2024-10-27T18:58:38.611+0000] {logging_mixin.py:188} INFO - [2024-10-27T18:58:38.611+0000] {dagbag.py:538} INFO - Filling up the DagBag from /home/airflow/.local/lib/python3.8/site-packages/airflow/example_dags/example_subdag_operator.py
[2024-10-27T18:58:38.647+0000] {processor.py:840} INFO - DAG(s) 'example_subdag_operator.section-1', 'example_subdag_operator.section-2', 'example_subdag_operator' retrieved from /home/airflow/.local/lib/python3.8/site-packages/airflow/example_dags/example_subdag_operator.py
[2024-10-27T18:58:38.668+0000] {logging_mixin.py:188} INFO - [2024-10-27T18:58:38.667+0000] {dag.py:3036} INFO - Sync 3 DAGs
[2024-10-27T18:58:38.692+0000] {logging_mixin.py:188} INFO - [2024-10-27T18:58:38.692+0000] {dag.py:3823} INFO - Setting next_dagrun for example_subdag_operator to 2022-01-01 00:00:00+00:00, run_after=2022-01-01 00:00:00+00:00
[2024-10-27T18:58:38.696+0000] {logging_mixin.py:188} INFO - [2024-10-27T18:58:38.696+0000] {dag.py:3823} INFO - Setting next_dagrun for example_subdag_operator.section-1 to None, run_after=None
[2024-10-27T18:58:38.698+0000] {logging_mixin.py:188} INFO - [2024-10-27T18:58:38.698+0000] {dag.py:3823} INFO - Setting next_dagrun for example_subdag_operator.section-2 to None, run_after=None
[2024-10-27T18:58:38.705+0000] {logging_mixin.py:188} INFO - [2024-10-27T18:58:38.705+0000] {dag.py:3036} INFO - Sync 2 DAGs
[2024-10-27T18:58:38.710+0000] {logging_mixin.py:188} INFO - [2024-10-27T18:58:38.709+0000] {dag.py:3823} INFO - Setting next_dagrun for example_subdag_operator.section-1 to None, run_after=None
[2024-10-27T18:58:38.710+0000] {logging_mixin.py:188} INFO - [2024-10-27T18:58:38.710+0000] {dag.py:3823} INFO - Setting next_dagrun for example_subdag_operator.section-2 to None, run_after=None
[2024-10-27T18:58:38.720+0000] {processor.py:183} INFO - Processing /home/airflow/.local/lib/python3.8/site-packages/airflow/example_dags/example_subdag_operator.py took 0.117 seconds
[2024-10-27T18:59:08.951+0000] {processor.py:161} INFO - Started process (PID=343) to work on /home/airflow/.local/lib/python3.8/site-packages/airflow/example_dags/example_subdag_operator.py
[2024-10-27T18:59:08.952+0000] {processor.py:830} INFO - Processing file /home/airflow/.local/lib/python3.8/site-packages/airflow/example_dags/example_subdag_operator.py for tasks to queue
[2024-10-27T18:59:08.953+0000] {logging_mixin.py:188} INFO - [2024-10-27T18:59:08.953+0000] {dagbag.py:538} INFO - Filling up the DagBag from /home/airflow/.local/lib/python3.8/site-packages/airflow/example_dags/example_subdag_operator.py
[2024-10-27T18:59:08.970+0000] {processor.py:840} INFO - DAG(s) 'example_subdag_operator.section-1', 'example_subdag_operator.section-2', 'example_subdag_operator' retrieved from /home/airflow/.local/lib/python3.8/site-packages/airflow/example_dags/example_subdag_operator.py
[2024-10-27T18:59:08.981+0000] {logging_mixin.py:188} INFO - [2024-10-27T18:59:08.981+0000] {dag.py:3036} INFO - Sync 3 DAGs
[2024-10-27T18:59:08.996+0000] {logging_mixin.py:188} INFO - [2024-10-27T18:59:08.995+0000] {dag.py:3823} INFO - Setting next_dagrun for example_subdag_operator to 2022-01-01 00:00:00+00:00, run_after=2022-01-01 00:00:00+00:00
[2024-10-27T18:59:08.999+0000] {logging_mixin.py:188} INFO - [2024-10-27T18:59:08.998+0000] {dag.py:3823} INFO - Setting next_dagrun for example_subdag_operator.section-1 to None, run_after=None
[2024-10-27T18:59:09.000+0000] {logging_mixin.py:188} INFO - [2024-10-27T18:59:09.000+0000] {dag.py:3823} INFO - Setting next_dagrun for example_subdag_operator.section-2 to None, run_after=None
[2024-10-27T18:59:09.005+0000] {logging_mixin.py:188} INFO - [2024-10-27T18:59:09.005+0000] {dag.py:3036} INFO - Sync 2 DAGs
[2024-10-27T18:59:09.009+0000] {logging_mixin.py:188} INFO - [2024-10-27T18:59:09.009+0000] {dag.py:3823} INFO - Setting next_dagrun for example_subdag_operator.section-1 to None, run_after=None
[2024-10-27T18:59:09.009+0000] {logging_mixin.py:188} INFO - [2024-10-27T18:59:09.009+0000] {dag.py:3823} INFO - Setting next_dagrun for example_subdag_operator.section-2 to None, run_after=None
[2024-10-27T18:59:09.020+0000] {processor.py:183} INFO - Processing /home/airflow/.local/lib/python3.8/site-packages/airflow/example_dags/example_subdag_operator.py took 0.071 seconds
[2024-10-27T18:59:39.209+0000] {processor.py:161} INFO - Started process (PID=399) to work on /home/airflow/.local/lib/python3.8/site-packages/airflow/example_dags/example_subdag_operator.py
[2024-10-27T18:59:39.210+0000] {processor.py:830} INFO - Processing file /home/airflow/.local/lib/python3.8/site-packages/airflow/example_dags/example_subdag_operator.py for tasks to queue
[2024-10-27T18:59:39.212+0000] {logging_mixin.py:188} INFO - [2024-10-27T18:59:39.211+0000] {dagbag.py:538} INFO - Filling up the DagBag from /home/airflow/.local/lib/python3.8/site-packages/airflow/example_dags/example_subdag_operator.py
[2024-10-27T18:59:39.230+0000] {processor.py:840} INFO - DAG(s) 'example_subdag_operator.section-1', 'example_subdag_operator.section-2', 'example_subdag_operator' retrieved from /home/airflow/.local/lib/python3.8/site-packages/airflow/example_dags/example_subdag_operator.py
[2024-10-27T18:59:39.243+0000] {logging_mixin.py:188} INFO - [2024-10-27T18:59:39.242+0000] {dag.py:3036} INFO - Sync 3 DAGs
[2024-10-27T18:59:39.259+0000] {logging_mixin.py:188} INFO - [2024-10-27T18:59:39.259+0000] {dag.py:3823} INFO - Setting next_dagrun for example_subdag_operator to 2022-01-01 00:00:00+00:00, run_after=2022-01-01 00:00:00+00:00
[2024-10-27T18:59:39.262+0000] {logging_mixin.py:188} INFO - [2024-10-27T18:59:39.262+0000] {dag.py:3823} INFO - Setting next_dagrun for example_subdag_operator.section-1 to None, run_after=None
[2024-10-27T18:59:39.263+0000] {logging_mixin.py:188} INFO - [2024-10-27T18:59:39.263+0000] {dag.py:3823} INFO - Setting next_dagrun for example_subdag_operator.section-2 to None, run_after=None
[2024-10-27T18:59:39.269+0000] {logging_mixin.py:188} INFO - [2024-10-27T18:59:39.269+0000] {dag.py:3036} INFO - Sync 2 DAGs
[2024-10-27T18:59:39.274+0000] {logging_mixin.py:188} INFO - [2024-10-27T18:59:39.274+0000] {dag.py:3823} INFO - Setting next_dagrun for example_subdag_operator.section-1 to None, run_after=None
[2024-10-27T18:59:39.275+0000] {logging_mixin.py:188} INFO - [2024-10-27T18:59:39.274+0000] {dag.py:3823} INFO - Setting next_dagrun for example_subdag_operator.section-2 to None, run_after=None
[2024-10-27T18:59:39.286+0000] {processor.py:183} INFO - Processing /home/airflow/.local/lib/python3.8/site-packages/airflow/example_dags/example_subdag_operator.py took 0.080 seconds
[2024-10-27T19:00:09.474+0000] {processor.py:161} INFO - Started process (PID=455) to work on /home/airflow/.local/lib/python3.8/site-packages/airflow/example_dags/example_subdag_operator.py
[2024-10-27T19:00:09.475+0000] {processor.py:830} INFO - Processing file /home/airflow/.local/lib/python3.8/site-packages/airflow/example_dags/example_subdag_operator.py for tasks to queue
[2024-10-27T19:00:09.476+0000] {logging_mixin.py:188} INFO - [2024-10-27T19:00:09.476+0000] {dagbag.py:538} INFO - Filling up the DagBag from /home/airflow/.local/lib/python3.8/site-packages/airflow/example_dags/example_subdag_operator.py
[2024-10-27T19:00:09.492+0000] {processor.py:840} INFO - DAG(s) 'example_subdag_operator.section-1', 'example_subdag_operator.section-2', 'example_subdag_operator' retrieved from /home/airflow/.local/lib/python3.8/site-packages/airflow/example_dags/example_subdag_operator.py
[2024-10-27T19:00:09.504+0000] {logging_mixin.py:188} INFO - [2024-10-27T19:00:09.504+0000] {dag.py:3036} INFO - Sync 3 DAGs
[2024-10-27T19:00:09.520+0000] {logging_mixin.py:188} INFO - [2024-10-27T19:00:09.520+0000] {dag.py:3823} INFO - Setting next_dagrun for example_subdag_operator to 2022-01-01 00:00:00+00:00, run_after=2022-01-01 00:00:00+00:00
[2024-10-27T19:00:09.523+0000] {logging_mixin.py:188} INFO - [2024-10-27T19:00:09.522+0000] {dag.py:3823} INFO - Setting next_dagrun for example_subdag_operator.section-1 to None, run_after=None
[2024-10-27T19:00:09.524+0000] {logging_mixin.py:188} INFO - [2024-10-27T19:00:09.523+0000] {dag.py:3823} INFO - Setting next_dagrun for example_subdag_operator.section-2 to None, run_after=None
[2024-10-27T19:00:09.529+0000] {logging_mixin.py:188} INFO - [2024-10-27T19:00:09.528+0000] {dag.py:3036} INFO - Sync 2 DAGs
[2024-10-27T19:00:09.534+0000] {logging_mixin.py:188} INFO - [2024-10-27T19:00:09.534+0000] {dag.py:3823} INFO - Setting next_dagrun for example_subdag_operator.section-1 to None, run_after=None
[2024-10-27T19:00:09.535+0000] {logging_mixin.py:188} INFO - [2024-10-27T19:00:09.534+0000] {dag.py:3823} INFO - Setting next_dagrun for example_subdag_operator.section-2 to None, run_after=None
[2024-10-27T19:00:09.545+0000] {processor.py:183} INFO - Processing /home/airflow/.local/lib/python3.8/site-packages/airflow/example_dags/example_subdag_operator.py took 0.073 seconds
[2024-10-27T19:00:39.681+0000] {processor.py:161} INFO - Started process (PID=511) to work on /home/airflow/.local/lib/python3.8/site-packages/airflow/example_dags/example_subdag_operator.py
[2024-10-27T19:00:39.681+0000] {processor.py:830} INFO - Processing file /home/airflow/.local/lib/python3.8/site-packages/airflow/example_dags/example_subdag_operator.py for tasks to queue
[2024-10-27T19:00:39.683+0000] {logging_mixin.py:188} INFO - [2024-10-27T19:00:39.683+0000] {dagbag.py:538} INFO - Filling up the DagBag from /home/airflow/.local/lib/python3.8/site-packages/airflow/example_dags/example_subdag_operator.py
[2024-10-27T19:00:39.703+0000] {processor.py:840} INFO - DAG(s) 'example_subdag_operator.section-1', 'example_subdag_operator.section-2', 'example_subdag_operator' retrieved from /home/airflow/.local/lib/python3.8/site-packages/airflow/example_dags/example_subdag_operator.py
[2024-10-27T19:00:39.718+0000] {logging_mixin.py:188} INFO - [2024-10-27T19:00:39.717+0000] {dag.py:3036} INFO - Sync 3 DAGs
[2024-10-27T19:00:39.737+0000] {logging_mixin.py:188} INFO - [2024-10-27T19:00:39.737+0000] {dag.py:3823} INFO - Setting next_dagrun for example_subdag_operator to 2022-01-01 00:00:00+00:00, run_after=2022-01-01 00:00:00+00:00
[2024-10-27T19:00:39.740+0000] {logging_mixin.py:188} INFO - [2024-10-27T19:00:39.740+0000] {dag.py:3823} INFO - Setting next_dagrun for example_subdag_operator.section-1 to None, run_after=None
[2024-10-27T19:00:39.742+0000] {logging_mixin.py:188} INFO - [2024-10-27T19:00:39.742+0000] {dag.py:3823} INFO - Setting next_dagrun for example_subdag_operator.section-2 to None, run_after=None
[2024-10-27T19:00:39.750+0000] {logging_mixin.py:188} INFO - [2024-10-27T19:00:39.750+0000] {dag.py:3036} INFO - Sync 2 DAGs
[2024-10-27T19:00:39.757+0000] {logging_mixin.py:188} INFO - [2024-10-27T19:00:39.756+0000] {dag.py:3823} INFO - Setting next_dagrun for example_subdag_operator.section-1 to None, run_after=None
[2024-10-27T19:00:39.757+0000] {logging_mixin.py:188} INFO - [2024-10-27T19:00:39.757+0000] {dag.py:3823} INFO - Setting next_dagrun for example_subdag_operator.section-2 to None, run_after=None
[2024-10-27T19:00:39.770+0000] {processor.py:183} INFO - Processing /home/airflow/.local/lib/python3.8/site-packages/airflow/example_dags/example_subdag_operator.py took 0.092 seconds
[2024-10-27T19:01:10.024+0000] {processor.py:161} INFO - Started process (PID=567) to work on /home/airflow/.local/lib/python3.8/site-packages/airflow/example_dags/example_subdag_operator.py
[2024-10-27T19:01:10.025+0000] {processor.py:830} INFO - Processing file /home/airflow/.local/lib/python3.8/site-packages/airflow/example_dags/example_subdag_operator.py for tasks to queue
[2024-10-27T19:01:10.026+0000] {logging_mixin.py:188} INFO - [2024-10-27T19:01:10.026+0000] {dagbag.py:538} INFO - Filling up the DagBag from /home/airflow/.local/lib/python3.8/site-packages/airflow/example_dags/example_subdag_operator.py
[2024-10-27T19:01:10.044+0000] {processor.py:840} INFO - DAG(s) 'example_subdag_operator.section-1', 'example_subdag_operator.section-2', 'example_subdag_operator' retrieved from /home/airflow/.local/lib/python3.8/site-packages/airflow/example_dags/example_subdag_operator.py
[2024-10-27T19:01:10.056+0000] {logging_mixin.py:188} INFO - [2024-10-27T19:01:10.056+0000] {dag.py:3036} INFO - Sync 3 DAGs
[2024-10-27T19:01:10.073+0000] {logging_mixin.py:188} INFO - [2024-10-27T19:01:10.072+0000] {dag.py:3823} INFO - Setting next_dagrun for example_subdag_operator to 2022-01-01 00:00:00+00:00, run_after=2022-01-01 00:00:00+00:00
[2024-10-27T19:01:10.075+0000] {logging_mixin.py:188} INFO - [2024-10-27T19:01:10.075+0000] {dag.py:3823} INFO - Setting next_dagrun for example_subdag_operator.section-1 to None, run_after=None
[2024-10-27T19:01:10.077+0000] {logging_mixin.py:188} INFO - [2024-10-27T19:01:10.076+0000] {dag.py:3823} INFO - Setting next_dagrun for example_subdag_operator.section-2 to None, run_after=None
[2024-10-27T19:01:10.082+0000] {logging_mixin.py:188} INFO - [2024-10-27T19:01:10.082+0000] {dag.py:3036} INFO - Sync 2 DAGs
[2024-10-27T19:01:10.086+0000] {logging_mixin.py:188} INFO - [2024-10-27T19:01:10.086+0000] {dag.py:3823} INFO - Setting next_dagrun for example_subdag_operator.section-1 to None, run_after=None
[2024-10-27T19:01:10.087+0000] {logging_mixin.py:188} INFO - [2024-10-27T19:01:10.087+0000] {dag.py:3823} INFO - Setting next_dagrun for example_subdag_operator.section-2 to None, run_after=None
[2024-10-27T19:01:10.097+0000] {processor.py:183} INFO - Processing /home/airflow/.local/lib/python3.8/site-packages/airflow/example_dags/example_subdag_operator.py took 0.076 seconds
[2024-10-27T19:01:40.229+0000] {processor.py:161} INFO - Started process (PID=623) to work on /home/airflow/.local/lib/python3.8/site-packages/airflow/example_dags/example_subdag_operator.py
[2024-10-27T19:01:40.230+0000] {processor.py:830} INFO - Processing file /home/airflow/.local/lib/python3.8/site-packages/airflow/example_dags/example_subdag_operator.py for tasks to queue
[2024-10-27T19:01:40.231+0000] {logging_mixin.py:188} INFO - [2024-10-27T19:01:40.231+0000] {dagbag.py:538} INFO - Filling up the DagBag from /home/airflow/.local/lib/python3.8/site-packages/airflow/example_dags/example_subdag_operator.py
[2024-10-27T19:01:40.248+0000] {processor.py:840} INFO - DAG(s) 'example_subdag_operator.section-1', 'example_subdag_operator.section-2', 'example_subdag_operator' retrieved from /home/airflow/.local/lib/python3.8/site-packages/airflow/example_dags/example_subdag_operator.py
[2024-10-27T19:01:40.259+0000] {logging_mixin.py:188} INFO - [2024-10-27T19:01:40.259+0000] {dag.py:3036} INFO - Sync 3 DAGs
[2024-10-27T19:01:40.278+0000] {logging_mixin.py:188} INFO - [2024-10-27T19:01:40.278+0000] {dag.py:3823} INFO - Setting next_dagrun for example_subdag_operator to 2022-01-01 00:00:00+00:00, run_after=2022-01-01 00:00:00+00:00
[2024-10-27T19:01:40.281+0000] {logging_mixin.py:188} INFO - [2024-10-27T19:01:40.281+0000] {dag.py:3823} INFO - Setting next_dagrun for example_subdag_operator.section-1 to None, run_after=None
[2024-10-27T19:01:40.282+0000] {logging_mixin.py:188} INFO - [2024-10-27T19:01:40.282+0000] {dag.py:3823} INFO - Setting next_dagrun for example_subdag_operator.section-2 to None, run_after=None
[2024-10-27T19:01:40.287+0000] {logging_mixin.py:188} INFO - [2024-10-27T19:01:40.287+0000] {dag.py:3036} INFO - Sync 2 DAGs
[2024-10-27T19:01:40.291+0000] {logging_mixin.py:188} INFO - [2024-10-27T19:01:40.291+0000] {dag.py:3823} INFO - Setting next_dagrun for example_subdag_operator.section-1 to None, run_after=None
[2024-10-27T19:01:40.292+0000] {logging_mixin.py:188} INFO - [2024-10-27T19:01:40.292+0000] {dag.py:3823} INFO - Setting next_dagrun for example_subdag_operator.section-2 to None, run_after=None
[2024-10-27T19:01:40.301+0000] {processor.py:183} INFO - Processing /home/airflow/.local/lib/python3.8/site-packages/airflow/example_dags/example_subdag_operator.py took 0.074 seconds
[2024-10-27T19:02:10.640+0000] {processor.py:161} INFO - Started process (PID=679) to work on /home/airflow/.local/lib/python3.8/site-packages/airflow/example_dags/example_subdag_operator.py
[2024-10-27T19:02:10.641+0000] {processor.py:830} INFO - Processing file /home/airflow/.local/lib/python3.8/site-packages/airflow/example_dags/example_subdag_operator.py for tasks to queue
[2024-10-27T19:02:10.642+0000] {logging_mixin.py:188} INFO - [2024-10-27T19:02:10.642+0000] {dagbag.py:538} INFO - Filling up the DagBag from /home/airflow/.local/lib/python3.8/site-packages/airflow/example_dags/example_subdag_operator.py
[2024-10-27T19:02:10.660+0000] {processor.py:840} INFO - DAG(s) 'example_subdag_operator.section-1', 'example_subdag_operator.section-2', 'example_subdag_operator' retrieved from /home/airflow/.local/lib/python3.8/site-packages/airflow/example_dags/example_subdag_operator.py
[2024-10-27T19:02:10.672+0000] {logging_mixin.py:188} INFO - [2024-10-27T19:02:10.672+0000] {dag.py:3036} INFO - Sync 3 DAGs
[2024-10-27T19:02:10.689+0000] {logging_mixin.py:188} INFO - [2024-10-27T19:02:10.689+0000] {dag.py:3823} INFO - Setting next_dagrun for example_subdag_operator to 2022-01-01 00:00:00+00:00, run_after=2022-01-01 00:00:00+00:00
[2024-10-27T19:02:10.692+0000] {logging_mixin.py:188} INFO - [2024-10-27T19:02:10.692+0000] {dag.py:3823} INFO - Setting next_dagrun for example_subdag_operator.section-1 to None, run_after=None
[2024-10-27T19:02:10.693+0000] {logging_mixin.py:188} INFO - [2024-10-27T19:02:10.693+0000] {dag.py:3823} INFO - Setting next_dagrun for example_subdag_operator.section-2 to None, run_after=None
[2024-10-27T19:02:10.699+0000] {logging_mixin.py:188} INFO - [2024-10-27T19:02:10.699+0000] {dag.py:3036} INFO - Sync 2 DAGs
[2024-10-27T19:02:10.704+0000] {logging_mixin.py:188} INFO - [2024-10-27T19:02:10.704+0000] {dag.py:3823} INFO - Setting next_dagrun for example_subdag_operator.section-1 to None, run_after=None
[2024-10-27T19:02:10.705+0000] {logging_mixin.py:188} INFO - [2024-10-27T19:02:10.705+0000] {dag.py:3823} INFO - Setting next_dagrun for example_subdag_operator.section-2 to None, run_after=None
[2024-10-27T19:02:10.715+0000] {processor.py:183} INFO - Processing /home/airflow/.local/lib/python3.8/site-packages/airflow/example_dags/example_subdag_operator.py took 0.077 seconds
[2024-10-27T19:02:40.942+0000] {processor.py:161} INFO - Started process (PID=735) to work on /home/airflow/.local/lib/python3.8/site-packages/airflow/example_dags/example_subdag_operator.py
[2024-10-27T19:02:40.943+0000] {processor.py:830} INFO - Processing file /home/airflow/.local/lib/python3.8/site-packages/airflow/example_dags/example_subdag_operator.py for tasks to queue
[2024-10-27T19:02:40.945+0000] {logging_mixin.py:188} INFO - [2024-10-27T19:02:40.944+0000] {dagbag.py:538} INFO - Filling up the DagBag from /home/airflow/.local/lib/python3.8/site-packages/airflow/example_dags/example_subdag_operator.py
[2024-10-27T19:02:40.964+0000] {processor.py:840} INFO - DAG(s) 'example_subdag_operator.section-1', 'example_subdag_operator.section-2', 'example_subdag_operator' retrieved from /home/airflow/.local/lib/python3.8/site-packages/airflow/example_dags/example_subdag_operator.py
[2024-10-27T19:02:40.976+0000] {logging_mixin.py:188} INFO - [2024-10-27T19:02:40.975+0000] {dag.py:3036} INFO - Sync 3 DAGs
[2024-10-27T19:02:40.992+0000] {logging_mixin.py:188} INFO - [2024-10-27T19:02:40.991+0000] {dag.py:3823} INFO - Setting next_dagrun for example_subdag_operator to 2022-01-01 00:00:00+00:00, run_after=2022-01-01 00:00:00+00:00
[2024-10-27T19:02:40.996+0000] {logging_mixin.py:188} INFO - [2024-10-27T19:02:40.996+0000] {dag.py:3823} INFO - Setting next_dagrun for example_subdag_operator.section-1 to None, run_after=None
[2024-10-27T19:02:40.997+0000] {logging_mixin.py:188} INFO - [2024-10-27T19:02:40.997+0000] {dag.py:3823} INFO - Setting next_dagrun for example_subdag_operator.section-2 to None, run_after=None
[2024-10-27T19:02:41.005+0000] {logging_mixin.py:188} INFO - [2024-10-27T19:02:41.005+0000] {dag.py:3036} INFO - Sync 2 DAGs
[2024-10-27T19:02:41.010+0000] {logging_mixin.py:188} INFO - [2024-10-27T19:02:41.010+0000] {dag.py:3823} INFO - Setting next_dagrun for example_subdag_operator.section-1 to None, run_after=None
[2024-10-27T19:02:41.010+0000] {logging_mixin.py:188} INFO - [2024-10-27T19:02:41.010+0000] {dag.py:3823} INFO - Setting next_dagrun for example_subdag_operator.section-2 to None, run_after=None
[2024-10-27T19:02:41.021+0000] {processor.py:183} INFO - Processing /home/airflow/.local/lib/python3.8/site-packages/airflow/example_dags/example_subdag_operator.py took 0.082 seconds
[2024-10-27T19:03:11.093+0000] {processor.py:161} INFO - Started process (PID=791) to work on /home/airflow/.local/lib/python3.8/site-packages/airflow/example_dags/example_subdag_operator.py
[2024-10-27T19:03:11.094+0000] {processor.py:830} INFO - Processing file /home/airflow/.local/lib/python3.8/site-packages/airflow/example_dags/example_subdag_operator.py for tasks to queue
[2024-10-27T19:03:11.096+0000] {logging_mixin.py:188} INFO - [2024-10-27T19:03:11.096+0000] {dagbag.py:538} INFO - Filling up the DagBag from /home/airflow/.local/lib/python3.8/site-packages/airflow/example_dags/example_subdag_operator.py
[2024-10-27T19:03:11.115+0000] {processor.py:840} INFO - DAG(s) 'example_subdag_operator.section-1', 'example_subdag_operator.section-2', 'example_subdag_operator' retrieved from /home/airflow/.local/lib/python3.8/site-packages/airflow/example_dags/example_subdag_operator.py
[2024-10-27T19:03:11.127+0000] {logging_mixin.py:188} INFO - [2024-10-27T19:03:11.126+0000] {dag.py:3036} INFO - Sync 3 DAGs
[2024-10-27T19:03:11.143+0000] {logging_mixin.py:188} INFO - [2024-10-27T19:03:11.143+0000] {dag.py:3823} INFO - Setting next_dagrun for example_subdag_operator to 2022-01-01 00:00:00+00:00, run_after=2022-01-01 00:00:00+00:00
[2024-10-27T19:03:11.146+0000] {logging_mixin.py:188} INFO - [2024-10-27T19:03:11.146+0000] {dag.py:3823} INFO - Setting next_dagrun for example_subdag_operator.section-1 to None, run_after=None
[2024-10-27T19:03:11.147+0000] {logging_mixin.py:188} INFO - [2024-10-27T19:03:11.147+0000] {dag.py:3823} INFO - Setting next_dagrun for example_subdag_operator.section-2 to None, run_after=None
[2024-10-27T19:03:11.153+0000] {logging_mixin.py:188} INFO - [2024-10-27T19:03:11.153+0000] {dag.py:3036} INFO - Sync 2 DAGs
[2024-10-27T19:03:11.157+0000] {logging_mixin.py:188} INFO - [2024-10-27T19:03:11.157+0000] {dag.py:3823} INFO - Setting next_dagrun for example_subdag_operator.section-1 to None, run_after=None
[2024-10-27T19:03:11.158+0000] {logging_mixin.py:188} INFO - [2024-10-27T19:03:11.158+0000] {dag.py:3823} INFO - Setting next_dagrun for example_subdag_operator.section-2 to None, run_after=None
[2024-10-27T19:03:11.167+0000] {processor.py:183} INFO - Processing /home/airflow/.local/lib/python3.8/site-packages/airflow/example_dags/example_subdag_operator.py took 0.077 seconds
[2024-10-27T19:03:41.458+0000] {processor.py:161} INFO - Started process (PID=847) to work on /home/airflow/.local/lib/python3.8/site-packages/airflow/example_dags/example_subdag_operator.py
[2024-10-27T19:03:41.459+0000] {processor.py:830} INFO - Processing file /home/airflow/.local/lib/python3.8/site-packages/airflow/example_dags/example_subdag_operator.py for tasks to queue
[2024-10-27T19:03:41.460+0000] {logging_mixin.py:188} INFO - [2024-10-27T19:03:41.460+0000] {dagbag.py:538} INFO - Filling up the DagBag from /home/airflow/.local/lib/python3.8/site-packages/airflow/example_dags/example_subdag_operator.py
[2024-10-27T19:03:41.478+0000] {processor.py:840} INFO - DAG(s) 'example_subdag_operator.section-1', 'example_subdag_operator.section-2', 'example_subdag_operator' retrieved from /home/airflow/.local/lib/python3.8/site-packages/airflow/example_dags/example_subdag_operator.py
[2024-10-27T19:03:41.490+0000] {logging_mixin.py:188} INFO - [2024-10-27T19:03:41.489+0000] {dag.py:3036} INFO - Sync 3 DAGs
[2024-10-27T19:03:41.505+0000] {logging_mixin.py:188} INFO - [2024-10-27T19:03:41.505+0000] {dag.py:3823} INFO - Setting next_dagrun for example_subdag_operator to 2022-01-01 00:00:00+00:00, run_after=2022-01-01 00:00:00+00:00
[2024-10-27T19:03:41.509+0000] {logging_mixin.py:188} INFO - [2024-10-27T19:03:41.508+0000] {dag.py:3823} INFO - Setting next_dagrun for example_subdag_operator.section-1 to None, run_after=None
[2024-10-27T19:03:41.510+0000] {logging_mixin.py:188} INFO - [2024-10-27T19:03:41.510+0000] {dag.py:3823} INFO - Setting next_dagrun for example_subdag_operator.section-2 to None, run_after=None
[2024-10-27T19:03:41.516+0000] {logging_mixin.py:188} INFO - [2024-10-27T19:03:41.515+0000] {dag.py:3036} INFO - Sync 2 DAGs
[2024-10-27T19:03:41.520+0000] {logging_mixin.py:188} INFO - [2024-10-27T19:03:41.520+0000] {dag.py:3823} INFO - Setting next_dagrun for example_subdag_operator.section-1 to None, run_after=None
[2024-10-27T19:03:41.520+0000] {logging_mixin.py:188} INFO - [2024-10-27T19:03:41.520+0000] {dag.py:3823} INFO - Setting next_dagrun for example_subdag_operator.section-2 to None, run_after=None
[2024-10-27T19:03:41.537+0000] {processor.py:183} INFO - Processing /home/airflow/.local/lib/python3.8/site-packages/airflow/example_dags/example_subdag_operator.py took 0.080 seconds
[2024-10-27T19:04:11.623+0000] {processor.py:161} INFO - Started process (PID=904) to work on /home/airflow/.local/lib/python3.8/site-packages/airflow/example_dags/example_subdag_operator.py
[2024-10-27T19:04:11.624+0000] {processor.py:830} INFO - Processing file /home/airflow/.local/lib/python3.8/site-packages/airflow/example_dags/example_subdag_operator.py for tasks to queue
[2024-10-27T19:04:11.626+0000] {logging_mixin.py:188} INFO - [2024-10-27T19:04:11.625+0000] {dagbag.py:538} INFO - Filling up the DagBag from /home/airflow/.local/lib/python3.8/site-packages/airflow/example_dags/example_subdag_operator.py
[2024-10-27T19:04:11.646+0000] {processor.py:840} INFO - DAG(s) 'example_subdag_operator.section-1', 'example_subdag_operator.section-2', 'example_subdag_operator' retrieved from /home/airflow/.local/lib/python3.8/site-packages/airflow/example_dags/example_subdag_operator.py
[2024-10-27T19:04:11.660+0000] {logging_mixin.py:188} INFO - [2024-10-27T19:04:11.660+0000] {dag.py:3036} INFO - Sync 3 DAGs
[2024-10-27T19:04:11.679+0000] {logging_mixin.py:188} INFO - [2024-10-27T19:04:11.679+0000] {dag.py:3823} INFO - Setting next_dagrun for example_subdag_operator to 2022-01-01 00:00:00+00:00, run_after=2022-01-01 00:00:00+00:00
[2024-10-27T19:04:11.683+0000] {logging_mixin.py:188} INFO - [2024-10-27T19:04:11.683+0000] {dag.py:3823} INFO - Setting next_dagrun for example_subdag_operator.section-1 to None, run_after=None
[2024-10-27T19:04:11.684+0000] {logging_mixin.py:188} INFO - [2024-10-27T19:04:11.684+0000] {dag.py:3823} INFO - Setting next_dagrun for example_subdag_operator.section-2 to None, run_after=None
[2024-10-27T19:04:11.691+0000] {logging_mixin.py:188} INFO - [2024-10-27T19:04:11.691+0000] {dag.py:3036} INFO - Sync 2 DAGs
[2024-10-27T19:04:11.696+0000] {logging_mixin.py:188} INFO - [2024-10-27T19:04:11.695+0000] {dag.py:3823} INFO - Setting next_dagrun for example_subdag_operator.section-1 to None, run_after=None
[2024-10-27T19:04:11.696+0000] {logging_mixin.py:188} INFO - [2024-10-27T19:04:11.696+0000] {dag.py:3823} INFO - Setting next_dagrun for example_subdag_operator.section-2 to None, run_after=None
[2024-10-27T19:04:11.707+0000] {processor.py:183} INFO - Processing /home/airflow/.local/lib/python3.8/site-packages/airflow/example_dags/example_subdag_operator.py took 0.086 seconds
[2024-10-27T19:04:42.174+0000] {processor.py:161} INFO - Started process (PID=960) to work on /home/airflow/.local/lib/python3.8/site-packages/airflow/example_dags/example_subdag_operator.py
[2024-10-27T19:04:42.175+0000] {processor.py:830} INFO - Processing file /home/airflow/.local/lib/python3.8/site-packages/airflow/example_dags/example_subdag_operator.py for tasks to queue
[2024-10-27T19:04:42.176+0000] {logging_mixin.py:188} INFO - [2024-10-27T19:04:42.176+0000] {dagbag.py:538} INFO - Filling up the DagBag from /home/airflow/.local/lib/python3.8/site-packages/airflow/example_dags/example_subdag_operator.py
[2024-10-27T19:04:42.194+0000] {processor.py:840} INFO - DAG(s) 'example_subdag_operator.section-1', 'example_subdag_operator.section-2', 'example_subdag_operator' retrieved from /home/airflow/.local/lib/python3.8/site-packages/airflow/example_dags/example_subdag_operator.py
[2024-10-27T19:04:42.207+0000] {logging_mixin.py:188} INFO - [2024-10-27T19:04:42.207+0000] {dag.py:3036} INFO - Sync 3 DAGs
[2024-10-27T19:04:42.224+0000] {logging_mixin.py:188} INFO - [2024-10-27T19:04:42.223+0000] {dag.py:3823} INFO - Setting next_dagrun for example_subdag_operator to 2022-01-01 00:00:00+00:00, run_after=2022-01-01 00:00:00+00:00
[2024-10-27T19:04:42.226+0000] {logging_mixin.py:188} INFO - [2024-10-27T19:04:42.226+0000] {dag.py:3823} INFO - Setting next_dagrun for example_subdag_operator.section-1 to None, run_after=None
[2024-10-27T19:04:42.227+0000] {logging_mixin.py:188} INFO - [2024-10-27T19:04:42.227+0000] {dag.py:3823} INFO - Setting next_dagrun for example_subdag_operator.section-2 to None, run_after=None
[2024-10-27T19:04:42.233+0000] {logging_mixin.py:188} INFO - [2024-10-27T19:04:42.233+0000] {dag.py:3036} INFO - Sync 2 DAGs
[2024-10-27T19:04:42.237+0000] {logging_mixin.py:188} INFO - [2024-10-27T19:04:42.237+0000] {dag.py:3823} INFO - Setting next_dagrun for example_subdag_operator.section-1 to None, run_after=None
[2024-10-27T19:04:42.238+0000] {logging_mixin.py:188} INFO - [2024-10-27T19:04:42.238+0000] {dag.py:3823} INFO - Setting next_dagrun for example_subdag_operator.section-2 to None, run_after=None
[2024-10-27T19:04:42.248+0000] {processor.py:183} INFO - Processing /home/airflow/.local/lib/python3.8/site-packages/airflow/example_dags/example_subdag_operator.py took 0.076 seconds
[2024-10-27T19:05:12.857+0000] {processor.py:161} INFO - Started process (PID=1015) to work on /home/airflow/.local/lib/python3.8/site-packages/airflow/example_dags/example_subdag_operator.py
[2024-10-27T19:05:12.858+0000] {processor.py:830} INFO - Processing file /home/airflow/.local/lib/python3.8/site-packages/airflow/example_dags/example_subdag_operator.py for tasks to queue
[2024-10-27T19:05:12.859+0000] {logging_mixin.py:188} INFO - [2024-10-27T19:05:12.859+0000] {dagbag.py:538} INFO - Filling up the DagBag from /home/airflow/.local/lib/python3.8/site-packages/airflow/example_dags/example_subdag_operator.py
[2024-10-27T19:05:12.878+0000] {processor.py:840} INFO - DAG(s) 'example_subdag_operator.section-1', 'example_subdag_operator.section-2', 'example_subdag_operator' retrieved from /home/airflow/.local/lib/python3.8/site-packages/airflow/example_dags/example_subdag_operator.py
[2024-10-27T19:05:12.890+0000] {logging_mixin.py:188} INFO - [2024-10-27T19:05:12.890+0000] {dag.py:3036} INFO - Sync 3 DAGs
[2024-10-27T19:05:12.909+0000] {logging_mixin.py:188} INFO - [2024-10-27T19:05:12.909+0000] {dag.py:3823} INFO - Setting next_dagrun for example_subdag_operator to 2022-01-01 00:00:00+00:00, run_after=2022-01-01 00:00:00+00:00
[2024-10-27T19:05:12.912+0000] {logging_mixin.py:188} INFO - [2024-10-27T19:05:12.912+0000] {dag.py:3823} INFO - Setting next_dagrun for example_subdag_operator.section-1 to None, run_after=None
[2024-10-27T19:05:12.913+0000] {logging_mixin.py:188} INFO - [2024-10-27T19:05:12.913+0000] {dag.py:3823} INFO - Setting next_dagrun for example_subdag_operator.section-2 to None, run_after=None
[2024-10-27T19:05:12.919+0000] {logging_mixin.py:188} INFO - [2024-10-27T19:05:12.919+0000] {dag.py:3036} INFO - Sync 2 DAGs
[2024-10-27T19:05:12.924+0000] {logging_mixin.py:188} INFO - [2024-10-27T19:05:12.924+0000] {dag.py:3823} INFO - Setting next_dagrun for example_subdag_operator.section-1 to None, run_after=None
[2024-10-27T19:05:12.925+0000] {logging_mixin.py:188} INFO - [2024-10-27T19:05:12.925+0000] {dag.py:3823} INFO - Setting next_dagrun for example_subdag_operator.section-2 to None, run_after=None
[2024-10-27T19:05:12.936+0000] {processor.py:183} INFO - Processing /home/airflow/.local/lib/python3.8/site-packages/airflow/example_dags/example_subdag_operator.py took 0.082 seconds
[2024-10-27T19:13:16.204+0000] {processor.py:161} INFO - Started process (PID=71) to work on /home/airflow/.local/lib/python3.11/site-packages/airflow/example_dags/example_subdag_operator.py
[2024-10-27T19:13:16.415+0000] {processor.py:830} INFO - Processing file /home/airflow/.local/lib/python3.11/site-packages/airflow/example_dags/example_subdag_operator.py for tasks to queue
[2024-10-27T19:13:16.417+0000] {logging_mixin.py:188} INFO - [2024-10-27T19:13:16.417+0000] {dagbag.py:538} INFO - Filling up the DagBag from /home/airflow/.local/lib/python3.11/site-packages/airflow/example_dags/example_subdag_operator.py
[2024-10-27T19:13:16.441+0000] {processor.py:840} INFO - DAG(s) 'example_subdag_operator.section-1', 'example_subdag_operator.section-2', 'example_subdag_operator' retrieved from /home/airflow/.local/lib/python3.11/site-packages/airflow/example_dags/example_subdag_operator.py
[2024-10-27T19:13:16.444+0000] {logging_mixin.py:188} INFO - [2024-10-27T19:13:16.444+0000] {dag.py:3036} INFO - Sync 3 DAGs
[2024-10-27T19:13:16.468+0000] {logging_mixin.py:188} INFO - [2024-10-27T19:13:16.467+0000] {dag.py:3823} INFO - Setting next_dagrun for example_subdag_operator to 2022-01-01 00:00:00+00:00, run_after=2022-01-01 00:00:00+00:00
[2024-10-27T19:13:16.472+0000] {logging_mixin.py:188} INFO - [2024-10-27T19:13:16.471+0000] {dag.py:3823} INFO - Setting next_dagrun for example_subdag_operator.section-1 to None, run_after=None
[2024-10-27T19:13:16.473+0000] {logging_mixin.py:188} INFO - [2024-10-27T19:13:16.473+0000] {dag.py:3823} INFO - Setting next_dagrun for example_subdag_operator.section-2 to None, run_after=None
[2024-10-27T19:13:16.479+0000] {logging_mixin.py:188} INFO - [2024-10-27T19:13:16.479+0000] {dag.py:3036} INFO - Sync 2 DAGs
[2024-10-27T19:13:16.483+0000] {logging_mixin.py:188} INFO - [2024-10-27T19:13:16.483+0000] {dag.py:3823} INFO - Setting next_dagrun for example_subdag_operator.section-1 to None, run_after=None
[2024-10-27T19:13:16.484+0000] {logging_mixin.py:188} INFO - [2024-10-27T19:13:16.484+0000] {dag.py:3823} INFO - Setting next_dagrun for example_subdag_operator.section-2 to None, run_after=None
[2024-10-27T19:13:18.120+0000] {processor.py:183} INFO - Processing /home/airflow/.local/lib/python3.11/site-packages/airflow/example_dags/example_subdag_operator.py took 1.919 seconds
[2024-10-27T19:13:54.014+0000] {processor.py:161} INFO - Started process (PID=129) to work on /home/airflow/.local/lib/python3.11/site-packages/airflow/example_dags/example_subdag_operator.py
[2024-10-27T19:13:54.015+0000] {processor.py:830} INFO - Processing file /home/airflow/.local/lib/python3.11/site-packages/airflow/example_dags/example_subdag_operator.py for tasks to queue
[2024-10-27T19:13:54.018+0000] {logging_mixin.py:188} INFO - [2024-10-27T19:13:54.017+0000] {dagbag.py:538} INFO - Filling up the DagBag from /home/airflow/.local/lib/python3.11/site-packages/airflow/example_dags/example_subdag_operator.py
[2024-10-27T19:13:54.046+0000] {processor.py:840} INFO - DAG(s) 'example_subdag_operator.section-1', 'example_subdag_operator.section-2', 'example_subdag_operator' retrieved from /home/airflow/.local/lib/python3.11/site-packages/airflow/example_dags/example_subdag_operator.py
[2024-10-27T19:13:54.147+0000] {logging_mixin.py:188} INFO - [2024-10-27T19:13:54.147+0000] {dag.py:3036} INFO - Sync 3 DAGs
[2024-10-27T19:13:54.167+0000] {logging_mixin.py:188} INFO - [2024-10-27T19:13:54.166+0000] {dag.py:3823} INFO - Setting next_dagrun for example_subdag_operator to 2022-01-01 00:00:00+00:00, run_after=2022-01-01 00:00:00+00:00
[2024-10-27T19:13:54.171+0000] {logging_mixin.py:188} INFO - [2024-10-27T19:13:54.170+0000] {dag.py:3823} INFO - Setting next_dagrun for example_subdag_operator.section-1 to None, run_after=None
[2024-10-27T19:13:54.172+0000] {logging_mixin.py:188} INFO - [2024-10-27T19:13:54.172+0000] {dag.py:3823} INFO - Setting next_dagrun for example_subdag_operator.section-2 to None, run_after=None
[2024-10-27T19:13:54.184+0000] {logging_mixin.py:188} INFO - [2024-10-27T19:13:54.183+0000] {dag.py:3036} INFO - Sync 2 DAGs
[2024-10-27T19:13:54.193+0000] {logging_mixin.py:188} INFO - [2024-10-27T19:13:54.193+0000] {dag.py:3823} INFO - Setting next_dagrun for example_subdag_operator.section-1 to None, run_after=None
[2024-10-27T19:13:54.194+0000] {logging_mixin.py:188} INFO - [2024-10-27T19:13:54.193+0000] {dag.py:3823} INFO - Setting next_dagrun for example_subdag_operator.section-2 to None, run_after=None
[2024-10-27T19:13:55.409+0000] {processor.py:183} INFO - Processing /home/airflow/.local/lib/python3.11/site-packages/airflow/example_dags/example_subdag_operator.py took 1.399 seconds
[2024-10-27T19:14:25.611+0000] {processor.py:161} INFO - Started process (PID=187) to work on /home/airflow/.local/lib/python3.11/site-packages/airflow/example_dags/example_subdag_operator.py
[2024-10-27T19:14:25.613+0000] {processor.py:830} INFO - Processing file /home/airflow/.local/lib/python3.11/site-packages/airflow/example_dags/example_subdag_operator.py for tasks to queue
[2024-10-27T19:14:25.619+0000] {logging_mixin.py:188} INFO - [2024-10-27T19:14:25.619+0000] {dagbag.py:538} INFO - Filling up the DagBag from /home/airflow/.local/lib/python3.11/site-packages/airflow/example_dags/example_subdag_operator.py
[2024-10-27T19:14:25.660+0000] {processor.py:840} INFO - DAG(s) 'example_subdag_operator.section-1', 'example_subdag_operator.section-2', 'example_subdag_operator' retrieved from /home/airflow/.local/lib/python3.11/site-packages/airflow/example_dags/example_subdag_operator.py
[2024-10-27T19:14:25.687+0000] {logging_mixin.py:188} INFO - [2024-10-27T19:14:25.687+0000] {dag.py:3036} INFO - Sync 3 DAGs
[2024-10-27T19:14:25.731+0000] {logging_mixin.py:188} INFO - [2024-10-27T19:14:25.730+0000] {dag.py:3823} INFO - Setting next_dagrun for example_subdag_operator to 2022-01-01 00:00:00+00:00, run_after=2022-01-01 00:00:00+00:00
[2024-10-27T19:14:25.739+0000] {logging_mixin.py:188} INFO - [2024-10-27T19:14:25.738+0000] {dag.py:3823} INFO - Setting next_dagrun for example_subdag_operator.section-1 to None, run_after=None
[2024-10-27T19:14:25.743+0000] {logging_mixin.py:188} INFO - [2024-10-27T19:14:25.743+0000] {dag.py:3823} INFO - Setting next_dagrun for example_subdag_operator.section-2 to None, run_after=None
[2024-10-27T19:14:25.754+0000] {logging_mixin.py:188} INFO - [2024-10-27T19:14:25.753+0000] {dag.py:3036} INFO - Sync 2 DAGs
[2024-10-27T19:14:25.764+0000] {logging_mixin.py:188} INFO - [2024-10-27T19:14:25.764+0000] {dag.py:3823} INFO - Setting next_dagrun for example_subdag_operator.section-1 to None, run_after=None
[2024-10-27T19:14:25.766+0000] {logging_mixin.py:188} INFO - [2024-10-27T19:14:25.765+0000] {dag.py:3823} INFO - Setting next_dagrun for example_subdag_operator.section-2 to None, run_after=None
[2024-10-27T19:14:25.794+0000] {processor.py:183} INFO - Processing /home/airflow/.local/lib/python3.11/site-packages/airflow/example_dags/example_subdag_operator.py took 0.186 seconds
[2024-10-27T19:14:56.784+0000] {processor.py:161} INFO - Started process (PID=245) to work on /home/airflow/.local/lib/python3.11/site-packages/airflow/example_dags/example_subdag_operator.py
[2024-10-27T19:14:56.786+0000] {processor.py:830} INFO - Processing file /home/airflow/.local/lib/python3.11/site-packages/airflow/example_dags/example_subdag_operator.py for tasks to queue
[2024-10-27T19:14:56.790+0000] {logging_mixin.py:188} INFO - [2024-10-27T19:14:56.790+0000] {dagbag.py:538} INFO - Filling up the DagBag from /home/airflow/.local/lib/python3.11/site-packages/airflow/example_dags/example_subdag_operator.py
[2024-10-27T19:14:56.820+0000] {processor.py:840} INFO - DAG(s) 'example_subdag_operator.section-1', 'example_subdag_operator.section-2', 'example_subdag_operator' retrieved from /home/airflow/.local/lib/python3.11/site-packages/airflow/example_dags/example_subdag_operator.py
[2024-10-27T19:14:56.839+0000] {logging_mixin.py:188} INFO - [2024-10-27T19:14:56.839+0000] {dag.py:3036} INFO - Sync 3 DAGs
[2024-10-27T19:14:56.863+0000] {logging_mixin.py:188} INFO - [2024-10-27T19:14:56.863+0000] {dag.py:3823} INFO - Setting next_dagrun for example_subdag_operator to 2022-01-01 00:00:00+00:00, run_after=2022-01-01 00:00:00+00:00
[2024-10-27T19:14:56.868+0000] {logging_mixin.py:188} INFO - [2024-10-27T19:14:56.868+0000] {dag.py:3823} INFO - Setting next_dagrun for example_subdag_operator.section-1 to None, run_after=None
[2024-10-27T19:14:56.870+0000] {logging_mixin.py:188} INFO - [2024-10-27T19:14:56.870+0000] {dag.py:3823} INFO - Setting next_dagrun for example_subdag_operator.section-2 to None, run_after=None
[2024-10-27T19:14:56.879+0000] {logging_mixin.py:188} INFO - [2024-10-27T19:14:56.879+0000] {dag.py:3036} INFO - Sync 2 DAGs
[2024-10-27T19:14:56.886+0000] {logging_mixin.py:188} INFO - [2024-10-27T19:14:56.886+0000] {dag.py:3823} INFO - Setting next_dagrun for example_subdag_operator.section-1 to None, run_after=None
[2024-10-27T19:14:56.887+0000] {logging_mixin.py:188} INFO - [2024-10-27T19:14:56.886+0000] {dag.py:3823} INFO - Setting next_dagrun for example_subdag_operator.section-2 to None, run_after=None
[2024-10-27T19:14:57.806+0000] {processor.py:183} INFO - Processing /home/airflow/.local/lib/python3.11/site-packages/airflow/example_dags/example_subdag_operator.py took 1.026 seconds
[2024-10-27T19:15:28.062+0000] {processor.py:161} INFO - Started process (PID=304) to work on /home/airflow/.local/lib/python3.11/site-packages/airflow/example_dags/example_subdag_operator.py
[2024-10-27T19:15:28.062+0000] {processor.py:830} INFO - Processing file /home/airflow/.local/lib/python3.11/site-packages/airflow/example_dags/example_subdag_operator.py for tasks to queue
[2024-10-27T19:15:28.064+0000] {logging_mixin.py:188} INFO - [2024-10-27T19:15:28.064+0000] {dagbag.py:538} INFO - Filling up the DagBag from /home/airflow/.local/lib/python3.11/site-packages/airflow/example_dags/example_subdag_operator.py
[2024-10-27T19:15:28.082+0000] {processor.py:840} INFO - DAG(s) 'example_subdag_operator.section-1', 'example_subdag_operator.section-2', 'example_subdag_operator' retrieved from /home/airflow/.local/lib/python3.11/site-packages/airflow/example_dags/example_subdag_operator.py
[2024-10-27T19:15:28.093+0000] {logging_mixin.py:188} INFO - [2024-10-27T19:15:28.093+0000] {dag.py:3036} INFO - Sync 3 DAGs
[2024-10-27T19:15:28.110+0000] {logging_mixin.py:188} INFO - [2024-10-27T19:15:28.110+0000] {dag.py:3823} INFO - Setting next_dagrun for example_subdag_operator to 2022-01-01 00:00:00+00:00, run_after=2022-01-01 00:00:00+00:00
[2024-10-27T19:15:28.113+0000] {logging_mixin.py:188} INFO - [2024-10-27T19:15:28.113+0000] {dag.py:3823} INFO - Setting next_dagrun for example_subdag_operator.section-1 to None, run_after=None
[2024-10-27T19:15:28.115+0000] {logging_mixin.py:188} INFO - [2024-10-27T19:15:28.114+0000] {dag.py:3823} INFO - Setting next_dagrun for example_subdag_operator.section-2 to None, run_after=None
[2024-10-27T19:15:28.121+0000] {logging_mixin.py:188} INFO - [2024-10-27T19:15:28.120+0000] {dag.py:3036} INFO - Sync 2 DAGs
[2024-10-27T19:15:28.126+0000] {logging_mixin.py:188} INFO - [2024-10-27T19:15:28.125+0000] {dag.py:3823} INFO - Setting next_dagrun for example_subdag_operator.section-1 to None, run_after=None
[2024-10-27T19:15:28.126+0000] {logging_mixin.py:188} INFO - [2024-10-27T19:15:28.126+0000] {dag.py:3823} INFO - Setting next_dagrun for example_subdag_operator.section-2 to None, run_after=None
[2024-10-27T19:15:28.138+0000] {processor.py:183} INFO - Processing /home/airflow/.local/lib/python3.11/site-packages/airflow/example_dags/example_subdag_operator.py took 0.079 seconds
