[2024-10-27T18:56:02.049+0000] {processor.py:161} INFO - Started process (PID=203) to work on /home/airflow/.local/lib/python3.8/site-packages/airflow/example_dags/example_complex.py
[2024-10-27T18:56:02.050+0000] {processor.py:830} INFO - Processing file /home/airflow/.local/lib/python3.8/site-packages/airflow/example_dags/example_complex.py for tasks to queue
[2024-10-27T18:56:02.051+0000] {logging_mixin.py:188} INFO - [2024-10-27T18:56:02.051+0000] {dagbag.py:538} INFO - Filling up the DagBag from /home/airflow/.local/lib/python3.8/site-packages/airflow/example_dags/example_complex.py
[2024-10-27T18:56:02.060+0000] {processor.py:840} INFO - DAG(s) 'example_complex' retrieved from /home/airflow/.local/lib/python3.8/site-packages/airflow/example_dags/example_complex.py
[2024-10-27T18:56:02.150+0000] {logging_mixin.py:188} INFO - [2024-10-27T18:56:02.149+0000] {override.py:1769} INFO - Created Permission View: can delete on DAG:example_complex
[2024-10-27T18:56:02.159+0000] {logging_mixin.py:188} INFO - [2024-10-27T18:56:02.159+0000] {override.py:1769} INFO - Created Permission View: can read on DAG:example_complex
[2024-10-27T18:56:02.165+0000] {logging_mixin.py:188} INFO - [2024-10-27T18:56:02.165+0000] {override.py:1769} INFO - Created Permission View: can edit on DAG:example_complex
[2024-10-27T18:56:02.166+0000] {logging_mixin.py:188} INFO - [2024-10-27T18:56:02.166+0000] {dag.py:3036} INFO - Sync 1 DAGs
[2024-10-27T18:56:02.176+0000] {logging_mixin.py:188} INFO - [2024-10-27T18:56:02.175+0000] {dag.py:3058} INFO - Creating ORM DAG for example_complex
[2024-10-27T18:56:02.177+0000] {logging_mixin.py:188} INFO - [2024-10-27T18:56:02.176+0000] {dag.py:3823} INFO - Setting next_dagrun for example_complex to None, run_after=None
[2024-10-27T18:56:02.196+0000] {processor.py:183} INFO - Processing /home/airflow/.local/lib/python3.8/site-packages/airflow/example_dags/example_complex.py took 0.149 seconds
[2024-10-27T18:56:37.195+0000] {processor.py:161} INFO - Started process (PID=69) to work on /home/airflow/.local/lib/python3.8/site-packages/airflow/example_dags/example_complex.py
[2024-10-27T18:56:37.196+0000] {processor.py:830} INFO - Processing file /home/airflow/.local/lib/python3.8/site-packages/airflow/example_dags/example_complex.py for tasks to queue
[2024-10-27T18:56:37.199+0000] {logging_mixin.py:188} INFO - [2024-10-27T18:56:37.198+0000] {dagbag.py:538} INFO - Filling up the DagBag from /home/airflow/.local/lib/python3.8/site-packages/airflow/example_dags/example_complex.py
[2024-10-27T18:56:37.212+0000] {processor.py:840} INFO - DAG(s) 'example_complex' retrieved from /home/airflow/.local/lib/python3.8/site-packages/airflow/example_dags/example_complex.py
[2024-10-27T18:56:37.241+0000] {logging_mixin.py:188} INFO - [2024-10-27T18:56:37.240+0000] {dag.py:3036} INFO - Sync 1 DAGs
[2024-10-27T18:56:37.251+0000] {logging_mixin.py:188} INFO - [2024-10-27T18:56:37.250+0000] {dag.py:3823} INFO - Setting next_dagrun for example_complex to None, run_after=None
[2024-10-27T18:56:37.267+0000] {processor.py:183} INFO - Processing /home/airflow/.local/lib/python3.8/site-packages/airflow/example_dags/example_complex.py took 0.075 seconds
[2024-10-27T18:57:07.734+0000] {processor.py:161} INFO - Started process (PID=131) to work on /home/airflow/.local/lib/python3.8/site-packages/airflow/example_dags/example_complex.py
[2024-10-27T18:57:07.735+0000] {processor.py:830} INFO - Processing file /home/airflow/.local/lib/python3.8/site-packages/airflow/example_dags/example_complex.py for tasks to queue
[2024-10-27T18:57:07.736+0000] {logging_mixin.py:188} INFO - [2024-10-27T18:57:07.736+0000] {dagbag.py:538} INFO - Filling up the DagBag from /home/airflow/.local/lib/python3.8/site-packages/airflow/example_dags/example_complex.py
[2024-10-27T18:57:07.748+0000] {processor.py:840} INFO - DAG(s) 'example_complex' retrieved from /home/airflow/.local/lib/python3.8/site-packages/airflow/example_dags/example_complex.py
[2024-10-27T18:57:07.773+0000] {logging_mixin.py:188} INFO - [2024-10-27T18:57:07.773+0000] {dag.py:3036} INFO - Sync 1 DAGs
[2024-10-27T18:57:07.784+0000] {logging_mixin.py:188} INFO - [2024-10-27T18:57:07.783+0000] {dag.py:3823} INFO - Setting next_dagrun for example_complex to None, run_after=None
[2024-10-27T18:57:07.801+0000] {processor.py:183} INFO - Processing /home/airflow/.local/lib/python3.8/site-packages/airflow/example_dags/example_complex.py took 0.070 seconds
[2024-10-27T18:57:38.120+0000] {processor.py:161} INFO - Started process (PID=187) to work on /home/airflow/.local/lib/python3.8/site-packages/airflow/example_dags/example_complex.py
[2024-10-27T18:57:38.121+0000] {processor.py:830} INFO - Processing file /home/airflow/.local/lib/python3.8/site-packages/airflow/example_dags/example_complex.py for tasks to queue
[2024-10-27T18:57:38.122+0000] {logging_mixin.py:188} INFO - [2024-10-27T18:57:38.122+0000] {dagbag.py:538} INFO - Filling up the DagBag from /home/airflow/.local/lib/python3.8/site-packages/airflow/example_dags/example_complex.py
[2024-10-27T18:57:38.131+0000] {processor.py:840} INFO - DAG(s) 'example_complex' retrieved from /home/airflow/.local/lib/python3.8/site-packages/airflow/example_dags/example_complex.py
[2024-10-27T18:57:38.165+0000] {logging_mixin.py:188} INFO - [2024-10-27T18:57:38.164+0000] {dag.py:3036} INFO - Sync 1 DAGs
[2024-10-27T18:57:38.176+0000] {logging_mixin.py:188} INFO - [2024-10-27T18:57:38.175+0000] {dag.py:3823} INFO - Setting next_dagrun for example_complex to None, run_after=None
[2024-10-27T18:57:38.194+0000] {processor.py:183} INFO - Processing /home/airflow/.local/lib/python3.8/site-packages/airflow/example_dags/example_complex.py took 0.077 seconds
[2024-10-27T18:58:08.619+0000] {processor.py:161} INFO - Started process (PID=243) to work on /home/airflow/.local/lib/python3.8/site-packages/airflow/example_dags/example_complex.py
[2024-10-27T18:58:08.620+0000] {processor.py:830} INFO - Processing file /home/airflow/.local/lib/python3.8/site-packages/airflow/example_dags/example_complex.py for tasks to queue
[2024-10-27T18:58:08.621+0000] {logging_mixin.py:188} INFO - [2024-10-27T18:58:08.621+0000] {dagbag.py:538} INFO - Filling up the DagBag from /home/airflow/.local/lib/python3.8/site-packages/airflow/example_dags/example_complex.py
[2024-10-27T18:58:08.632+0000] {processor.py:840} INFO - DAG(s) 'example_complex' retrieved from /home/airflow/.local/lib/python3.8/site-packages/airflow/example_dags/example_complex.py
[2024-10-27T18:58:08.658+0000] {logging_mixin.py:188} INFO - [2024-10-27T18:58:08.658+0000] {dag.py:3036} INFO - Sync 1 DAGs
[2024-10-27T18:58:08.671+0000] {logging_mixin.py:188} INFO - [2024-10-27T18:58:08.671+0000] {dag.py:3823} INFO - Setting next_dagrun for example_complex to None, run_after=None
[2024-10-27T18:58:08.701+0000] {processor.py:183} INFO - Processing /home/airflow/.local/lib/python3.8/site-packages/airflow/example_dags/example_complex.py took 0.086 seconds
[2024-10-27T18:58:39.255+0000] {processor.py:161} INFO - Started process (PID=299) to work on /home/airflow/.local/lib/python3.8/site-packages/airflow/example_dags/example_complex.py
[2024-10-27T18:58:39.256+0000] {processor.py:830} INFO - Processing file /home/airflow/.local/lib/python3.8/site-packages/airflow/example_dags/example_complex.py for tasks to queue
[2024-10-27T18:58:39.258+0000] {logging_mixin.py:188} INFO - [2024-10-27T18:58:39.258+0000] {dagbag.py:538} INFO - Filling up the DagBag from /home/airflow/.local/lib/python3.8/site-packages/airflow/example_dags/example_complex.py
[2024-10-27T18:58:39.266+0000] {processor.py:840} INFO - DAG(s) 'example_complex' retrieved from /home/airflow/.local/lib/python3.8/site-packages/airflow/example_dags/example_complex.py
[2024-10-27T18:58:39.294+0000] {logging_mixin.py:188} INFO - [2024-10-27T18:58:39.294+0000] {dag.py:3036} INFO - Sync 1 DAGs
[2024-10-27T18:58:39.307+0000] {logging_mixin.py:188} INFO - [2024-10-27T18:58:39.307+0000] {dag.py:3823} INFO - Setting next_dagrun for example_complex to None, run_after=None
[2024-10-27T18:58:39.327+0000] {processor.py:183} INFO - Processing /home/airflow/.local/lib/python3.8/site-packages/airflow/example_dags/example_complex.py took 0.074 seconds
[2024-10-27T18:59:09.454+0000] {processor.py:161} INFO - Started process (PID=356) to work on /home/airflow/.local/lib/python3.8/site-packages/airflow/example_dags/example_complex.py
[2024-10-27T18:59:09.454+0000] {processor.py:830} INFO - Processing file /home/airflow/.local/lib/python3.8/site-packages/airflow/example_dags/example_complex.py for tasks to queue
[2024-10-27T18:59:09.455+0000] {logging_mixin.py:188} INFO - [2024-10-27T18:59:09.455+0000] {dagbag.py:538} INFO - Filling up the DagBag from /home/airflow/.local/lib/python3.8/site-packages/airflow/example_dags/example_complex.py
[2024-10-27T18:59:09.463+0000] {processor.py:840} INFO - DAG(s) 'example_complex' retrieved from /home/airflow/.local/lib/python3.8/site-packages/airflow/example_dags/example_complex.py
[2024-10-27T18:59:09.486+0000] {logging_mixin.py:188} INFO - [2024-10-27T18:59:09.486+0000] {dag.py:3036} INFO - Sync 1 DAGs
[2024-10-27T18:59:09.495+0000] {logging_mixin.py:188} INFO - [2024-10-27T18:59:09.495+0000] {dag.py:3823} INFO - Setting next_dagrun for example_complex to None, run_after=None
[2024-10-27T18:59:09.509+0000] {processor.py:183} INFO - Processing /home/airflow/.local/lib/python3.8/site-packages/airflow/example_dags/example_complex.py took 0.058 seconds
[2024-10-27T18:59:39.818+0000] {processor.py:161} INFO - Started process (PID=412) to work on /home/airflow/.local/lib/python3.8/site-packages/airflow/example_dags/example_complex.py
[2024-10-27T18:59:39.819+0000] {processor.py:830} INFO - Processing file /home/airflow/.local/lib/python3.8/site-packages/airflow/example_dags/example_complex.py for tasks to queue
[2024-10-27T18:59:39.820+0000] {logging_mixin.py:188} INFO - [2024-10-27T18:59:39.820+0000] {dagbag.py:538} INFO - Filling up the DagBag from /home/airflow/.local/lib/python3.8/site-packages/airflow/example_dags/example_complex.py
[2024-10-27T18:59:39.830+0000] {processor.py:840} INFO - DAG(s) 'example_complex' retrieved from /home/airflow/.local/lib/python3.8/site-packages/airflow/example_dags/example_complex.py
[2024-10-27T18:59:39.859+0000] {logging_mixin.py:188} INFO - [2024-10-27T18:59:39.859+0000] {dag.py:3036} INFO - Sync 1 DAGs
[2024-10-27T18:59:39.872+0000] {logging_mixin.py:188} INFO - [2024-10-27T18:59:39.872+0000] {dag.py:3823} INFO - Setting next_dagrun for example_complex to None, run_after=None
[2024-10-27T18:59:39.890+0000] {processor.py:183} INFO - Processing /home/airflow/.local/lib/python3.8/site-packages/airflow/example_dags/example_complex.py took 0.075 seconds
[2024-10-27T19:00:10.052+0000] {processor.py:161} INFO - Started process (PID=468) to work on /home/airflow/.local/lib/python3.8/site-packages/airflow/example_dags/example_complex.py
[2024-10-27T19:00:10.052+0000] {processor.py:830} INFO - Processing file /home/airflow/.local/lib/python3.8/site-packages/airflow/example_dags/example_complex.py for tasks to queue
[2024-10-27T19:00:10.054+0000] {logging_mixin.py:188} INFO - [2024-10-27T19:00:10.054+0000] {dagbag.py:538} INFO - Filling up the DagBag from /home/airflow/.local/lib/python3.8/site-packages/airflow/example_dags/example_complex.py
[2024-10-27T19:00:10.062+0000] {processor.py:840} INFO - DAG(s) 'example_complex' retrieved from /home/airflow/.local/lib/python3.8/site-packages/airflow/example_dags/example_complex.py
[2024-10-27T19:00:10.090+0000] {logging_mixin.py:188} INFO - [2024-10-27T19:00:10.089+0000] {dag.py:3036} INFO - Sync 1 DAGs
[2024-10-27T19:00:10.102+0000] {logging_mixin.py:188} INFO - [2024-10-27T19:00:10.102+0000] {dag.py:3823} INFO - Setting next_dagrun for example_complex to None, run_after=None
[2024-10-27T19:00:10.121+0000] {processor.py:183} INFO - Processing /home/airflow/.local/lib/python3.8/site-packages/airflow/example_dags/example_complex.py took 0.071 seconds
[2024-10-27T19:00:40.263+0000] {processor.py:161} INFO - Started process (PID=524) to work on /home/airflow/.local/lib/python3.8/site-packages/airflow/example_dags/example_complex.py
[2024-10-27T19:00:40.264+0000] {processor.py:830} INFO - Processing file /home/airflow/.local/lib/python3.8/site-packages/airflow/example_dags/example_complex.py for tasks to queue
[2024-10-27T19:00:40.265+0000] {logging_mixin.py:188} INFO - [2024-10-27T19:00:40.265+0000] {dagbag.py:538} INFO - Filling up the DagBag from /home/airflow/.local/lib/python3.8/site-packages/airflow/example_dags/example_complex.py
[2024-10-27T19:00:40.274+0000] {processor.py:840} INFO - DAG(s) 'example_complex' retrieved from /home/airflow/.local/lib/python3.8/site-packages/airflow/example_dags/example_complex.py
[2024-10-27T19:00:40.299+0000] {logging_mixin.py:188} INFO - [2024-10-27T19:00:40.299+0000] {dag.py:3036} INFO - Sync 1 DAGs
[2024-10-27T19:00:40.310+0000] {logging_mixin.py:188} INFO - [2024-10-27T19:00:40.309+0000] {dag.py:3823} INFO - Setting next_dagrun for example_complex to None, run_after=None
[2024-10-27T19:00:40.324+0000] {processor.py:183} INFO - Processing /home/airflow/.local/lib/python3.8/site-packages/airflow/example_dags/example_complex.py took 0.064 seconds
[2024-10-27T19:01:10.559+0000] {processor.py:161} INFO - Started process (PID=580) to work on /home/airflow/.local/lib/python3.8/site-packages/airflow/example_dags/example_complex.py
[2024-10-27T19:01:10.560+0000] {processor.py:830} INFO - Processing file /home/airflow/.local/lib/python3.8/site-packages/airflow/example_dags/example_complex.py for tasks to queue
[2024-10-27T19:01:10.561+0000] {logging_mixin.py:188} INFO - [2024-10-27T19:01:10.561+0000] {dagbag.py:538} INFO - Filling up the DagBag from /home/airflow/.local/lib/python3.8/site-packages/airflow/example_dags/example_complex.py
[2024-10-27T19:01:10.569+0000] {processor.py:840} INFO - DAG(s) 'example_complex' retrieved from /home/airflow/.local/lib/python3.8/site-packages/airflow/example_dags/example_complex.py
[2024-10-27T19:01:10.595+0000] {logging_mixin.py:188} INFO - [2024-10-27T19:01:10.594+0000] {dag.py:3036} INFO - Sync 1 DAGs
[2024-10-27T19:01:10.606+0000] {logging_mixin.py:188} INFO - [2024-10-27T19:01:10.605+0000] {dag.py:3823} INFO - Setting next_dagrun for example_complex to None, run_after=None
[2024-10-27T19:01:10.621+0000] {processor.py:183} INFO - Processing /home/airflow/.local/lib/python3.8/site-packages/airflow/example_dags/example_complex.py took 0.064 seconds
[2024-10-27T19:01:40.864+0000] {processor.py:161} INFO - Started process (PID=636) to work on /home/airflow/.local/lib/python3.8/site-packages/airflow/example_dags/example_complex.py
[2024-10-27T19:01:40.865+0000] {processor.py:830} INFO - Processing file /home/airflow/.local/lib/python3.8/site-packages/airflow/example_dags/example_complex.py for tasks to queue
[2024-10-27T19:01:40.866+0000] {logging_mixin.py:188} INFO - [2024-10-27T19:01:40.866+0000] {dagbag.py:538} INFO - Filling up the DagBag from /home/airflow/.local/lib/python3.8/site-packages/airflow/example_dags/example_complex.py
[2024-10-27T19:01:40.875+0000] {processor.py:840} INFO - DAG(s) 'example_complex' retrieved from /home/airflow/.local/lib/python3.8/site-packages/airflow/example_dags/example_complex.py
[2024-10-27T19:01:40.899+0000] {logging_mixin.py:188} INFO - [2024-10-27T19:01:40.899+0000] {dag.py:3036} INFO - Sync 1 DAGs
[2024-10-27T19:01:40.909+0000] {logging_mixin.py:188} INFO - [2024-10-27T19:01:40.908+0000] {dag.py:3823} INFO - Setting next_dagrun for example_complex to None, run_after=None
[2024-10-27T19:01:40.923+0000] {processor.py:183} INFO - Processing /home/airflow/.local/lib/python3.8/site-packages/airflow/example_dags/example_complex.py took 0.062 seconds
[2024-10-27T19:02:11.167+0000] {processor.py:161} INFO - Started process (PID=692) to work on /home/airflow/.local/lib/python3.8/site-packages/airflow/example_dags/example_complex.py
[2024-10-27T19:02:11.168+0000] {processor.py:830} INFO - Processing file /home/airflow/.local/lib/python3.8/site-packages/airflow/example_dags/example_complex.py for tasks to queue
[2024-10-27T19:02:11.170+0000] {logging_mixin.py:188} INFO - [2024-10-27T19:02:11.169+0000] {dagbag.py:538} INFO - Filling up the DagBag from /home/airflow/.local/lib/python3.8/site-packages/airflow/example_dags/example_complex.py
[2024-10-27T19:02:11.178+0000] {processor.py:840} INFO - DAG(s) 'example_complex' retrieved from /home/airflow/.local/lib/python3.8/site-packages/airflow/example_dags/example_complex.py
[2024-10-27T19:02:11.204+0000] {logging_mixin.py:188} INFO - [2024-10-27T19:02:11.203+0000] {dag.py:3036} INFO - Sync 1 DAGs
[2024-10-27T19:02:11.216+0000] {logging_mixin.py:188} INFO - [2024-10-27T19:02:11.216+0000] {dag.py:3823} INFO - Setting next_dagrun for example_complex to None, run_after=None
[2024-10-27T19:02:11.235+0000] {processor.py:183} INFO - Processing /home/airflow/.local/lib/python3.8/site-packages/airflow/example_dags/example_complex.py took 0.070 seconds
[2024-10-27T19:02:41.463+0000] {processor.py:161} INFO - Started process (PID=748) to work on /home/airflow/.local/lib/python3.8/site-packages/airflow/example_dags/example_complex.py
[2024-10-27T19:02:41.464+0000] {processor.py:830} INFO - Processing file /home/airflow/.local/lib/python3.8/site-packages/airflow/example_dags/example_complex.py for tasks to queue
[2024-10-27T19:02:41.465+0000] {logging_mixin.py:188} INFO - [2024-10-27T19:02:41.465+0000] {dagbag.py:538} INFO - Filling up the DagBag from /home/airflow/.local/lib/python3.8/site-packages/airflow/example_dags/example_complex.py
[2024-10-27T19:02:41.473+0000] {processor.py:840} INFO - DAG(s) 'example_complex' retrieved from /home/airflow/.local/lib/python3.8/site-packages/airflow/example_dags/example_complex.py
[2024-10-27T19:02:41.496+0000] {logging_mixin.py:188} INFO - [2024-10-27T19:02:41.496+0000] {dag.py:3036} INFO - Sync 1 DAGs
[2024-10-27T19:02:41.508+0000] {logging_mixin.py:188} INFO - [2024-10-27T19:02:41.508+0000] {dag.py:3823} INFO - Setting next_dagrun for example_complex to None, run_after=None
[2024-10-27T19:02:41.524+0000] {processor.py:183} INFO - Processing /home/airflow/.local/lib/python3.8/site-packages/airflow/example_dags/example_complex.py took 0.063 seconds
[2024-10-27T19:03:11.631+0000] {processor.py:161} INFO - Started process (PID=804) to work on /home/airflow/.local/lib/python3.8/site-packages/airflow/example_dags/example_complex.py
[2024-10-27T19:03:11.631+0000] {processor.py:830} INFO - Processing file /home/airflow/.local/lib/python3.8/site-packages/airflow/example_dags/example_complex.py for tasks to queue
[2024-10-27T19:03:11.633+0000] {logging_mixin.py:188} INFO - [2024-10-27T19:03:11.633+0000] {dagbag.py:538} INFO - Filling up the DagBag from /home/airflow/.local/lib/python3.8/site-packages/airflow/example_dags/example_complex.py
[2024-10-27T19:03:11.641+0000] {processor.py:840} INFO - DAG(s) 'example_complex' retrieved from /home/airflow/.local/lib/python3.8/site-packages/airflow/example_dags/example_complex.py
[2024-10-27T19:03:11.663+0000] {logging_mixin.py:188} INFO - [2024-10-27T19:03:11.663+0000] {dag.py:3036} INFO - Sync 1 DAGs
[2024-10-27T19:03:11.673+0000] {logging_mixin.py:188} INFO - [2024-10-27T19:03:11.673+0000] {dag.py:3823} INFO - Setting next_dagrun for example_complex to None, run_after=None
[2024-10-27T19:03:11.689+0000] {processor.py:183} INFO - Processing /home/airflow/.local/lib/python3.8/site-packages/airflow/example_dags/example_complex.py took 0.061 seconds
[2024-10-27T19:03:41.975+0000] {processor.py:161} INFO - Started process (PID=860) to work on /home/airflow/.local/lib/python3.8/site-packages/airflow/example_dags/example_complex.py
[2024-10-27T19:03:41.976+0000] {processor.py:830} INFO - Processing file /home/airflow/.local/lib/python3.8/site-packages/airflow/example_dags/example_complex.py for tasks to queue
[2024-10-27T19:03:41.977+0000] {logging_mixin.py:188} INFO - [2024-10-27T19:03:41.977+0000] {dagbag.py:538} INFO - Filling up the DagBag from /home/airflow/.local/lib/python3.8/site-packages/airflow/example_dags/example_complex.py
[2024-10-27T19:03:41.990+0000] {processor.py:840} INFO - DAG(s) 'example_complex' retrieved from /home/airflow/.local/lib/python3.8/site-packages/airflow/example_dags/example_complex.py
[2024-10-27T19:03:42.020+0000] {logging_mixin.py:188} INFO - [2024-10-27T19:03:42.019+0000] {dag.py:3036} INFO - Sync 1 DAGs
[2024-10-27T19:03:42.031+0000] {logging_mixin.py:188} INFO - [2024-10-27T19:03:42.031+0000] {dag.py:3823} INFO - Setting next_dagrun for example_complex to None, run_after=None
[2024-10-27T19:03:42.048+0000] {processor.py:183} INFO - Processing /home/airflow/.local/lib/python3.8/site-packages/airflow/example_dags/example_complex.py took 0.076 seconds
[2024-10-27T19:04:12.235+0000] {processor.py:161} INFO - Started process (PID=916) to work on /home/airflow/.local/lib/python3.8/site-packages/airflow/example_dags/example_complex.py
[2024-10-27T19:04:12.236+0000] {processor.py:830} INFO - Processing file /home/airflow/.local/lib/python3.8/site-packages/airflow/example_dags/example_complex.py for tasks to queue
[2024-10-27T19:04:12.238+0000] {logging_mixin.py:188} INFO - [2024-10-27T19:04:12.237+0000] {dagbag.py:538} INFO - Filling up the DagBag from /home/airflow/.local/lib/python3.8/site-packages/airflow/example_dags/example_complex.py
[2024-10-27T19:04:12.246+0000] {processor.py:840} INFO - DAG(s) 'example_complex' retrieved from /home/airflow/.local/lib/python3.8/site-packages/airflow/example_dags/example_complex.py
[2024-10-27T19:04:12.270+0000] {logging_mixin.py:188} INFO - [2024-10-27T19:04:12.270+0000] {dag.py:3036} INFO - Sync 1 DAGs
[2024-10-27T19:04:12.280+0000] {logging_mixin.py:188} INFO - [2024-10-27T19:04:12.280+0000] {dag.py:3823} INFO - Setting next_dagrun for example_complex to None, run_after=None
[2024-10-27T19:04:12.295+0000] {processor.py:183} INFO - Processing /home/airflow/.local/lib/python3.8/site-packages/airflow/example_dags/example_complex.py took 0.062 seconds
[2024-10-27T19:04:42.989+0000] {processor.py:161} INFO - Started process (PID=972) to work on /home/airflow/.local/lib/python3.8/site-packages/airflow/example_dags/example_complex.py
[2024-10-27T19:04:42.990+0000] {processor.py:830} INFO - Processing file /home/airflow/.local/lib/python3.8/site-packages/airflow/example_dags/example_complex.py for tasks to queue
[2024-10-27T19:04:42.991+0000] {logging_mixin.py:188} INFO - [2024-10-27T19:04:42.991+0000] {dagbag.py:538} INFO - Filling up the DagBag from /home/airflow/.local/lib/python3.8/site-packages/airflow/example_dags/example_complex.py
[2024-10-27T19:04:42.999+0000] {processor.py:840} INFO - DAG(s) 'example_complex' retrieved from /home/airflow/.local/lib/python3.8/site-packages/airflow/example_dags/example_complex.py
[2024-10-27T19:04:43.025+0000] {logging_mixin.py:188} INFO - [2024-10-27T19:04:43.024+0000] {dag.py:3036} INFO - Sync 1 DAGs
[2024-10-27T19:04:43.036+0000] {logging_mixin.py:188} INFO - [2024-10-27T19:04:43.035+0000] {dag.py:3823} INFO - Setting next_dagrun for example_complex to None, run_after=None
[2024-10-27T19:04:43.055+0000] {processor.py:183} INFO - Processing /home/airflow/.local/lib/python3.8/site-packages/airflow/example_dags/example_complex.py took 0.068 seconds
[2024-10-27T19:05:13.489+0000] {processor.py:161} INFO - Started process (PID=1028) to work on /home/airflow/.local/lib/python3.8/site-packages/airflow/example_dags/example_complex.py
[2024-10-27T19:05:13.489+0000] {processor.py:830} INFO - Processing file /home/airflow/.local/lib/python3.8/site-packages/airflow/example_dags/example_complex.py for tasks to queue
[2024-10-27T19:05:13.491+0000] {logging_mixin.py:188} INFO - [2024-10-27T19:05:13.491+0000] {dagbag.py:538} INFO - Filling up the DagBag from /home/airflow/.local/lib/python3.8/site-packages/airflow/example_dags/example_complex.py
[2024-10-27T19:05:13.499+0000] {processor.py:840} INFO - DAG(s) 'example_complex' retrieved from /home/airflow/.local/lib/python3.8/site-packages/airflow/example_dags/example_complex.py
[2024-10-27T19:05:13.523+0000] {logging_mixin.py:188} INFO - [2024-10-27T19:05:13.523+0000] {dag.py:3036} INFO - Sync 1 DAGs
[2024-10-27T19:05:13.533+0000] {logging_mixin.py:188} INFO - [2024-10-27T19:05:13.533+0000] {dag.py:3823} INFO - Setting next_dagrun for example_complex to None, run_after=None
[2024-10-27T19:05:13.552+0000] {processor.py:183} INFO - Processing /home/airflow/.local/lib/python3.8/site-packages/airflow/example_dags/example_complex.py took 0.066 seconds
[2024-10-27T19:13:20.145+0000] {processor.py:161} INFO - Started process (PID=84) to work on /home/airflow/.local/lib/python3.11/site-packages/airflow/example_dags/example_complex.py
[2024-10-27T19:13:20.146+0000] {processor.py:830} INFO - Processing file /home/airflow/.local/lib/python3.11/site-packages/airflow/example_dags/example_complex.py for tasks to queue
[2024-10-27T19:13:20.148+0000] {logging_mixin.py:188} INFO - [2024-10-27T19:13:20.148+0000] {dagbag.py:538} INFO - Filling up the DagBag from /home/airflow/.local/lib/python3.11/site-packages/airflow/example_dags/example_complex.py
[2024-10-27T19:13:20.157+0000] {processor.py:840} INFO - DAG(s) 'example_complex' retrieved from /home/airflow/.local/lib/python3.11/site-packages/airflow/example_dags/example_complex.py
[2024-10-27T19:13:20.239+0000] {logging_mixin.py:188} INFO - [2024-10-27T19:13:20.238+0000] {dag.py:3036} INFO - Sync 1 DAGs
[2024-10-27T19:13:20.247+0000] {logging_mixin.py:188} INFO - [2024-10-27T19:13:20.247+0000] {dag.py:3823} INFO - Setting next_dagrun for example_complex to None, run_after=None
[2024-10-27T19:13:20.267+0000] {processor.py:183} INFO - Processing /home/airflow/.local/lib/python3.11/site-packages/airflow/example_dags/example_complex.py took 0.124 seconds
[2024-10-27T19:13:58.918+0000] {processor.py:161} INFO - Started process (PID=142) to work on /home/airflow/.local/lib/python3.11/site-packages/airflow/example_dags/example_complex.py
[2024-10-27T19:13:58.920+0000] {processor.py:830} INFO - Processing file /home/airflow/.local/lib/python3.11/site-packages/airflow/example_dags/example_complex.py for tasks to queue
[2024-10-27T19:13:58.921+0000] {logging_mixin.py:188} INFO - [2024-10-27T19:13:58.921+0000] {dagbag.py:538} INFO - Filling up the DagBag from /home/airflow/.local/lib/python3.11/site-packages/airflow/example_dags/example_complex.py
[2024-10-27T19:13:58.930+0000] {processor.py:840} INFO - DAG(s) 'example_complex' retrieved from /home/airflow/.local/lib/python3.11/site-packages/airflow/example_dags/example_complex.py
[2024-10-27T19:13:58.952+0000] {logging_mixin.py:188} INFO - [2024-10-27T19:13:58.952+0000] {dag.py:3036} INFO - Sync 1 DAGs
[2024-10-27T19:13:58.962+0000] {logging_mixin.py:188} INFO - [2024-10-27T19:13:58.962+0000] {dag.py:3823} INFO - Setting next_dagrun for example_complex to None, run_after=None
[2024-10-27T19:14:00.886+0000] {processor.py:183} INFO - Processing /home/airflow/.local/lib/python3.11/site-packages/airflow/example_dags/example_complex.py took 1.970 seconds
[2024-10-27T19:14:30.921+0000] {processor.py:161} INFO - Started process (PID=200) to work on /home/airflow/.local/lib/python3.11/site-packages/airflow/example_dags/example_complex.py
[2024-10-27T19:14:30.921+0000] {processor.py:830} INFO - Processing file /home/airflow/.local/lib/python3.11/site-packages/airflow/example_dags/example_complex.py for tasks to queue
[2024-10-27T19:14:30.923+0000] {logging_mixin.py:188} INFO - [2024-10-27T19:14:30.923+0000] {dagbag.py:538} INFO - Filling up the DagBag from /home/airflow/.local/lib/python3.11/site-packages/airflow/example_dags/example_complex.py
[2024-10-27T19:14:30.930+0000] {processor.py:840} INFO - DAG(s) 'example_complex' retrieved from /home/airflow/.local/lib/python3.11/site-packages/airflow/example_dags/example_complex.py
[2024-10-27T19:14:30.951+0000] {logging_mixin.py:188} INFO - [2024-10-27T19:14:30.951+0000] {dag.py:3036} INFO - Sync 1 DAGs
[2024-10-27T19:14:30.961+0000] {logging_mixin.py:188} INFO - [2024-10-27T19:14:30.960+0000] {dag.py:3823} INFO - Setting next_dagrun for example_complex to None, run_after=None
[2024-10-27T19:14:31.351+0000] {processor.py:183} INFO - Processing /home/airflow/.local/lib/python3.11/site-packages/airflow/example_dags/example_complex.py took 0.432 seconds
[2024-10-27T19:15:02.209+0000] {processor.py:161} INFO - Started process (PID=258) to work on /home/airflow/.local/lib/python3.11/site-packages/airflow/example_dags/example_complex.py
[2024-10-27T19:15:02.241+0000] {processor.py:830} INFO - Processing file /home/airflow/.local/lib/python3.11/site-packages/airflow/example_dags/example_complex.py for tasks to queue
[2024-10-27T19:15:02.244+0000] {logging_mixin.py:188} INFO - [2024-10-27T19:15:02.244+0000] {dagbag.py:538} INFO - Filling up the DagBag from /home/airflow/.local/lib/python3.11/site-packages/airflow/example_dags/example_complex.py
[2024-10-27T19:15:02.262+0000] {processor.py:840} INFO - DAG(s) 'example_complex' retrieved from /home/airflow/.local/lib/python3.11/site-packages/airflow/example_dags/example_complex.py
[2024-10-27T19:15:02.319+0000] {logging_mixin.py:188} INFO - [2024-10-27T19:15:02.318+0000] {dag.py:3036} INFO - Sync 1 DAGs
[2024-10-27T19:15:02.342+0000] {logging_mixin.py:188} INFO - [2024-10-27T19:15:02.341+0000] {dag.py:3823} INFO - Setting next_dagrun for example_complex to None, run_after=None
[2024-10-27T19:15:02.388+0000] {processor.py:183} INFO - Processing /home/airflow/.local/lib/python3.11/site-packages/airflow/example_dags/example_complex.py took 0.181 seconds
[2024-10-27T19:15:32.521+0000] {processor.py:161} INFO - Started process (PID=316) to work on /home/airflow/.local/lib/python3.11/site-packages/airflow/example_dags/example_complex.py
[2024-10-27T19:15:32.522+0000] {processor.py:830} INFO - Processing file /home/airflow/.local/lib/python3.11/site-packages/airflow/example_dags/example_complex.py for tasks to queue
[2024-10-27T19:15:32.523+0000] {logging_mixin.py:188} INFO - [2024-10-27T19:15:32.523+0000] {dagbag.py:538} INFO - Filling up the DagBag from /home/airflow/.local/lib/python3.11/site-packages/airflow/example_dags/example_complex.py
[2024-10-27T19:15:32.530+0000] {processor.py:840} INFO - DAG(s) 'example_complex' retrieved from /home/airflow/.local/lib/python3.11/site-packages/airflow/example_dags/example_complex.py
[2024-10-27T19:15:32.553+0000] {logging_mixin.py:188} INFO - [2024-10-27T19:15:32.552+0000] {dag.py:3036} INFO - Sync 1 DAGs
[2024-10-27T19:15:32.562+0000] {logging_mixin.py:188} INFO - [2024-10-27T19:15:32.562+0000] {dag.py:3823} INFO - Setting next_dagrun for example_complex to None, run_after=None
[2024-10-27T19:15:32.580+0000] {processor.py:183} INFO - Processing /home/airflow/.local/lib/python3.11/site-packages/airflow/example_dags/example_complex.py took 0.061 seconds
