[2024-10-27T18:56:02.409+0000] {processor.py:161} INFO - Started process (PID=207) to work on /home/airflow/.local/lib/python3.8/site-packages/airflow/example_dags/example_short_circuit_operator.py
[2024-10-27T18:56:02.410+0000] {processor.py:830} INFO - Processing file /home/airflow/.local/lib/python3.8/site-packages/airflow/example_dags/example_short_circuit_operator.py for tasks to queue
[2024-10-27T18:56:02.412+0000] {logging_mixin.py:188} INFO - [2024-10-27T18:56:02.412+0000] {dagbag.py:538} INFO - Filling up the DagBag from /home/airflow/.local/lib/python3.8/site-packages/airflow/example_dags/example_short_circuit_operator.py
[2024-10-27T18:56:02.418+0000] {processor.py:840} INFO - DAG(s) 'example_short_circuit_operator' retrieved from /home/airflow/.local/lib/python3.8/site-packages/airflow/example_dags/example_short_circuit_operator.py
[2024-10-27T18:56:02.508+0000] {logging_mixin.py:188} INFO - [2024-10-27T18:56:02.508+0000] {override.py:1769} INFO - Created Permission View: can delete on DAG:example_short_circuit_operator
[2024-10-27T18:56:02.518+0000] {logging_mixin.py:188} INFO - [2024-10-27T18:56:02.518+0000] {override.py:1769} INFO - Created Permission View: can read on DAG:example_short_circuit_operator
[2024-10-27T18:56:02.528+0000] {logging_mixin.py:188} INFO - [2024-10-27T18:56:02.528+0000] {override.py:1769} INFO - Created Permission View: can edit on DAG:example_short_circuit_operator
[2024-10-27T18:56:02.529+0000] {logging_mixin.py:188} INFO - [2024-10-27T18:56:02.529+0000] {dag.py:3036} INFO - Sync 1 DAGs
[2024-10-27T18:56:02.539+0000] {logging_mixin.py:188} INFO - [2024-10-27T18:56:02.539+0000] {dag.py:3058} INFO - Creating ORM DAG for example_short_circuit_operator
[2024-10-27T18:56:02.549+0000] {logging_mixin.py:188} INFO - [2024-10-27T18:56:02.549+0000] {dag.py:3823} INFO - Setting next_dagrun for example_short_circuit_operator to 2024-10-26 00:00:00+00:00, run_after=2024-10-27 00:00:00+00:00
[2024-10-27T18:56:02.563+0000] {processor.py:183} INFO - Processing /home/airflow/.local/lib/python3.8/site-packages/airflow/example_dags/example_short_circuit_operator.py took 0.156 seconds
[2024-10-27T18:56:37.382+0000] {processor.py:161} INFO - Started process (PID=73) to work on /home/airflow/.local/lib/python3.8/site-packages/airflow/example_dags/example_short_circuit_operator.py
[2024-10-27T18:56:37.384+0000] {processor.py:830} INFO - Processing file /home/airflow/.local/lib/python3.8/site-packages/airflow/example_dags/example_short_circuit_operator.py for tasks to queue
[2024-10-27T18:56:37.386+0000] {logging_mixin.py:188} INFO - [2024-10-27T18:56:37.385+0000] {dagbag.py:538} INFO - Filling up the DagBag from /home/airflow/.local/lib/python3.8/site-packages/airflow/example_dags/example_short_circuit_operator.py
[2024-10-27T18:56:37.394+0000] {processor.py:840} INFO - DAG(s) 'example_short_circuit_operator' retrieved from /home/airflow/.local/lib/python3.8/site-packages/airflow/example_dags/example_short_circuit_operator.py
[2024-10-27T18:56:37.416+0000] {logging_mixin.py:188} INFO - [2024-10-27T18:56:37.416+0000] {dag.py:3036} INFO - Sync 1 DAGs
[2024-10-27T18:56:37.438+0000] {logging_mixin.py:188} INFO - [2024-10-27T18:56:37.438+0000] {dag.py:3823} INFO - Setting next_dagrun for example_short_circuit_operator to 2024-10-26 00:00:00+00:00, run_after=2024-10-27 00:00:00+00:00
[2024-10-27T18:56:37.459+0000] {processor.py:183} INFO - Processing /home/airflow/.local/lib/python3.8/site-packages/airflow/example_dags/example_short_circuit_operator.py took 0.080 seconds
[2024-10-27T18:57:07.921+0000] {processor.py:161} INFO - Started process (PID=135) to work on /home/airflow/.local/lib/python3.8/site-packages/airflow/example_dags/example_short_circuit_operator.py
[2024-10-27T18:57:07.922+0000] {processor.py:830} INFO - Processing file /home/airflow/.local/lib/python3.8/site-packages/airflow/example_dags/example_short_circuit_operator.py for tasks to queue
[2024-10-27T18:57:07.924+0000] {logging_mixin.py:188} INFO - [2024-10-27T18:57:07.923+0000] {dagbag.py:538} INFO - Filling up the DagBag from /home/airflow/.local/lib/python3.8/site-packages/airflow/example_dags/example_short_circuit_operator.py
[2024-10-27T18:57:07.929+0000] {processor.py:840} INFO - DAG(s) 'example_short_circuit_operator' retrieved from /home/airflow/.local/lib/python3.8/site-packages/airflow/example_dags/example_short_circuit_operator.py
[2024-10-27T18:57:07.947+0000] {logging_mixin.py:188} INFO - [2024-10-27T18:57:07.947+0000] {dag.py:3036} INFO - Sync 1 DAGs
[2024-10-27T18:57:07.967+0000] {logging_mixin.py:188} INFO - [2024-10-27T18:57:07.967+0000] {dag.py:3823} INFO - Setting next_dagrun for example_short_circuit_operator to 2024-10-26 00:00:00+00:00, run_after=2024-10-27 00:00:00+00:00
[2024-10-27T18:57:07.985+0000] {processor.py:183} INFO - Processing /home/airflow/.local/lib/python3.8/site-packages/airflow/example_dags/example_short_circuit_operator.py took 0.067 seconds
[2024-10-27T18:57:38.324+0000] {processor.py:161} INFO - Started process (PID=191) to work on /home/airflow/.local/lib/python3.8/site-packages/airflow/example_dags/example_short_circuit_operator.py
[2024-10-27T18:57:38.325+0000] {processor.py:830} INFO - Processing file /home/airflow/.local/lib/python3.8/site-packages/airflow/example_dags/example_short_circuit_operator.py for tasks to queue
[2024-10-27T18:57:38.326+0000] {logging_mixin.py:188} INFO - [2024-10-27T18:57:38.326+0000] {dagbag.py:538} INFO - Filling up the DagBag from /home/airflow/.local/lib/python3.8/site-packages/airflow/example_dags/example_short_circuit_operator.py
[2024-10-27T18:57:38.332+0000] {processor.py:840} INFO - DAG(s) 'example_short_circuit_operator' retrieved from /home/airflow/.local/lib/python3.8/site-packages/airflow/example_dags/example_short_circuit_operator.py
[2024-10-27T18:57:38.349+0000] {logging_mixin.py:188} INFO - [2024-10-27T18:57:38.348+0000] {dag.py:3036} INFO - Sync 1 DAGs
[2024-10-27T18:57:38.365+0000] {logging_mixin.py:188} INFO - [2024-10-27T18:57:38.365+0000] {dag.py:3823} INFO - Setting next_dagrun for example_short_circuit_operator to 2024-10-26 00:00:00+00:00, run_after=2024-10-27 00:00:00+00:00
[2024-10-27T18:57:38.380+0000] {processor.py:183} INFO - Processing /home/airflow/.local/lib/python3.8/site-packages/airflow/example_dags/example_short_circuit_operator.py took 0.058 seconds
[2024-10-27T18:58:08.837+0000] {processor.py:161} INFO - Started process (PID=247) to work on /home/airflow/.local/lib/python3.8/site-packages/airflow/example_dags/example_short_circuit_operator.py
[2024-10-27T18:58:08.838+0000] {processor.py:830} INFO - Processing file /home/airflow/.local/lib/python3.8/site-packages/airflow/example_dags/example_short_circuit_operator.py for tasks to queue
[2024-10-27T18:58:08.839+0000] {logging_mixin.py:188} INFO - [2024-10-27T18:58:08.839+0000] {dagbag.py:538} INFO - Filling up the DagBag from /home/airflow/.local/lib/python3.8/site-packages/airflow/example_dags/example_short_circuit_operator.py
[2024-10-27T18:58:08.846+0000] {processor.py:840} INFO - DAG(s) 'example_short_circuit_operator' retrieved from /home/airflow/.local/lib/python3.8/site-packages/airflow/example_dags/example_short_circuit_operator.py
[2024-10-27T18:58:08.865+0000] {logging_mixin.py:188} INFO - [2024-10-27T18:58:08.865+0000] {dag.py:3036} INFO - Sync 1 DAGs
[2024-10-27T18:58:08.883+0000] {logging_mixin.py:188} INFO - [2024-10-27T18:58:08.883+0000] {dag.py:3823} INFO - Setting next_dagrun for example_short_circuit_operator to 2024-10-26 00:00:00+00:00, run_after=2024-10-27 00:00:00+00:00
[2024-10-27T18:58:08.900+0000] {processor.py:183} INFO - Processing /home/airflow/.local/lib/python3.8/site-packages/airflow/example_dags/example_short_circuit_operator.py took 0.066 seconds
[2024-10-27T18:58:39.457+0000] {processor.py:161} INFO - Started process (PID=303) to work on /home/airflow/.local/lib/python3.8/site-packages/airflow/example_dags/example_short_circuit_operator.py
[2024-10-27T18:58:39.458+0000] {processor.py:830} INFO - Processing file /home/airflow/.local/lib/python3.8/site-packages/airflow/example_dags/example_short_circuit_operator.py for tasks to queue
[2024-10-27T18:58:39.459+0000] {logging_mixin.py:188} INFO - [2024-10-27T18:58:39.459+0000] {dagbag.py:538} INFO - Filling up the DagBag from /home/airflow/.local/lib/python3.8/site-packages/airflow/example_dags/example_short_circuit_operator.py
[2024-10-27T18:58:39.466+0000] {processor.py:840} INFO - DAG(s) 'example_short_circuit_operator' retrieved from /home/airflow/.local/lib/python3.8/site-packages/airflow/example_dags/example_short_circuit_operator.py
[2024-10-27T18:58:39.488+0000] {logging_mixin.py:188} INFO - [2024-10-27T18:58:39.488+0000] {dag.py:3036} INFO - Sync 1 DAGs
[2024-10-27T18:58:39.513+0000] {logging_mixin.py:188} INFO - [2024-10-27T18:58:39.513+0000] {dag.py:3823} INFO - Setting next_dagrun for example_short_circuit_operator to 2024-10-26 00:00:00+00:00, run_after=2024-10-27 00:00:00+00:00
[2024-10-27T18:58:39.532+0000] {processor.py:183} INFO - Processing /home/airflow/.local/lib/python3.8/site-packages/airflow/example_dags/example_short_circuit_operator.py took 0.077 seconds
[2024-10-27T18:59:09.607+0000] {processor.py:161} INFO - Started process (PID=360) to work on /home/airflow/.local/lib/python3.8/site-packages/airflow/example_dags/example_short_circuit_operator.py
[2024-10-27T18:59:09.608+0000] {processor.py:830} INFO - Processing file /home/airflow/.local/lib/python3.8/site-packages/airflow/example_dags/example_short_circuit_operator.py for tasks to queue
[2024-10-27T18:59:09.610+0000] {logging_mixin.py:188} INFO - [2024-10-27T18:59:09.609+0000] {dagbag.py:538} INFO - Filling up the DagBag from /home/airflow/.local/lib/python3.8/site-packages/airflow/example_dags/example_short_circuit_operator.py
[2024-10-27T18:59:09.615+0000] {processor.py:840} INFO - DAG(s) 'example_short_circuit_operator' retrieved from /home/airflow/.local/lib/python3.8/site-packages/airflow/example_dags/example_short_circuit_operator.py
[2024-10-27T18:59:09.634+0000] {logging_mixin.py:188} INFO - [2024-10-27T18:59:09.634+0000] {dag.py:3036} INFO - Sync 1 DAGs
[2024-10-27T18:59:09.653+0000] {logging_mixin.py:188} INFO - [2024-10-27T18:59:09.653+0000] {dag.py:3823} INFO - Setting next_dagrun for example_short_circuit_operator to 2024-10-26 00:00:00+00:00, run_after=2024-10-27 00:00:00+00:00
[2024-10-27T18:59:09.670+0000] {processor.py:183} INFO - Processing /home/airflow/.local/lib/python3.8/site-packages/airflow/example_dags/example_short_circuit_operator.py took 0.065 seconds
[2024-10-27T18:59:40.004+0000] {processor.py:161} INFO - Started process (PID=416) to work on /home/airflow/.local/lib/python3.8/site-packages/airflow/example_dags/example_short_circuit_operator.py
[2024-10-27T18:59:40.004+0000] {processor.py:830} INFO - Processing file /home/airflow/.local/lib/python3.8/site-packages/airflow/example_dags/example_short_circuit_operator.py for tasks to queue
[2024-10-27T18:59:40.006+0000] {logging_mixin.py:188} INFO - [2024-10-27T18:59:40.006+0000] {dagbag.py:538} INFO - Filling up the DagBag from /home/airflow/.local/lib/python3.8/site-packages/airflow/example_dags/example_short_circuit_operator.py
[2024-10-27T18:59:40.012+0000] {processor.py:840} INFO - DAG(s) 'example_short_circuit_operator' retrieved from /home/airflow/.local/lib/python3.8/site-packages/airflow/example_dags/example_short_circuit_operator.py
[2024-10-27T18:59:40.030+0000] {logging_mixin.py:188} INFO - [2024-10-27T18:59:40.030+0000] {dag.py:3036} INFO - Sync 1 DAGs
[2024-10-27T18:59:40.048+0000] {logging_mixin.py:188} INFO - [2024-10-27T18:59:40.048+0000] {dag.py:3823} INFO - Setting next_dagrun for example_short_circuit_operator to 2024-10-26 00:00:00+00:00, run_after=2024-10-27 00:00:00+00:00
[2024-10-27T18:59:40.063+0000] {processor.py:183} INFO - Processing /home/airflow/.local/lib/python3.8/site-packages/airflow/example_dags/example_short_circuit_operator.py took 0.062 seconds
[2024-10-27T19:00:10.223+0000] {processor.py:161} INFO - Started process (PID=472) to work on /home/airflow/.local/lib/python3.8/site-packages/airflow/example_dags/example_short_circuit_operator.py
[2024-10-27T19:00:10.224+0000] {processor.py:830} INFO - Processing file /home/airflow/.local/lib/python3.8/site-packages/airflow/example_dags/example_short_circuit_operator.py for tasks to queue
[2024-10-27T19:00:10.225+0000] {logging_mixin.py:188} INFO - [2024-10-27T19:00:10.225+0000] {dagbag.py:538} INFO - Filling up the DagBag from /home/airflow/.local/lib/python3.8/site-packages/airflow/example_dags/example_short_circuit_operator.py
[2024-10-27T19:00:10.231+0000] {processor.py:840} INFO - DAG(s) 'example_short_circuit_operator' retrieved from /home/airflow/.local/lib/python3.8/site-packages/airflow/example_dags/example_short_circuit_operator.py
[2024-10-27T19:00:10.248+0000] {logging_mixin.py:188} INFO - [2024-10-27T19:00:10.248+0000] {dag.py:3036} INFO - Sync 1 DAGs
[2024-10-27T19:00:10.265+0000] {logging_mixin.py:188} INFO - [2024-10-27T19:00:10.265+0000] {dag.py:3823} INFO - Setting next_dagrun for example_short_circuit_operator to 2024-10-26 00:00:00+00:00, run_after=2024-10-27 00:00:00+00:00
[2024-10-27T19:00:10.279+0000] {processor.py:183} INFO - Processing /home/airflow/.local/lib/python3.8/site-packages/airflow/example_dags/example_short_circuit_operator.py took 0.058 seconds
[2024-10-27T19:00:40.436+0000] {processor.py:161} INFO - Started process (PID=528) to work on /home/airflow/.local/lib/python3.8/site-packages/airflow/example_dags/example_short_circuit_operator.py
[2024-10-27T19:00:40.437+0000] {processor.py:830} INFO - Processing file /home/airflow/.local/lib/python3.8/site-packages/airflow/example_dags/example_short_circuit_operator.py for tasks to queue
[2024-10-27T19:00:40.438+0000] {logging_mixin.py:188} INFO - [2024-10-27T19:00:40.438+0000] {dagbag.py:538} INFO - Filling up the DagBag from /home/airflow/.local/lib/python3.8/site-packages/airflow/example_dags/example_short_circuit_operator.py
[2024-10-27T19:00:40.443+0000] {processor.py:840} INFO - DAG(s) 'example_short_circuit_operator' retrieved from /home/airflow/.local/lib/python3.8/site-packages/airflow/example_dags/example_short_circuit_operator.py
[2024-10-27T19:00:40.461+0000] {logging_mixin.py:188} INFO - [2024-10-27T19:00:40.460+0000] {dag.py:3036} INFO - Sync 1 DAGs
[2024-10-27T19:00:40.477+0000] {logging_mixin.py:188} INFO - [2024-10-27T19:00:40.477+0000] {dag.py:3823} INFO - Setting next_dagrun for example_short_circuit_operator to 2024-10-26 00:00:00+00:00, run_after=2024-10-27 00:00:00+00:00
[2024-10-27T19:00:40.491+0000] {processor.py:183} INFO - Processing /home/airflow/.local/lib/python3.8/site-packages/airflow/example_dags/example_short_circuit_operator.py took 0.058 seconds
[2024-10-27T19:01:10.721+0000] {processor.py:161} INFO - Started process (PID=584) to work on /home/airflow/.local/lib/python3.8/site-packages/airflow/example_dags/example_short_circuit_operator.py
[2024-10-27T19:01:10.722+0000] {processor.py:830} INFO - Processing file /home/airflow/.local/lib/python3.8/site-packages/airflow/example_dags/example_short_circuit_operator.py for tasks to queue
[2024-10-27T19:01:10.723+0000] {logging_mixin.py:188} INFO - [2024-10-27T19:01:10.723+0000] {dagbag.py:538} INFO - Filling up the DagBag from /home/airflow/.local/lib/python3.8/site-packages/airflow/example_dags/example_short_circuit_operator.py
[2024-10-27T19:01:10.728+0000] {processor.py:840} INFO - DAG(s) 'example_short_circuit_operator' retrieved from /home/airflow/.local/lib/python3.8/site-packages/airflow/example_dags/example_short_circuit_operator.py
[2024-10-27T19:01:10.745+0000] {logging_mixin.py:188} INFO - [2024-10-27T19:01:10.745+0000] {dag.py:3036} INFO - Sync 1 DAGs
[2024-10-27T19:01:10.761+0000] {logging_mixin.py:188} INFO - [2024-10-27T19:01:10.761+0000] {dag.py:3823} INFO - Setting next_dagrun for example_short_circuit_operator to 2024-10-26 00:00:00+00:00, run_after=2024-10-27 00:00:00+00:00
[2024-10-27T19:01:10.775+0000] {processor.py:183} INFO - Processing /home/airflow/.local/lib/python3.8/site-packages/airflow/example_dags/example_short_circuit_operator.py took 0.057 seconds
[2024-10-27T19:01:41.029+0000] {processor.py:161} INFO - Started process (PID=640) to work on /home/airflow/.local/lib/python3.8/site-packages/airflow/example_dags/example_short_circuit_operator.py
[2024-10-27T19:01:41.030+0000] {processor.py:830} INFO - Processing file /home/airflow/.local/lib/python3.8/site-packages/airflow/example_dags/example_short_circuit_operator.py for tasks to queue
[2024-10-27T19:01:41.031+0000] {logging_mixin.py:188} INFO - [2024-10-27T19:01:41.031+0000] {dagbag.py:538} INFO - Filling up the DagBag from /home/airflow/.local/lib/python3.8/site-packages/airflow/example_dags/example_short_circuit_operator.py
[2024-10-27T19:01:41.037+0000] {processor.py:840} INFO - DAG(s) 'example_short_circuit_operator' retrieved from /home/airflow/.local/lib/python3.8/site-packages/airflow/example_dags/example_short_circuit_operator.py
[2024-10-27T19:01:41.063+0000] {logging_mixin.py:188} INFO - [2024-10-27T19:01:41.063+0000] {dag.py:3036} INFO - Sync 1 DAGs
[2024-10-27T19:01:41.082+0000] {logging_mixin.py:188} INFO - [2024-10-27T19:01:41.082+0000] {dag.py:3823} INFO - Setting next_dagrun for example_short_circuit_operator to 2024-10-26 00:00:00+00:00, run_after=2024-10-27 00:00:00+00:00
[2024-10-27T19:01:41.097+0000] {processor.py:183} INFO - Processing /home/airflow/.local/lib/python3.8/site-packages/airflow/example_dags/example_short_circuit_operator.py took 0.070 seconds
[2024-10-27T19:02:11.355+0000] {processor.py:161} INFO - Started process (PID=696) to work on /home/airflow/.local/lib/python3.8/site-packages/airflow/example_dags/example_short_circuit_operator.py
[2024-10-27T19:02:11.356+0000] {processor.py:830} INFO - Processing file /home/airflow/.local/lib/python3.8/site-packages/airflow/example_dags/example_short_circuit_operator.py for tasks to queue
[2024-10-27T19:02:11.358+0000] {logging_mixin.py:188} INFO - [2024-10-27T19:02:11.357+0000] {dagbag.py:538} INFO - Filling up the DagBag from /home/airflow/.local/lib/python3.8/site-packages/airflow/example_dags/example_short_circuit_operator.py
[2024-10-27T19:02:11.365+0000] {processor.py:840} INFO - DAG(s) 'example_short_circuit_operator' retrieved from /home/airflow/.local/lib/python3.8/site-packages/airflow/example_dags/example_short_circuit_operator.py
[2024-10-27T19:02:11.387+0000] {logging_mixin.py:188} INFO - [2024-10-27T19:02:11.387+0000] {dag.py:3036} INFO - Sync 1 DAGs
[2024-10-27T19:02:11.405+0000] {logging_mixin.py:188} INFO - [2024-10-27T19:02:11.405+0000] {dag.py:3823} INFO - Setting next_dagrun for example_short_circuit_operator to 2024-10-26 00:00:00+00:00, run_after=2024-10-27 00:00:00+00:00
[2024-10-27T19:02:11.422+0000] {processor.py:183} INFO - Processing /home/airflow/.local/lib/python3.8/site-packages/airflow/example_dags/example_short_circuit_operator.py took 0.068 seconds
[2024-10-27T19:02:41.629+0000] {processor.py:161} INFO - Started process (PID=752) to work on /home/airflow/.local/lib/python3.8/site-packages/airflow/example_dags/example_short_circuit_operator.py
[2024-10-27T19:02:41.629+0000] {processor.py:830} INFO - Processing file /home/airflow/.local/lib/python3.8/site-packages/airflow/example_dags/example_short_circuit_operator.py for tasks to queue
[2024-10-27T19:02:41.631+0000] {logging_mixin.py:188} INFO - [2024-10-27T19:02:41.630+0000] {dagbag.py:538} INFO - Filling up the DagBag from /home/airflow/.local/lib/python3.8/site-packages/airflow/example_dags/example_short_circuit_operator.py
[2024-10-27T19:02:41.636+0000] {processor.py:840} INFO - DAG(s) 'example_short_circuit_operator' retrieved from /home/airflow/.local/lib/python3.8/site-packages/airflow/example_dags/example_short_circuit_operator.py
[2024-10-27T19:02:41.656+0000] {logging_mixin.py:188} INFO - [2024-10-27T19:02:41.656+0000] {dag.py:3036} INFO - Sync 1 DAGs
[2024-10-27T19:02:41.673+0000] {logging_mixin.py:188} INFO - [2024-10-27T19:02:41.672+0000] {dag.py:3823} INFO - Setting next_dagrun for example_short_circuit_operator to 2024-10-26 00:00:00+00:00, run_after=2024-10-27 00:00:00+00:00
[2024-10-27T19:02:41.687+0000] {processor.py:183} INFO - Processing /home/airflow/.local/lib/python3.8/site-packages/airflow/example_dags/example_short_circuit_operator.py took 0.060 seconds
[2024-10-27T19:03:11.795+0000] {processor.py:161} INFO - Started process (PID=808) to work on /home/airflow/.local/lib/python3.8/site-packages/airflow/example_dags/example_short_circuit_operator.py
[2024-10-27T19:03:11.796+0000] {processor.py:830} INFO - Processing file /home/airflow/.local/lib/python3.8/site-packages/airflow/example_dags/example_short_circuit_operator.py for tasks to queue
[2024-10-27T19:03:11.797+0000] {logging_mixin.py:188} INFO - [2024-10-27T19:03:11.797+0000] {dagbag.py:538} INFO - Filling up the DagBag from /home/airflow/.local/lib/python3.8/site-packages/airflow/example_dags/example_short_circuit_operator.py
[2024-10-27T19:03:11.802+0000] {processor.py:840} INFO - DAG(s) 'example_short_circuit_operator' retrieved from /home/airflow/.local/lib/python3.8/site-packages/airflow/example_dags/example_short_circuit_operator.py
[2024-10-27T19:03:11.820+0000] {logging_mixin.py:188} INFO - [2024-10-27T19:03:11.819+0000] {dag.py:3036} INFO - Sync 1 DAGs
[2024-10-27T19:03:11.835+0000] {logging_mixin.py:188} INFO - [2024-10-27T19:03:11.835+0000] {dag.py:3823} INFO - Setting next_dagrun for example_short_circuit_operator to 2024-10-26 00:00:00+00:00, run_after=2024-10-27 00:00:00+00:00
[2024-10-27T19:03:11.850+0000] {processor.py:183} INFO - Processing /home/airflow/.local/lib/python3.8/site-packages/airflow/example_dags/example_short_circuit_operator.py took 0.057 seconds
[2024-10-27T19:03:42.158+0000] {processor.py:161} INFO - Started process (PID=864) to work on /home/airflow/.local/lib/python3.8/site-packages/airflow/example_dags/example_short_circuit_operator.py
[2024-10-27T19:03:42.159+0000] {processor.py:830} INFO - Processing file /home/airflow/.local/lib/python3.8/site-packages/airflow/example_dags/example_short_circuit_operator.py for tasks to queue
[2024-10-27T19:03:42.161+0000] {logging_mixin.py:188} INFO - [2024-10-27T19:03:42.160+0000] {dagbag.py:538} INFO - Filling up the DagBag from /home/airflow/.local/lib/python3.8/site-packages/airflow/example_dags/example_short_circuit_operator.py
[2024-10-27T19:03:42.168+0000] {processor.py:840} INFO - DAG(s) 'example_short_circuit_operator' retrieved from /home/airflow/.local/lib/python3.8/site-packages/airflow/example_dags/example_short_circuit_operator.py
[2024-10-27T19:03:42.186+0000] {logging_mixin.py:188} INFO - [2024-10-27T19:03:42.186+0000] {dag.py:3036} INFO - Sync 1 DAGs
[2024-10-27T19:03:42.205+0000] {logging_mixin.py:188} INFO - [2024-10-27T19:03:42.205+0000] {dag.py:3823} INFO - Setting next_dagrun for example_short_circuit_operator to 2024-10-26 00:00:00+00:00, run_after=2024-10-27 00:00:00+00:00
[2024-10-27T19:03:42.223+0000] {processor.py:183} INFO - Processing /home/airflow/.local/lib/python3.8/site-packages/airflow/example_dags/example_short_circuit_operator.py took 0.067 seconds
[2024-10-27T19:04:12.401+0000] {processor.py:161} INFO - Started process (PID=920) to work on /home/airflow/.local/lib/python3.8/site-packages/airflow/example_dags/example_short_circuit_operator.py
[2024-10-27T19:04:12.402+0000] {processor.py:830} INFO - Processing file /home/airflow/.local/lib/python3.8/site-packages/airflow/example_dags/example_short_circuit_operator.py for tasks to queue
[2024-10-27T19:04:12.404+0000] {logging_mixin.py:188} INFO - [2024-10-27T19:04:12.403+0000] {dagbag.py:538} INFO - Filling up the DagBag from /home/airflow/.local/lib/python3.8/site-packages/airflow/example_dags/example_short_circuit_operator.py
[2024-10-27T19:04:12.410+0000] {processor.py:840} INFO - DAG(s) 'example_short_circuit_operator' retrieved from /home/airflow/.local/lib/python3.8/site-packages/airflow/example_dags/example_short_circuit_operator.py
[2024-10-27T19:04:12.427+0000] {logging_mixin.py:188} INFO - [2024-10-27T19:04:12.427+0000] {dag.py:3036} INFO - Sync 1 DAGs
[2024-10-27T19:04:12.446+0000] {logging_mixin.py:188} INFO - [2024-10-27T19:04:12.445+0000] {dag.py:3823} INFO - Setting next_dagrun for example_short_circuit_operator to 2024-10-26 00:00:00+00:00, run_after=2024-10-27 00:00:00+00:00
[2024-10-27T19:04:12.463+0000] {processor.py:183} INFO - Processing /home/airflow/.local/lib/python3.8/site-packages/airflow/example_dags/example_short_circuit_operator.py took 0.064 seconds
[2024-10-27T19:04:43.151+0000] {processor.py:161} INFO - Started process (PID=976) to work on /home/airflow/.local/lib/python3.8/site-packages/airflow/example_dags/example_short_circuit_operator.py
[2024-10-27T19:04:43.152+0000] {processor.py:830} INFO - Processing file /home/airflow/.local/lib/python3.8/site-packages/airflow/example_dags/example_short_circuit_operator.py for tasks to queue
[2024-10-27T19:04:43.153+0000] {logging_mixin.py:188} INFO - [2024-10-27T19:04:43.153+0000] {dagbag.py:538} INFO - Filling up the DagBag from /home/airflow/.local/lib/python3.8/site-packages/airflow/example_dags/example_short_circuit_operator.py
[2024-10-27T19:04:43.158+0000] {processor.py:840} INFO - DAG(s) 'example_short_circuit_operator' retrieved from /home/airflow/.local/lib/python3.8/site-packages/airflow/example_dags/example_short_circuit_operator.py
[2024-10-27T19:04:43.176+0000] {logging_mixin.py:188} INFO - [2024-10-27T19:04:43.176+0000] {dag.py:3036} INFO - Sync 1 DAGs
[2024-10-27T19:04:43.192+0000] {logging_mixin.py:188} INFO - [2024-10-27T19:04:43.192+0000] {dag.py:3823} INFO - Setting next_dagrun for example_short_circuit_operator to 2024-10-26 00:00:00+00:00, run_after=2024-10-27 00:00:00+00:00
[2024-10-27T19:04:43.208+0000] {processor.py:183} INFO - Processing /home/airflow/.local/lib/python3.8/site-packages/airflow/example_dags/example_short_circuit_operator.py took 0.059 seconds
[2024-10-27T19:05:13.661+0000] {processor.py:161} INFO - Started process (PID=1032) to work on /home/airflow/.local/lib/python3.8/site-packages/airflow/example_dags/example_short_circuit_operator.py
[2024-10-27T19:05:13.662+0000] {processor.py:830} INFO - Processing file /home/airflow/.local/lib/python3.8/site-packages/airflow/example_dags/example_short_circuit_operator.py for tasks to queue
[2024-10-27T19:05:13.663+0000] {logging_mixin.py:188} INFO - [2024-10-27T19:05:13.663+0000] {dagbag.py:538} INFO - Filling up the DagBag from /home/airflow/.local/lib/python3.8/site-packages/airflow/example_dags/example_short_circuit_operator.py
[2024-10-27T19:05:13.669+0000] {processor.py:840} INFO - DAG(s) 'example_short_circuit_operator' retrieved from /home/airflow/.local/lib/python3.8/site-packages/airflow/example_dags/example_short_circuit_operator.py
[2024-10-27T19:05:13.698+0000] {logging_mixin.py:188} INFO - [2024-10-27T19:05:13.697+0000] {dag.py:3036} INFO - Sync 1 DAGs
[2024-10-27T19:05:13.728+0000] {logging_mixin.py:188} INFO - [2024-10-27T19:05:13.728+0000] {dag.py:3823} INFO - Setting next_dagrun for example_short_circuit_operator to 2024-10-26 00:00:00+00:00, run_after=2024-10-27 00:00:00+00:00
[2024-10-27T19:05:13.749+0000] {processor.py:183} INFO - Processing /home/airflow/.local/lib/python3.8/site-packages/airflow/example_dags/example_short_circuit_operator.py took 0.090 seconds
[2024-10-27T19:13:20.460+0000] {processor.py:161} INFO - Started process (PID=88) to work on /home/airflow/.local/lib/python3.11/site-packages/airflow/example_dags/example_short_circuit_operator.py
[2024-10-27T19:13:20.461+0000] {processor.py:830} INFO - Processing file /home/airflow/.local/lib/python3.11/site-packages/airflow/example_dags/example_short_circuit_operator.py for tasks to queue
[2024-10-27T19:13:20.462+0000] {logging_mixin.py:188} INFO - [2024-10-27T19:13:20.462+0000] {dagbag.py:538} INFO - Filling up the DagBag from /home/airflow/.local/lib/python3.11/site-packages/airflow/example_dags/example_short_circuit_operator.py
[2024-10-27T19:13:20.470+0000] {processor.py:840} INFO - DAG(s) 'example_short_circuit_operator' retrieved from /home/airflow/.local/lib/python3.11/site-packages/airflow/example_dags/example_short_circuit_operator.py
[2024-10-27T19:13:20.555+0000] {logging_mixin.py:188} INFO - [2024-10-27T19:13:20.555+0000] {dag.py:3036} INFO - Sync 1 DAGs
[2024-10-27T19:13:20.572+0000] {logging_mixin.py:188} INFO - [2024-10-27T19:13:20.572+0000] {dag.py:3823} INFO - Setting next_dagrun for example_short_circuit_operator to 2024-10-26 00:00:00+00:00, run_after=2024-10-27 00:00:00+00:00
[2024-10-27T19:13:20.588+0000] {processor.py:183} INFO - Processing /home/airflow/.local/lib/python3.11/site-packages/airflow/example_dags/example_short_circuit_operator.py took 0.130 seconds
[2024-10-27T19:14:01.759+0000] {processor.py:161} INFO - Started process (PID=146) to work on /home/airflow/.local/lib/python3.11/site-packages/airflow/example_dags/example_short_circuit_operator.py
[2024-10-27T19:14:01.759+0000] {processor.py:830} INFO - Processing file /home/airflow/.local/lib/python3.11/site-packages/airflow/example_dags/example_short_circuit_operator.py for tasks to queue
[2024-10-27T19:14:01.761+0000] {logging_mixin.py:188} INFO - [2024-10-27T19:14:01.761+0000] {dagbag.py:538} INFO - Filling up the DagBag from /home/airflow/.local/lib/python3.11/site-packages/airflow/example_dags/example_short_circuit_operator.py
[2024-10-27T19:14:01.767+0000] {processor.py:840} INFO - DAG(s) 'example_short_circuit_operator' retrieved from /home/airflow/.local/lib/python3.11/site-packages/airflow/example_dags/example_short_circuit_operator.py
[2024-10-27T19:14:01.787+0000] {logging_mixin.py:188} INFO - [2024-10-27T19:14:01.787+0000] {dag.py:3036} INFO - Sync 1 DAGs
[2024-10-27T19:14:01.811+0000] {logging_mixin.py:188} INFO - [2024-10-27T19:14:01.811+0000] {dag.py:3823} INFO - Setting next_dagrun for example_short_circuit_operator to 2024-10-26 00:00:00+00:00, run_after=2024-10-27 00:00:00+00:00
[2024-10-27T19:14:01.842+0000] {processor.py:183} INFO - Processing /home/airflow/.local/lib/python3.11/site-packages/airflow/example_dags/example_short_circuit_operator.py took 0.086 seconds
[2024-10-27T19:14:32.307+0000] {processor.py:161} INFO - Started process (PID=204) to work on /home/airflow/.local/lib/python3.11/site-packages/airflow/example_dags/example_short_circuit_operator.py
[2024-10-27T19:14:32.310+0000] {processor.py:830} INFO - Processing file /home/airflow/.local/lib/python3.11/site-packages/airflow/example_dags/example_short_circuit_operator.py for tasks to queue
[2024-10-27T19:14:32.313+0000] {logging_mixin.py:188} INFO - [2024-10-27T19:14:32.312+0000] {dagbag.py:538} INFO - Filling up the DagBag from /home/airflow/.local/lib/python3.11/site-packages/airflow/example_dags/example_short_circuit_operator.py
[2024-10-27T19:14:32.330+0000] {processor.py:840} INFO - DAG(s) 'example_short_circuit_operator' retrieved from /home/airflow/.local/lib/python3.11/site-packages/airflow/example_dags/example_short_circuit_operator.py
[2024-10-27T19:14:32.362+0000] {logging_mixin.py:188} INFO - [2024-10-27T19:14:32.362+0000] {dag.py:3036} INFO - Sync 1 DAGs
[2024-10-27T19:14:32.379+0000] {logging_mixin.py:188} INFO - [2024-10-27T19:14:32.378+0000] {dag.py:3823} INFO - Setting next_dagrun for example_short_circuit_operator to 2024-10-26 00:00:00+00:00, run_after=2024-10-27 00:00:00+00:00
[2024-10-27T19:14:32.465+0000] {processor.py:183} INFO - Processing /home/airflow/.local/lib/python3.11/site-packages/airflow/example_dags/example_short_circuit_operator.py took 0.163 seconds
[2024-10-27T19:15:02.653+0000] {processor.py:161} INFO - Started process (PID=262) to work on /home/airflow/.local/lib/python3.11/site-packages/airflow/example_dags/example_short_circuit_operator.py
[2024-10-27T19:15:02.654+0000] {processor.py:830} INFO - Processing file /home/airflow/.local/lib/python3.11/site-packages/airflow/example_dags/example_short_circuit_operator.py for tasks to queue
[2024-10-27T19:15:02.657+0000] {logging_mixin.py:188} INFO - [2024-10-27T19:15:02.657+0000] {dagbag.py:538} INFO - Filling up the DagBag from /home/airflow/.local/lib/python3.11/site-packages/airflow/example_dags/example_short_circuit_operator.py
[2024-10-27T19:15:02.675+0000] {processor.py:840} INFO - DAG(s) 'example_short_circuit_operator' retrieved from /home/airflow/.local/lib/python3.11/site-packages/airflow/example_dags/example_short_circuit_operator.py
[2024-10-27T19:15:02.740+0000] {logging_mixin.py:188} INFO - [2024-10-27T19:15:02.739+0000] {dag.py:3036} INFO - Sync 1 DAGs
[2024-10-27T19:15:02.789+0000] {logging_mixin.py:188} INFO - [2024-10-27T19:15:02.788+0000] {dag.py:3823} INFO - Setting next_dagrun for example_short_circuit_operator to 2024-10-26 00:00:00+00:00, run_after=2024-10-27 00:00:00+00:00
[2024-10-27T19:15:02.836+0000] {processor.py:183} INFO - Processing /home/airflow/.local/lib/python3.11/site-packages/airflow/example_dags/example_short_circuit_operator.py took 0.193 seconds
[2024-10-27T19:15:33.676+0000] {processor.py:161} INFO - Started process (PID=320) to work on /home/airflow/.local/lib/python3.11/site-packages/airflow/example_dags/example_short_circuit_operator.py
[2024-10-27T19:15:33.677+0000] {processor.py:830} INFO - Processing file /home/airflow/.local/lib/python3.11/site-packages/airflow/example_dags/example_short_circuit_operator.py for tasks to queue
[2024-10-27T19:15:33.679+0000] {logging_mixin.py:188} INFO - [2024-10-27T19:15:33.678+0000] {dagbag.py:538} INFO - Filling up the DagBag from /home/airflow/.local/lib/python3.11/site-packages/airflow/example_dags/example_short_circuit_operator.py
[2024-10-27T19:15:33.686+0000] {processor.py:840} INFO - DAG(s) 'example_short_circuit_operator' retrieved from /home/airflow/.local/lib/python3.11/site-packages/airflow/example_dags/example_short_circuit_operator.py
[2024-10-27T19:15:33.706+0000] {logging_mixin.py:188} INFO - [2024-10-27T19:15:33.706+0000] {dag.py:3036} INFO - Sync 1 DAGs
[2024-10-27T19:15:33.725+0000] {logging_mixin.py:188} INFO - [2024-10-27T19:15:33.725+0000] {dag.py:3823} INFO - Setting next_dagrun for example_short_circuit_operator to 2024-10-26 00:00:00+00:00, run_after=2024-10-27 00:00:00+00:00
[2024-10-27T19:15:33.742+0000] {processor.py:183} INFO - Processing /home/airflow/.local/lib/python3.11/site-packages/airflow/example_dags/example_short_circuit_operator.py took 0.068 seconds
