[2024-10-27T18:56:02.937+0000] {processor.py:161} INFO - Started process (PID=213) to work on /home/airflow/.local/lib/python3.8/site-packages/airflow/example_dags/example_dag_decorator.py
[2024-10-27T18:56:02.938+0000] {processor.py:830} INFO - Processing file /home/airflow/.local/lib/python3.8/site-packages/airflow/example_dags/example_dag_decorator.py for tasks to queue
[2024-10-27T18:56:02.940+0000] {logging_mixin.py:188} INFO - [2024-10-27T18:56:02.940+0000] {dagbag.py:538} INFO - Filling up the DagBag from /home/airflow/.local/lib/python3.8/site-packages/airflow/example_dags/example_dag_decorator.py
[2024-10-27T18:56:03.102+0000] {processor.py:840} INFO - DAG(s) 'example_dag_decorator' retrieved from /home/airflow/.local/lib/python3.8/site-packages/airflow/example_dags/example_dag_decorator.py
[2024-10-27T18:56:03.195+0000] {logging_mixin.py:188} INFO - [2024-10-27T18:56:03.194+0000] {override.py:1769} INFO - Created Permission View: can delete on DAG:example_dag_decorator
[2024-10-27T18:56:03.206+0000] {logging_mixin.py:188} INFO - [2024-10-27T18:56:03.206+0000] {override.py:1769} INFO - Created Permission View: can read on DAG:example_dag_decorator
[2024-10-27T18:56:03.214+0000] {logging_mixin.py:188} INFO - [2024-10-27T18:56:03.213+0000] {override.py:1769} INFO - Created Permission View: can edit on DAG:example_dag_decorator
[2024-10-27T18:56:03.214+0000] {logging_mixin.py:188} INFO - [2024-10-27T18:56:03.214+0000] {dag.py:3036} INFO - Sync 1 DAGs
[2024-10-27T18:56:03.226+0000] {logging_mixin.py:188} INFO - [2024-10-27T18:56:03.226+0000] {dag.py:3058} INFO - Creating ORM DAG for example_dag_decorator
[2024-10-27T18:56:03.227+0000] {logging_mixin.py:188} INFO - [2024-10-27T18:56:03.226+0000] {dag.py:3823} INFO - Setting next_dagrun for example_dag_decorator to None, run_after=None
[2024-10-27T18:56:03.242+0000] {processor.py:183} INFO - Processing /home/airflow/.local/lib/python3.8/site-packages/airflow/example_dags/example_dag_decorator.py took 0.307 seconds
[2024-10-27T18:56:37.759+0000] {processor.py:161} INFO - Started process (PID=85) to work on /home/airflow/.local/lib/python3.8/site-packages/airflow/example_dags/example_dag_decorator.py
[2024-10-27T18:56:37.759+0000] {processor.py:830} INFO - Processing file /home/airflow/.local/lib/python3.8/site-packages/airflow/example_dags/example_dag_decorator.py for tasks to queue
[2024-10-27T18:56:37.761+0000] {logging_mixin.py:188} INFO - [2024-10-27T18:56:37.761+0000] {dagbag.py:538} INFO - Filling up the DagBag from /home/airflow/.local/lib/python3.8/site-packages/airflow/example_dags/example_dag_decorator.py
[2024-10-27T18:56:37.827+0000] {processor.py:840} INFO - DAG(s) 'example_dag_decorator' retrieved from /home/airflow/.local/lib/python3.8/site-packages/airflow/example_dags/example_dag_decorator.py
[2024-10-27T18:56:37.905+0000] {logging_mixin.py:188} INFO - [2024-10-27T18:56:37.905+0000] {dag.py:3036} INFO - Sync 1 DAGs
[2024-10-27T18:56:37.915+0000] {logging_mixin.py:188} INFO - [2024-10-27T18:56:37.914+0000] {dag.py:3823} INFO - Setting next_dagrun for example_dag_decorator to None, run_after=None
[2024-10-27T18:56:37.929+0000] {processor.py:183} INFO - Processing /home/airflow/.local/lib/python3.8/site-packages/airflow/example_dags/example_dag_decorator.py took 0.173 seconds
[2024-10-27T18:57:08.222+0000] {processor.py:161} INFO - Started process (PID=141) to work on /home/airflow/.local/lib/python3.8/site-packages/airflow/example_dags/example_dag_decorator.py
[2024-10-27T18:57:08.223+0000] {processor.py:830} INFO - Processing file /home/airflow/.local/lib/python3.8/site-packages/airflow/example_dags/example_dag_decorator.py for tasks to queue
[2024-10-27T18:57:08.224+0000] {logging_mixin.py:188} INFO - [2024-10-27T18:57:08.224+0000] {dagbag.py:538} INFO - Filling up the DagBag from /home/airflow/.local/lib/python3.8/site-packages/airflow/example_dags/example_dag_decorator.py
[2024-10-27T18:57:08.310+0000] {processor.py:840} INFO - DAG(s) 'example_dag_decorator' retrieved from /home/airflow/.local/lib/python3.8/site-packages/airflow/example_dags/example_dag_decorator.py
[2024-10-27T18:57:08.392+0000] {logging_mixin.py:188} INFO - [2024-10-27T18:57:08.392+0000] {dag.py:3036} INFO - Sync 1 DAGs
[2024-10-27T18:57:08.401+0000] {logging_mixin.py:188} INFO - [2024-10-27T18:57:08.401+0000] {dag.py:3823} INFO - Setting next_dagrun for example_dag_decorator to None, run_after=None
[2024-10-27T18:57:08.416+0000] {processor.py:183} INFO - Processing /home/airflow/.local/lib/python3.8/site-packages/airflow/example_dags/example_dag_decorator.py took 0.196 seconds
[2024-10-27T18:57:38.587+0000] {processor.py:161} INFO - Started process (PID=197) to work on /home/airflow/.local/lib/python3.8/site-packages/airflow/example_dags/example_dag_decorator.py
[2024-10-27T18:57:38.587+0000] {processor.py:830} INFO - Processing file /home/airflow/.local/lib/python3.8/site-packages/airflow/example_dags/example_dag_decorator.py for tasks to queue
[2024-10-27T18:57:38.589+0000] {logging_mixin.py:188} INFO - [2024-10-27T18:57:38.589+0000] {dagbag.py:538} INFO - Filling up the DagBag from /home/airflow/.local/lib/python3.8/site-packages/airflow/example_dags/example_dag_decorator.py
[2024-10-27T18:57:38.657+0000] {processor.py:840} INFO - DAG(s) 'example_dag_decorator' retrieved from /home/airflow/.local/lib/python3.8/site-packages/airflow/example_dags/example_dag_decorator.py
[2024-10-27T18:57:38.735+0000] {logging_mixin.py:188} INFO - [2024-10-27T18:57:38.735+0000] {dag.py:3036} INFO - Sync 1 DAGs
[2024-10-27T18:57:38.746+0000] {logging_mixin.py:188} INFO - [2024-10-27T18:57:38.745+0000] {dag.py:3823} INFO - Setting next_dagrun for example_dag_decorator to None, run_after=None
[2024-10-27T18:57:38.761+0000] {processor.py:183} INFO - Processing /home/airflow/.local/lib/python3.8/site-packages/airflow/example_dags/example_dag_decorator.py took 0.177 seconds
[2024-10-27T18:58:09.222+0000] {processor.py:161} INFO - Started process (PID=253) to work on /home/airflow/.local/lib/python3.8/site-packages/airflow/example_dags/example_dag_decorator.py
[2024-10-27T18:58:09.223+0000] {processor.py:830} INFO - Processing file /home/airflow/.local/lib/python3.8/site-packages/airflow/example_dags/example_dag_decorator.py for tasks to queue
[2024-10-27T18:58:09.224+0000] {logging_mixin.py:188} INFO - [2024-10-27T18:58:09.224+0000] {dagbag.py:538} INFO - Filling up the DagBag from /home/airflow/.local/lib/python3.8/site-packages/airflow/example_dags/example_dag_decorator.py
[2024-10-27T18:58:09.296+0000] {processor.py:840} INFO - DAG(s) 'example_dag_decorator' retrieved from /home/airflow/.local/lib/python3.8/site-packages/airflow/example_dags/example_dag_decorator.py
[2024-10-27T18:58:09.376+0000] {logging_mixin.py:188} INFO - [2024-10-27T18:58:09.376+0000] {dag.py:3036} INFO - Sync 1 DAGs
[2024-10-27T18:58:09.387+0000] {logging_mixin.py:188} INFO - [2024-10-27T18:58:09.387+0000] {dag.py:3823} INFO - Setting next_dagrun for example_dag_decorator to None, run_after=None
[2024-10-27T18:58:09.411+0000] {processor.py:183} INFO - Processing /home/airflow/.local/lib/python3.8/site-packages/airflow/example_dags/example_dag_decorator.py took 0.190 seconds
[2024-10-27T18:58:39.781+0000] {processor.py:161} INFO - Started process (PID=309) to work on /home/airflow/.local/lib/python3.8/site-packages/airflow/example_dags/example_dag_decorator.py
[2024-10-27T18:58:39.782+0000] {processor.py:830} INFO - Processing file /home/airflow/.local/lib/python3.8/site-packages/airflow/example_dags/example_dag_decorator.py for tasks to queue
[2024-10-27T18:58:39.783+0000] {logging_mixin.py:188} INFO - [2024-10-27T18:58:39.783+0000] {dagbag.py:538} INFO - Filling up the DagBag from /home/airflow/.local/lib/python3.8/site-packages/airflow/example_dags/example_dag_decorator.py
[2024-10-27T18:58:39.860+0000] {processor.py:840} INFO - DAG(s) 'example_dag_decorator' retrieved from /home/airflow/.local/lib/python3.8/site-packages/airflow/example_dags/example_dag_decorator.py
[2024-10-27T18:58:39.959+0000] {logging_mixin.py:188} INFO - [2024-10-27T18:58:39.959+0000] {dag.py:3036} INFO - Sync 1 DAGs
[2024-10-27T18:58:39.969+0000] {logging_mixin.py:188} INFO - [2024-10-27T18:58:39.969+0000] {dag.py:3823} INFO - Setting next_dagrun for example_dag_decorator to None, run_after=None
[2024-10-27T18:58:39.990+0000] {processor.py:183} INFO - Processing /home/airflow/.local/lib/python3.8/site-packages/airflow/example_dags/example_dag_decorator.py took 0.212 seconds
[2024-10-27T18:59:10.023+0000] {processor.py:161} INFO - Started process (PID=367) to work on /home/airflow/.local/lib/python3.8/site-packages/airflow/example_dags/example_dag_decorator.py
[2024-10-27T18:59:10.023+0000] {processor.py:830} INFO - Processing file /home/airflow/.local/lib/python3.8/site-packages/airflow/example_dags/example_dag_decorator.py for tasks to queue
[2024-10-27T18:59:10.025+0000] {logging_mixin.py:188} INFO - [2024-10-27T18:59:10.024+0000] {dagbag.py:538} INFO - Filling up the DagBag from /home/airflow/.local/lib/python3.8/site-packages/airflow/example_dags/example_dag_decorator.py
[2024-10-27T18:59:10.102+0000] {processor.py:840} INFO - DAG(s) 'example_dag_decorator' retrieved from /home/airflow/.local/lib/python3.8/site-packages/airflow/example_dags/example_dag_decorator.py
[2024-10-27T18:59:10.192+0000] {logging_mixin.py:188} INFO - [2024-10-27T18:59:10.192+0000] {dag.py:3036} INFO - Sync 1 DAGs
[2024-10-27T18:59:10.202+0000] {logging_mixin.py:188} INFO - [2024-10-27T18:59:10.202+0000] {dag.py:3823} INFO - Setting next_dagrun for example_dag_decorator to None, run_after=None
[2024-10-27T18:59:10.222+0000] {processor.py:183} INFO - Processing /home/airflow/.local/lib/python3.8/site-packages/airflow/example_dags/example_dag_decorator.py took 0.202 seconds
[2024-10-27T18:59:40.340+0000] {processor.py:161} INFO - Started process (PID=423) to work on /home/airflow/.local/lib/python3.8/site-packages/airflow/example_dags/example_dag_decorator.py
[2024-10-27T18:59:40.341+0000] {processor.py:830} INFO - Processing file /home/airflow/.local/lib/python3.8/site-packages/airflow/example_dags/example_dag_decorator.py for tasks to queue
[2024-10-27T18:59:40.342+0000] {logging_mixin.py:188} INFO - [2024-10-27T18:59:40.342+0000] {dagbag.py:538} INFO - Filling up the DagBag from /home/airflow/.local/lib/python3.8/site-packages/airflow/example_dags/example_dag_decorator.py
[2024-10-27T18:59:40.412+0000] {processor.py:840} INFO - DAG(s) 'example_dag_decorator' retrieved from /home/airflow/.local/lib/python3.8/site-packages/airflow/example_dags/example_dag_decorator.py
[2024-10-27T18:59:40.501+0000] {logging_mixin.py:188} INFO - [2024-10-27T18:59:40.500+0000] {dag.py:3036} INFO - Sync 1 DAGs
[2024-10-27T18:59:40.510+0000] {logging_mixin.py:188} INFO - [2024-10-27T18:59:40.510+0000] {dag.py:3823} INFO - Setting next_dagrun for example_dag_decorator to None, run_after=None
[2024-10-27T18:59:40.528+0000] {processor.py:183} INFO - Processing /home/airflow/.local/lib/python3.8/site-packages/airflow/example_dags/example_dag_decorator.py took 0.190 seconds
[2024-10-27T19:00:10.700+0000] {processor.py:161} INFO - Started process (PID=481) to work on /home/airflow/.local/lib/python3.8/site-packages/airflow/example_dags/example_dag_decorator.py
[2024-10-27T19:00:10.701+0000] {processor.py:830} INFO - Processing file /home/airflow/.local/lib/python3.8/site-packages/airflow/example_dags/example_dag_decorator.py for tasks to queue
[2024-10-27T19:00:10.702+0000] {logging_mixin.py:188} INFO - [2024-10-27T19:00:10.702+0000] {dagbag.py:538} INFO - Filling up the DagBag from /home/airflow/.local/lib/python3.8/site-packages/airflow/example_dags/example_dag_decorator.py
[2024-10-27T19:00:10.771+0000] {processor.py:840} INFO - DAG(s) 'example_dag_decorator' retrieved from /home/airflow/.local/lib/python3.8/site-packages/airflow/example_dags/example_dag_decorator.py
[2024-10-27T19:00:10.792+0000] {logging_mixin.py:188} INFO - [2024-10-27T19:00:10.792+0000] {dag.py:3036} INFO - Sync 1 DAGs
[2024-10-27T19:00:10.801+0000] {logging_mixin.py:188} INFO - [2024-10-27T19:00:10.801+0000] {dag.py:3823} INFO - Setting next_dagrun for example_dag_decorator to None, run_after=None
[2024-10-27T19:00:10.816+0000] {processor.py:183} INFO - Processing /home/airflow/.local/lib/python3.8/site-packages/airflow/example_dags/example_dag_decorator.py took 0.118 seconds
[2024-10-27T19:00:40.849+0000] {processor.py:161} INFO - Started process (PID=537) to work on /home/airflow/.local/lib/python3.8/site-packages/airflow/example_dags/example_dag_decorator.py
[2024-10-27T19:00:40.850+0000] {processor.py:830} INFO - Processing file /home/airflow/.local/lib/python3.8/site-packages/airflow/example_dags/example_dag_decorator.py for tasks to queue
[2024-10-27T19:00:40.851+0000] {logging_mixin.py:188} INFO - [2024-10-27T19:00:40.851+0000] {dagbag.py:538} INFO - Filling up the DagBag from /home/airflow/.local/lib/python3.8/site-packages/airflow/example_dags/example_dag_decorator.py
[2024-10-27T19:00:40.919+0000] {processor.py:840} INFO - DAG(s) 'example_dag_decorator' retrieved from /home/airflow/.local/lib/python3.8/site-packages/airflow/example_dags/example_dag_decorator.py
[2024-10-27T19:00:41.001+0000] {logging_mixin.py:188} INFO - [2024-10-27T19:00:41.001+0000] {dag.py:3036} INFO - Sync 1 DAGs
[2024-10-27T19:00:41.010+0000] {logging_mixin.py:188} INFO - [2024-10-27T19:00:41.010+0000] {dag.py:3823} INFO - Setting next_dagrun for example_dag_decorator to None, run_after=None
[2024-10-27T19:00:41.073+0000] {processor.py:183} INFO - Processing /home/airflow/.local/lib/python3.8/site-packages/airflow/example_dags/example_dag_decorator.py took 0.226 seconds
[2024-10-27T19:01:11.143+0000] {processor.py:161} INFO - Started process (PID=592) to work on /home/airflow/.local/lib/python3.8/site-packages/airflow/example_dags/example_dag_decorator.py
[2024-10-27T19:01:11.144+0000] {processor.py:830} INFO - Processing file /home/airflow/.local/lib/python3.8/site-packages/airflow/example_dags/example_dag_decorator.py for tasks to queue
[2024-10-27T19:01:11.146+0000] {logging_mixin.py:188} INFO - [2024-10-27T19:01:11.145+0000] {dagbag.py:538} INFO - Filling up the DagBag from /home/airflow/.local/lib/python3.8/site-packages/airflow/example_dags/example_dag_decorator.py
[2024-10-27T19:01:11.213+0000] {processor.py:840} INFO - DAG(s) 'example_dag_decorator' retrieved from /home/airflow/.local/lib/python3.8/site-packages/airflow/example_dags/example_dag_decorator.py
[2024-10-27T19:01:11.298+0000] {logging_mixin.py:188} INFO - [2024-10-27T19:01:11.298+0000] {dag.py:3036} INFO - Sync 1 DAGs
[2024-10-27T19:01:11.308+0000] {logging_mixin.py:188} INFO - [2024-10-27T19:01:11.308+0000] {dag.py:3823} INFO - Setting next_dagrun for example_dag_decorator to None, run_after=None
[2024-10-27T19:01:11.326+0000] {processor.py:183} INFO - Processing /home/airflow/.local/lib/python3.8/site-packages/airflow/example_dags/example_dag_decorator.py took 0.185 seconds
[2024-10-27T19:01:41.534+0000] {processor.py:161} INFO - Started process (PID=648) to work on /home/airflow/.local/lib/python3.8/site-packages/airflow/example_dags/example_dag_decorator.py
[2024-10-27T19:01:41.535+0000] {processor.py:830} INFO - Processing file /home/airflow/.local/lib/python3.8/site-packages/airflow/example_dags/example_dag_decorator.py for tasks to queue
[2024-10-27T19:01:41.536+0000] {logging_mixin.py:188} INFO - [2024-10-27T19:01:41.536+0000] {dagbag.py:538} INFO - Filling up the DagBag from /home/airflow/.local/lib/python3.8/site-packages/airflow/example_dags/example_dag_decorator.py
[2024-10-27T19:01:41.611+0000] {processor.py:840} INFO - DAG(s) 'example_dag_decorator' retrieved from /home/airflow/.local/lib/python3.8/site-packages/airflow/example_dags/example_dag_decorator.py
[2024-10-27T19:01:41.707+0000] {logging_mixin.py:188} INFO - [2024-10-27T19:01:41.707+0000] {dag.py:3036} INFO - Sync 1 DAGs
[2024-10-27T19:01:41.717+0000] {logging_mixin.py:188} INFO - [2024-10-27T19:01:41.717+0000] {dag.py:3823} INFO - Setting next_dagrun for example_dag_decorator to None, run_after=None
[2024-10-27T19:01:41.737+0000] {processor.py:183} INFO - Processing /home/airflow/.local/lib/python3.8/site-packages/airflow/example_dags/example_dag_decorator.py took 0.205 seconds
[2024-10-27T19:02:11.774+0000] {processor.py:161} INFO - Started process (PID=706) to work on /home/airflow/.local/lib/python3.8/site-packages/airflow/example_dags/example_dag_decorator.py
[2024-10-27T19:02:11.775+0000] {processor.py:830} INFO - Processing file /home/airflow/.local/lib/python3.8/site-packages/airflow/example_dags/example_dag_decorator.py for tasks to queue
[2024-10-27T19:02:11.776+0000] {logging_mixin.py:188} INFO - [2024-10-27T19:02:11.776+0000] {dagbag.py:538} INFO - Filling up the DagBag from /home/airflow/.local/lib/python3.8/site-packages/airflow/example_dags/example_dag_decorator.py
[2024-10-27T19:02:11.855+0000] {processor.py:840} INFO - DAG(s) 'example_dag_decorator' retrieved from /home/airflow/.local/lib/python3.8/site-packages/airflow/example_dags/example_dag_decorator.py
[2024-10-27T19:02:11.961+0000] {logging_mixin.py:188} INFO - [2024-10-27T19:02:11.960+0000] {dag.py:3036} INFO - Sync 1 DAGs
[2024-10-27T19:02:11.969+0000] {logging_mixin.py:188} INFO - [2024-10-27T19:02:11.969+0000] {dag.py:3823} INFO - Setting next_dagrun for example_dag_decorator to None, run_after=None
[2024-10-27T19:02:11.987+0000] {processor.py:183} INFO - Processing /home/airflow/.local/lib/python3.8/site-packages/airflow/example_dags/example_dag_decorator.py took 0.216 seconds
[2024-10-27T19:02:42.142+0000] {processor.py:161} INFO - Started process (PID=764) to work on /home/airflow/.local/lib/python3.8/site-packages/airflow/example_dags/example_dag_decorator.py
[2024-10-27T19:02:42.143+0000] {processor.py:830} INFO - Processing file /home/airflow/.local/lib/python3.8/site-packages/airflow/example_dags/example_dag_decorator.py for tasks to queue
[2024-10-27T19:02:42.145+0000] {logging_mixin.py:188} INFO - [2024-10-27T19:02:42.144+0000] {dagbag.py:538} INFO - Filling up the DagBag from /home/airflow/.local/lib/python3.8/site-packages/airflow/example_dags/example_dag_decorator.py
[2024-10-27T19:02:42.216+0000] {processor.py:840} INFO - DAG(s) 'example_dag_decorator' retrieved from /home/airflow/.local/lib/python3.8/site-packages/airflow/example_dags/example_dag_decorator.py
[2024-10-27T19:02:42.297+0000] {logging_mixin.py:188} INFO - [2024-10-27T19:02:42.297+0000] {dag.py:3036} INFO - Sync 1 DAGs
[2024-10-27T19:02:42.305+0000] {logging_mixin.py:188} INFO - [2024-10-27T19:02:42.305+0000] {dag.py:3823} INFO - Setting next_dagrun for example_dag_decorator to None, run_after=None
[2024-10-27T19:02:42.321+0000] {processor.py:183} INFO - Processing /home/airflow/.local/lib/python3.8/site-packages/airflow/example_dags/example_dag_decorator.py took 0.181 seconds
[2024-10-27T19:03:12.386+0000] {processor.py:161} INFO - Started process (PID=820) to work on /home/airflow/.local/lib/python3.8/site-packages/airflow/example_dags/example_dag_decorator.py
[2024-10-27T19:03:12.387+0000] {processor.py:830} INFO - Processing file /home/airflow/.local/lib/python3.8/site-packages/airflow/example_dags/example_dag_decorator.py for tasks to queue
[2024-10-27T19:03:12.388+0000] {logging_mixin.py:188} INFO - [2024-10-27T19:03:12.388+0000] {dagbag.py:538} INFO - Filling up the DagBag from /home/airflow/.local/lib/python3.8/site-packages/airflow/example_dags/example_dag_decorator.py
[2024-10-27T19:03:12.472+0000] {processor.py:840} INFO - DAG(s) 'example_dag_decorator' retrieved from /home/airflow/.local/lib/python3.8/site-packages/airflow/example_dags/example_dag_decorator.py
[2024-10-27T19:03:12.577+0000] {logging_mixin.py:188} INFO - [2024-10-27T19:03:12.576+0000] {dag.py:3036} INFO - Sync 1 DAGs
[2024-10-27T19:03:12.587+0000] {logging_mixin.py:188} INFO - [2024-10-27T19:03:12.586+0000] {dag.py:3823} INFO - Setting next_dagrun for example_dag_decorator to None, run_after=None
[2024-10-27T19:03:12.605+0000] {processor.py:183} INFO - Processing /home/airflow/.local/lib/python3.8/site-packages/airflow/example_dags/example_dag_decorator.py took 0.221 seconds
[2024-10-27T19:03:42.875+0000] {processor.py:161} INFO - Started process (PID=877) to work on /home/airflow/.local/lib/python3.8/site-packages/airflow/example_dags/example_dag_decorator.py
[2024-10-27T19:03:42.876+0000] {processor.py:830} INFO - Processing file /home/airflow/.local/lib/python3.8/site-packages/airflow/example_dags/example_dag_decorator.py for tasks to queue
[2024-10-27T19:03:42.877+0000] {logging_mixin.py:188} INFO - [2024-10-27T19:03:42.877+0000] {dagbag.py:538} INFO - Filling up the DagBag from /home/airflow/.local/lib/python3.8/site-packages/airflow/example_dags/example_dag_decorator.py
[2024-10-27T19:03:42.948+0000] {processor.py:840} INFO - DAG(s) 'example_dag_decorator' retrieved from /home/airflow/.local/lib/python3.8/site-packages/airflow/example_dags/example_dag_decorator.py
[2024-10-27T19:03:43.030+0000] {logging_mixin.py:188} INFO - [2024-10-27T19:03:43.030+0000] {dag.py:3036} INFO - Sync 1 DAGs
[2024-10-27T19:03:43.039+0000] {logging_mixin.py:188} INFO - [2024-10-27T19:03:43.039+0000] {dag.py:3823} INFO - Setting next_dagrun for example_dag_decorator to None, run_after=None
[2024-10-27T19:03:43.056+0000] {processor.py:183} INFO - Processing /home/airflow/.local/lib/python3.8/site-packages/airflow/example_dags/example_dag_decorator.py took 0.183 seconds
[2024-10-27T19:04:13.129+0000] {processor.py:161} INFO - Started process (PID=932) to work on /home/airflow/.local/lib/python3.8/site-packages/airflow/example_dags/example_dag_decorator.py
[2024-10-27T19:04:13.130+0000] {processor.py:830} INFO - Processing file /home/airflow/.local/lib/python3.8/site-packages/airflow/example_dags/example_dag_decorator.py for tasks to queue
[2024-10-27T19:04:13.132+0000] {logging_mixin.py:188} INFO - [2024-10-27T19:04:13.132+0000] {dagbag.py:538} INFO - Filling up the DagBag from /home/airflow/.local/lib/python3.8/site-packages/airflow/example_dags/example_dag_decorator.py
[2024-10-27T19:04:13.222+0000] {processor.py:840} INFO - DAG(s) 'example_dag_decorator' retrieved from /home/airflow/.local/lib/python3.8/site-packages/airflow/example_dags/example_dag_decorator.py
[2024-10-27T19:04:13.316+0000] {logging_mixin.py:188} INFO - [2024-10-27T19:04:13.316+0000] {dag.py:3036} INFO - Sync 1 DAGs
[2024-10-27T19:04:13.327+0000] {logging_mixin.py:188} INFO - [2024-10-27T19:04:13.327+0000] {dag.py:3823} INFO - Setting next_dagrun for example_dag_decorator to None, run_after=None
[2024-10-27T19:04:13.344+0000] {processor.py:183} INFO - Processing /home/airflow/.local/lib/python3.8/site-packages/airflow/example_dags/example_dag_decorator.py took 0.218 seconds
[2024-10-27T19:04:43.792+0000] {processor.py:161} INFO - Started process (PID=989) to work on /home/airflow/.local/lib/python3.8/site-packages/airflow/example_dags/example_dag_decorator.py
[2024-10-27T19:04:43.793+0000] {processor.py:830} INFO - Processing file /home/airflow/.local/lib/python3.8/site-packages/airflow/example_dags/example_dag_decorator.py for tasks to queue
[2024-10-27T19:04:43.795+0000] {logging_mixin.py:188} INFO - [2024-10-27T19:04:43.794+0000] {dagbag.py:538} INFO - Filling up the DagBag from /home/airflow/.local/lib/python3.8/site-packages/airflow/example_dags/example_dag_decorator.py
[2024-10-27T19:04:43.968+0000] {processor.py:840} INFO - DAG(s) 'example_dag_decorator' retrieved from /home/airflow/.local/lib/python3.8/site-packages/airflow/example_dags/example_dag_decorator.py
[2024-10-27T19:04:44.094+0000] {logging_mixin.py:188} INFO - [2024-10-27T19:04:44.094+0000] {dag.py:3036} INFO - Sync 1 DAGs
[2024-10-27T19:04:44.105+0000] {logging_mixin.py:188} INFO - [2024-10-27T19:04:44.105+0000] {dag.py:3823} INFO - Setting next_dagrun for example_dag_decorator to None, run_after=None
[2024-10-27T19:04:44.123+0000] {processor.py:183} INFO - Processing /home/airflow/.local/lib/python3.8/site-packages/airflow/example_dags/example_dag_decorator.py took 0.333 seconds
[2024-10-27T19:05:14.299+0000] {processor.py:161} INFO - Started process (PID=1045) to work on /home/airflow/.local/lib/python3.8/site-packages/airflow/example_dags/example_dag_decorator.py
[2024-10-27T19:05:14.300+0000] {processor.py:830} INFO - Processing file /home/airflow/.local/lib/python3.8/site-packages/airflow/example_dags/example_dag_decorator.py for tasks to queue
[2024-10-27T19:05:14.302+0000] {logging_mixin.py:188} INFO - [2024-10-27T19:05:14.302+0000] {dagbag.py:538} INFO - Filling up the DagBag from /home/airflow/.local/lib/python3.8/site-packages/airflow/example_dags/example_dag_decorator.py
[2024-10-27T19:05:14.376+0000] {processor.py:840} INFO - DAG(s) 'example_dag_decorator' retrieved from /home/airflow/.local/lib/python3.8/site-packages/airflow/example_dags/example_dag_decorator.py
[2024-10-27T19:05:14.455+0000] {logging_mixin.py:188} INFO - [2024-10-27T19:05:14.455+0000] {dag.py:3036} INFO - Sync 1 DAGs
[2024-10-27T19:05:14.588+0000] {logging_mixin.py:188} INFO - [2024-10-27T19:05:14.588+0000] {dag.py:3823} INFO - Setting next_dagrun for example_dag_decorator to None, run_after=None
[2024-10-27T19:05:14.604+0000] {processor.py:183} INFO - Processing /home/airflow/.local/lib/python3.8/site-packages/airflow/example_dags/example_dag_decorator.py took 0.308 seconds
[2024-10-27T19:13:20.923+0000] {processor.py:161} INFO - Started process (PID=94) to work on /home/airflow/.local/lib/python3.11/site-packages/airflow/example_dags/example_dag_decorator.py
[2024-10-27T19:13:20.924+0000] {processor.py:830} INFO - Processing file /home/airflow/.local/lib/python3.11/site-packages/airflow/example_dags/example_dag_decorator.py for tasks to queue
[2024-10-27T19:13:20.926+0000] {logging_mixin.py:188} INFO - [2024-10-27T19:13:20.925+0000] {dagbag.py:538} INFO - Filling up the DagBag from /home/airflow/.local/lib/python3.11/site-packages/airflow/example_dags/example_dag_decorator.py
[2024-10-27T19:13:21.003+0000] {processor.py:840} INFO - DAG(s) 'example_dag_decorator' retrieved from /home/airflow/.local/lib/python3.11/site-packages/airflow/example_dags/example_dag_decorator.py
[2024-10-27T19:13:21.105+0000] {logging_mixin.py:188} INFO - [2024-10-27T19:13:21.105+0000] {dag.py:3036} INFO - Sync 1 DAGs
[2024-10-27T19:13:21.121+0000] {logging_mixin.py:188} INFO - [2024-10-27T19:13:21.121+0000] {dag.py:3823} INFO - Setting next_dagrun for example_dag_decorator to None, run_after=None
[2024-10-27T19:13:21.143+0000] {processor.py:183} INFO - Processing /home/airflow/.local/lib/python3.11/site-packages/airflow/example_dags/example_dag_decorator.py took 0.222 seconds
[2024-10-27T19:14:03.547+0000] {processor.py:161} INFO - Started process (PID=152) to work on /home/airflow/.local/lib/python3.11/site-packages/airflow/example_dags/example_dag_decorator.py
[2024-10-27T19:14:03.548+0000] {processor.py:830} INFO - Processing file /home/airflow/.local/lib/python3.11/site-packages/airflow/example_dags/example_dag_decorator.py for tasks to queue
[2024-10-27T19:14:03.549+0000] {logging_mixin.py:188} INFO - [2024-10-27T19:14:03.549+0000] {dagbag.py:538} INFO - Filling up the DagBag from /home/airflow/.local/lib/python3.11/site-packages/airflow/example_dags/example_dag_decorator.py
[2024-10-27T19:14:03.629+0000] {processor.py:840} INFO - DAG(s) 'example_dag_decorator' retrieved from /home/airflow/.local/lib/python3.11/site-packages/airflow/example_dags/example_dag_decorator.py
[2024-10-27T19:14:03.716+0000] {logging_mixin.py:188} INFO - [2024-10-27T19:14:03.716+0000] {dag.py:3036} INFO - Sync 1 DAGs
[2024-10-27T19:14:03.725+0000] {logging_mixin.py:188} INFO - [2024-10-27T19:14:03.725+0000] {dag.py:3823} INFO - Setting next_dagrun for example_dag_decorator to None, run_after=None
[2024-10-27T19:14:05.064+0000] {processor.py:183} INFO - Processing /home/airflow/.local/lib/python3.11/site-packages/airflow/example_dags/example_dag_decorator.py took 1.519 seconds
[2024-10-27T19:14:36.144+0000] {processor.py:161} INFO - Started process (PID=210) to work on /home/airflow/.local/lib/python3.11/site-packages/airflow/example_dags/example_dag_decorator.py
[2024-10-27T19:14:36.145+0000] {processor.py:830} INFO - Processing file /home/airflow/.local/lib/python3.11/site-packages/airflow/example_dags/example_dag_decorator.py for tasks to queue
[2024-10-27T19:14:36.147+0000] {logging_mixin.py:188} INFO - [2024-10-27T19:14:36.147+0000] {dagbag.py:538} INFO - Filling up the DagBag from /home/airflow/.local/lib/python3.11/site-packages/airflow/example_dags/example_dag_decorator.py
[2024-10-27T19:14:36.249+0000] {processor.py:840} INFO - DAG(s) 'example_dag_decorator' retrieved from /home/airflow/.local/lib/python3.11/site-packages/airflow/example_dags/example_dag_decorator.py
[2024-10-27T19:14:36.359+0000] {logging_mixin.py:188} INFO - [2024-10-27T19:14:36.359+0000] {dag.py:3036} INFO - Sync 1 DAGs
[2024-10-27T19:14:36.387+0000] {logging_mixin.py:188} INFO - [2024-10-27T19:14:36.386+0000] {dag.py:3823} INFO - Setting next_dagrun for example_dag_decorator to None, run_after=None
[2024-10-27T19:14:39.087+0000] {processor.py:183} INFO - Processing /home/airflow/.local/lib/python3.11/site-packages/airflow/example_dags/example_dag_decorator.py took 2.946 seconds
[2024-10-27T19:15:09.345+0000] {processor.py:161} INFO - Started process (PID=268) to work on /home/airflow/.local/lib/python3.11/site-packages/airflow/example_dags/example_dag_decorator.py
[2024-10-27T19:15:09.584+0000] {processor.py:830} INFO - Processing file /home/airflow/.local/lib/python3.11/site-packages/airflow/example_dags/example_dag_decorator.py for tasks to queue
[2024-10-27T19:15:09.586+0000] {logging_mixin.py:188} INFO - [2024-10-27T19:15:09.586+0000] {dagbag.py:538} INFO - Filling up the DagBag from /home/airflow/.local/lib/python3.11/site-packages/airflow/example_dags/example_dag_decorator.py
[2024-10-27T19:15:09.646+0000] {processor.py:840} INFO - DAG(s) 'example_dag_decorator' retrieved from /home/airflow/.local/lib/python3.11/site-packages/airflow/example_dags/example_dag_decorator.py
[2024-10-27T19:15:10.068+0000] {logging_mixin.py:188} INFO - [2024-10-27T19:15:10.068+0000] {dag.py:3036} INFO - Sync 1 DAGs
[2024-10-27T19:15:10.075+0000] {logging_mixin.py:188} INFO - [2024-10-27T19:15:10.075+0000] {dag.py:3823} INFO - Setting next_dagrun for example_dag_decorator to None, run_after=None
[2024-10-27T19:15:10.677+0000] {processor.py:183} INFO - Processing /home/airflow/.local/lib/python3.11/site-packages/airflow/example_dags/example_dag_decorator.py took 1.333 seconds
[2024-10-27T19:15:40.938+0000] {processor.py:161} INFO - Started process (PID=326) to work on /home/airflow/.local/lib/python3.11/site-packages/airflow/example_dags/example_dag_decorator.py
[2024-10-27T19:15:40.940+0000] {processor.py:830} INFO - Processing file /home/airflow/.local/lib/python3.11/site-packages/airflow/example_dags/example_dag_decorator.py for tasks to queue
[2024-10-27T19:15:40.941+0000] {logging_mixin.py:188} INFO - [2024-10-27T19:15:40.941+0000] {dagbag.py:538} INFO - Filling up the DagBag from /home/airflow/.local/lib/python3.11/site-packages/airflow/example_dags/example_dag_decorator.py
[2024-10-27T19:15:41.013+0000] {processor.py:840} INFO - DAG(s) 'example_dag_decorator' retrieved from /home/airflow/.local/lib/python3.11/site-packages/airflow/example_dags/example_dag_decorator.py
[2024-10-27T19:15:41.087+0000] {logging_mixin.py:188} INFO - [2024-10-27T19:15:41.086+0000] {dag.py:3036} INFO - Sync 1 DAGs
[2024-10-27T19:15:41.095+0000] {logging_mixin.py:188} INFO - [2024-10-27T19:15:41.095+0000] {dag.py:3823} INFO - Setting next_dagrun for example_dag_decorator to None, run_after=None
[2024-10-27T19:15:41.112+0000] {processor.py:183} INFO - Processing /home/airflow/.local/lib/python3.11/site-packages/airflow/example_dags/example_dag_decorator.py took 0.176 seconds
