[2024-10-27T18:56:00.997+0000] {processor.py:161} INFO - Started process (PID=191) to work on /home/airflow/.local/lib/python3.8/site-packages/airflow/example_dags/example_sensor_decorator.py
[2024-10-27T18:56:00.998+0000] {processor.py:830} INFO - Processing file /home/airflow/.local/lib/python3.8/site-packages/airflow/example_dags/example_sensor_decorator.py for tasks to queue
[2024-10-27T18:56:01.000+0000] {logging_mixin.py:188} INFO - [2024-10-27T18:56:00.999+0000] {dagbag.py:538} INFO - Filling up the DagBag from /home/airflow/.local/lib/python3.8/site-packages/airflow/example_dags/example_sensor_decorator.py
[2024-10-27T18:56:01.005+0000] {processor.py:840} INFO - DAG(s) 'example_sensor_decorator' retrieved from /home/airflow/.local/lib/python3.8/site-packages/airflow/example_dags/example_sensor_decorator.py
[2024-10-27T18:56:01.090+0000] {logging_mixin.py:188} INFO - [2024-10-27T18:56:01.090+0000] {override.py:1769} INFO - Created Permission View: can delete on DAG:example_sensor_decorator
[2024-10-27T18:56:01.099+0000] {logging_mixin.py:188} INFO - [2024-10-27T18:56:01.099+0000] {override.py:1769} INFO - Created Permission View: can read on DAG:example_sensor_decorator
[2024-10-27T18:56:01.105+0000] {logging_mixin.py:188} INFO - [2024-10-27T18:56:01.105+0000] {override.py:1769} INFO - Created Permission View: can edit on DAG:example_sensor_decorator
[2024-10-27T18:56:01.106+0000] {logging_mixin.py:188} INFO - [2024-10-27T18:56:01.106+0000] {dag.py:3036} INFO - Sync 1 DAGs
[2024-10-27T18:56:01.115+0000] {logging_mixin.py:188} INFO - [2024-10-27T18:56:01.114+0000] {dag.py:3058} INFO - Creating ORM DAG for example_sensor_decorator
[2024-10-27T18:56:01.115+0000] {logging_mixin.py:188} INFO - [2024-10-27T18:56:01.115+0000] {dag.py:3823} INFO - Setting next_dagrun for example_sensor_decorator to None, run_after=None
[2024-10-27T18:56:01.129+0000] {processor.py:183} INFO - Processing /home/airflow/.local/lib/python3.8/site-packages/airflow/example_dags/example_sensor_decorator.py took 0.134 seconds
[2024-10-27T18:56:36.570+0000] {processor.py:161} INFO - Started process (PID=57) to work on /home/airflow/.local/lib/python3.8/site-packages/airflow/example_dags/example_sensor_decorator.py
[2024-10-27T18:56:36.571+0000] {processor.py:830} INFO - Processing file /home/airflow/.local/lib/python3.8/site-packages/airflow/example_dags/example_sensor_decorator.py for tasks to queue
[2024-10-27T18:56:36.573+0000] {logging_mixin.py:188} INFO - [2024-10-27T18:56:36.572+0000] {dagbag.py:538} INFO - Filling up the DagBag from /home/airflow/.local/lib/python3.8/site-packages/airflow/example_dags/example_sensor_decorator.py
[2024-10-27T18:56:36.577+0000] {processor.py:840} INFO - DAG(s) 'example_sensor_decorator' retrieved from /home/airflow/.local/lib/python3.8/site-packages/airflow/example_dags/example_sensor_decorator.py
[2024-10-27T18:56:36.594+0000] {logging_mixin.py:188} INFO - [2024-10-27T18:56:36.594+0000] {dag.py:3036} INFO - Sync 1 DAGs
[2024-10-27T18:56:36.604+0000] {logging_mixin.py:188} INFO - [2024-10-27T18:56:36.604+0000] {dag.py:3823} INFO - Setting next_dagrun for example_sensor_decorator to None, run_after=None
[2024-10-27T18:56:36.623+0000] {processor.py:183} INFO - Processing /home/airflow/.local/lib/python3.8/site-packages/airflow/example_dags/example_sensor_decorator.py took 0.055 seconds
[2024-10-27T18:57:07.148+0000] {processor.py:161} INFO - Started process (PID=113) to work on /home/airflow/.local/lib/python3.8/site-packages/airflow/example_dags/example_sensor_decorator.py
[2024-10-27T18:57:07.149+0000] {processor.py:830} INFO - Processing file /home/airflow/.local/lib/python3.8/site-packages/airflow/example_dags/example_sensor_decorator.py for tasks to queue
[2024-10-27T18:57:07.151+0000] {logging_mixin.py:188} INFO - [2024-10-27T18:57:07.150+0000] {dagbag.py:538} INFO - Filling up the DagBag from /home/airflow/.local/lib/python3.8/site-packages/airflow/example_dags/example_sensor_decorator.py
[2024-10-27T18:57:07.155+0000] {processor.py:840} INFO - DAG(s) 'example_sensor_decorator' retrieved from /home/airflow/.local/lib/python3.8/site-packages/airflow/example_dags/example_sensor_decorator.py
[2024-10-27T18:57:07.172+0000] {logging_mixin.py:188} INFO - [2024-10-27T18:57:07.171+0000] {dag.py:3036} INFO - Sync 1 DAGs
[2024-10-27T18:57:07.182+0000] {logging_mixin.py:188} INFO - [2024-10-27T18:57:07.182+0000] {dag.py:3823} INFO - Setting next_dagrun for example_sensor_decorator to None, run_after=None
[2024-10-27T18:57:07.203+0000] {processor.py:183} INFO - Processing /home/airflow/.local/lib/python3.8/site-packages/airflow/example_dags/example_sensor_decorator.py took 0.057 seconds
[2024-10-27T18:57:37.620+0000] {processor.py:161} INFO - Started process (PID=175) to work on /home/airflow/.local/lib/python3.8/site-packages/airflow/example_dags/example_sensor_decorator.py
[2024-10-27T18:57:37.621+0000] {processor.py:830} INFO - Processing file /home/airflow/.local/lib/python3.8/site-packages/airflow/example_dags/example_sensor_decorator.py for tasks to queue
[2024-10-27T18:57:37.622+0000] {logging_mixin.py:188} INFO - [2024-10-27T18:57:37.622+0000] {dagbag.py:538} INFO - Filling up the DagBag from /home/airflow/.local/lib/python3.8/site-packages/airflow/example_dags/example_sensor_decorator.py
[2024-10-27T18:57:37.627+0000] {processor.py:840} INFO - DAG(s) 'example_sensor_decorator' retrieved from /home/airflow/.local/lib/python3.8/site-packages/airflow/example_dags/example_sensor_decorator.py
[2024-10-27T18:57:37.647+0000] {logging_mixin.py:188} INFO - [2024-10-27T18:57:37.646+0000] {dag.py:3036} INFO - Sync 1 DAGs
[2024-10-27T18:57:37.657+0000] {logging_mixin.py:188} INFO - [2024-10-27T18:57:37.657+0000] {dag.py:3823} INFO - Setting next_dagrun for example_sensor_decorator to None, run_after=None
[2024-10-27T18:57:37.675+0000] {processor.py:183} INFO - Processing /home/airflow/.local/lib/python3.8/site-packages/airflow/example_dags/example_sensor_decorator.py took 0.057 seconds
[2024-10-27T18:58:08.091+0000] {processor.py:161} INFO - Started process (PID=231) to work on /home/airflow/.local/lib/python3.8/site-packages/airflow/example_dags/example_sensor_decorator.py
[2024-10-27T18:58:08.092+0000] {processor.py:830} INFO - Processing file /home/airflow/.local/lib/python3.8/site-packages/airflow/example_dags/example_sensor_decorator.py for tasks to queue
[2024-10-27T18:58:08.093+0000] {logging_mixin.py:188} INFO - [2024-10-27T18:58:08.093+0000] {dagbag.py:538} INFO - Filling up the DagBag from /home/airflow/.local/lib/python3.8/site-packages/airflow/example_dags/example_sensor_decorator.py
[2024-10-27T18:58:08.097+0000] {processor.py:840} INFO - DAG(s) 'example_sensor_decorator' retrieved from /home/airflow/.local/lib/python3.8/site-packages/airflow/example_dags/example_sensor_decorator.py
[2024-10-27T18:58:08.115+0000] {logging_mixin.py:188} INFO - [2024-10-27T18:58:08.115+0000] {dag.py:3036} INFO - Sync 1 DAGs
[2024-10-27T18:58:08.126+0000] {logging_mixin.py:188} INFO - [2024-10-27T18:58:08.126+0000] {dag.py:3823} INFO - Setting next_dagrun for example_sensor_decorator to None, run_after=None
[2024-10-27T18:58:08.143+0000] {processor.py:183} INFO - Processing /home/airflow/.local/lib/python3.8/site-packages/airflow/example_dags/example_sensor_decorator.py took 0.055 seconds
[2024-10-27T18:58:38.705+0000] {processor.py:161} INFO - Started process (PID=287) to work on /home/airflow/.local/lib/python3.8/site-packages/airflow/example_dags/example_sensor_decorator.py
[2024-10-27T18:58:38.706+0000] {processor.py:830} INFO - Processing file /home/airflow/.local/lib/python3.8/site-packages/airflow/example_dags/example_sensor_decorator.py for tasks to queue
[2024-10-27T18:58:38.707+0000] {logging_mixin.py:188} INFO - [2024-10-27T18:58:38.707+0000] {dagbag.py:538} INFO - Filling up the DagBag from /home/airflow/.local/lib/python3.8/site-packages/airflow/example_dags/example_sensor_decorator.py
[2024-10-27T18:58:38.712+0000] {processor.py:840} INFO - DAG(s) 'example_sensor_decorator' retrieved from /home/airflow/.local/lib/python3.8/site-packages/airflow/example_dags/example_sensor_decorator.py
[2024-10-27T18:58:38.729+0000] {logging_mixin.py:188} INFO - [2024-10-27T18:58:38.729+0000] {dag.py:3036} INFO - Sync 1 DAGs
[2024-10-27T18:58:38.740+0000] {logging_mixin.py:188} INFO - [2024-10-27T18:58:38.740+0000] {dag.py:3823} INFO - Setting next_dagrun for example_sensor_decorator to None, run_after=None
[2024-10-27T18:58:38.756+0000] {processor.py:183} INFO - Processing /home/airflow/.local/lib/python3.8/site-packages/airflow/example_dags/example_sensor_decorator.py took 0.053 seconds
[2024-10-27T18:59:09.024+0000] {processor.py:161} INFO - Started process (PID=344) to work on /home/airflow/.local/lib/python3.8/site-packages/airflow/example_dags/example_sensor_decorator.py
[2024-10-27T18:59:09.025+0000] {processor.py:830} INFO - Processing file /home/airflow/.local/lib/python3.8/site-packages/airflow/example_dags/example_sensor_decorator.py for tasks to queue
[2024-10-27T18:59:09.026+0000] {logging_mixin.py:188} INFO - [2024-10-27T18:59:09.026+0000] {dagbag.py:538} INFO - Filling up the DagBag from /home/airflow/.local/lib/python3.8/site-packages/airflow/example_dags/example_sensor_decorator.py
[2024-10-27T18:59:09.031+0000] {processor.py:840} INFO - DAG(s) 'example_sensor_decorator' retrieved from /home/airflow/.local/lib/python3.8/site-packages/airflow/example_dags/example_sensor_decorator.py
[2024-10-27T18:59:09.045+0000] {logging_mixin.py:188} INFO - [2024-10-27T18:59:09.045+0000] {dag.py:3036} INFO - Sync 1 DAGs
[2024-10-27T18:59:09.054+0000] {logging_mixin.py:188} INFO - [2024-10-27T18:59:09.054+0000] {dag.py:3823} INFO - Setting next_dagrun for example_sensor_decorator to None, run_after=None
[2024-10-27T18:59:09.068+0000] {processor.py:183} INFO - Processing /home/airflow/.local/lib/python3.8/site-packages/airflow/example_dags/example_sensor_decorator.py took 0.046 seconds
[2024-10-27T18:59:39.280+0000] {processor.py:161} INFO - Started process (PID=400) to work on /home/airflow/.local/lib/python3.8/site-packages/airflow/example_dags/example_sensor_decorator.py
[2024-10-27T18:59:39.281+0000] {processor.py:830} INFO - Processing file /home/airflow/.local/lib/python3.8/site-packages/airflow/example_dags/example_sensor_decorator.py for tasks to queue
[2024-10-27T18:59:39.282+0000] {logging_mixin.py:188} INFO - [2024-10-27T18:59:39.282+0000] {dagbag.py:538} INFO - Filling up the DagBag from /home/airflow/.local/lib/python3.8/site-packages/airflow/example_dags/example_sensor_decorator.py
[2024-10-27T18:59:39.289+0000] {processor.py:840} INFO - DAG(s) 'example_sensor_decorator' retrieved from /home/airflow/.local/lib/python3.8/site-packages/airflow/example_dags/example_sensor_decorator.py
[2024-10-27T18:59:39.306+0000] {logging_mixin.py:188} INFO - [2024-10-27T18:59:39.306+0000] {dag.py:3036} INFO - Sync 1 DAGs
[2024-10-27T18:59:39.316+0000] {logging_mixin.py:188} INFO - [2024-10-27T18:59:39.316+0000] {dag.py:3823} INFO - Setting next_dagrun for example_sensor_decorator to None, run_after=None
[2024-10-27T18:59:39.332+0000] {processor.py:183} INFO - Processing /home/airflow/.local/lib/python3.8/site-packages/airflow/example_dags/example_sensor_decorator.py took 0.055 seconds
[2024-10-27T19:00:09.545+0000] {processor.py:161} INFO - Started process (PID=456) to work on /home/airflow/.local/lib/python3.8/site-packages/airflow/example_dags/example_sensor_decorator.py
[2024-10-27T19:00:09.546+0000] {processor.py:830} INFO - Processing file /home/airflow/.local/lib/python3.8/site-packages/airflow/example_dags/example_sensor_decorator.py for tasks to queue
[2024-10-27T19:00:09.548+0000] {logging_mixin.py:188} INFO - [2024-10-27T19:00:09.548+0000] {dagbag.py:538} INFO - Filling up the DagBag from /home/airflow/.local/lib/python3.8/site-packages/airflow/example_dags/example_sensor_decorator.py
[2024-10-27T19:00:09.552+0000] {processor.py:840} INFO - DAG(s) 'example_sensor_decorator' retrieved from /home/airflow/.local/lib/python3.8/site-packages/airflow/example_dags/example_sensor_decorator.py
[2024-10-27T19:00:09.567+0000] {logging_mixin.py:188} INFO - [2024-10-27T19:00:09.567+0000] {dag.py:3036} INFO - Sync 1 DAGs
[2024-10-27T19:00:09.577+0000] {logging_mixin.py:188} INFO - [2024-10-27T19:00:09.576+0000] {dag.py:3823} INFO - Setting next_dagrun for example_sensor_decorator to None, run_after=None
[2024-10-27T19:00:09.591+0000] {processor.py:183} INFO - Processing /home/airflow/.local/lib/python3.8/site-packages/airflow/example_dags/example_sensor_decorator.py took 0.048 seconds
[2024-10-27T19:00:39.770+0000] {processor.py:161} INFO - Started process (PID=512) to work on /home/airflow/.local/lib/python3.8/site-packages/airflow/example_dags/example_sensor_decorator.py
[2024-10-27T19:00:39.771+0000] {processor.py:830} INFO - Processing file /home/airflow/.local/lib/python3.8/site-packages/airflow/example_dags/example_sensor_decorator.py for tasks to queue
[2024-10-27T19:00:39.772+0000] {logging_mixin.py:188} INFO - [2024-10-27T19:00:39.772+0000] {dagbag.py:538} INFO - Filling up the DagBag from /home/airflow/.local/lib/python3.8/site-packages/airflow/example_dags/example_sensor_decorator.py
[2024-10-27T19:00:39.779+0000] {processor.py:840} INFO - DAG(s) 'example_sensor_decorator' retrieved from /home/airflow/.local/lib/python3.8/site-packages/airflow/example_dags/example_sensor_decorator.py
[2024-10-27T19:00:39.799+0000] {logging_mixin.py:188} INFO - [2024-10-27T19:00:39.799+0000] {dag.py:3036} INFO - Sync 1 DAGs
[2024-10-27T19:00:39.812+0000] {logging_mixin.py:188} INFO - [2024-10-27T19:00:39.811+0000] {dag.py:3823} INFO - Setting next_dagrun for example_sensor_decorator to None, run_after=None
[2024-10-27T19:00:39.831+0000] {processor.py:183} INFO - Processing /home/airflow/.local/lib/python3.8/site-packages/airflow/example_dags/example_sensor_decorator.py took 0.064 seconds
[2024-10-27T19:01:10.099+0000] {processor.py:161} INFO - Started process (PID=568) to work on /home/airflow/.local/lib/python3.8/site-packages/airflow/example_dags/example_sensor_decorator.py
[2024-10-27T19:01:10.100+0000] {processor.py:830} INFO - Processing file /home/airflow/.local/lib/python3.8/site-packages/airflow/example_dags/example_sensor_decorator.py for tasks to queue
[2024-10-27T19:01:10.102+0000] {logging_mixin.py:188} INFO - [2024-10-27T19:01:10.102+0000] {dagbag.py:538} INFO - Filling up the DagBag from /home/airflow/.local/lib/python3.8/site-packages/airflow/example_dags/example_sensor_decorator.py
[2024-10-27T19:01:10.107+0000] {processor.py:840} INFO - DAG(s) 'example_sensor_decorator' retrieved from /home/airflow/.local/lib/python3.8/site-packages/airflow/example_dags/example_sensor_decorator.py
[2024-10-27T19:01:10.122+0000] {logging_mixin.py:188} INFO - [2024-10-27T19:01:10.122+0000] {dag.py:3036} INFO - Sync 1 DAGs
[2024-10-27T19:01:10.132+0000] {logging_mixin.py:188} INFO - [2024-10-27T19:01:10.132+0000] {dag.py:3823} INFO - Setting next_dagrun for example_sensor_decorator to None, run_after=None
[2024-10-27T19:01:10.147+0000] {processor.py:183} INFO - Processing /home/airflow/.local/lib/python3.8/site-packages/airflow/example_dags/example_sensor_decorator.py took 0.050 seconds
[2024-10-27T19:01:40.319+0000] {processor.py:161} INFO - Started process (PID=624) to work on /home/airflow/.local/lib/python3.8/site-packages/airflow/example_dags/example_sensor_decorator.py
[2024-10-27T19:01:40.320+0000] {processor.py:830} INFO - Processing file /home/airflow/.local/lib/python3.8/site-packages/airflow/example_dags/example_sensor_decorator.py for tasks to queue
[2024-10-27T19:01:40.321+0000] {logging_mixin.py:188} INFO - [2024-10-27T19:01:40.321+0000] {dagbag.py:538} INFO - Filling up the DagBag from /home/airflow/.local/lib/python3.8/site-packages/airflow/example_dags/example_sensor_decorator.py
[2024-10-27T19:01:40.325+0000] {processor.py:840} INFO - DAG(s) 'example_sensor_decorator' retrieved from /home/airflow/.local/lib/python3.8/site-packages/airflow/example_dags/example_sensor_decorator.py
[2024-10-27T19:01:40.339+0000] {logging_mixin.py:188} INFO - [2024-10-27T19:01:40.339+0000] {dag.py:3036} INFO - Sync 1 DAGs
[2024-10-27T19:01:40.349+0000] {logging_mixin.py:188} INFO - [2024-10-27T19:01:40.348+0000] {dag.py:3823} INFO - Setting next_dagrun for example_sensor_decorator to None, run_after=None
[2024-10-27T19:01:40.363+0000] {processor.py:183} INFO - Processing /home/airflow/.local/lib/python3.8/site-packages/airflow/example_dags/example_sensor_decorator.py took 0.046 seconds
[2024-10-27T19:02:10.711+0000] {processor.py:161} INFO - Started process (PID=680) to work on /home/airflow/.local/lib/python3.8/site-packages/airflow/example_dags/example_sensor_decorator.py
[2024-10-27T19:02:10.711+0000] {processor.py:830} INFO - Processing file /home/airflow/.local/lib/python3.8/site-packages/airflow/example_dags/example_sensor_decorator.py for tasks to queue
[2024-10-27T19:02:10.713+0000] {logging_mixin.py:188} INFO - [2024-10-27T19:02:10.713+0000] {dagbag.py:538} INFO - Filling up the DagBag from /home/airflow/.local/lib/python3.8/site-packages/airflow/example_dags/example_sensor_decorator.py
[2024-10-27T19:02:10.717+0000] {processor.py:840} INFO - DAG(s) 'example_sensor_decorator' retrieved from /home/airflow/.local/lib/python3.8/site-packages/airflow/example_dags/example_sensor_decorator.py
[2024-10-27T19:02:10.734+0000] {logging_mixin.py:188} INFO - [2024-10-27T19:02:10.733+0000] {dag.py:3036} INFO - Sync 1 DAGs
[2024-10-27T19:02:10.743+0000] {logging_mixin.py:188} INFO - [2024-10-27T19:02:10.743+0000] {dag.py:3823} INFO - Setting next_dagrun for example_sensor_decorator to None, run_after=None
[2024-10-27T19:02:10.758+0000] {processor.py:183} INFO - Processing /home/airflow/.local/lib/python3.8/site-packages/airflow/example_dags/example_sensor_decorator.py took 0.049 seconds
[2024-10-27T19:02:41.007+0000] {processor.py:161} INFO - Started process (PID=736) to work on /home/airflow/.local/lib/python3.8/site-packages/airflow/example_dags/example_sensor_decorator.py
[2024-10-27T19:02:41.008+0000] {processor.py:830} INFO - Processing file /home/airflow/.local/lib/python3.8/site-packages/airflow/example_dags/example_sensor_decorator.py for tasks to queue
[2024-10-27T19:02:41.009+0000] {logging_mixin.py:188} INFO - [2024-10-27T19:02:41.009+0000] {dagbag.py:538} INFO - Filling up the DagBag from /home/airflow/.local/lib/python3.8/site-packages/airflow/example_dags/example_sensor_decorator.py
[2024-10-27T19:02:41.014+0000] {processor.py:840} INFO - DAG(s) 'example_sensor_decorator' retrieved from /home/airflow/.local/lib/python3.8/site-packages/airflow/example_dags/example_sensor_decorator.py
[2024-10-27T19:02:41.029+0000] {logging_mixin.py:188} INFO - [2024-10-27T19:02:41.029+0000] {dag.py:3036} INFO - Sync 1 DAGs
[2024-10-27T19:02:41.040+0000] {logging_mixin.py:188} INFO - [2024-10-27T19:02:41.039+0000] {dag.py:3823} INFO - Setting next_dagrun for example_sensor_decorator to None, run_after=None
[2024-10-27T19:02:41.054+0000] {processor.py:183} INFO - Processing /home/airflow/.local/lib/python3.8/site-packages/airflow/example_dags/example_sensor_decorator.py took 0.050 seconds
[2024-10-27T19:03:11.167+0000] {processor.py:161} INFO - Started process (PID=792) to work on /home/airflow/.local/lib/python3.8/site-packages/airflow/example_dags/example_sensor_decorator.py
[2024-10-27T19:03:11.167+0000] {processor.py:830} INFO - Processing file /home/airflow/.local/lib/python3.8/site-packages/airflow/example_dags/example_sensor_decorator.py for tasks to queue
[2024-10-27T19:03:11.169+0000] {logging_mixin.py:188} INFO - [2024-10-27T19:03:11.168+0000] {dagbag.py:538} INFO - Filling up the DagBag from /home/airflow/.local/lib/python3.8/site-packages/airflow/example_dags/example_sensor_decorator.py
[2024-10-27T19:03:11.173+0000] {processor.py:840} INFO - DAG(s) 'example_sensor_decorator' retrieved from /home/airflow/.local/lib/python3.8/site-packages/airflow/example_dags/example_sensor_decorator.py
[2024-10-27T19:03:11.188+0000] {logging_mixin.py:188} INFO - [2024-10-27T19:03:11.188+0000] {dag.py:3036} INFO - Sync 1 DAGs
[2024-10-27T19:03:11.198+0000] {logging_mixin.py:188} INFO - [2024-10-27T19:03:11.198+0000] {dag.py:3823} INFO - Setting next_dagrun for example_sensor_decorator to None, run_after=None
[2024-10-27T19:03:11.213+0000] {processor.py:183} INFO - Processing /home/airflow/.local/lib/python3.8/site-packages/airflow/example_dags/example_sensor_decorator.py took 0.049 seconds
[2024-10-27T19:03:41.458+0000] {processor.py:161} INFO - Started process (PID=848) to work on /home/airflow/.local/lib/python3.8/site-packages/airflow/example_dags/example_sensor_decorator.py
[2024-10-27T19:03:41.459+0000] {processor.py:830} INFO - Processing file /home/airflow/.local/lib/python3.8/site-packages/airflow/example_dags/example_sensor_decorator.py for tasks to queue
[2024-10-27T19:03:41.460+0000] {logging_mixin.py:188} INFO - [2024-10-27T19:03:41.460+0000] {dagbag.py:538} INFO - Filling up the DagBag from /home/airflow/.local/lib/python3.8/site-packages/airflow/example_dags/example_sensor_decorator.py
[2024-10-27T19:03:41.465+0000] {processor.py:840} INFO - DAG(s) 'example_sensor_decorator' retrieved from /home/airflow/.local/lib/python3.8/site-packages/airflow/example_dags/example_sensor_decorator.py
[2024-10-27T19:03:41.479+0000] {logging_mixin.py:188} INFO - [2024-10-27T19:03:41.479+0000] {dag.py:3036} INFO - Sync 1 DAGs
[2024-10-27T19:03:41.488+0000] {logging_mixin.py:188} INFO - [2024-10-27T19:03:41.488+0000] {dag.py:3823} INFO - Setting next_dagrun for example_sensor_decorator to None, run_after=None
[2024-10-27T19:03:41.503+0000] {processor.py:183} INFO - Processing /home/airflow/.local/lib/python3.8/site-packages/airflow/example_dags/example_sensor_decorator.py took 0.046 seconds
[2024-10-27T19:04:11.549+0000] {processor.py:161} INFO - Started process (PID=903) to work on /home/airflow/.local/lib/python3.8/site-packages/airflow/example_dags/example_sensor_decorator.py
[2024-10-27T19:04:11.550+0000] {processor.py:830} INFO - Processing file /home/airflow/.local/lib/python3.8/site-packages/airflow/example_dags/example_sensor_decorator.py for tasks to queue
[2024-10-27T19:04:11.551+0000] {logging_mixin.py:188} INFO - [2024-10-27T19:04:11.551+0000] {dagbag.py:538} INFO - Filling up the DagBag from /home/airflow/.local/lib/python3.8/site-packages/airflow/example_dags/example_sensor_decorator.py
[2024-10-27T19:04:11.556+0000] {processor.py:840} INFO - DAG(s) 'example_sensor_decorator' retrieved from /home/airflow/.local/lib/python3.8/site-packages/airflow/example_dags/example_sensor_decorator.py
[2024-10-27T19:04:11.572+0000] {logging_mixin.py:188} INFO - [2024-10-27T19:04:11.571+0000] {dag.py:3036} INFO - Sync 1 DAGs
[2024-10-27T19:04:11.582+0000] {logging_mixin.py:188} INFO - [2024-10-27T19:04:11.582+0000] {dag.py:3823} INFO - Setting next_dagrun for example_sensor_decorator to None, run_after=None
[2024-10-27T19:04:11.599+0000] {processor.py:183} INFO - Processing /home/airflow/.local/lib/python3.8/site-packages/airflow/example_dags/example_sensor_decorator.py took 0.052 seconds
[2024-10-27T19:04:42.137+0000] {processor.py:161} INFO - Started process (PID=959) to work on /home/airflow/.local/lib/python3.8/site-packages/airflow/example_dags/example_sensor_decorator.py
[2024-10-27T19:04:42.138+0000] {processor.py:830} INFO - Processing file /home/airflow/.local/lib/python3.8/site-packages/airflow/example_dags/example_sensor_decorator.py for tasks to queue
[2024-10-27T19:04:42.139+0000] {logging_mixin.py:188} INFO - [2024-10-27T19:04:42.139+0000] {dagbag.py:538} INFO - Filling up the DagBag from /home/airflow/.local/lib/python3.8/site-packages/airflow/example_dags/example_sensor_decorator.py
[2024-10-27T19:04:42.144+0000] {processor.py:840} INFO - DAG(s) 'example_sensor_decorator' retrieved from /home/airflow/.local/lib/python3.8/site-packages/airflow/example_dags/example_sensor_decorator.py
[2024-10-27T19:04:42.159+0000] {logging_mixin.py:188} INFO - [2024-10-27T19:04:42.158+0000] {dag.py:3036} INFO - Sync 1 DAGs
[2024-10-27T19:04:42.169+0000] {logging_mixin.py:188} INFO - [2024-10-27T19:04:42.169+0000] {dag.py:3823} INFO - Setting next_dagrun for example_sensor_decorator to None, run_after=None
[2024-10-27T19:04:42.184+0000] {processor.py:183} INFO - Processing /home/airflow/.local/lib/python3.8/site-packages/airflow/example_dags/example_sensor_decorator.py took 0.050 seconds
[2024-10-27T19:05:12.949+0000] {processor.py:161} INFO - Started process (PID=1016) to work on /home/airflow/.local/lib/python3.8/site-packages/airflow/example_dags/example_sensor_decorator.py
[2024-10-27T19:05:12.950+0000] {processor.py:830} INFO - Processing file /home/airflow/.local/lib/python3.8/site-packages/airflow/example_dags/example_sensor_decorator.py for tasks to queue
[2024-10-27T19:05:12.951+0000] {logging_mixin.py:188} INFO - [2024-10-27T19:05:12.951+0000] {dagbag.py:538} INFO - Filling up the DagBag from /home/airflow/.local/lib/python3.8/site-packages/airflow/example_dags/example_sensor_decorator.py
[2024-10-27T19:05:12.956+0000] {processor.py:840} INFO - DAG(s) 'example_sensor_decorator' retrieved from /home/airflow/.local/lib/python3.8/site-packages/airflow/example_dags/example_sensor_decorator.py
[2024-10-27T19:05:12.973+0000] {logging_mixin.py:188} INFO - [2024-10-27T19:05:12.973+0000] {dag.py:3036} INFO - Sync 1 DAGs
[2024-10-27T19:05:12.983+0000] {logging_mixin.py:188} INFO - [2024-10-27T19:05:12.983+0000] {dag.py:3823} INFO - Setting next_dagrun for example_sensor_decorator to None, run_after=None
[2024-10-27T19:05:13.000+0000] {processor.py:183} INFO - Processing /home/airflow/.local/lib/python3.8/site-packages/airflow/example_dags/example_sensor_decorator.py took 0.054 seconds
[2024-10-27T19:13:17.331+0000] {processor.py:161} INFO - Started process (PID=72) to work on /home/airflow/.local/lib/python3.11/site-packages/airflow/example_dags/example_sensor_decorator.py
[2024-10-27T19:13:17.586+0000] {processor.py:830} INFO - Processing file /home/airflow/.local/lib/python3.11/site-packages/airflow/example_dags/example_sensor_decorator.py for tasks to queue
[2024-10-27T19:13:17.588+0000] {logging_mixin.py:188} INFO - [2024-10-27T19:13:17.588+0000] {dagbag.py:538} INFO - Filling up the DagBag from /home/airflow/.local/lib/python3.11/site-packages/airflow/example_dags/example_sensor_decorator.py
[2024-10-27T19:13:17.595+0000] {processor.py:840} INFO - DAG(s) 'example_sensor_decorator' retrieved from /home/airflow/.local/lib/python3.11/site-packages/airflow/example_dags/example_sensor_decorator.py
[2024-10-27T19:13:17.748+0000] {logging_mixin.py:188} INFO - [2024-10-27T19:13:17.748+0000] {dag.py:3036} INFO - Sync 1 DAGs
[2024-10-27T19:13:17.757+0000] {logging_mixin.py:188} INFO - [2024-10-27T19:13:17.756+0000] {dag.py:3823} INFO - Setting next_dagrun for example_sensor_decorator to None, run_after=None
[2024-10-27T19:13:18.284+0000] {processor.py:183} INFO - Processing /home/airflow/.local/lib/python3.11/site-packages/airflow/example_dags/example_sensor_decorator.py took 0.955 seconds
[2024-10-27T19:13:54.214+0000] {processor.py:161} INFO - Started process (PID=130) to work on /home/airflow/.local/lib/python3.11/site-packages/airflow/example_dags/example_sensor_decorator.py
[2024-10-27T19:13:54.214+0000] {processor.py:830} INFO - Processing file /home/airflow/.local/lib/python3.11/site-packages/airflow/example_dags/example_sensor_decorator.py for tasks to queue
[2024-10-27T19:13:54.216+0000] {logging_mixin.py:188} INFO - [2024-10-27T19:13:54.216+0000] {dagbag.py:538} INFO - Filling up the DagBag from /home/airflow/.local/lib/python3.11/site-packages/airflow/example_dags/example_sensor_decorator.py
[2024-10-27T19:13:54.221+0000] {processor.py:840} INFO - DAG(s) 'example_sensor_decorator' retrieved from /home/airflow/.local/lib/python3.11/site-packages/airflow/example_dags/example_sensor_decorator.py
[2024-10-27T19:13:54.237+0000] {logging_mixin.py:188} INFO - [2024-10-27T19:13:54.237+0000] {dag.py:3036} INFO - Sync 1 DAGs
[2024-10-27T19:13:54.246+0000] {logging_mixin.py:188} INFO - [2024-10-27T19:13:54.246+0000] {dag.py:3823} INFO - Setting next_dagrun for example_sensor_decorator to None, run_after=None
[2024-10-27T19:13:55.676+0000] {processor.py:183} INFO - Processing /home/airflow/.local/lib/python3.11/site-packages/airflow/example_dags/example_sensor_decorator.py took 1.465 seconds
[2024-10-27T19:14:25.847+0000] {processor.py:161} INFO - Started process (PID=188) to work on /home/airflow/.local/lib/python3.11/site-packages/airflow/example_dags/example_sensor_decorator.py
[2024-10-27T19:14:25.849+0000] {processor.py:830} INFO - Processing file /home/airflow/.local/lib/python3.11/site-packages/airflow/example_dags/example_sensor_decorator.py for tasks to queue
[2024-10-27T19:14:25.851+0000] {logging_mixin.py:188} INFO - [2024-10-27T19:14:25.850+0000] {dagbag.py:538} INFO - Filling up the DagBag from /home/airflow/.local/lib/python3.11/site-packages/airflow/example_dags/example_sensor_decorator.py
[2024-10-27T19:14:25.860+0000] {processor.py:840} INFO - DAG(s) 'example_sensor_decorator' retrieved from /home/airflow/.local/lib/python3.11/site-packages/airflow/example_dags/example_sensor_decorator.py
[2024-10-27T19:14:25.895+0000] {logging_mixin.py:188} INFO - [2024-10-27T19:14:25.894+0000] {dag.py:3036} INFO - Sync 1 DAGs
[2024-10-27T19:14:25.917+0000] {logging_mixin.py:188} INFO - [2024-10-27T19:14:25.916+0000] {dag.py:3823} INFO - Setting next_dagrun for example_sensor_decorator to None, run_after=None
[2024-10-27T19:14:25.949+0000] {processor.py:183} INFO - Processing /home/airflow/.local/lib/python3.11/site-packages/airflow/example_dags/example_sensor_decorator.py took 0.105 seconds
[2024-10-27T19:14:56.785+0000] {processor.py:161} INFO - Started process (PID=246) to work on /home/airflow/.local/lib/python3.11/site-packages/airflow/example_dags/example_sensor_decorator.py
[2024-10-27T19:14:56.786+0000] {processor.py:830} INFO - Processing file /home/airflow/.local/lib/python3.11/site-packages/airflow/example_dags/example_sensor_decorator.py for tasks to queue
[2024-10-27T19:14:56.789+0000] {logging_mixin.py:188} INFO - [2024-10-27T19:14:56.788+0000] {dagbag.py:538} INFO - Filling up the DagBag from /home/airflow/.local/lib/python3.11/site-packages/airflow/example_dags/example_sensor_decorator.py
[2024-10-27T19:14:56.799+0000] {processor.py:840} INFO - DAG(s) 'example_sensor_decorator' retrieved from /home/airflow/.local/lib/python3.11/site-packages/airflow/example_dags/example_sensor_decorator.py
[2024-10-27T19:14:56.821+0000] {logging_mixin.py:188} INFO - [2024-10-27T19:14:56.820+0000] {dag.py:3036} INFO - Sync 1 DAGs
[2024-10-27T19:14:56.836+0000] {logging_mixin.py:188} INFO - [2024-10-27T19:14:56.835+0000] {dag.py:3823} INFO - Setting next_dagrun for example_sensor_decorator to None, run_after=None
[2024-10-27T19:14:56.861+0000] {processor.py:183} INFO - Processing /home/airflow/.local/lib/python3.11/site-packages/airflow/example_dags/example_sensor_decorator.py took 0.079 seconds
[2024-10-27T19:15:27.582+0000] {processor.py:161} INFO - Started process (PID=301) to work on /home/airflow/.local/lib/python3.11/site-packages/airflow/example_dags/example_sensor_decorator.py
[2024-10-27T19:15:27.583+0000] {processor.py:830} INFO - Processing file /home/airflow/.local/lib/python3.11/site-packages/airflow/example_dags/example_sensor_decorator.py for tasks to queue
[2024-10-27T19:15:27.585+0000] {logging_mixin.py:188} INFO - [2024-10-27T19:15:27.584+0000] {dagbag.py:538} INFO - Filling up the DagBag from /home/airflow/.local/lib/python3.11/site-packages/airflow/example_dags/example_sensor_decorator.py
[2024-10-27T19:15:27.589+0000] {processor.py:840} INFO - DAG(s) 'example_sensor_decorator' retrieved from /home/airflow/.local/lib/python3.11/site-packages/airflow/example_dags/example_sensor_decorator.py
[2024-10-27T19:15:27.604+0000] {logging_mixin.py:188} INFO - [2024-10-27T19:15:27.603+0000] {dag.py:3036} INFO - Sync 1 DAGs
[2024-10-27T19:15:27.612+0000] {logging_mixin.py:188} INFO - [2024-10-27T19:15:27.612+0000] {dag.py:3823} INFO - Setting next_dagrun for example_sensor_decorator to None, run_after=None
[2024-10-27T19:15:27.627+0000] {processor.py:183} INFO - Processing /home/airflow/.local/lib/python3.11/site-packages/airflow/example_dags/example_sensor_decorator.py took 0.047 seconds
