[2024-10-27T18:56:02.747+0000] {processor.py:161} INFO - Started process (PID=211) to work on /home/airflow/.local/lib/python3.8/site-packages/airflow/example_dags/example_bash_operator.py
[2024-10-27T18:56:02.748+0000] {processor.py:830} INFO - Processing file /home/airflow/.local/lib/python3.8/site-packages/airflow/example_dags/example_bash_operator.py for tasks to queue
[2024-10-27T18:56:02.749+0000] {logging_mixin.py:188} INFO - [2024-10-27T18:56:02.749+0000] {dagbag.py:538} INFO - Filling up the DagBag from /home/airflow/.local/lib/python3.8/site-packages/airflow/example_dags/example_bash_operator.py
[2024-10-27T18:56:02.759+0000] {processor.py:840} INFO - DAG(s) 'example_bash_operator' retrieved from /home/airflow/.local/lib/python3.8/site-packages/airflow/example_dags/example_bash_operator.py
[2024-10-27T18:56:02.860+0000] {logging_mixin.py:188} INFO - [2024-10-27T18:56:02.859+0000] {override.py:1769} INFO - Created Permission View: can delete on DAG:example_bash_operator
[2024-10-27T18:56:02.869+0000] {logging_mixin.py:188} INFO - [2024-10-27T18:56:02.869+0000] {override.py:1769} INFO - Created Permission View: can read on DAG:example_bash_operator
[2024-10-27T18:56:02.875+0000] {logging_mixin.py:188} INFO - [2024-10-27T18:56:02.874+0000] {override.py:1769} INFO - Created Permission View: can edit on DAG:example_bash_operator
[2024-10-27T18:56:02.875+0000] {logging_mixin.py:188} INFO - [2024-10-27T18:56:02.875+0000] {dag.py:3036} INFO - Sync 1 DAGs
[2024-10-27T18:56:02.886+0000] {logging_mixin.py:188} INFO - [2024-10-27T18:56:02.885+0000] {dag.py:3058} INFO - Creating ORM DAG for example_bash_operator
[2024-10-27T18:56:02.896+0000] {logging_mixin.py:188} INFO - [2024-10-27T18:56:02.896+0000] {dag.py:3823} INFO - Setting next_dagrun for example_bash_operator to 2024-10-26 00:00:00+00:00, run_after=2024-10-27 00:00:00+00:00
[2024-10-27T18:56:02.913+0000] {processor.py:183} INFO - Processing /home/airflow/.local/lib/python3.8/site-packages/airflow/example_dags/example_bash_operator.py took 0.168 seconds
[2024-10-27T18:56:37.672+0000] {processor.py:161} INFO - Started process (PID=83) to work on /home/airflow/.local/lib/python3.8/site-packages/airflow/example_dags/example_bash_operator.py
[2024-10-27T18:56:37.673+0000] {processor.py:830} INFO - Processing file /home/airflow/.local/lib/python3.8/site-packages/airflow/example_dags/example_bash_operator.py for tasks to queue
[2024-10-27T18:56:37.674+0000] {logging_mixin.py:188} INFO - [2024-10-27T18:56:37.674+0000] {dagbag.py:538} INFO - Filling up the DagBag from /home/airflow/.local/lib/python3.8/site-packages/airflow/example_dags/example_bash_operator.py
[2024-10-27T18:56:37.683+0000] {processor.py:840} INFO - DAG(s) 'example_bash_operator' retrieved from /home/airflow/.local/lib/python3.8/site-packages/airflow/example_dags/example_bash_operator.py
[2024-10-27T18:56:37.704+0000] {logging_mixin.py:188} INFO - [2024-10-27T18:56:37.704+0000] {dag.py:3036} INFO - Sync 1 DAGs
[2024-10-27T18:56:37.722+0000] {logging_mixin.py:188} INFO - [2024-10-27T18:56:37.722+0000] {dag.py:3823} INFO - Setting next_dagrun for example_bash_operator to 2024-10-26 00:00:00+00:00, run_after=2024-10-27 00:00:00+00:00
[2024-10-27T18:56:37.738+0000] {processor.py:183} INFO - Processing /home/airflow/.local/lib/python3.8/site-packages/airflow/example_dags/example_bash_operator.py took 0.068 seconds
[2024-10-27T18:57:08.120+0000] {processor.py:161} INFO - Started process (PID=139) to work on /home/airflow/.local/lib/python3.8/site-packages/airflow/example_dags/example_bash_operator.py
[2024-10-27T18:57:08.121+0000] {processor.py:830} INFO - Processing file /home/airflow/.local/lib/python3.8/site-packages/airflow/example_dags/example_bash_operator.py for tasks to queue
[2024-10-27T18:57:08.122+0000] {logging_mixin.py:188} INFO - [2024-10-27T18:57:08.122+0000] {dagbag.py:538} INFO - Filling up the DagBag from /home/airflow/.local/lib/python3.8/site-packages/airflow/example_dags/example_bash_operator.py
[2024-10-27T18:57:08.131+0000] {processor.py:840} INFO - DAG(s) 'example_bash_operator' retrieved from /home/airflow/.local/lib/python3.8/site-packages/airflow/example_dags/example_bash_operator.py
[2024-10-27T18:57:08.161+0000] {logging_mixin.py:188} INFO - [2024-10-27T18:57:08.161+0000] {dag.py:3036} INFO - Sync 1 DAGs
[2024-10-27T18:57:08.185+0000] {logging_mixin.py:188} INFO - [2024-10-27T18:57:08.184+0000] {dag.py:3823} INFO - Setting next_dagrun for example_bash_operator to 2024-10-26 00:00:00+00:00, run_after=2024-10-27 00:00:00+00:00
[2024-10-27T18:57:08.200+0000] {processor.py:183} INFO - Processing /home/airflow/.local/lib/python3.8/site-packages/airflow/example_dags/example_bash_operator.py took 0.082 seconds
[2024-10-27T18:57:38.483+0000] {processor.py:161} INFO - Started process (PID=195) to work on /home/airflow/.local/lib/python3.8/site-packages/airflow/example_dags/example_bash_operator.py
[2024-10-27T18:57:38.484+0000] {processor.py:830} INFO - Processing file /home/airflow/.local/lib/python3.8/site-packages/airflow/example_dags/example_bash_operator.py for tasks to queue
[2024-10-27T18:57:38.486+0000] {logging_mixin.py:188} INFO - [2024-10-27T18:57:38.485+0000] {dagbag.py:538} INFO - Filling up the DagBag from /home/airflow/.local/lib/python3.8/site-packages/airflow/example_dags/example_bash_operator.py
[2024-10-27T18:57:38.494+0000] {processor.py:840} INFO - DAG(s) 'example_bash_operator' retrieved from /home/airflow/.local/lib/python3.8/site-packages/airflow/example_dags/example_bash_operator.py
[2024-10-27T18:57:38.517+0000] {logging_mixin.py:188} INFO - [2024-10-27T18:57:38.517+0000] {dag.py:3036} INFO - Sync 1 DAGs
[2024-10-27T18:57:38.544+0000] {logging_mixin.py:188} INFO - [2024-10-27T18:57:38.543+0000] {dag.py:3823} INFO - Setting next_dagrun for example_bash_operator to 2024-10-26 00:00:00+00:00, run_after=2024-10-27 00:00:00+00:00
[2024-10-27T18:57:38.562+0000] {processor.py:183} INFO - Processing /home/airflow/.local/lib/python3.8/site-packages/airflow/example_dags/example_bash_operator.py took 0.081 seconds
[2024-10-27T18:58:09.100+0000] {processor.py:161} INFO - Started process (PID=251) to work on /home/airflow/.local/lib/python3.8/site-packages/airflow/example_dags/example_bash_operator.py
[2024-10-27T18:58:09.101+0000] {processor.py:830} INFO - Processing file /home/airflow/.local/lib/python3.8/site-packages/airflow/example_dags/example_bash_operator.py for tasks to queue
[2024-10-27T18:58:09.103+0000] {logging_mixin.py:188} INFO - [2024-10-27T18:58:09.102+0000] {dagbag.py:538} INFO - Filling up the DagBag from /home/airflow/.local/lib/python3.8/site-packages/airflow/example_dags/example_bash_operator.py
[2024-10-27T18:58:09.112+0000] {processor.py:840} INFO - DAG(s) 'example_bash_operator' retrieved from /home/airflow/.local/lib/python3.8/site-packages/airflow/example_dags/example_bash_operator.py
[2024-10-27T18:58:09.137+0000] {logging_mixin.py:188} INFO - [2024-10-27T18:58:09.136+0000] {dag.py:3036} INFO - Sync 1 DAGs
[2024-10-27T18:58:09.157+0000] {logging_mixin.py:188} INFO - [2024-10-27T18:58:09.157+0000] {dag.py:3823} INFO - Setting next_dagrun for example_bash_operator to 2024-10-26 00:00:00+00:00, run_after=2024-10-27 00:00:00+00:00
[2024-10-27T18:58:09.197+0000] {processor.py:183} INFO - Processing /home/airflow/.local/lib/python3.8/site-packages/airflow/example_dags/example_bash_operator.py took 0.099 seconds
[2024-10-27T18:58:39.657+0000] {processor.py:161} INFO - Started process (PID=307) to work on /home/airflow/.local/lib/python3.8/site-packages/airflow/example_dags/example_bash_operator.py
[2024-10-27T18:58:39.658+0000] {processor.py:830} INFO - Processing file /home/airflow/.local/lib/python3.8/site-packages/airflow/example_dags/example_bash_operator.py for tasks to queue
[2024-10-27T18:58:39.660+0000] {logging_mixin.py:188} INFO - [2024-10-27T18:58:39.659+0000] {dagbag.py:538} INFO - Filling up the DagBag from /home/airflow/.local/lib/python3.8/site-packages/airflow/example_dags/example_bash_operator.py
[2024-10-27T18:58:39.673+0000] {processor.py:840} INFO - DAG(s) 'example_bash_operator' retrieved from /home/airflow/.local/lib/python3.8/site-packages/airflow/example_dags/example_bash_operator.py
[2024-10-27T18:58:39.708+0000] {logging_mixin.py:188} INFO - [2024-10-27T18:58:39.707+0000] {dag.py:3036} INFO - Sync 1 DAGs
[2024-10-27T18:58:39.729+0000] {logging_mixin.py:188} INFO - [2024-10-27T18:58:39.729+0000] {dag.py:3823} INFO - Setting next_dagrun for example_bash_operator to 2024-10-26 00:00:00+00:00, run_after=2024-10-27 00:00:00+00:00
[2024-10-27T18:58:39.752+0000] {processor.py:183} INFO - Processing /home/airflow/.local/lib/python3.8/site-packages/airflow/example_dags/example_bash_operator.py took 0.098 seconds
[2024-10-27T18:59:09.805+0000] {processor.py:161} INFO - Started process (PID=364) to work on /home/airflow/.local/lib/python3.8/site-packages/airflow/example_dags/example_bash_operator.py
[2024-10-27T18:59:09.806+0000] {processor.py:830} INFO - Processing file /home/airflow/.local/lib/python3.8/site-packages/airflow/example_dags/example_bash_operator.py for tasks to queue
[2024-10-27T18:59:09.808+0000] {logging_mixin.py:188} INFO - [2024-10-27T18:59:09.808+0000] {dagbag.py:538} INFO - Filling up the DagBag from /home/airflow/.local/lib/python3.8/site-packages/airflow/example_dags/example_bash_operator.py
[2024-10-27T18:59:09.823+0000] {processor.py:840} INFO - DAG(s) 'example_bash_operator' retrieved from /home/airflow/.local/lib/python3.8/site-packages/airflow/example_dags/example_bash_operator.py
[2024-10-27T18:59:09.859+0000] {logging_mixin.py:188} INFO - [2024-10-27T18:59:09.858+0000] {dag.py:3036} INFO - Sync 1 DAGs
[2024-10-27T18:59:09.889+0000] {logging_mixin.py:188} INFO - [2024-10-27T18:59:09.888+0000] {dag.py:3823} INFO - Setting next_dagrun for example_bash_operator to 2024-10-26 00:00:00+00:00, run_after=2024-10-27 00:00:00+00:00
[2024-10-27T18:59:09.910+0000] {processor.py:183} INFO - Processing /home/airflow/.local/lib/python3.8/site-packages/airflow/example_dags/example_bash_operator.py took 0.107 seconds
[2024-10-27T18:59:40.161+0000] {processor.py:161} INFO - Started process (PID=420) to work on /home/airflow/.local/lib/python3.8/site-packages/airflow/example_dags/example_bash_operator.py
[2024-10-27T18:59:40.162+0000] {processor.py:830} INFO - Processing file /home/airflow/.local/lib/python3.8/site-packages/airflow/example_dags/example_bash_operator.py for tasks to queue
[2024-10-27T18:59:40.163+0000] {logging_mixin.py:188} INFO - [2024-10-27T18:59:40.163+0000] {dagbag.py:538} INFO - Filling up the DagBag from /home/airflow/.local/lib/python3.8/site-packages/airflow/example_dags/example_bash_operator.py
[2024-10-27T18:59:40.173+0000] {processor.py:840} INFO - DAG(s) 'example_bash_operator' retrieved from /home/airflow/.local/lib/python3.8/site-packages/airflow/example_dags/example_bash_operator.py
[2024-10-27T18:59:40.199+0000] {logging_mixin.py:188} INFO - [2024-10-27T18:59:40.199+0000] {dag.py:3036} INFO - Sync 1 DAGs
[2024-10-27T18:59:40.218+0000] {logging_mixin.py:188} INFO - [2024-10-27T18:59:40.217+0000] {dag.py:3823} INFO - Setting next_dagrun for example_bash_operator to 2024-10-26 00:00:00+00:00, run_after=2024-10-27 00:00:00+00:00
[2024-10-27T18:59:40.232+0000] {processor.py:183} INFO - Processing /home/airflow/.local/lib/python3.8/site-packages/airflow/example_dags/example_bash_operator.py took 0.073 seconds
[2024-10-27T19:00:10.378+0000] {processor.py:161} INFO - Started process (PID=476) to work on /home/airflow/.local/lib/python3.8/site-packages/airflow/example_dags/example_bash_operator.py
[2024-10-27T19:00:10.379+0000] {processor.py:830} INFO - Processing file /home/airflow/.local/lib/python3.8/site-packages/airflow/example_dags/example_bash_operator.py for tasks to queue
[2024-10-27T19:00:10.380+0000] {logging_mixin.py:188} INFO - [2024-10-27T19:00:10.380+0000] {dagbag.py:538} INFO - Filling up the DagBag from /home/airflow/.local/lib/python3.8/site-packages/airflow/example_dags/example_bash_operator.py
[2024-10-27T19:00:10.388+0000] {processor.py:840} INFO - DAG(s) 'example_bash_operator' retrieved from /home/airflow/.local/lib/python3.8/site-packages/airflow/example_dags/example_bash_operator.py
[2024-10-27T19:00:10.410+0000] {logging_mixin.py:188} INFO - [2024-10-27T19:00:10.409+0000] {dag.py:3036} INFO - Sync 1 DAGs
[2024-10-27T19:00:10.426+0000] {logging_mixin.py:188} INFO - [2024-10-27T19:00:10.426+0000] {dag.py:3823} INFO - Setting next_dagrun for example_bash_operator to 2024-10-26 00:00:00+00:00, run_after=2024-10-27 00:00:00+00:00
[2024-10-27T19:00:10.440+0000] {processor.py:183} INFO - Processing /home/airflow/.local/lib/python3.8/site-packages/airflow/example_dags/example_bash_operator.py took 0.064 seconds
[2024-10-27T19:00:40.670+0000] {processor.py:161} INFO - Started process (PID=532) to work on /home/airflow/.local/lib/python3.8/site-packages/airflow/example_dags/example_bash_operator.py
[2024-10-27T19:00:40.671+0000] {processor.py:830} INFO - Processing file /home/airflow/.local/lib/python3.8/site-packages/airflow/example_dags/example_bash_operator.py for tasks to queue
[2024-10-27T19:00:40.672+0000] {logging_mixin.py:188} INFO - [2024-10-27T19:00:40.672+0000] {dagbag.py:538} INFO - Filling up the DagBag from /home/airflow/.local/lib/python3.8/site-packages/airflow/example_dags/example_bash_operator.py
[2024-10-27T19:00:40.680+0000] {processor.py:840} INFO - DAG(s) 'example_bash_operator' retrieved from /home/airflow/.local/lib/python3.8/site-packages/airflow/example_dags/example_bash_operator.py
[2024-10-27T19:00:40.702+0000] {logging_mixin.py:188} INFO - [2024-10-27T19:00:40.702+0000] {dag.py:3036} INFO - Sync 1 DAGs
[2024-10-27T19:00:40.720+0000] {logging_mixin.py:188} INFO - [2024-10-27T19:00:40.720+0000] {dag.py:3823} INFO - Setting next_dagrun for example_bash_operator to 2024-10-26 00:00:00+00:00, run_after=2024-10-27 00:00:00+00:00
[2024-10-27T19:00:40.736+0000] {processor.py:183} INFO - Processing /home/airflow/.local/lib/python3.8/site-packages/airflow/example_dags/example_bash_operator.py took 0.068 seconds
[2024-10-27T19:01:10.878+0000] {processor.py:161} INFO - Started process (PID=588) to work on /home/airflow/.local/lib/python3.8/site-packages/airflow/example_dags/example_bash_operator.py
[2024-10-27T19:01:10.879+0000] {processor.py:830} INFO - Processing file /home/airflow/.local/lib/python3.8/site-packages/airflow/example_dags/example_bash_operator.py for tasks to queue
[2024-10-27T19:01:10.880+0000] {logging_mixin.py:188} INFO - [2024-10-27T19:01:10.880+0000] {dagbag.py:538} INFO - Filling up the DagBag from /home/airflow/.local/lib/python3.8/site-packages/airflow/example_dags/example_bash_operator.py
[2024-10-27T19:01:10.888+0000] {processor.py:840} INFO - DAG(s) 'example_bash_operator' retrieved from /home/airflow/.local/lib/python3.8/site-packages/airflow/example_dags/example_bash_operator.py
[2024-10-27T19:01:10.912+0000] {logging_mixin.py:188} INFO - [2024-10-27T19:01:10.911+0000] {dag.py:3036} INFO - Sync 1 DAGs
[2024-10-27T19:01:10.929+0000] {logging_mixin.py:188} INFO - [2024-10-27T19:01:10.929+0000] {dag.py:3823} INFO - Setting next_dagrun for example_bash_operator to 2024-10-26 00:00:00+00:00, run_after=2024-10-27 00:00:00+00:00
[2024-10-27T19:01:10.943+0000] {processor.py:183} INFO - Processing /home/airflow/.local/lib/python3.8/site-packages/airflow/example_dags/example_bash_operator.py took 0.067 seconds
[2024-10-27T19:01:41.278+0000] {processor.py:161} INFO - Started process (PID=644) to work on /home/airflow/.local/lib/python3.8/site-packages/airflow/example_dags/example_bash_operator.py
[2024-10-27T19:01:41.278+0000] {processor.py:830} INFO - Processing file /home/airflow/.local/lib/python3.8/site-packages/airflow/example_dags/example_bash_operator.py for tasks to queue
[2024-10-27T19:01:41.280+0000] {logging_mixin.py:188} INFO - [2024-10-27T19:01:41.279+0000] {dagbag.py:538} INFO - Filling up the DagBag from /home/airflow/.local/lib/python3.8/site-packages/airflow/example_dags/example_bash_operator.py
[2024-10-27T19:01:41.288+0000] {processor.py:840} INFO - DAG(s) 'example_bash_operator' retrieved from /home/airflow/.local/lib/python3.8/site-packages/airflow/example_dags/example_bash_operator.py
[2024-10-27T19:01:41.310+0000] {logging_mixin.py:188} INFO - [2024-10-27T19:01:41.309+0000] {dag.py:3036} INFO - Sync 1 DAGs
[2024-10-27T19:01:41.327+0000] {logging_mixin.py:188} INFO - [2024-10-27T19:01:41.327+0000] {dag.py:3823} INFO - Setting next_dagrun for example_bash_operator to 2024-10-26 00:00:00+00:00, run_after=2024-10-27 00:00:00+00:00
[2024-10-27T19:01:41.340+0000] {processor.py:183} INFO - Processing /home/airflow/.local/lib/python3.8/site-packages/airflow/example_dags/example_bash_operator.py took 0.065 seconds
[2024-10-27T19:02:11.518+0000] {processor.py:161} INFO - Started process (PID=700) to work on /home/airflow/.local/lib/python3.8/site-packages/airflow/example_dags/example_bash_operator.py
[2024-10-27T19:02:11.519+0000] {processor.py:830} INFO - Processing file /home/airflow/.local/lib/python3.8/site-packages/airflow/example_dags/example_bash_operator.py for tasks to queue
[2024-10-27T19:02:11.521+0000] {logging_mixin.py:188} INFO - [2024-10-27T19:02:11.520+0000] {dagbag.py:538} INFO - Filling up the DagBag from /home/airflow/.local/lib/python3.8/site-packages/airflow/example_dags/example_bash_operator.py
[2024-10-27T19:02:11.530+0000] {processor.py:840} INFO - DAG(s) 'example_bash_operator' retrieved from /home/airflow/.local/lib/python3.8/site-packages/airflow/example_dags/example_bash_operator.py
[2024-10-27T19:02:11.554+0000] {logging_mixin.py:188} INFO - [2024-10-27T19:02:11.553+0000] {dag.py:3036} INFO - Sync 1 DAGs
[2024-10-27T19:02:11.572+0000] {logging_mixin.py:188} INFO - [2024-10-27T19:02:11.572+0000] {dag.py:3823} INFO - Setting next_dagrun for example_bash_operator to 2024-10-26 00:00:00+00:00, run_after=2024-10-27 00:00:00+00:00
[2024-10-27T19:02:11.587+0000] {processor.py:183} INFO - Processing /home/airflow/.local/lib/python3.8/site-packages/airflow/example_dags/example_bash_operator.py took 0.070 seconds
[2024-10-27T19:02:41.781+0000] {processor.py:161} INFO - Started process (PID=756) to work on /home/airflow/.local/lib/python3.8/site-packages/airflow/example_dags/example_bash_operator.py
[2024-10-27T19:02:41.782+0000] {processor.py:830} INFO - Processing file /home/airflow/.local/lib/python3.8/site-packages/airflow/example_dags/example_bash_operator.py for tasks to queue
[2024-10-27T19:02:41.783+0000] {logging_mixin.py:188} INFO - [2024-10-27T19:02:41.783+0000] {dagbag.py:538} INFO - Filling up the DagBag from /home/airflow/.local/lib/python3.8/site-packages/airflow/example_dags/example_bash_operator.py
[2024-10-27T19:02:41.792+0000] {processor.py:840} INFO - DAG(s) 'example_bash_operator' retrieved from /home/airflow/.local/lib/python3.8/site-packages/airflow/example_dags/example_bash_operator.py
[2024-10-27T19:02:41.815+0000] {logging_mixin.py:188} INFO - [2024-10-27T19:02:41.814+0000] {dag.py:3036} INFO - Sync 1 DAGs
[2024-10-27T19:02:41.831+0000] {logging_mixin.py:188} INFO - [2024-10-27T19:02:41.831+0000] {dag.py:3823} INFO - Setting next_dagrun for example_bash_operator to 2024-10-26 00:00:00+00:00, run_after=2024-10-27 00:00:00+00:00
[2024-10-27T19:02:41.845+0000] {processor.py:183} INFO - Processing /home/airflow/.local/lib/python3.8/site-packages/airflow/example_dags/example_bash_operator.py took 0.066 seconds
[2024-10-27T19:03:11.960+0000] {processor.py:161} INFO - Started process (PID=812) to work on /home/airflow/.local/lib/python3.8/site-packages/airflow/example_dags/example_bash_operator.py
[2024-10-27T19:03:11.961+0000] {processor.py:830} INFO - Processing file /home/airflow/.local/lib/python3.8/site-packages/airflow/example_dags/example_bash_operator.py for tasks to queue
[2024-10-27T19:03:11.963+0000] {logging_mixin.py:188} INFO - [2024-10-27T19:03:11.962+0000] {dagbag.py:538} INFO - Filling up the DagBag from /home/airflow/.local/lib/python3.8/site-packages/airflow/example_dags/example_bash_operator.py
[2024-10-27T19:03:11.972+0000] {processor.py:840} INFO - DAG(s) 'example_bash_operator' retrieved from /home/airflow/.local/lib/python3.8/site-packages/airflow/example_dags/example_bash_operator.py
[2024-10-27T19:03:11.998+0000] {logging_mixin.py:188} INFO - [2024-10-27T19:03:11.997+0000] {dag.py:3036} INFO - Sync 1 DAGs
[2024-10-27T19:03:12.016+0000] {logging_mixin.py:188} INFO - [2024-10-27T19:03:12.015+0000] {dag.py:3823} INFO - Setting next_dagrun for example_bash_operator to 2024-10-26 00:00:00+00:00, run_after=2024-10-27 00:00:00+00:00
[2024-10-27T19:03:12.030+0000] {processor.py:183} INFO - Processing /home/airflow/.local/lib/python3.8/site-packages/airflow/example_dags/example_bash_operator.py took 0.072 seconds
[2024-10-27T19:03:42.331+0000] {processor.py:161} INFO - Started process (PID=868) to work on /home/airflow/.local/lib/python3.8/site-packages/airflow/example_dags/example_bash_operator.py
[2024-10-27T19:03:42.332+0000] {processor.py:830} INFO - Processing file /home/airflow/.local/lib/python3.8/site-packages/airflow/example_dags/example_bash_operator.py for tasks to queue
[2024-10-27T19:03:42.333+0000] {logging_mixin.py:188} INFO - [2024-10-27T19:03:42.333+0000] {dagbag.py:538} INFO - Filling up the DagBag from /home/airflow/.local/lib/python3.8/site-packages/airflow/example_dags/example_bash_operator.py
[2024-10-27T19:03:42.343+0000] {processor.py:840} INFO - DAG(s) 'example_bash_operator' retrieved from /home/airflow/.local/lib/python3.8/site-packages/airflow/example_dags/example_bash_operator.py
[2024-10-27T19:03:42.367+0000] {logging_mixin.py:188} INFO - [2024-10-27T19:03:42.366+0000] {dag.py:3036} INFO - Sync 1 DAGs
[2024-10-27T19:03:42.386+0000] {logging_mixin.py:188} INFO - [2024-10-27T19:03:42.386+0000] {dag.py:3823} INFO - Setting next_dagrun for example_bash_operator to 2024-10-26 00:00:00+00:00, run_after=2024-10-27 00:00:00+00:00
[2024-10-27T19:03:42.401+0000] {processor.py:183} INFO - Processing /home/airflow/.local/lib/python3.8/site-packages/airflow/example_dags/example_bash_operator.py took 0.073 seconds
[2024-10-27T19:04:12.714+0000] {processor.py:161} INFO - Started process (PID=924) to work on /home/airflow/.local/lib/python3.8/site-packages/airflow/example_dags/example_bash_operator.py
[2024-10-27T19:04:12.715+0000] {processor.py:830} INFO - Processing file /home/airflow/.local/lib/python3.8/site-packages/airflow/example_dags/example_bash_operator.py for tasks to queue
[2024-10-27T19:04:12.717+0000] {logging_mixin.py:188} INFO - [2024-10-27T19:04:12.717+0000] {dagbag.py:538} INFO - Filling up the DagBag from /home/airflow/.local/lib/python3.8/site-packages/airflow/example_dags/example_bash_operator.py
[2024-10-27T19:04:12.726+0000] {processor.py:840} INFO - DAG(s) 'example_bash_operator' retrieved from /home/airflow/.local/lib/python3.8/site-packages/airflow/example_dags/example_bash_operator.py
[2024-10-27T19:04:12.760+0000] {logging_mixin.py:188} INFO - [2024-10-27T19:04:12.759+0000] {dag.py:3036} INFO - Sync 1 DAGs
[2024-10-27T19:04:12.783+0000] {logging_mixin.py:188} INFO - [2024-10-27T19:04:12.783+0000] {dag.py:3823} INFO - Setting next_dagrun for example_bash_operator to 2024-10-26 00:00:00+00:00, run_after=2024-10-27 00:00:00+00:00
[2024-10-27T19:04:12.803+0000] {processor.py:183} INFO - Processing /home/airflow/.local/lib/python3.8/site-packages/airflow/example_dags/example_bash_operator.py took 0.091 seconds
[2024-10-27T19:04:43.393+0000] {processor.py:161} INFO - Started process (PID=980) to work on /home/airflow/.local/lib/python3.8/site-packages/airflow/example_dags/example_bash_operator.py
[2024-10-27T19:04:43.394+0000] {processor.py:830} INFO - Processing file /home/airflow/.local/lib/python3.8/site-packages/airflow/example_dags/example_bash_operator.py for tasks to queue
[2024-10-27T19:04:43.395+0000] {logging_mixin.py:188} INFO - [2024-10-27T19:04:43.395+0000] {dagbag.py:538} INFO - Filling up the DagBag from /home/airflow/.local/lib/python3.8/site-packages/airflow/example_dags/example_bash_operator.py
[2024-10-27T19:04:43.403+0000] {processor.py:840} INFO - DAG(s) 'example_bash_operator' retrieved from /home/airflow/.local/lib/python3.8/site-packages/airflow/example_dags/example_bash_operator.py
[2024-10-27T19:04:43.424+0000] {logging_mixin.py:188} INFO - [2024-10-27T19:04:43.423+0000] {dag.py:3036} INFO - Sync 1 DAGs
[2024-10-27T19:04:43.441+0000] {logging_mixin.py:188} INFO - [2024-10-27T19:04:43.440+0000] {dag.py:3823} INFO - Setting next_dagrun for example_bash_operator to 2024-10-26 00:00:00+00:00, run_after=2024-10-27 00:00:00+00:00
[2024-10-27T19:04:43.455+0000] {processor.py:183} INFO - Processing /home/airflow/.local/lib/python3.8/site-packages/airflow/example_dags/example_bash_operator.py took 0.064 seconds
[2024-10-27T19:05:13.849+0000] {processor.py:161} INFO - Started process (PID=1036) to work on /home/airflow/.local/lib/python3.8/site-packages/airflow/example_dags/example_bash_operator.py
[2024-10-27T19:05:13.850+0000] {processor.py:830} INFO - Processing file /home/airflow/.local/lib/python3.8/site-packages/airflow/example_dags/example_bash_operator.py for tasks to queue
[2024-10-27T19:05:13.852+0000] {logging_mixin.py:188} INFO - [2024-10-27T19:05:13.851+0000] {dagbag.py:538} INFO - Filling up the DagBag from /home/airflow/.local/lib/python3.8/site-packages/airflow/example_dags/example_bash_operator.py
[2024-10-27T19:05:13.861+0000] {processor.py:840} INFO - DAG(s) 'example_bash_operator' retrieved from /home/airflow/.local/lib/python3.8/site-packages/airflow/example_dags/example_bash_operator.py
[2024-10-27T19:05:13.885+0000] {logging_mixin.py:188} INFO - [2024-10-27T19:05:13.885+0000] {dag.py:3036} INFO - Sync 1 DAGs
[2024-10-27T19:05:13.904+0000] {logging_mixin.py:188} INFO - [2024-10-27T19:05:13.904+0000] {dag.py:3823} INFO - Setting next_dagrun for example_bash_operator to 2024-10-26 00:00:00+00:00, run_after=2024-10-27 00:00:00+00:00
[2024-10-27T19:05:13.920+0000] {processor.py:183} INFO - Processing /home/airflow/.local/lib/python3.8/site-packages/airflow/example_dags/example_bash_operator.py took 0.073 seconds
[2024-10-27T19:13:20.761+0000] {processor.py:161} INFO - Started process (PID=92) to work on /home/airflow/.local/lib/python3.11/site-packages/airflow/example_dags/example_bash_operator.py
[2024-10-27T19:13:20.762+0000] {processor.py:830} INFO - Processing file /home/airflow/.local/lib/python3.11/site-packages/airflow/example_dags/example_bash_operator.py for tasks to queue
[2024-10-27T19:13:20.763+0000] {logging_mixin.py:188} INFO - [2024-10-27T19:13:20.763+0000] {dagbag.py:538} INFO - Filling up the DagBag from /home/airflow/.local/lib/python3.11/site-packages/airflow/example_dags/example_bash_operator.py
[2024-10-27T19:13:20.771+0000] {processor.py:840} INFO - DAG(s) 'example_bash_operator' retrieved from /home/airflow/.local/lib/python3.11/site-packages/airflow/example_dags/example_bash_operator.py
[2024-10-27T19:13:20.862+0000] {logging_mixin.py:188} INFO - [2024-10-27T19:13:20.862+0000] {dag.py:3036} INFO - Sync 1 DAGs
[2024-10-27T19:13:20.877+0000] {logging_mixin.py:188} INFO - [2024-10-27T19:13:20.877+0000] {dag.py:3823} INFO - Setting next_dagrun for example_bash_operator to 2024-10-26 00:00:00+00:00, run_after=2024-10-27 00:00:00+00:00
[2024-10-27T19:13:20.898+0000] {processor.py:183} INFO - Processing /home/airflow/.local/lib/python3.11/site-packages/airflow/example_dags/example_bash_operator.py took 0.139 seconds
[2024-10-27T19:14:02.872+0000] {processor.py:161} INFO - Started process (PID=150) to work on /home/airflow/.local/lib/python3.11/site-packages/airflow/example_dags/example_bash_operator.py
[2024-10-27T19:14:02.873+0000] {processor.py:830} INFO - Processing file /home/airflow/.local/lib/python3.11/site-packages/airflow/example_dags/example_bash_operator.py for tasks to queue
[2024-10-27T19:14:02.874+0000] {logging_mixin.py:188} INFO - [2024-10-27T19:14:02.874+0000] {dagbag.py:538} INFO - Filling up the DagBag from /home/airflow/.local/lib/python3.11/site-packages/airflow/example_dags/example_bash_operator.py
[2024-10-27T19:14:02.882+0000] {processor.py:840} INFO - DAG(s) 'example_bash_operator' retrieved from /home/airflow/.local/lib/python3.11/site-packages/airflow/example_dags/example_bash_operator.py
[2024-10-27T19:14:02.900+0000] {logging_mixin.py:188} INFO - [2024-10-27T19:14:02.900+0000] {dag.py:3036} INFO - Sync 1 DAGs
[2024-10-27T19:14:02.915+0000] {logging_mixin.py:188} INFO - [2024-10-27T19:14:02.915+0000] {dag.py:3823} INFO - Setting next_dagrun for example_bash_operator to 2024-10-26 00:00:00+00:00, run_after=2024-10-27 00:00:00+00:00
[2024-10-27T19:14:03.523+0000] {processor.py:183} INFO - Processing /home/airflow/.local/lib/python3.11/site-packages/airflow/example_dags/example_bash_operator.py took 0.653 seconds
[2024-10-27T19:14:33.678+0000] {processor.py:161} INFO - Started process (PID=208) to work on /home/airflow/.local/lib/python3.11/site-packages/airflow/example_dags/example_bash_operator.py
[2024-10-27T19:14:33.679+0000] {processor.py:830} INFO - Processing file /home/airflow/.local/lib/python3.11/site-packages/airflow/example_dags/example_bash_operator.py for tasks to queue
[2024-10-27T19:14:33.680+0000] {logging_mixin.py:188} INFO - [2024-10-27T19:14:33.680+0000] {dagbag.py:538} INFO - Filling up the DagBag from /home/airflow/.local/lib/python3.11/site-packages/airflow/example_dags/example_bash_operator.py
[2024-10-27T19:14:33.689+0000] {processor.py:840} INFO - DAG(s) 'example_bash_operator' retrieved from /home/airflow/.local/lib/python3.11/site-packages/airflow/example_dags/example_bash_operator.py
[2024-10-27T19:14:33.710+0000] {logging_mixin.py:188} INFO - [2024-10-27T19:14:33.710+0000] {dag.py:3036} INFO - Sync 1 DAGs
[2024-10-27T19:14:33.728+0000] {logging_mixin.py:188} INFO - [2024-10-27T19:14:33.727+0000] {dag.py:3823} INFO - Setting next_dagrun for example_bash_operator to 2024-10-26 00:00:00+00:00, run_after=2024-10-27 00:00:00+00:00
[2024-10-27T19:14:35.929+0000] {processor.py:183} INFO - Processing /home/airflow/.local/lib/python3.11/site-packages/airflow/example_dags/example_bash_operator.py took 2.253 seconds
[2024-10-27T19:15:06.126+0000] {processor.py:161} INFO - Started process (PID=266) to work on /home/airflow/.local/lib/python3.11/site-packages/airflow/example_dags/example_bash_operator.py
[2024-10-27T19:15:06.130+0000] {processor.py:830} INFO - Processing file /home/airflow/.local/lib/python3.11/site-packages/airflow/example_dags/example_bash_operator.py for tasks to queue
[2024-10-27T19:15:06.132+0000] {logging_mixin.py:188} INFO - [2024-10-27T19:15:06.132+0000] {dagbag.py:538} INFO - Filling up the DagBag from /home/airflow/.local/lib/python3.11/site-packages/airflow/example_dags/example_bash_operator.py
[2024-10-27T19:15:06.143+0000] {processor.py:840} INFO - DAG(s) 'example_bash_operator' retrieved from /home/airflow/.local/lib/python3.11/site-packages/airflow/example_dags/example_bash_operator.py
[2024-10-27T19:15:06.188+0000] {logging_mixin.py:188} INFO - [2024-10-27T19:15:06.187+0000] {dag.py:3036} INFO - Sync 1 DAGs
[2024-10-27T19:15:06.278+0000] {logging_mixin.py:188} INFO - [2024-10-27T19:15:06.278+0000] {dag.py:3823} INFO - Setting next_dagrun for example_bash_operator to 2024-10-26 00:00:00+00:00, run_after=2024-10-27 00:00:00+00:00
[2024-10-27T19:15:06.301+0000] {processor.py:183} INFO - Processing /home/airflow/.local/lib/python3.11/site-packages/airflow/example_dags/example_bash_operator.py took 0.177 seconds
[2024-10-27T19:15:36.804+0000] {processor.py:161} INFO - Started process (PID=324) to work on /home/airflow/.local/lib/python3.11/site-packages/airflow/example_dags/example_bash_operator.py
[2024-10-27T19:15:36.805+0000] {processor.py:830} INFO - Processing file /home/airflow/.local/lib/python3.11/site-packages/airflow/example_dags/example_bash_operator.py for tasks to queue
[2024-10-27T19:15:36.806+0000] {logging_mixin.py:188} INFO - [2024-10-27T19:15:36.806+0000] {dagbag.py:538} INFO - Filling up the DagBag from /home/airflow/.local/lib/python3.11/site-packages/airflow/example_dags/example_bash_operator.py
[2024-10-27T19:15:36.817+0000] {processor.py:840} INFO - DAG(s) 'example_bash_operator' retrieved from /home/airflow/.local/lib/python3.11/site-packages/airflow/example_dags/example_bash_operator.py
[2024-10-27T19:15:36.850+0000] {logging_mixin.py:188} INFO - [2024-10-27T19:15:36.849+0000] {dag.py:3036} INFO - Sync 1 DAGs
[2024-10-27T19:15:36.871+0000] {logging_mixin.py:188} INFO - [2024-10-27T19:15:36.870+0000] {dag.py:3823} INFO - Setting next_dagrun for example_bash_operator to 2024-10-26 00:00:00+00:00, run_after=2024-10-27 00:00:00+00:00
[2024-10-27T19:15:36.891+0000] {processor.py:183} INFO - Processing /home/airflow/.local/lib/python3.11/site-packages/airflow/example_dags/example_bash_operator.py took 0.090 seconds
