[2024-10-27T18:56:03.581+0000] {processor.py:161} INFO - Started process (PID=220) to work on /home/airflow/.local/lib/python3.8/site-packages/airflow/example_dags/example_trigger_target_dag.py
[2024-10-27T18:56:03.582+0000] {processor.py:830} INFO - Processing file /home/airflow/.local/lib/python3.8/site-packages/airflow/example_dags/example_trigger_target_dag.py for tasks to queue
[2024-10-27T18:56:03.584+0000] {logging_mixin.py:188} INFO - [2024-10-27T18:56:03.583+0000] {dagbag.py:538} INFO - Filling up the DagBag from /home/airflow/.local/lib/python3.8/site-packages/airflow/example_dags/example_trigger_target_dag.py
[2024-10-27T18:56:03.600+0000] {processor.py:840} INFO - DAG(s) 'example_trigger_target_dag' retrieved from /home/airflow/.local/lib/python3.8/site-packages/airflow/example_dags/example_trigger_target_dag.py
[2024-10-27T18:56:03.675+0000] {logging_mixin.py:188} INFO - [2024-10-27T18:56:03.674+0000] {override.py:1769} INFO - Created Permission View: can delete on DAG:example_trigger_target_dag
[2024-10-27T18:56:03.683+0000] {logging_mixin.py:188} INFO - [2024-10-27T18:56:03.683+0000] {override.py:1769} INFO - Created Permission View: can read on DAG:example_trigger_target_dag
[2024-10-27T18:56:03.689+0000] {logging_mixin.py:188} INFO - [2024-10-27T18:56:03.689+0000] {override.py:1769} INFO - Created Permission View: can edit on DAG:example_trigger_target_dag
[2024-10-27T18:56:03.690+0000] {logging_mixin.py:188} INFO - [2024-10-27T18:56:03.689+0000] {dag.py:3036} INFO - Sync 1 DAGs
[2024-10-27T18:56:03.700+0000] {logging_mixin.py:188} INFO - [2024-10-27T18:56:03.700+0000] {dag.py:3058} INFO - Creating ORM DAG for example_trigger_target_dag
[2024-10-27T18:56:03.701+0000] {logging_mixin.py:188} INFO - [2024-10-27T18:56:03.701+0000] {dag.py:3823} INFO - Setting next_dagrun for example_trigger_target_dag to None, run_after=None
[2024-10-27T18:56:03.714+0000] {processor.py:183} INFO - Processing /home/airflow/.local/lib/python3.8/site-packages/airflow/example_dags/example_trigger_target_dag.py took 0.135 seconds
[2024-10-27T18:56:38.181+0000] {processor.py:161} INFO - Started process (PID=92) to work on /home/airflow/.local/lib/python3.8/site-packages/airflow/example_dags/example_trigger_target_dag.py
[2024-10-27T18:56:38.181+0000] {processor.py:830} INFO - Processing file /home/airflow/.local/lib/python3.8/site-packages/airflow/example_dags/example_trigger_target_dag.py for tasks to queue
[2024-10-27T18:56:38.183+0000] {logging_mixin.py:188} INFO - [2024-10-27T18:56:38.183+0000] {dagbag.py:538} INFO - Filling up the DagBag from /home/airflow/.local/lib/python3.8/site-packages/airflow/example_dags/example_trigger_target_dag.py
[2024-10-27T18:56:38.187+0000] {processor.py:840} INFO - DAG(s) 'example_trigger_target_dag' retrieved from /home/airflow/.local/lib/python3.8/site-packages/airflow/example_dags/example_trigger_target_dag.py
[2024-10-27T18:56:38.201+0000] {logging_mixin.py:188} INFO - [2024-10-27T18:56:38.201+0000] {dag.py:3036} INFO - Sync 1 DAGs
[2024-10-27T18:56:38.213+0000] {logging_mixin.py:188} INFO - [2024-10-27T18:56:38.212+0000] {dag.py:3823} INFO - Setting next_dagrun for example_trigger_target_dag to None, run_after=None
[2024-10-27T18:56:38.229+0000] {processor.py:183} INFO - Processing /home/airflow/.local/lib/python3.8/site-packages/airflow/example_dags/example_trigger_target_dag.py took 0.051 seconds
[2024-10-27T18:57:08.691+0000] {processor.py:161} INFO - Started process (PID=148) to work on /home/airflow/.local/lib/python3.8/site-packages/airflow/example_dags/example_trigger_target_dag.py
[2024-10-27T18:57:08.692+0000] {processor.py:830} INFO - Processing file /home/airflow/.local/lib/python3.8/site-packages/airflow/example_dags/example_trigger_target_dag.py for tasks to queue
[2024-10-27T18:57:08.693+0000] {logging_mixin.py:188} INFO - [2024-10-27T18:57:08.693+0000] {dagbag.py:538} INFO - Filling up the DagBag from /home/airflow/.local/lib/python3.8/site-packages/airflow/example_dags/example_trigger_target_dag.py
[2024-10-27T18:57:08.697+0000] {processor.py:840} INFO - DAG(s) 'example_trigger_target_dag' retrieved from /home/airflow/.local/lib/python3.8/site-packages/airflow/example_dags/example_trigger_target_dag.py
[2024-10-27T18:57:08.712+0000] {logging_mixin.py:188} INFO - [2024-10-27T18:57:08.712+0000] {dag.py:3036} INFO - Sync 1 DAGs
[2024-10-27T18:57:08.722+0000] {logging_mixin.py:188} INFO - [2024-10-27T18:57:08.722+0000] {dag.py:3823} INFO - Setting next_dagrun for example_trigger_target_dag to None, run_after=None
[2024-10-27T18:57:08.739+0000] {processor.py:183} INFO - Processing /home/airflow/.local/lib/python3.8/site-packages/airflow/example_dags/example_trigger_target_dag.py took 0.050 seconds
[2024-10-27T18:57:39.056+0000] {processor.py:161} INFO - Started process (PID=204) to work on /home/airflow/.local/lib/python3.8/site-packages/airflow/example_dags/example_trigger_target_dag.py
[2024-10-27T18:57:39.057+0000] {processor.py:830} INFO - Processing file /home/airflow/.local/lib/python3.8/site-packages/airflow/example_dags/example_trigger_target_dag.py for tasks to queue
[2024-10-27T18:57:39.059+0000] {logging_mixin.py:188} INFO - [2024-10-27T18:57:39.058+0000] {dagbag.py:538} INFO - Filling up the DagBag from /home/airflow/.local/lib/python3.8/site-packages/airflow/example_dags/example_trigger_target_dag.py
[2024-10-27T18:57:39.063+0000] {processor.py:840} INFO - DAG(s) 'example_trigger_target_dag' retrieved from /home/airflow/.local/lib/python3.8/site-packages/airflow/example_dags/example_trigger_target_dag.py
[2024-10-27T18:57:39.078+0000] {logging_mixin.py:188} INFO - [2024-10-27T18:57:39.078+0000] {dag.py:3036} INFO - Sync 1 DAGs
[2024-10-27T18:57:39.088+0000] {logging_mixin.py:188} INFO - [2024-10-27T18:57:39.087+0000] {dag.py:3823} INFO - Setting next_dagrun for example_trigger_target_dag to None, run_after=None
[2024-10-27T18:57:39.103+0000] {processor.py:183} INFO - Processing /home/airflow/.local/lib/python3.8/site-packages/airflow/example_dags/example_trigger_target_dag.py took 0.051 seconds
[2024-10-27T18:58:09.552+0000] {processor.py:161} INFO - Started process (PID=260) to work on /home/airflow/.local/lib/python3.8/site-packages/airflow/example_dags/example_trigger_target_dag.py
[2024-10-27T18:58:09.553+0000] {processor.py:830} INFO - Processing file /home/airflow/.local/lib/python3.8/site-packages/airflow/example_dags/example_trigger_target_dag.py for tasks to queue
[2024-10-27T18:58:09.555+0000] {logging_mixin.py:188} INFO - [2024-10-27T18:58:09.554+0000] {dagbag.py:538} INFO - Filling up the DagBag from /home/airflow/.local/lib/python3.8/site-packages/airflow/example_dags/example_trigger_target_dag.py
[2024-10-27T18:58:09.560+0000] {processor.py:840} INFO - DAG(s) 'example_trigger_target_dag' retrieved from /home/airflow/.local/lib/python3.8/site-packages/airflow/example_dags/example_trigger_target_dag.py
[2024-10-27T18:58:09.582+0000] {logging_mixin.py:188} INFO - [2024-10-27T18:58:09.582+0000] {dag.py:3036} INFO - Sync 1 DAGs
[2024-10-27T18:58:09.596+0000] {logging_mixin.py:188} INFO - [2024-10-27T18:58:09.595+0000] {dag.py:3823} INFO - Setting next_dagrun for example_trigger_target_dag to None, run_after=None
[2024-10-27T18:58:09.615+0000] {processor.py:183} INFO - Processing /home/airflow/.local/lib/python3.8/site-packages/airflow/example_dags/example_trigger_target_dag.py took 0.067 seconds
[2024-10-27T18:58:40.142+0000] {processor.py:161} INFO - Started process (PID=316) to work on /home/airflow/.local/lib/python3.8/site-packages/airflow/example_dags/example_trigger_target_dag.py
[2024-10-27T18:58:40.143+0000] {processor.py:830} INFO - Processing file /home/airflow/.local/lib/python3.8/site-packages/airflow/example_dags/example_trigger_target_dag.py for tasks to queue
[2024-10-27T18:58:40.144+0000] {logging_mixin.py:188} INFO - [2024-10-27T18:58:40.144+0000] {dagbag.py:538} INFO - Filling up the DagBag from /home/airflow/.local/lib/python3.8/site-packages/airflow/example_dags/example_trigger_target_dag.py
[2024-10-27T18:58:40.149+0000] {processor.py:840} INFO - DAG(s) 'example_trigger_target_dag' retrieved from /home/airflow/.local/lib/python3.8/site-packages/airflow/example_dags/example_trigger_target_dag.py
[2024-10-27T18:58:40.164+0000] {logging_mixin.py:188} INFO - [2024-10-27T18:58:40.164+0000] {dag.py:3036} INFO - Sync 1 DAGs
[2024-10-27T18:58:40.174+0000] {logging_mixin.py:188} INFO - [2024-10-27T18:58:40.174+0000] {dag.py:3823} INFO - Setting next_dagrun for example_trigger_target_dag to None, run_after=None
[2024-10-27T18:58:40.189+0000] {processor.py:183} INFO - Processing /home/airflow/.local/lib/python3.8/site-packages/airflow/example_dags/example_trigger_target_dag.py took 0.049 seconds
[2024-10-27T18:59:10.319+0000] {processor.py:161} INFO - Started process (PID=373) to work on /home/airflow/.local/lib/python3.8/site-packages/airflow/example_dags/example_trigger_target_dag.py
[2024-10-27T18:59:10.320+0000] {processor.py:830} INFO - Processing file /home/airflow/.local/lib/python3.8/site-packages/airflow/example_dags/example_trigger_target_dag.py for tasks to queue
[2024-10-27T18:59:10.322+0000] {logging_mixin.py:188} INFO - [2024-10-27T18:59:10.321+0000] {dagbag.py:538} INFO - Filling up the DagBag from /home/airflow/.local/lib/python3.8/site-packages/airflow/example_dags/example_trigger_target_dag.py
[2024-10-27T18:59:10.327+0000] {processor.py:840} INFO - DAG(s) 'example_trigger_target_dag' retrieved from /home/airflow/.local/lib/python3.8/site-packages/airflow/example_dags/example_trigger_target_dag.py
[2024-10-27T18:59:10.343+0000] {logging_mixin.py:188} INFO - [2024-10-27T18:59:10.343+0000] {dag.py:3036} INFO - Sync 1 DAGs
[2024-10-27T18:59:10.353+0000] {logging_mixin.py:188} INFO - [2024-10-27T18:59:10.352+0000] {dag.py:3823} INFO - Setting next_dagrun for example_trigger_target_dag to None, run_after=None
[2024-10-27T18:59:10.368+0000] {processor.py:183} INFO - Processing /home/airflow/.local/lib/python3.8/site-packages/airflow/example_dags/example_trigger_target_dag.py took 0.051 seconds
[2024-10-27T18:59:40.629+0000] {processor.py:161} INFO - Started process (PID=429) to work on /home/airflow/.local/lib/python3.8/site-packages/airflow/example_dags/example_trigger_target_dag.py
[2024-10-27T18:59:40.630+0000] {processor.py:830} INFO - Processing file /home/airflow/.local/lib/python3.8/site-packages/airflow/example_dags/example_trigger_target_dag.py for tasks to queue
[2024-10-27T18:59:40.631+0000] {logging_mixin.py:188} INFO - [2024-10-27T18:59:40.631+0000] {dagbag.py:538} INFO - Filling up the DagBag from /home/airflow/.local/lib/python3.8/site-packages/airflow/example_dags/example_trigger_target_dag.py
[2024-10-27T18:59:40.636+0000] {processor.py:840} INFO - DAG(s) 'example_trigger_target_dag' retrieved from /home/airflow/.local/lib/python3.8/site-packages/airflow/example_dags/example_trigger_target_dag.py
[2024-10-27T18:59:40.653+0000] {logging_mixin.py:188} INFO - [2024-10-27T18:59:40.653+0000] {dag.py:3036} INFO - Sync 1 DAGs
[2024-10-27T18:59:40.663+0000] {logging_mixin.py:188} INFO - [2024-10-27T18:59:40.663+0000] {dag.py:3823} INFO - Setting next_dagrun for example_trigger_target_dag to None, run_after=None
[2024-10-27T18:59:40.679+0000] {processor.py:183} INFO - Processing /home/airflow/.local/lib/python3.8/site-packages/airflow/example_dags/example_trigger_target_dag.py took 0.052 seconds
[2024-10-27T19:00:10.846+0000] {processor.py:161} INFO - Started process (PID=485) to work on /home/airflow/.local/lib/python3.8/site-packages/airflow/example_dags/example_trigger_target_dag.py
[2024-10-27T19:00:10.847+0000] {processor.py:830} INFO - Processing file /home/airflow/.local/lib/python3.8/site-packages/airflow/example_dags/example_trigger_target_dag.py for tasks to queue
[2024-10-27T19:00:10.849+0000] {logging_mixin.py:188} INFO - [2024-10-27T19:00:10.848+0000] {dagbag.py:538} INFO - Filling up the DagBag from /home/airflow/.local/lib/python3.8/site-packages/airflow/example_dags/example_trigger_target_dag.py
[2024-10-27T19:00:10.853+0000] {processor.py:840} INFO - DAG(s) 'example_trigger_target_dag' retrieved from /home/airflow/.local/lib/python3.8/site-packages/airflow/example_dags/example_trigger_target_dag.py
[2024-10-27T19:00:10.868+0000] {logging_mixin.py:188} INFO - [2024-10-27T19:00:10.868+0000] {dag.py:3036} INFO - Sync 1 DAGs
[2024-10-27T19:00:10.878+0000] {logging_mixin.py:188} INFO - [2024-10-27T19:00:10.878+0000] {dag.py:3823} INFO - Setting next_dagrun for example_trigger_target_dag to None, run_after=None
[2024-10-27T19:00:10.893+0000] {processor.py:183} INFO - Processing /home/airflow/.local/lib/python3.8/site-packages/airflow/example_dags/example_trigger_target_dag.py took 0.049 seconds
[2024-10-27T19:00:41.190+0000] {processor.py:161} INFO - Started process (PID=541) to work on /home/airflow/.local/lib/python3.8/site-packages/airflow/example_dags/example_trigger_target_dag.py
[2024-10-27T19:00:41.190+0000] {processor.py:830} INFO - Processing file /home/airflow/.local/lib/python3.8/site-packages/airflow/example_dags/example_trigger_target_dag.py for tasks to queue
[2024-10-27T19:00:41.192+0000] {logging_mixin.py:188} INFO - [2024-10-27T19:00:41.191+0000] {dagbag.py:538} INFO - Filling up the DagBag from /home/airflow/.local/lib/python3.8/site-packages/airflow/example_dags/example_trigger_target_dag.py
[2024-10-27T19:00:41.196+0000] {processor.py:840} INFO - DAG(s) 'example_trigger_target_dag' retrieved from /home/airflow/.local/lib/python3.8/site-packages/airflow/example_dags/example_trigger_target_dag.py
[2024-10-27T19:00:41.211+0000] {logging_mixin.py:188} INFO - [2024-10-27T19:00:41.211+0000] {dag.py:3036} INFO - Sync 1 DAGs
[2024-10-27T19:00:41.221+0000] {logging_mixin.py:188} INFO - [2024-10-27T19:00:41.221+0000] {dag.py:3823} INFO - Setting next_dagrun for example_trigger_target_dag to None, run_after=None
[2024-10-27T19:00:41.236+0000] {processor.py:183} INFO - Processing /home/airflow/.local/lib/python3.8/site-packages/airflow/example_dags/example_trigger_target_dag.py took 0.048 seconds
[2024-10-27T19:01:11.371+0000] {processor.py:161} INFO - Started process (PID=597) to work on /home/airflow/.local/lib/python3.8/site-packages/airflow/example_dags/example_trigger_target_dag.py
[2024-10-27T19:01:11.372+0000] {processor.py:830} INFO - Processing file /home/airflow/.local/lib/python3.8/site-packages/airflow/example_dags/example_trigger_target_dag.py for tasks to queue
[2024-10-27T19:01:11.373+0000] {logging_mixin.py:188} INFO - [2024-10-27T19:01:11.373+0000] {dagbag.py:538} INFO - Filling up the DagBag from /home/airflow/.local/lib/python3.8/site-packages/airflow/example_dags/example_trigger_target_dag.py
[2024-10-27T19:01:11.377+0000] {processor.py:840} INFO - DAG(s) 'example_trigger_target_dag' retrieved from /home/airflow/.local/lib/python3.8/site-packages/airflow/example_dags/example_trigger_target_dag.py
[2024-10-27T19:01:11.393+0000] {logging_mixin.py:188} INFO - [2024-10-27T19:01:11.393+0000] {dag.py:3036} INFO - Sync 1 DAGs
[2024-10-27T19:01:11.404+0000] {logging_mixin.py:188} INFO - [2024-10-27T19:01:11.404+0000] {dag.py:3823} INFO - Setting next_dagrun for example_trigger_target_dag to None, run_after=None
[2024-10-27T19:01:11.420+0000] {processor.py:183} INFO - Processing /home/airflow/.local/lib/python3.8/site-packages/airflow/example_dags/example_trigger_target_dag.py took 0.051 seconds
[2024-10-27T19:01:41.776+0000] {processor.py:161} INFO - Started process (PID=653) to work on /home/airflow/.local/lib/python3.8/site-packages/airflow/example_dags/example_trigger_target_dag.py
[2024-10-27T19:01:41.777+0000] {processor.py:830} INFO - Processing file /home/airflow/.local/lib/python3.8/site-packages/airflow/example_dags/example_trigger_target_dag.py for tasks to queue
[2024-10-27T19:01:41.778+0000] {logging_mixin.py:188} INFO - [2024-10-27T19:01:41.778+0000] {dagbag.py:538} INFO - Filling up the DagBag from /home/airflow/.local/lib/python3.8/site-packages/airflow/example_dags/example_trigger_target_dag.py
[2024-10-27T19:01:41.782+0000] {processor.py:840} INFO - DAG(s) 'example_trigger_target_dag' retrieved from /home/airflow/.local/lib/python3.8/site-packages/airflow/example_dags/example_trigger_target_dag.py
[2024-10-27T19:01:41.797+0000] {logging_mixin.py:188} INFO - [2024-10-27T19:01:41.797+0000] {dag.py:3036} INFO - Sync 1 DAGs
[2024-10-27T19:01:41.806+0000] {logging_mixin.py:188} INFO - [2024-10-27T19:01:41.806+0000] {dag.py:3823} INFO - Setting next_dagrun for example_trigger_target_dag to None, run_after=None
[2024-10-27T19:01:41.821+0000] {processor.py:183} INFO - Processing /home/airflow/.local/lib/python3.8/site-packages/airflow/example_dags/example_trigger_target_dag.py took 0.047 seconds
[2024-10-27T19:02:11.988+0000] {processor.py:161} INFO - Started process (PID=709) to work on /home/airflow/.local/lib/python3.8/site-packages/airflow/example_dags/example_trigger_target_dag.py
[2024-10-27T19:02:11.989+0000] {processor.py:830} INFO - Processing file /home/airflow/.local/lib/python3.8/site-packages/airflow/example_dags/example_trigger_target_dag.py for tasks to queue
[2024-10-27T19:02:11.991+0000] {logging_mixin.py:188} INFO - [2024-10-27T19:02:11.990+0000] {dagbag.py:538} INFO - Filling up the DagBag from /home/airflow/.local/lib/python3.8/site-packages/airflow/example_dags/example_trigger_target_dag.py
[2024-10-27T19:02:11.995+0000] {processor.py:840} INFO - DAG(s) 'example_trigger_target_dag' retrieved from /home/airflow/.local/lib/python3.8/site-packages/airflow/example_dags/example_trigger_target_dag.py
[2024-10-27T19:02:12.012+0000] {logging_mixin.py:188} INFO - [2024-10-27T19:02:12.011+0000] {dag.py:3036} INFO - Sync 1 DAGs
[2024-10-27T19:02:12.023+0000] {logging_mixin.py:188} INFO - [2024-10-27T19:02:12.023+0000] {dag.py:3823} INFO - Setting next_dagrun for example_trigger_target_dag to None, run_after=None
[2024-10-27T19:02:12.038+0000] {processor.py:183} INFO - Processing /home/airflow/.local/lib/python3.8/site-packages/airflow/example_dags/example_trigger_target_dag.py took 0.052 seconds
[2024-10-27T19:02:42.197+0000] {processor.py:161} INFO - Started process (PID=765) to work on /home/airflow/.local/lib/python3.8/site-packages/airflow/example_dags/example_trigger_target_dag.py
[2024-10-27T19:02:42.198+0000] {processor.py:830} INFO - Processing file /home/airflow/.local/lib/python3.8/site-packages/airflow/example_dags/example_trigger_target_dag.py for tasks to queue
[2024-10-27T19:02:42.199+0000] {logging_mixin.py:188} INFO - [2024-10-27T19:02:42.199+0000] {dagbag.py:538} INFO - Filling up the DagBag from /home/airflow/.local/lib/python3.8/site-packages/airflow/example_dags/example_trigger_target_dag.py
[2024-10-27T19:02:42.203+0000] {processor.py:840} INFO - DAG(s) 'example_trigger_target_dag' retrieved from /home/airflow/.local/lib/python3.8/site-packages/airflow/example_dags/example_trigger_target_dag.py
[2024-10-27T19:02:42.220+0000] {logging_mixin.py:188} INFO - [2024-10-27T19:02:42.220+0000] {dag.py:3036} INFO - Sync 1 DAGs
[2024-10-27T19:02:42.231+0000] {logging_mixin.py:188} INFO - [2024-10-27T19:02:42.231+0000] {dag.py:3823} INFO - Setting next_dagrun for example_trigger_target_dag to None, run_after=None
[2024-10-27T19:02:42.246+0000] {processor.py:183} INFO - Processing /home/airflow/.local/lib/python3.8/site-packages/airflow/example_dags/example_trigger_target_dag.py took 0.052 seconds
[2024-10-27T19:03:12.386+0000] {processor.py:161} INFO - Started process (PID=821) to work on /home/airflow/.local/lib/python3.8/site-packages/airflow/example_dags/example_trigger_target_dag.py
[2024-10-27T19:03:12.387+0000] {processor.py:830} INFO - Processing file /home/airflow/.local/lib/python3.8/site-packages/airflow/example_dags/example_trigger_target_dag.py for tasks to queue
[2024-10-27T19:03:12.388+0000] {logging_mixin.py:188} INFO - [2024-10-27T19:03:12.388+0000] {dagbag.py:538} INFO - Filling up the DagBag from /home/airflow/.local/lib/python3.8/site-packages/airflow/example_dags/example_trigger_target_dag.py
[2024-10-27T19:03:12.392+0000] {processor.py:840} INFO - DAG(s) 'example_trigger_target_dag' retrieved from /home/airflow/.local/lib/python3.8/site-packages/airflow/example_dags/example_trigger_target_dag.py
[2024-10-27T19:03:12.410+0000] {logging_mixin.py:188} INFO - [2024-10-27T19:03:12.410+0000] {dag.py:3036} INFO - Sync 1 DAGs
[2024-10-27T19:03:12.421+0000] {logging_mixin.py:188} INFO - [2024-10-27T19:03:12.420+0000] {dag.py:3823} INFO - Setting next_dagrun for example_trigger_target_dag to None, run_after=None
[2024-10-27T19:03:12.437+0000] {processor.py:183} INFO - Processing /home/airflow/.local/lib/python3.8/site-packages/airflow/example_dags/example_trigger_target_dag.py took 0.054 seconds
[2024-10-27T19:03:42.807+0000] {processor.py:161} INFO - Started process (PID=876) to work on /home/airflow/.local/lib/python3.8/site-packages/airflow/example_dags/example_trigger_target_dag.py
[2024-10-27T19:03:42.807+0000] {processor.py:830} INFO - Processing file /home/airflow/.local/lib/python3.8/site-packages/airflow/example_dags/example_trigger_target_dag.py for tasks to queue
[2024-10-27T19:03:42.809+0000] {logging_mixin.py:188} INFO - [2024-10-27T19:03:42.809+0000] {dagbag.py:538} INFO - Filling up the DagBag from /home/airflow/.local/lib/python3.8/site-packages/airflow/example_dags/example_trigger_target_dag.py
[2024-10-27T19:03:42.813+0000] {processor.py:840} INFO - DAG(s) 'example_trigger_target_dag' retrieved from /home/airflow/.local/lib/python3.8/site-packages/airflow/example_dags/example_trigger_target_dag.py
[2024-10-27T19:03:42.828+0000] {logging_mixin.py:188} INFO - [2024-10-27T19:03:42.827+0000] {dag.py:3036} INFO - Sync 1 DAGs
[2024-10-27T19:03:42.837+0000] {logging_mixin.py:188} INFO - [2024-10-27T19:03:42.837+0000] {dag.py:3823} INFO - Setting next_dagrun for example_trigger_target_dag to None, run_after=None
[2024-10-27T19:03:42.852+0000] {processor.py:183} INFO - Processing /home/airflow/.local/lib/python3.8/site-packages/airflow/example_dags/example_trigger_target_dag.py took 0.047 seconds
[2024-10-27T19:04:13.195+0000] {processor.py:161} INFO - Started process (PID=933) to work on /home/airflow/.local/lib/python3.8/site-packages/airflow/example_dags/example_trigger_target_dag.py
[2024-10-27T19:04:13.196+0000] {processor.py:830} INFO - Processing file /home/airflow/.local/lib/python3.8/site-packages/airflow/example_dags/example_trigger_target_dag.py for tasks to queue
[2024-10-27T19:04:13.197+0000] {logging_mixin.py:188} INFO - [2024-10-27T19:04:13.197+0000] {dagbag.py:538} INFO - Filling up the DagBag from /home/airflow/.local/lib/python3.8/site-packages/airflow/example_dags/example_trigger_target_dag.py
[2024-10-27T19:04:13.204+0000] {processor.py:840} INFO - DAG(s) 'example_trigger_target_dag' retrieved from /home/airflow/.local/lib/python3.8/site-packages/airflow/example_dags/example_trigger_target_dag.py
[2024-10-27T19:04:13.222+0000] {logging_mixin.py:188} INFO - [2024-10-27T19:04:13.222+0000] {dag.py:3036} INFO - Sync 1 DAGs
[2024-10-27T19:04:13.233+0000] {logging_mixin.py:188} INFO - [2024-10-27T19:04:13.233+0000] {dag.py:3823} INFO - Setting next_dagrun for example_trigger_target_dag to None, run_after=None
[2024-10-27T19:04:13.254+0000] {processor.py:183} INFO - Processing /home/airflow/.local/lib/python3.8/site-packages/airflow/example_dags/example_trigger_target_dag.py took 0.062 seconds
[2024-10-27T19:04:43.720+0000] {processor.py:161} INFO - Started process (PID=988) to work on /home/airflow/.local/lib/python3.8/site-packages/airflow/example_dags/example_trigger_target_dag.py
[2024-10-27T19:04:43.721+0000] {processor.py:830} INFO - Processing file /home/airflow/.local/lib/python3.8/site-packages/airflow/example_dags/example_trigger_target_dag.py for tasks to queue
[2024-10-27T19:04:43.722+0000] {logging_mixin.py:188} INFO - [2024-10-27T19:04:43.722+0000] {dagbag.py:538} INFO - Filling up the DagBag from /home/airflow/.local/lib/python3.8/site-packages/airflow/example_dags/example_trigger_target_dag.py
[2024-10-27T19:04:43.727+0000] {processor.py:840} INFO - DAG(s) 'example_trigger_target_dag' retrieved from /home/airflow/.local/lib/python3.8/site-packages/airflow/example_dags/example_trigger_target_dag.py
[2024-10-27T19:04:43.745+0000] {logging_mixin.py:188} INFO - [2024-10-27T19:04:43.745+0000] {dag.py:3036} INFO - Sync 1 DAGs
[2024-10-27T19:04:43.757+0000] {logging_mixin.py:188} INFO - [2024-10-27T19:04:43.757+0000] {dag.py:3823} INFO - Setting next_dagrun for example_trigger_target_dag to None, run_after=None
[2024-10-27T19:04:43.772+0000] {processor.py:183} INFO - Processing /home/airflow/.local/lib/python3.8/site-packages/airflow/example_dags/example_trigger_target_dag.py took 0.054 seconds
[2024-10-27T19:05:14.209+0000] {processor.py:161} INFO - Started process (PID=1044) to work on /home/airflow/.local/lib/python3.8/site-packages/airflow/example_dags/example_trigger_target_dag.py
[2024-10-27T19:05:14.210+0000] {processor.py:830} INFO - Processing file /home/airflow/.local/lib/python3.8/site-packages/airflow/example_dags/example_trigger_target_dag.py for tasks to queue
[2024-10-27T19:05:14.211+0000] {logging_mixin.py:188} INFO - [2024-10-27T19:05:14.211+0000] {dagbag.py:538} INFO - Filling up the DagBag from /home/airflow/.local/lib/python3.8/site-packages/airflow/example_dags/example_trigger_target_dag.py
[2024-10-27T19:05:14.216+0000] {processor.py:840} INFO - DAG(s) 'example_trigger_target_dag' retrieved from /home/airflow/.local/lib/python3.8/site-packages/airflow/example_dags/example_trigger_target_dag.py
[2024-10-27T19:05:14.232+0000] {logging_mixin.py:188} INFO - [2024-10-27T19:05:14.232+0000] {dag.py:3036} INFO - Sync 1 DAGs
[2024-10-27T19:05:14.243+0000] {logging_mixin.py:188} INFO - [2024-10-27T19:05:14.243+0000] {dag.py:3823} INFO - Setting next_dagrun for example_trigger_target_dag to None, run_after=None
[2024-10-27T19:05:14.265+0000] {processor.py:183} INFO - Processing /home/airflow/.local/lib/python3.8/site-packages/airflow/example_dags/example_trigger_target_dag.py took 0.059 seconds
[2024-10-27T19:13:21.511+0000] {processor.py:161} INFO - Started process (PID=101) to work on /home/airflow/.local/lib/python3.11/site-packages/airflow/example_dags/example_trigger_target_dag.py
[2024-10-27T19:13:21.512+0000] {processor.py:830} INFO - Processing file /home/airflow/.local/lib/python3.11/site-packages/airflow/example_dags/example_trigger_target_dag.py for tasks to queue
[2024-10-27T19:13:21.514+0000] {logging_mixin.py:188} INFO - [2024-10-27T19:13:21.514+0000] {dagbag.py:538} INFO - Filling up the DagBag from /home/airflow/.local/lib/python3.11/site-packages/airflow/example_dags/example_trigger_target_dag.py
[2024-10-27T19:13:21.523+0000] {processor.py:840} INFO - DAG(s) 'example_trigger_target_dag' retrieved from /home/airflow/.local/lib/python3.11/site-packages/airflow/example_dags/example_trigger_target_dag.py
[2024-10-27T19:13:21.603+0000] {logging_mixin.py:188} INFO - [2024-10-27T19:13:21.602+0000] {dag.py:3036} INFO - Sync 1 DAGs
[2024-10-27T19:13:21.612+0000] {logging_mixin.py:188} INFO - [2024-10-27T19:13:21.612+0000] {dag.py:3823} INFO - Setting next_dagrun for example_trigger_target_dag to None, run_after=None
[2024-10-27T19:13:21.633+0000] {processor.py:183} INFO - Processing /home/airflow/.local/lib/python3.11/site-packages/airflow/example_dags/example_trigger_target_dag.py took 0.125 seconds
[2024-10-27T19:14:05.291+0000] {processor.py:161} INFO - Started process (PID=159) to work on /home/airflow/.local/lib/python3.11/site-packages/airflow/example_dags/example_trigger_target_dag.py
[2024-10-27T19:14:05.291+0000] {processor.py:830} INFO - Processing file /home/airflow/.local/lib/python3.11/site-packages/airflow/example_dags/example_trigger_target_dag.py for tasks to queue
[2024-10-27T19:14:05.293+0000] {logging_mixin.py:188} INFO - [2024-10-27T19:14:05.292+0000] {dagbag.py:538} INFO - Filling up the DagBag from /home/airflow/.local/lib/python3.11/site-packages/airflow/example_dags/example_trigger_target_dag.py
[2024-10-27T19:14:05.297+0000] {processor.py:840} INFO - DAG(s) 'example_trigger_target_dag' retrieved from /home/airflow/.local/lib/python3.11/site-packages/airflow/example_dags/example_trigger_target_dag.py
[2024-10-27T19:14:05.310+0000] {logging_mixin.py:188} INFO - [2024-10-27T19:14:05.310+0000] {dag.py:3036} INFO - Sync 1 DAGs
[2024-10-27T19:14:05.319+0000] {logging_mixin.py:188} INFO - [2024-10-27T19:14:05.319+0000] {dag.py:3823} INFO - Setting next_dagrun for example_trigger_target_dag to None, run_after=None
[2024-10-27T19:14:06.690+0000] {processor.py:183} INFO - Processing /home/airflow/.local/lib/python3.11/site-packages/airflow/example_dags/example_trigger_target_dag.py took 1.402 seconds
[2024-10-27T19:14:42.733+0000] {processor.py:161} INFO - Started process (PID=217) to work on /home/airflow/.local/lib/python3.11/site-packages/airflow/example_dags/example_trigger_target_dag.py
[2024-10-27T19:14:42.734+0000] {processor.py:830} INFO - Processing file /home/airflow/.local/lib/python3.11/site-packages/airflow/example_dags/example_trigger_target_dag.py for tasks to queue
[2024-10-27T19:14:42.736+0000] {logging_mixin.py:188} INFO - [2024-10-27T19:14:42.735+0000] {dagbag.py:538} INFO - Filling up the DagBag from /home/airflow/.local/lib/python3.11/site-packages/airflow/example_dags/example_trigger_target_dag.py
[2024-10-27T19:14:42.740+0000] {processor.py:840} INFO - DAG(s) 'example_trigger_target_dag' retrieved from /home/airflow/.local/lib/python3.11/site-packages/airflow/example_dags/example_trigger_target_dag.py
[2024-10-27T19:14:42.756+0000] {logging_mixin.py:188} INFO - [2024-10-27T19:14:42.756+0000] {dag.py:3036} INFO - Sync 1 DAGs
[2024-10-27T19:14:42.767+0000] {logging_mixin.py:188} INFO - [2024-10-27T19:14:42.766+0000] {dag.py:3823} INFO - Setting next_dagrun for example_trigger_target_dag to None, run_after=None
[2024-10-27T19:14:44.019+0000] {processor.py:183} INFO - Processing /home/airflow/.local/lib/python3.11/site-packages/airflow/example_dags/example_trigger_target_dag.py took 1.288 seconds
[2024-10-27T19:15:14.774+0000] {processor.py:161} INFO - Started process (PID=281) to work on /home/airflow/.local/lib/python3.11/site-packages/airflow/example_dags/example_trigger_target_dag.py
[2024-10-27T19:15:14.775+0000] {processor.py:830} INFO - Processing file /home/airflow/.local/lib/python3.11/site-packages/airflow/example_dags/example_trigger_target_dag.py for tasks to queue
[2024-10-27T19:15:14.776+0000] {logging_mixin.py:188} INFO - [2024-10-27T19:15:14.776+0000] {dagbag.py:538} INFO - Filling up the DagBag from /home/airflow/.local/lib/python3.11/site-packages/airflow/example_dags/example_trigger_target_dag.py
[2024-10-27T19:15:14.781+0000] {processor.py:840} INFO - DAG(s) 'example_trigger_target_dag' retrieved from /home/airflow/.local/lib/python3.11/site-packages/airflow/example_dags/example_trigger_target_dag.py
[2024-10-27T19:15:14.796+0000] {logging_mixin.py:188} INFO - [2024-10-27T19:15:14.796+0000] {dag.py:3036} INFO - Sync 1 DAGs
[2024-10-27T19:15:14.807+0000] {logging_mixin.py:188} INFO - [2024-10-27T19:15:14.806+0000] {dag.py:3823} INFO - Setting next_dagrun for example_trigger_target_dag to None, run_after=None
[2024-10-27T19:15:14.825+0000] {processor.py:183} INFO - Processing /home/airflow/.local/lib/python3.11/site-packages/airflow/example_dags/example_trigger_target_dag.py took 0.055 seconds
[2024-10-27T19:15:45.153+0000] {processor.py:161} INFO - Started process (PID=339) to work on /home/airflow/.local/lib/python3.11/site-packages/airflow/example_dags/example_trigger_target_dag.py
[2024-10-27T19:15:45.154+0000] {processor.py:830} INFO - Processing file /home/airflow/.local/lib/python3.11/site-packages/airflow/example_dags/example_trigger_target_dag.py for tasks to queue
[2024-10-27T19:15:45.156+0000] {logging_mixin.py:188} INFO - [2024-10-27T19:15:45.155+0000] {dagbag.py:538} INFO - Filling up the DagBag from /home/airflow/.local/lib/python3.11/site-packages/airflow/example_dags/example_trigger_target_dag.py
[2024-10-27T19:15:45.161+0000] {processor.py:840} INFO - DAG(s) 'example_trigger_target_dag' retrieved from /home/airflow/.local/lib/python3.11/site-packages/airflow/example_dags/example_trigger_target_dag.py
[2024-10-27T19:15:45.177+0000] {logging_mixin.py:188} INFO - [2024-10-27T19:15:45.177+0000] {dag.py:3036} INFO - Sync 1 DAGs
[2024-10-27T19:15:45.187+0000] {logging_mixin.py:188} INFO - [2024-10-27T19:15:45.187+0000] {dag.py:3823} INFO - Setting next_dagrun for example_trigger_target_dag to None, run_after=None
[2024-10-27T19:15:45.262+0000] {processor.py:183} INFO - Processing /home/airflow/.local/lib/python3.11/site-packages/airflow/example_dags/example_trigger_target_dag.py took 0.111 seconds
