[2024-10-27T18:56:03.554+0000] {processor.py:161} INFO - Started process (PID=219) to work on /home/airflow/.local/lib/python3.8/site-packages/airflow/example_dags/example_branch_datetime_operator.py
[2024-10-27T18:56:03.555+0000] {processor.py:830} INFO - Processing file /home/airflow/.local/lib/python3.8/site-packages/airflow/example_dags/example_branch_datetime_operator.py for tasks to queue
[2024-10-27T18:56:03.557+0000] {logging_mixin.py:188} INFO - [2024-10-27T18:56:03.556+0000] {dagbag.py:538} INFO - Filling up the DagBag from /home/airflow/.local/lib/python3.8/site-packages/airflow/example_dags/example_branch_datetime_operator.py
[2024-10-27T18:56:03.566+0000] {processor.py:840} INFO - DAG(s) 'example_branch_datetime_operator_2', 'example_branch_datetime_operator', 'example_branch_datetime_operator_3' retrieved from /home/airflow/.local/lib/python3.8/site-packages/airflow/example_dags/example_branch_datetime_operator.py
[2024-10-27T18:56:03.647+0000] {logging_mixin.py:188} INFO - [2024-10-27T18:56:03.646+0000] {override.py:1769} INFO - Created Permission View: can delete on DAG:example_branch_datetime_operator_2
[2024-10-27T18:56:03.655+0000] {logging_mixin.py:188} INFO - [2024-10-27T18:56:03.655+0000] {override.py:1769} INFO - Created Permission View: can read on DAG:example_branch_datetime_operator_2
[2024-10-27T18:56:03.661+0000] {logging_mixin.py:188} INFO - [2024-10-27T18:56:03.661+0000] {override.py:1769} INFO - Created Permission View: can edit on DAG:example_branch_datetime_operator_2
[2024-10-27T18:56:03.673+0000] {logging_mixin.py:188} INFO - [2024-10-27T18:56:03.672+0000] {override.py:1769} INFO - Created Permission View: can delete on DAG:example_branch_datetime_operator
[2024-10-27T18:56:03.678+0000] {logging_mixin.py:188} INFO - [2024-10-27T18:56:03.678+0000] {override.py:1769} INFO - Created Permission View: can read on DAG:example_branch_datetime_operator
[2024-10-27T18:56:03.684+0000] {logging_mixin.py:188} INFO - [2024-10-27T18:56:03.684+0000] {override.py:1769} INFO - Created Permission View: can edit on DAG:example_branch_datetime_operator
[2024-10-27T18:56:03.695+0000] {logging_mixin.py:188} INFO - [2024-10-27T18:56:03.695+0000] {override.py:1769} INFO - Created Permission View: can delete on DAG:example_branch_datetime_operator_3
[2024-10-27T18:56:03.700+0000] {logging_mixin.py:188} INFO - [2024-10-27T18:56:03.700+0000] {override.py:1769} INFO - Created Permission View: can read on DAG:example_branch_datetime_operator_3
[2024-10-27T18:56:03.706+0000] {logging_mixin.py:188} INFO - [2024-10-27T18:56:03.705+0000] {override.py:1769} INFO - Created Permission View: can edit on DAG:example_branch_datetime_operator_3
[2024-10-27T18:56:03.706+0000] {logging_mixin.py:188} INFO - [2024-10-27T18:56:03.706+0000] {dag.py:3036} INFO - Sync 3 DAGs
[2024-10-27T18:56:03.718+0000] {logging_mixin.py:188} INFO - [2024-10-27T18:56:03.717+0000] {dag.py:3058} INFO - Creating ORM DAG for example_branch_datetime_operator_3
[2024-10-27T18:56:03.718+0000] {logging_mixin.py:188} INFO - [2024-10-27T18:56:03.718+0000] {dag.py:3058} INFO - Creating ORM DAG for example_branch_datetime_operator
[2024-10-27T18:56:03.719+0000] {logging_mixin.py:188} INFO - [2024-10-27T18:56:03.719+0000] {dag.py:3058} INFO - Creating ORM DAG for example_branch_datetime_operator_2
[2024-10-27T18:56:03.729+0000] {logging_mixin.py:188} INFO - [2024-10-27T18:56:03.729+0000] {dag.py:3823} INFO - Setting next_dagrun for example_branch_datetime_operator to 2024-10-26 00:00:00+00:00, run_after=2024-10-27 00:00:00+00:00
[2024-10-27T18:56:03.731+0000] {logging_mixin.py:188} INFO - [2024-10-27T18:56:03.731+0000] {dag.py:3823} INFO - Setting next_dagrun for example_branch_datetime_operator_2 to 2024-10-26 00:00:00+00:00, run_after=2024-10-27 00:00:00+00:00
[2024-10-27T18:56:03.733+0000] {logging_mixin.py:188} INFO - [2024-10-27T18:56:03.733+0000] {dag.py:3823} INFO - Setting next_dagrun for example_branch_datetime_operator_3 to 2024-10-26 00:00:00+00:00, run_after=2024-10-27 00:00:00+00:00
[2024-10-27T18:56:03.750+0000] {processor.py:183} INFO - Processing /home/airflow/.local/lib/python3.8/site-packages/airflow/example_dags/example_branch_datetime_operator.py took 0.198 seconds
[2024-10-27T18:56:38.122+0000] {processor.py:161} INFO - Started process (PID=91) to work on /home/airflow/.local/lib/python3.8/site-packages/airflow/example_dags/example_branch_datetime_operator.py
[2024-10-27T18:56:38.123+0000] {processor.py:830} INFO - Processing file /home/airflow/.local/lib/python3.8/site-packages/airflow/example_dags/example_branch_datetime_operator.py for tasks to queue
[2024-10-27T18:56:38.124+0000] {logging_mixin.py:188} INFO - [2024-10-27T18:56:38.124+0000] {dagbag.py:538} INFO - Filling up the DagBag from /home/airflow/.local/lib/python3.8/site-packages/airflow/example_dags/example_branch_datetime_operator.py
[2024-10-27T18:56:38.133+0000] {processor.py:840} INFO - DAG(s) 'example_branch_datetime_operator_2', 'example_branch_datetime_operator', 'example_branch_datetime_operator_3' retrieved from /home/airflow/.local/lib/python3.8/site-packages/airflow/example_dags/example_branch_datetime_operator.py
[2024-10-27T18:56:38.154+0000] {logging_mixin.py:188} INFO - [2024-10-27T18:56:38.154+0000] {dag.py:3036} INFO - Sync 3 DAGs
[2024-10-27T18:56:38.173+0000] {logging_mixin.py:188} INFO - [2024-10-27T18:56:38.173+0000] {dag.py:3823} INFO - Setting next_dagrun for example_branch_datetime_operator to 2024-10-26 00:00:00+00:00, run_after=2024-10-27 00:00:00+00:00
[2024-10-27T18:56:38.178+0000] {logging_mixin.py:188} INFO - [2024-10-27T18:56:38.178+0000] {dag.py:3823} INFO - Setting next_dagrun for example_branch_datetime_operator_2 to 2024-10-26 00:00:00+00:00, run_after=2024-10-27 00:00:00+00:00
[2024-10-27T18:56:38.180+0000] {logging_mixin.py:188} INFO - [2024-10-27T18:56:38.180+0000] {dag.py:3823} INFO - Setting next_dagrun for example_branch_datetime_operator_3 to 2024-10-26 00:00:00+00:00, run_after=2024-10-27 00:00:00+00:00
[2024-10-27T18:56:38.194+0000] {processor.py:183} INFO - Processing /home/airflow/.local/lib/python3.8/site-packages/airflow/example_dags/example_branch_datetime_operator.py took 0.074 seconds
[2024-10-27T18:57:08.684+0000] {processor.py:161} INFO - Started process (PID=147) to work on /home/airflow/.local/lib/python3.8/site-packages/airflow/example_dags/example_branch_datetime_operator.py
[2024-10-27T18:57:08.684+0000] {processor.py:830} INFO - Processing file /home/airflow/.local/lib/python3.8/site-packages/airflow/example_dags/example_branch_datetime_operator.py for tasks to queue
[2024-10-27T18:57:08.686+0000] {logging_mixin.py:188} INFO - [2024-10-27T18:57:08.686+0000] {dagbag.py:538} INFO - Filling up the DagBag from /home/airflow/.local/lib/python3.8/site-packages/airflow/example_dags/example_branch_datetime_operator.py
[2024-10-27T18:57:08.694+0000] {processor.py:840} INFO - DAG(s) 'example_branch_datetime_operator', 'example_branch_datetime_operator_3', 'example_branch_datetime_operator_2' retrieved from /home/airflow/.local/lib/python3.8/site-packages/airflow/example_dags/example_branch_datetime_operator.py
[2024-10-27T18:57:08.718+0000] {logging_mixin.py:188} INFO - [2024-10-27T18:57:08.717+0000] {dag.py:3036} INFO - Sync 3 DAGs
[2024-10-27T18:57:08.739+0000] {logging_mixin.py:188} INFO - [2024-10-27T18:57:08.739+0000] {dag.py:3823} INFO - Setting next_dagrun for example_branch_datetime_operator to 2024-10-26 00:00:00+00:00, run_after=2024-10-27 00:00:00+00:00
[2024-10-27T18:57:08.744+0000] {logging_mixin.py:188} INFO - [2024-10-27T18:57:08.744+0000] {dag.py:3823} INFO - Setting next_dagrun for example_branch_datetime_operator_2 to 2024-10-26 00:00:00+00:00, run_after=2024-10-27 00:00:00+00:00
[2024-10-27T18:57:08.747+0000] {logging_mixin.py:188} INFO - [2024-10-27T18:57:08.746+0000] {dag.py:3823} INFO - Setting next_dagrun for example_branch_datetime_operator_3 to 2024-10-26 00:00:00+00:00, run_after=2024-10-27 00:00:00+00:00
[2024-10-27T18:57:08.762+0000] {processor.py:183} INFO - Processing /home/airflow/.local/lib/python3.8/site-packages/airflow/example_dags/example_branch_datetime_operator.py took 0.081 seconds
[2024-10-27T18:57:39.038+0000] {processor.py:161} INFO - Started process (PID=203) to work on /home/airflow/.local/lib/python3.8/site-packages/airflow/example_dags/example_branch_datetime_operator.py
[2024-10-27T18:57:39.038+0000] {processor.py:830} INFO - Processing file /home/airflow/.local/lib/python3.8/site-packages/airflow/example_dags/example_branch_datetime_operator.py for tasks to queue
[2024-10-27T18:57:39.040+0000] {logging_mixin.py:188} INFO - [2024-10-27T18:57:39.040+0000] {dagbag.py:538} INFO - Filling up the DagBag from /home/airflow/.local/lib/python3.8/site-packages/airflow/example_dags/example_branch_datetime_operator.py
[2024-10-27T18:57:39.049+0000] {processor.py:840} INFO - DAG(s) 'example_branch_datetime_operator', 'example_branch_datetime_operator_2', 'example_branch_datetime_operator_3' retrieved from /home/airflow/.local/lib/python3.8/site-packages/airflow/example_dags/example_branch_datetime_operator.py
[2024-10-27T18:57:39.075+0000] {logging_mixin.py:188} INFO - [2024-10-27T18:57:39.075+0000] {dag.py:3036} INFO - Sync 3 DAGs
[2024-10-27T18:57:39.096+0000] {logging_mixin.py:188} INFO - [2024-10-27T18:57:39.096+0000] {dag.py:3823} INFO - Setting next_dagrun for example_branch_datetime_operator to 2024-10-26 00:00:00+00:00, run_after=2024-10-27 00:00:00+00:00
[2024-10-27T18:57:39.102+0000] {logging_mixin.py:188} INFO - [2024-10-27T18:57:39.101+0000] {dag.py:3823} INFO - Setting next_dagrun for example_branch_datetime_operator_2 to 2024-10-26 00:00:00+00:00, run_after=2024-10-27 00:00:00+00:00
[2024-10-27T18:57:39.105+0000] {logging_mixin.py:188} INFO - [2024-10-27T18:57:39.104+0000] {dag.py:3823} INFO - Setting next_dagrun for example_branch_datetime_operator_3 to 2024-10-26 00:00:00+00:00, run_after=2024-10-27 00:00:00+00:00
[2024-10-27T18:57:39.120+0000] {processor.py:183} INFO - Processing /home/airflow/.local/lib/python3.8/site-packages/airflow/example_dags/example_branch_datetime_operator.py took 0.085 seconds
[2024-10-27T18:58:09.519+0000] {processor.py:161} INFO - Started process (PID=259) to work on /home/airflow/.local/lib/python3.8/site-packages/airflow/example_dags/example_branch_datetime_operator.py
[2024-10-27T18:58:09.520+0000] {processor.py:830} INFO - Processing file /home/airflow/.local/lib/python3.8/site-packages/airflow/example_dags/example_branch_datetime_operator.py for tasks to queue
[2024-10-27T18:58:09.521+0000] {logging_mixin.py:188} INFO - [2024-10-27T18:58:09.521+0000] {dagbag.py:538} INFO - Filling up the DagBag from /home/airflow/.local/lib/python3.8/site-packages/airflow/example_dags/example_branch_datetime_operator.py
[2024-10-27T18:58:09.529+0000] {processor.py:840} INFO - DAG(s) 'example_branch_datetime_operator_2', 'example_branch_datetime_operator', 'example_branch_datetime_operator_3' retrieved from /home/airflow/.local/lib/python3.8/site-packages/airflow/example_dags/example_branch_datetime_operator.py
[2024-10-27T18:58:09.558+0000] {logging_mixin.py:188} INFO - [2024-10-27T18:58:09.557+0000] {dag.py:3036} INFO - Sync 3 DAGs
[2024-10-27T18:58:09.586+0000] {logging_mixin.py:188} INFO - [2024-10-27T18:58:09.586+0000] {dag.py:3823} INFO - Setting next_dagrun for example_branch_datetime_operator to 2024-10-26 00:00:00+00:00, run_after=2024-10-27 00:00:00+00:00
[2024-10-27T18:58:09.593+0000] {logging_mixin.py:188} INFO - [2024-10-27T18:58:09.592+0000] {dag.py:3823} INFO - Setting next_dagrun for example_branch_datetime_operator_2 to 2024-10-26 00:00:00+00:00, run_after=2024-10-27 00:00:00+00:00
[2024-10-27T18:58:09.596+0000] {logging_mixin.py:188} INFO - [2024-10-27T18:58:09.596+0000] {dag.py:3823} INFO - Setting next_dagrun for example_branch_datetime_operator_3 to 2024-10-26 00:00:00+00:00, run_after=2024-10-27 00:00:00+00:00
[2024-10-27T18:58:09.615+0000] {processor.py:183} INFO - Processing /home/airflow/.local/lib/python3.8/site-packages/airflow/example_dags/example_branch_datetime_operator.py took 0.099 seconds
[2024-10-27T18:58:40.107+0000] {processor.py:161} INFO - Started process (PID=315) to work on /home/airflow/.local/lib/python3.8/site-packages/airflow/example_dags/example_branch_datetime_operator.py
[2024-10-27T18:58:40.108+0000] {processor.py:830} INFO - Processing file /home/airflow/.local/lib/python3.8/site-packages/airflow/example_dags/example_branch_datetime_operator.py for tasks to queue
[2024-10-27T18:58:40.109+0000] {logging_mixin.py:188} INFO - [2024-10-27T18:58:40.109+0000] {dagbag.py:538} INFO - Filling up the DagBag from /home/airflow/.local/lib/python3.8/site-packages/airflow/example_dags/example_branch_datetime_operator.py
[2024-10-27T18:58:40.117+0000] {processor.py:840} INFO - DAG(s) 'example_branch_datetime_operator_3', 'example_branch_datetime_operator', 'example_branch_datetime_operator_2' retrieved from /home/airflow/.local/lib/python3.8/site-packages/airflow/example_dags/example_branch_datetime_operator.py
[2024-10-27T18:58:40.142+0000] {logging_mixin.py:188} INFO - [2024-10-27T18:58:40.142+0000] {dag.py:3036} INFO - Sync 3 DAGs
[2024-10-27T18:58:40.161+0000] {logging_mixin.py:188} INFO - [2024-10-27T18:58:40.161+0000] {dag.py:3823} INFO - Setting next_dagrun for example_branch_datetime_operator to 2024-10-26 00:00:00+00:00, run_after=2024-10-27 00:00:00+00:00
[2024-10-27T18:58:40.165+0000] {logging_mixin.py:188} INFO - [2024-10-27T18:58:40.165+0000] {dag.py:3823} INFO - Setting next_dagrun for example_branch_datetime_operator_2 to 2024-10-26 00:00:00+00:00, run_after=2024-10-27 00:00:00+00:00
[2024-10-27T18:58:40.168+0000] {logging_mixin.py:188} INFO - [2024-10-27T18:58:40.168+0000] {dag.py:3823} INFO - Setting next_dagrun for example_branch_datetime_operator_3 to 2024-10-26 00:00:00+00:00, run_after=2024-10-27 00:00:00+00:00
[2024-10-27T18:58:40.182+0000] {processor.py:183} INFO - Processing /home/airflow/.local/lib/python3.8/site-packages/airflow/example_dags/example_branch_datetime_operator.py took 0.078 seconds
[2024-10-27T18:59:10.296+0000] {processor.py:161} INFO - Started process (PID=372) to work on /home/airflow/.local/lib/python3.8/site-packages/airflow/example_dags/example_branch_datetime_operator.py
[2024-10-27T18:59:10.297+0000] {processor.py:830} INFO - Processing file /home/airflow/.local/lib/python3.8/site-packages/airflow/example_dags/example_branch_datetime_operator.py for tasks to queue
[2024-10-27T18:59:10.298+0000] {logging_mixin.py:188} INFO - [2024-10-27T18:59:10.298+0000] {dagbag.py:538} INFO - Filling up the DagBag from /home/airflow/.local/lib/python3.8/site-packages/airflow/example_dags/example_branch_datetime_operator.py
[2024-10-27T18:59:10.307+0000] {processor.py:840} INFO - DAG(s) 'example_branch_datetime_operator', 'example_branch_datetime_operator_3', 'example_branch_datetime_operator_2' retrieved from /home/airflow/.local/lib/python3.8/site-packages/airflow/example_dags/example_branch_datetime_operator.py
[2024-10-27T18:59:10.332+0000] {logging_mixin.py:188} INFO - [2024-10-27T18:59:10.332+0000] {dag.py:3036} INFO - Sync 3 DAGs
[2024-10-27T18:59:10.353+0000] {logging_mixin.py:188} INFO - [2024-10-27T18:59:10.352+0000] {dag.py:3823} INFO - Setting next_dagrun for example_branch_datetime_operator to 2024-10-26 00:00:00+00:00, run_after=2024-10-27 00:00:00+00:00
[2024-10-27T18:59:10.357+0000] {logging_mixin.py:188} INFO - [2024-10-27T18:59:10.357+0000] {dag.py:3823} INFO - Setting next_dagrun for example_branch_datetime_operator_2 to 2024-10-26 00:00:00+00:00, run_after=2024-10-27 00:00:00+00:00
[2024-10-27T18:59:10.360+0000] {logging_mixin.py:188} INFO - [2024-10-27T18:59:10.360+0000] {dag.py:3823} INFO - Setting next_dagrun for example_branch_datetime_operator_3 to 2024-10-26 00:00:00+00:00, run_after=2024-10-27 00:00:00+00:00
[2024-10-27T18:59:10.373+0000] {processor.py:183} INFO - Processing /home/airflow/.local/lib/python3.8/site-packages/airflow/example_dags/example_branch_datetime_operator.py took 0.079 seconds
[2024-10-27T18:59:40.599+0000] {processor.py:161} INFO - Started process (PID=428) to work on /home/airflow/.local/lib/python3.8/site-packages/airflow/example_dags/example_branch_datetime_operator.py
[2024-10-27T18:59:40.600+0000] {processor.py:830} INFO - Processing file /home/airflow/.local/lib/python3.8/site-packages/airflow/example_dags/example_branch_datetime_operator.py for tasks to queue
[2024-10-27T18:59:40.601+0000] {logging_mixin.py:188} INFO - [2024-10-27T18:59:40.601+0000] {dagbag.py:538} INFO - Filling up the DagBag from /home/airflow/.local/lib/python3.8/site-packages/airflow/example_dags/example_branch_datetime_operator.py
[2024-10-27T18:59:40.609+0000] {processor.py:840} INFO - DAG(s) 'example_branch_datetime_operator', 'example_branch_datetime_operator_3', 'example_branch_datetime_operator_2' retrieved from /home/airflow/.local/lib/python3.8/site-packages/airflow/example_dags/example_branch_datetime_operator.py
[2024-10-27T18:59:40.635+0000] {logging_mixin.py:188} INFO - [2024-10-27T18:59:40.635+0000] {dag.py:3036} INFO - Sync 3 DAGs
[2024-10-27T18:59:40.656+0000] {logging_mixin.py:188} INFO - [2024-10-27T18:59:40.656+0000] {dag.py:3823} INFO - Setting next_dagrun for example_branch_datetime_operator to 2024-10-26 00:00:00+00:00, run_after=2024-10-27 00:00:00+00:00
[2024-10-27T18:59:40.660+0000] {logging_mixin.py:188} INFO - [2024-10-27T18:59:40.660+0000] {dag.py:3823} INFO - Setting next_dagrun for example_branch_datetime_operator_2 to 2024-10-26 00:00:00+00:00, run_after=2024-10-27 00:00:00+00:00
[2024-10-27T18:59:40.663+0000] {logging_mixin.py:188} INFO - [2024-10-27T18:59:40.663+0000] {dag.py:3823} INFO - Setting next_dagrun for example_branch_datetime_operator_3 to 2024-10-26 00:00:00+00:00, run_after=2024-10-27 00:00:00+00:00
[2024-10-27T18:59:40.678+0000] {processor.py:183} INFO - Processing /home/airflow/.local/lib/python3.8/site-packages/airflow/example_dags/example_branch_datetime_operator.py took 0.082 seconds
[2024-10-27T19:00:10.838+0000] {processor.py:161} INFO - Started process (PID=484) to work on /home/airflow/.local/lib/python3.8/site-packages/airflow/example_dags/example_branch_datetime_operator.py
[2024-10-27T19:00:10.839+0000] {processor.py:830} INFO - Processing file /home/airflow/.local/lib/python3.8/site-packages/airflow/example_dags/example_branch_datetime_operator.py for tasks to queue
[2024-10-27T19:00:10.840+0000] {logging_mixin.py:188} INFO - [2024-10-27T19:00:10.840+0000] {dagbag.py:538} INFO - Filling up the DagBag from /home/airflow/.local/lib/python3.8/site-packages/airflow/example_dags/example_branch_datetime_operator.py
[2024-10-27T19:00:10.848+0000] {processor.py:840} INFO - DAG(s) 'example_branch_datetime_operator_2', 'example_branch_datetime_operator_3', 'example_branch_datetime_operator' retrieved from /home/airflow/.local/lib/python3.8/site-packages/airflow/example_dags/example_branch_datetime_operator.py
[2024-10-27T19:00:10.872+0000] {logging_mixin.py:188} INFO - [2024-10-27T19:00:10.872+0000] {dag.py:3036} INFO - Sync 3 DAGs
[2024-10-27T19:00:10.892+0000] {logging_mixin.py:188} INFO - [2024-10-27T19:00:10.892+0000] {dag.py:3823} INFO - Setting next_dagrun for example_branch_datetime_operator to 2024-10-26 00:00:00+00:00, run_after=2024-10-27 00:00:00+00:00
[2024-10-27T19:00:10.897+0000] {logging_mixin.py:188} INFO - [2024-10-27T19:00:10.896+0000] {dag.py:3823} INFO - Setting next_dagrun for example_branch_datetime_operator_2 to 2024-10-26 00:00:00+00:00, run_after=2024-10-27 00:00:00+00:00
[2024-10-27T19:00:10.899+0000] {logging_mixin.py:188} INFO - [2024-10-27T19:00:10.899+0000] {dag.py:3823} INFO - Setting next_dagrun for example_branch_datetime_operator_3 to 2024-10-26 00:00:00+00:00, run_after=2024-10-27 00:00:00+00:00
[2024-10-27T19:00:10.915+0000] {processor.py:183} INFO - Processing /home/airflow/.local/lib/python3.8/site-packages/airflow/example_dags/example_branch_datetime_operator.py took 0.079 seconds
[2024-10-27T19:00:41.099+0000] {processor.py:161} INFO - Started process (PID=540) to work on /home/airflow/.local/lib/python3.8/site-packages/airflow/example_dags/example_branch_datetime_operator.py
[2024-10-27T19:00:41.100+0000] {processor.py:830} INFO - Processing file /home/airflow/.local/lib/python3.8/site-packages/airflow/example_dags/example_branch_datetime_operator.py for tasks to queue
[2024-10-27T19:00:41.101+0000] {logging_mixin.py:188} INFO - [2024-10-27T19:00:41.101+0000] {dagbag.py:538} INFO - Filling up the DagBag from /home/airflow/.local/lib/python3.8/site-packages/airflow/example_dags/example_branch_datetime_operator.py
[2024-10-27T19:00:41.109+0000] {processor.py:840} INFO - DAG(s) 'example_branch_datetime_operator_3', 'example_branch_datetime_operator_2', 'example_branch_datetime_operator' retrieved from /home/airflow/.local/lib/python3.8/site-packages/airflow/example_dags/example_branch_datetime_operator.py
[2024-10-27T19:00:41.130+0000] {logging_mixin.py:188} INFO - [2024-10-27T19:00:41.129+0000] {dag.py:3036} INFO - Sync 3 DAGs
[2024-10-27T19:00:41.148+0000] {logging_mixin.py:188} INFO - [2024-10-27T19:00:41.148+0000] {dag.py:3823} INFO - Setting next_dagrun for example_branch_datetime_operator to 2024-10-26 00:00:00+00:00, run_after=2024-10-27 00:00:00+00:00
[2024-10-27T19:00:41.152+0000] {logging_mixin.py:188} INFO - [2024-10-27T19:00:41.152+0000] {dag.py:3823} INFO - Setting next_dagrun for example_branch_datetime_operator_2 to 2024-10-26 00:00:00+00:00, run_after=2024-10-27 00:00:00+00:00
[2024-10-27T19:00:41.154+0000] {logging_mixin.py:188} INFO - [2024-10-27T19:00:41.154+0000] {dag.py:3823} INFO - Setting next_dagrun for example_branch_datetime_operator_3 to 2024-10-26 00:00:00+00:00, run_after=2024-10-27 00:00:00+00:00
[2024-10-27T19:00:41.167+0000] {processor.py:183} INFO - Processing /home/airflow/.local/lib/python3.8/site-packages/airflow/example_dags/example_branch_datetime_operator.py took 0.070 seconds
[2024-10-27T19:01:11.348+0000] {processor.py:161} INFO - Started process (PID=596) to work on /home/airflow/.local/lib/python3.8/site-packages/airflow/example_dags/example_branch_datetime_operator.py
[2024-10-27T19:01:11.349+0000] {processor.py:830} INFO - Processing file /home/airflow/.local/lib/python3.8/site-packages/airflow/example_dags/example_branch_datetime_operator.py for tasks to queue
[2024-10-27T19:01:11.350+0000] {logging_mixin.py:188} INFO - [2024-10-27T19:01:11.350+0000] {dagbag.py:538} INFO - Filling up the DagBag from /home/airflow/.local/lib/python3.8/site-packages/airflow/example_dags/example_branch_datetime_operator.py
[2024-10-27T19:01:11.358+0000] {processor.py:840} INFO - DAG(s) 'example_branch_datetime_operator_3', 'example_branch_datetime_operator', 'example_branch_datetime_operator_2' retrieved from /home/airflow/.local/lib/python3.8/site-packages/airflow/example_dags/example_branch_datetime_operator.py
[2024-10-27T19:01:11.379+0000] {logging_mixin.py:188} INFO - [2024-10-27T19:01:11.379+0000] {dag.py:3036} INFO - Sync 3 DAGs
[2024-10-27T19:01:11.397+0000] {logging_mixin.py:188} INFO - [2024-10-27T19:01:11.397+0000] {dag.py:3823} INFO - Setting next_dagrun for example_branch_datetime_operator to 2024-10-26 00:00:00+00:00, run_after=2024-10-27 00:00:00+00:00
[2024-10-27T19:01:11.403+0000] {logging_mixin.py:188} INFO - [2024-10-27T19:01:11.403+0000] {dag.py:3823} INFO - Setting next_dagrun for example_branch_datetime_operator_2 to 2024-10-26 00:00:00+00:00, run_after=2024-10-27 00:00:00+00:00
[2024-10-27T19:01:11.405+0000] {logging_mixin.py:188} INFO - [2024-10-27T19:01:11.405+0000] {dag.py:3823} INFO - Setting next_dagrun for example_branch_datetime_operator_3 to 2024-10-26 00:00:00+00:00, run_after=2024-10-27 00:00:00+00:00
[2024-10-27T19:01:11.420+0000] {processor.py:183} INFO - Processing /home/airflow/.local/lib/python3.8/site-packages/airflow/example_dags/example_branch_datetime_operator.py took 0.073 seconds
[2024-10-27T19:01:41.759+0000] {processor.py:161} INFO - Started process (PID=652) to work on /home/airflow/.local/lib/python3.8/site-packages/airflow/example_dags/example_branch_datetime_operator.py
[2024-10-27T19:01:41.760+0000] {processor.py:830} INFO - Processing file /home/airflow/.local/lib/python3.8/site-packages/airflow/example_dags/example_branch_datetime_operator.py for tasks to queue
[2024-10-27T19:01:41.761+0000] {logging_mixin.py:188} INFO - [2024-10-27T19:01:41.761+0000] {dagbag.py:538} INFO - Filling up the DagBag from /home/airflow/.local/lib/python3.8/site-packages/airflow/example_dags/example_branch_datetime_operator.py
[2024-10-27T19:01:41.769+0000] {processor.py:840} INFO - DAG(s) 'example_branch_datetime_operator_3', 'example_branch_datetime_operator_2', 'example_branch_datetime_operator' retrieved from /home/airflow/.local/lib/python3.8/site-packages/airflow/example_dags/example_branch_datetime_operator.py
[2024-10-27T19:01:41.790+0000] {logging_mixin.py:188} INFO - [2024-10-27T19:01:41.790+0000] {dag.py:3036} INFO - Sync 3 DAGs
[2024-10-27T19:01:41.808+0000] {logging_mixin.py:188} INFO - [2024-10-27T19:01:41.808+0000] {dag.py:3823} INFO - Setting next_dagrun for example_branch_datetime_operator to 2024-10-26 00:00:00+00:00, run_after=2024-10-27 00:00:00+00:00
[2024-10-27T19:01:41.813+0000] {logging_mixin.py:188} INFO - [2024-10-27T19:01:41.813+0000] {dag.py:3823} INFO - Setting next_dagrun for example_branch_datetime_operator_2 to 2024-10-26 00:00:00+00:00, run_after=2024-10-27 00:00:00+00:00
[2024-10-27T19:01:41.815+0000] {logging_mixin.py:188} INFO - [2024-10-27T19:01:41.815+0000] {dag.py:3823} INFO - Setting next_dagrun for example_branch_datetime_operator_3 to 2024-10-26 00:00:00+00:00, run_after=2024-10-27 00:00:00+00:00
[2024-10-27T19:01:41.831+0000] {processor.py:183} INFO - Processing /home/airflow/.local/lib/python3.8/site-packages/airflow/example_dags/example_branch_datetime_operator.py took 0.074 seconds
[2024-10-27T19:02:11.880+0000] {processor.py:161} INFO - Started process (PID=708) to work on /home/airflow/.local/lib/python3.8/site-packages/airflow/example_dags/example_branch_datetime_operator.py
[2024-10-27T19:02:11.882+0000] {processor.py:830} INFO - Processing file /home/airflow/.local/lib/python3.8/site-packages/airflow/example_dags/example_branch_datetime_operator.py for tasks to queue
[2024-10-27T19:02:11.884+0000] {logging_mixin.py:188} INFO - [2024-10-27T19:02:11.883+0000] {dagbag.py:538} INFO - Filling up the DagBag from /home/airflow/.local/lib/python3.8/site-packages/airflow/example_dags/example_branch_datetime_operator.py
[2024-10-27T19:02:11.897+0000] {processor.py:840} INFO - DAG(s) 'example_branch_datetime_operator_3', 'example_branch_datetime_operator_2', 'example_branch_datetime_operator' retrieved from /home/airflow/.local/lib/python3.8/site-packages/airflow/example_dags/example_branch_datetime_operator.py
[2024-10-27T19:02:11.927+0000] {logging_mixin.py:188} INFO - [2024-10-27T19:02:11.927+0000] {dag.py:3036} INFO - Sync 3 DAGs
[2024-10-27T19:02:11.947+0000] {logging_mixin.py:188} INFO - [2024-10-27T19:02:11.947+0000] {dag.py:3823} INFO - Setting next_dagrun for example_branch_datetime_operator to 2024-10-26 00:00:00+00:00, run_after=2024-10-27 00:00:00+00:00
[2024-10-27T19:02:11.952+0000] {logging_mixin.py:188} INFO - [2024-10-27T19:02:11.952+0000] {dag.py:3823} INFO - Setting next_dagrun for example_branch_datetime_operator_2 to 2024-10-26 00:00:00+00:00, run_after=2024-10-27 00:00:00+00:00
[2024-10-27T19:02:11.954+0000] {logging_mixin.py:188} INFO - [2024-10-27T19:02:11.954+0000] {dag.py:3823} INFO - Setting next_dagrun for example_branch_datetime_operator_3 to 2024-10-26 00:00:00+00:00, run_after=2024-10-27 00:00:00+00:00
[2024-10-27T19:02:11.968+0000] {processor.py:183} INFO - Processing /home/airflow/.local/lib/python3.8/site-packages/airflow/example_dags/example_branch_datetime_operator.py took 0.092 seconds
[2024-10-27T19:02:42.096+0000] {processor.py:161} INFO - Started process (PID=763) to work on /home/airflow/.local/lib/python3.8/site-packages/airflow/example_dags/example_branch_datetime_operator.py
[2024-10-27T19:02:42.097+0000] {processor.py:830} INFO - Processing file /home/airflow/.local/lib/python3.8/site-packages/airflow/example_dags/example_branch_datetime_operator.py for tasks to queue
[2024-10-27T19:02:42.099+0000] {logging_mixin.py:188} INFO - [2024-10-27T19:02:42.099+0000] {dagbag.py:538} INFO - Filling up the DagBag from /home/airflow/.local/lib/python3.8/site-packages/airflow/example_dags/example_branch_datetime_operator.py
[2024-10-27T19:02:42.108+0000] {processor.py:840} INFO - DAG(s) 'example_branch_datetime_operator_3', 'example_branch_datetime_operator', 'example_branch_datetime_operator_2' retrieved from /home/airflow/.local/lib/python3.8/site-packages/airflow/example_dags/example_branch_datetime_operator.py
[2024-10-27T19:02:42.134+0000] {logging_mixin.py:188} INFO - [2024-10-27T19:02:42.134+0000] {dag.py:3036} INFO - Sync 3 DAGs
[2024-10-27T19:02:42.154+0000] {logging_mixin.py:188} INFO - [2024-10-27T19:02:42.154+0000] {dag.py:3823} INFO - Setting next_dagrun for example_branch_datetime_operator to 2024-10-26 00:00:00+00:00, run_after=2024-10-27 00:00:00+00:00
[2024-10-27T19:02:42.160+0000] {logging_mixin.py:188} INFO - [2024-10-27T19:02:42.160+0000] {dag.py:3823} INFO - Setting next_dagrun for example_branch_datetime_operator_2 to 2024-10-26 00:00:00+00:00, run_after=2024-10-27 00:00:00+00:00
[2024-10-27T19:02:42.162+0000] {logging_mixin.py:188} INFO - [2024-10-27T19:02:42.162+0000] {dag.py:3823} INFO - Setting next_dagrun for example_branch_datetime_operator_3 to 2024-10-26 00:00:00+00:00, run_after=2024-10-27 00:00:00+00:00
[2024-10-27T19:02:42.176+0000] {processor.py:183} INFO - Processing /home/airflow/.local/lib/python3.8/site-packages/airflow/example_dags/example_branch_datetime_operator.py took 0.083 seconds
[2024-10-27T19:03:12.293+0000] {processor.py:161} INFO - Started process (PID=819) to work on /home/airflow/.local/lib/python3.8/site-packages/airflow/example_dags/example_branch_datetime_operator.py
[2024-10-27T19:03:12.293+0000] {processor.py:830} INFO - Processing file /home/airflow/.local/lib/python3.8/site-packages/airflow/example_dags/example_branch_datetime_operator.py for tasks to queue
[2024-10-27T19:03:12.295+0000] {logging_mixin.py:188} INFO - [2024-10-27T19:03:12.294+0000] {dagbag.py:538} INFO - Filling up the DagBag from /home/airflow/.local/lib/python3.8/site-packages/airflow/example_dags/example_branch_datetime_operator.py
[2024-10-27T19:03:12.302+0000] {processor.py:840} INFO - DAG(s) 'example_branch_datetime_operator_2', 'example_branch_datetime_operator', 'example_branch_datetime_operator_3' retrieved from /home/airflow/.local/lib/python3.8/site-packages/airflow/example_dags/example_branch_datetime_operator.py
[2024-10-27T19:03:12.321+0000] {logging_mixin.py:188} INFO - [2024-10-27T19:03:12.321+0000] {dag.py:3036} INFO - Sync 3 DAGs
[2024-10-27T19:03:12.339+0000] {logging_mixin.py:188} INFO - [2024-10-27T19:03:12.339+0000] {dag.py:3823} INFO - Setting next_dagrun for example_branch_datetime_operator to 2024-10-26 00:00:00+00:00, run_after=2024-10-27 00:00:00+00:00
[2024-10-27T19:03:12.345+0000] {logging_mixin.py:188} INFO - [2024-10-27T19:03:12.345+0000] {dag.py:3823} INFO - Setting next_dagrun for example_branch_datetime_operator_2 to 2024-10-26 00:00:00+00:00, run_after=2024-10-27 00:00:00+00:00
[2024-10-27T19:03:12.347+0000] {logging_mixin.py:188} INFO - [2024-10-27T19:03:12.347+0000] {dag.py:3823} INFO - Setting next_dagrun for example_branch_datetime_operator_3 to 2024-10-26 00:00:00+00:00, run_after=2024-10-27 00:00:00+00:00
[2024-10-27T19:03:12.360+0000] {processor.py:183} INFO - Processing /home/airflow/.local/lib/python3.8/site-packages/airflow/example_dags/example_branch_datetime_operator.py took 0.069 seconds
[2024-10-27T19:03:42.713+0000] {processor.py:161} INFO - Started process (PID=875) to work on /home/airflow/.local/lib/python3.8/site-packages/airflow/example_dags/example_branch_datetime_operator.py
[2024-10-27T19:03:42.714+0000] {processor.py:830} INFO - Processing file /home/airflow/.local/lib/python3.8/site-packages/airflow/example_dags/example_branch_datetime_operator.py for tasks to queue
[2024-10-27T19:03:42.716+0000] {logging_mixin.py:188} INFO - [2024-10-27T19:03:42.716+0000] {dagbag.py:538} INFO - Filling up the DagBag from /home/airflow/.local/lib/python3.8/site-packages/airflow/example_dags/example_branch_datetime_operator.py
[2024-10-27T19:03:42.724+0000] {processor.py:840} INFO - DAG(s) 'example_branch_datetime_operator', 'example_branch_datetime_operator_2', 'example_branch_datetime_operator_3' retrieved from /home/airflow/.local/lib/python3.8/site-packages/airflow/example_dags/example_branch_datetime_operator.py
[2024-10-27T19:03:42.746+0000] {logging_mixin.py:188} INFO - [2024-10-27T19:03:42.746+0000] {dag.py:3036} INFO - Sync 3 DAGs
[2024-10-27T19:03:42.764+0000] {logging_mixin.py:188} INFO - [2024-10-27T19:03:42.764+0000] {dag.py:3823} INFO - Setting next_dagrun for example_branch_datetime_operator to 2024-10-26 00:00:00+00:00, run_after=2024-10-27 00:00:00+00:00
[2024-10-27T19:03:42.768+0000] {logging_mixin.py:188} INFO - [2024-10-27T19:03:42.768+0000] {dag.py:3823} INFO - Setting next_dagrun for example_branch_datetime_operator_2 to 2024-10-26 00:00:00+00:00, run_after=2024-10-27 00:00:00+00:00
[2024-10-27T19:03:42.770+0000] {logging_mixin.py:188} INFO - [2024-10-27T19:03:42.770+0000] {dag.py:3823} INFO - Setting next_dagrun for example_branch_datetime_operator_3 to 2024-10-26 00:00:00+00:00, run_after=2024-10-27 00:00:00+00:00
[2024-10-27T19:03:42.783+0000] {processor.py:183} INFO - Processing /home/airflow/.local/lib/python3.8/site-packages/airflow/example_dags/example_branch_datetime_operator.py took 0.072 seconds
[2024-10-27T19:04:13.074+0000] {processor.py:161} INFO - Started process (PID=931) to work on /home/airflow/.local/lib/python3.8/site-packages/airflow/example_dags/example_branch_datetime_operator.py
[2024-10-27T19:04:13.075+0000] {processor.py:830} INFO - Processing file /home/airflow/.local/lib/python3.8/site-packages/airflow/example_dags/example_branch_datetime_operator.py for tasks to queue
[2024-10-27T19:04:13.077+0000] {logging_mixin.py:188} INFO - [2024-10-27T19:04:13.076+0000] {dagbag.py:538} INFO - Filling up the DagBag from /home/airflow/.local/lib/python3.8/site-packages/airflow/example_dags/example_branch_datetime_operator.py
[2024-10-27T19:04:13.087+0000] {processor.py:840} INFO - DAG(s) 'example_branch_datetime_operator', 'example_branch_datetime_operator_2', 'example_branch_datetime_operator_3' retrieved from /home/airflow/.local/lib/python3.8/site-packages/airflow/example_dags/example_branch_datetime_operator.py
[2024-10-27T19:04:13.116+0000] {logging_mixin.py:188} INFO - [2024-10-27T19:04:13.116+0000] {dag.py:3036} INFO - Sync 3 DAGs
[2024-10-27T19:04:13.144+0000] {logging_mixin.py:188} INFO - [2024-10-27T19:04:13.144+0000] {dag.py:3823} INFO - Setting next_dagrun for example_branch_datetime_operator to 2024-10-26 00:00:00+00:00, run_after=2024-10-27 00:00:00+00:00
[2024-10-27T19:04:13.149+0000] {logging_mixin.py:188} INFO - [2024-10-27T19:04:13.149+0000] {dag.py:3823} INFO - Setting next_dagrun for example_branch_datetime_operator_2 to 2024-10-26 00:00:00+00:00, run_after=2024-10-27 00:00:00+00:00
[2024-10-27T19:04:13.152+0000] {logging_mixin.py:188} INFO - [2024-10-27T19:04:13.152+0000] {dag.py:3823} INFO - Setting next_dagrun for example_branch_datetime_operator_3 to 2024-10-26 00:00:00+00:00, run_after=2024-10-27 00:00:00+00:00
[2024-10-27T19:04:13.170+0000] {processor.py:183} INFO - Processing /home/airflow/.local/lib/python3.8/site-packages/airflow/example_dags/example_branch_datetime_operator.py took 0.099 seconds
[2024-10-27T19:04:43.720+0000] {processor.py:161} INFO - Started process (PID=987) to work on /home/airflow/.local/lib/python3.8/site-packages/airflow/example_dags/example_branch_datetime_operator.py
[2024-10-27T19:04:43.721+0000] {processor.py:830} INFO - Processing file /home/airflow/.local/lib/python3.8/site-packages/airflow/example_dags/example_branch_datetime_operator.py for tasks to queue
[2024-10-27T19:04:43.722+0000] {logging_mixin.py:188} INFO - [2024-10-27T19:04:43.722+0000] {dagbag.py:538} INFO - Filling up the DagBag from /home/airflow/.local/lib/python3.8/site-packages/airflow/example_dags/example_branch_datetime_operator.py
[2024-10-27T19:04:43.731+0000] {processor.py:840} INFO - DAG(s) 'example_branch_datetime_operator_2', 'example_branch_datetime_operator_3', 'example_branch_datetime_operator' retrieved from /home/airflow/.local/lib/python3.8/site-packages/airflow/example_dags/example_branch_datetime_operator.py
[2024-10-27T19:04:43.758+0000] {logging_mixin.py:188} INFO - [2024-10-27T19:04:43.758+0000] {dag.py:3036} INFO - Sync 3 DAGs
[2024-10-27T19:04:43.778+0000] {logging_mixin.py:188} INFO - [2024-10-27T19:04:43.778+0000] {dag.py:3823} INFO - Setting next_dagrun for example_branch_datetime_operator to 2024-10-26 00:00:00+00:00, run_after=2024-10-27 00:00:00+00:00
[2024-10-27T19:04:43.783+0000] {logging_mixin.py:188} INFO - [2024-10-27T19:04:43.783+0000] {dag.py:3823} INFO - Setting next_dagrun for example_branch_datetime_operator_2 to 2024-10-26 00:00:00+00:00, run_after=2024-10-27 00:00:00+00:00
[2024-10-27T19:04:43.786+0000] {logging_mixin.py:188} INFO - [2024-10-27T19:04:43.785+0000] {dag.py:3823} INFO - Setting next_dagrun for example_branch_datetime_operator_3 to 2024-10-26 00:00:00+00:00, run_after=2024-10-27 00:00:00+00:00
[2024-10-27T19:04:43.803+0000] {processor.py:183} INFO - Processing /home/airflow/.local/lib/python3.8/site-packages/airflow/example_dags/example_branch_datetime_operator.py took 0.085 seconds
[2024-10-27T19:05:14.174+0000] {processor.py:161} INFO - Started process (PID=1043) to work on /home/airflow/.local/lib/python3.8/site-packages/airflow/example_dags/example_branch_datetime_operator.py
[2024-10-27T19:05:14.175+0000] {processor.py:830} INFO - Processing file /home/airflow/.local/lib/python3.8/site-packages/airflow/example_dags/example_branch_datetime_operator.py for tasks to queue
[2024-10-27T19:05:14.177+0000] {logging_mixin.py:188} INFO - [2024-10-27T19:05:14.176+0000] {dagbag.py:538} INFO - Filling up the DagBag from /home/airflow/.local/lib/python3.8/site-packages/airflow/example_dags/example_branch_datetime_operator.py
[2024-10-27T19:05:14.189+0000] {processor.py:840} INFO - DAG(s) 'example_branch_datetime_operator_2', 'example_branch_datetime_operator', 'example_branch_datetime_operator_3' retrieved from /home/airflow/.local/lib/python3.8/site-packages/airflow/example_dags/example_branch_datetime_operator.py
[2024-10-27T19:05:14.216+0000] {logging_mixin.py:188} INFO - [2024-10-27T19:05:14.215+0000] {dag.py:3036} INFO - Sync 3 DAGs
[2024-10-27T19:05:14.237+0000] {logging_mixin.py:188} INFO - [2024-10-27T19:05:14.236+0000] {dag.py:3823} INFO - Setting next_dagrun for example_branch_datetime_operator to 2024-10-26 00:00:00+00:00, run_after=2024-10-27 00:00:00+00:00
[2024-10-27T19:05:14.242+0000] {logging_mixin.py:188} INFO - [2024-10-27T19:05:14.241+0000] {dag.py:3823} INFO - Setting next_dagrun for example_branch_datetime_operator_2 to 2024-10-26 00:00:00+00:00, run_after=2024-10-27 00:00:00+00:00
[2024-10-27T19:05:14.246+0000] {logging_mixin.py:188} INFO - [2024-10-27T19:05:14.245+0000] {dag.py:3823} INFO - Setting next_dagrun for example_branch_datetime_operator_3 to 2024-10-26 00:00:00+00:00, run_after=2024-10-27 00:00:00+00:00
[2024-10-27T19:05:14.268+0000] {processor.py:183} INFO - Processing /home/airflow/.local/lib/python3.8/site-packages/airflow/example_dags/example_branch_datetime_operator.py took 0.097 seconds
[2024-10-27T19:13:21.457+0000] {processor.py:161} INFO - Started process (PID=100) to work on /home/airflow/.local/lib/python3.11/site-packages/airflow/example_dags/example_branch_datetime_operator.py
[2024-10-27T19:13:21.458+0000] {processor.py:830} INFO - Processing file /home/airflow/.local/lib/python3.11/site-packages/airflow/example_dags/example_branch_datetime_operator.py for tasks to queue
[2024-10-27T19:13:21.459+0000] {logging_mixin.py:188} INFO - [2024-10-27T19:13:21.459+0000] {dagbag.py:538} INFO - Filling up the DagBag from /home/airflow/.local/lib/python3.11/site-packages/airflow/example_dags/example_branch_datetime_operator.py
[2024-10-27T19:13:21.467+0000] {processor.py:840} INFO - DAG(s) 'example_branch_datetime_operator_3', 'example_branch_datetime_operator_2', 'example_branch_datetime_operator' retrieved from /home/airflow/.local/lib/python3.11/site-packages/airflow/example_dags/example_branch_datetime_operator.py
[2024-10-27T19:13:21.572+0000] {logging_mixin.py:188} INFO - [2024-10-27T19:13:21.571+0000] {dag.py:3036} INFO - Sync 3 DAGs
[2024-10-27T19:13:21.587+0000] {logging_mixin.py:188} INFO - [2024-10-27T19:13:21.587+0000] {dag.py:3823} INFO - Setting next_dagrun for example_branch_datetime_operator to 2024-10-26 00:00:00+00:00, run_after=2024-10-27 00:00:00+00:00
[2024-10-27T19:13:21.592+0000] {logging_mixin.py:188} INFO - [2024-10-27T19:13:21.592+0000] {dag.py:3823} INFO - Setting next_dagrun for example_branch_datetime_operator_2 to 2024-10-26 00:00:00+00:00, run_after=2024-10-27 00:00:00+00:00
[2024-10-27T19:13:21.595+0000] {logging_mixin.py:188} INFO - [2024-10-27T19:13:21.594+0000] {dag.py:3823} INFO - Setting next_dagrun for example_branch_datetime_operator_3 to 2024-10-26 00:00:00+00:00, run_after=2024-10-27 00:00:00+00:00
[2024-10-27T19:13:21.610+0000] {processor.py:183} INFO - Processing /home/airflow/.local/lib/python3.11/site-packages/airflow/example_dags/example_branch_datetime_operator.py took 0.156 seconds
[2024-10-27T19:14:05.214+0000] {processor.py:161} INFO - Started process (PID=158) to work on /home/airflow/.local/lib/python3.11/site-packages/airflow/example_dags/example_branch_datetime_operator.py
[2024-10-27T19:14:05.215+0000] {processor.py:830} INFO - Processing file /home/airflow/.local/lib/python3.11/site-packages/airflow/example_dags/example_branch_datetime_operator.py for tasks to queue
[2024-10-27T19:14:05.218+0000] {logging_mixin.py:188} INFO - [2024-10-27T19:14:05.218+0000] {dagbag.py:538} INFO - Filling up the DagBag from /home/airflow/.local/lib/python3.11/site-packages/airflow/example_dags/example_branch_datetime_operator.py
[2024-10-27T19:14:05.229+0000] {processor.py:840} INFO - DAG(s) 'example_branch_datetime_operator_3', 'example_branch_datetime_operator_2', 'example_branch_datetime_operator' retrieved from /home/airflow/.local/lib/python3.11/site-packages/airflow/example_dags/example_branch_datetime_operator.py
[2024-10-27T19:14:05.254+0000] {logging_mixin.py:188} INFO - [2024-10-27T19:14:05.254+0000] {dag.py:3036} INFO - Sync 3 DAGs
[2024-10-27T19:14:05.274+0000] {logging_mixin.py:188} INFO - [2024-10-27T19:14:05.274+0000] {dag.py:3823} INFO - Setting next_dagrun for example_branch_datetime_operator to 2024-10-26 00:00:00+00:00, run_after=2024-10-27 00:00:00+00:00
[2024-10-27T19:14:05.279+0000] {logging_mixin.py:188} INFO - [2024-10-27T19:14:05.279+0000] {dag.py:3823} INFO - Setting next_dagrun for example_branch_datetime_operator_2 to 2024-10-26 00:00:00+00:00, run_after=2024-10-27 00:00:00+00:00
[2024-10-27T19:14:05.282+0000] {logging_mixin.py:188} INFO - [2024-10-27T19:14:05.281+0000] {dag.py:3823} INFO - Setting next_dagrun for example_branch_datetime_operator_3 to 2024-10-26 00:00:00+00:00, run_after=2024-10-27 00:00:00+00:00
[2024-10-27T19:14:06.327+0000] {processor.py:183} INFO - Processing /home/airflow/.local/lib/python3.11/site-packages/airflow/example_dags/example_branch_datetime_operator.py took 1.115 seconds
[2024-10-27T19:14:41.865+0000] {processor.py:161} INFO - Started process (PID=216) to work on /home/airflow/.local/lib/python3.11/site-packages/airflow/example_dags/example_branch_datetime_operator.py
[2024-10-27T19:14:41.865+0000] {processor.py:830} INFO - Processing file /home/airflow/.local/lib/python3.11/site-packages/airflow/example_dags/example_branch_datetime_operator.py for tasks to queue
[2024-10-27T19:14:41.867+0000] {logging_mixin.py:188} INFO - [2024-10-27T19:14:41.866+0000] {dagbag.py:538} INFO - Filling up the DagBag from /home/airflow/.local/lib/python3.11/site-packages/airflow/example_dags/example_branch_datetime_operator.py
[2024-10-27T19:14:41.873+0000] {processor.py:840} INFO - DAG(s) 'example_branch_datetime_operator', 'example_branch_datetime_operator_2', 'example_branch_datetime_operator_3' retrieved from /home/airflow/.local/lib/python3.11/site-packages/airflow/example_dags/example_branch_datetime_operator.py
[2024-10-27T19:14:41.893+0000] {logging_mixin.py:188} INFO - [2024-10-27T19:14:41.892+0000] {dag.py:3036} INFO - Sync 3 DAGs
[2024-10-27T19:14:41.909+0000] {logging_mixin.py:188} INFO - [2024-10-27T19:14:41.909+0000] {dag.py:3823} INFO - Setting next_dagrun for example_branch_datetime_operator to 2024-10-26 00:00:00+00:00, run_after=2024-10-27 00:00:00+00:00
[2024-10-27T19:14:41.912+0000] {logging_mixin.py:188} INFO - [2024-10-27T19:14:41.912+0000] {dag.py:3823} INFO - Setting next_dagrun for example_branch_datetime_operator_2 to 2024-10-26 00:00:00+00:00, run_after=2024-10-27 00:00:00+00:00
[2024-10-27T19:14:41.914+0000] {logging_mixin.py:188} INFO - [2024-10-27T19:14:41.914+0000] {dag.py:3823} INFO - Setting next_dagrun for example_branch_datetime_operator_3 to 2024-10-26 00:00:00+00:00, run_after=2024-10-27 00:00:00+00:00
[2024-10-27T19:14:43.481+0000] {processor.py:183} INFO - Processing /home/airflow/.local/lib/python3.11/site-packages/airflow/example_dags/example_branch_datetime_operator.py took 1.618 seconds
[2024-10-27T19:15:13.765+0000] {processor.py:161} INFO - Started process (PID=274) to work on /home/airflow/.local/lib/python3.11/site-packages/airflow/example_dags/example_branch_datetime_operator.py
[2024-10-27T19:15:13.767+0000] {processor.py:830} INFO - Processing file /home/airflow/.local/lib/python3.11/site-packages/airflow/example_dags/example_branch_datetime_operator.py for tasks to queue
[2024-10-27T19:15:13.769+0000] {logging_mixin.py:188} INFO - [2024-10-27T19:15:13.769+0000] {dagbag.py:538} INFO - Filling up the DagBag from /home/airflow/.local/lib/python3.11/site-packages/airflow/example_dags/example_branch_datetime_operator.py
[2024-10-27T19:15:13.778+0000] {processor.py:840} INFO - DAG(s) 'example_branch_datetime_operator_3', 'example_branch_datetime_operator_2', 'example_branch_datetime_operator' retrieved from /home/airflow/.local/lib/python3.11/site-packages/airflow/example_dags/example_branch_datetime_operator.py
[2024-10-27T19:15:13.810+0000] {logging_mixin.py:188} INFO - [2024-10-27T19:15:13.810+0000] {dag.py:3036} INFO - Sync 3 DAGs
[2024-10-27T19:15:13.839+0000] {logging_mixin.py:188} INFO - [2024-10-27T19:15:13.838+0000] {dag.py:3823} INFO - Setting next_dagrun for example_branch_datetime_operator to 2024-10-26 00:00:00+00:00, run_after=2024-10-27 00:00:00+00:00
[2024-10-27T19:15:13.846+0000] {logging_mixin.py:188} INFO - [2024-10-27T19:15:13.846+0000] {dag.py:3823} INFO - Setting next_dagrun for example_branch_datetime_operator_2 to 2024-10-26 00:00:00+00:00, run_after=2024-10-27 00:00:00+00:00
[2024-10-27T19:15:13.852+0000] {logging_mixin.py:188} INFO - [2024-10-27T19:15:13.851+0000] {dag.py:3823} INFO - Setting next_dagrun for example_branch_datetime_operator_3 to 2024-10-26 00:00:00+00:00, run_after=2024-10-27 00:00:00+00:00
[2024-10-27T19:15:13.870+0000] {processor.py:183} INFO - Processing /home/airflow/.local/lib/python3.11/site-packages/airflow/example_dags/example_branch_datetime_operator.py took 0.108 seconds
[2024-10-27T19:15:44.069+0000] {processor.py:161} INFO - Started process (PID=332) to work on /home/airflow/.local/lib/python3.11/site-packages/airflow/example_dags/example_branch_datetime_operator.py
[2024-10-27T19:15:44.070+0000] {processor.py:830} INFO - Processing file /home/airflow/.local/lib/python3.11/site-packages/airflow/example_dags/example_branch_datetime_operator.py for tasks to queue
[2024-10-27T19:15:44.071+0000] {logging_mixin.py:188} INFO - [2024-10-27T19:15:44.071+0000] {dagbag.py:538} INFO - Filling up the DagBag from /home/airflow/.local/lib/python3.11/site-packages/airflow/example_dags/example_branch_datetime_operator.py
[2024-10-27T19:15:44.078+0000] {processor.py:840} INFO - DAG(s) 'example_branch_datetime_operator_2', 'example_branch_datetime_operator_3', 'example_branch_datetime_operator' retrieved from /home/airflow/.local/lib/python3.11/site-packages/airflow/example_dags/example_branch_datetime_operator.py
[2024-10-27T19:15:44.099+0000] {logging_mixin.py:188} INFO - [2024-10-27T19:15:44.099+0000] {dag.py:3036} INFO - Sync 3 DAGs
[2024-10-27T19:15:44.118+0000] {logging_mixin.py:188} INFO - [2024-10-27T19:15:44.118+0000] {dag.py:3823} INFO - Setting next_dagrun for example_branch_datetime_operator to 2024-10-26 00:00:00+00:00, run_after=2024-10-27 00:00:00+00:00
[2024-10-27T19:15:44.123+0000] {logging_mixin.py:188} INFO - [2024-10-27T19:15:44.123+0000] {dag.py:3823} INFO - Setting next_dagrun for example_branch_datetime_operator_2 to 2024-10-26 00:00:00+00:00, run_after=2024-10-27 00:00:00+00:00
[2024-10-27T19:15:44.125+0000] {logging_mixin.py:188} INFO - [2024-10-27T19:15:44.125+0000] {dag.py:3823} INFO - Setting next_dagrun for example_branch_datetime_operator_3 to 2024-10-26 00:00:00+00:00, run_after=2024-10-27 00:00:00+00:00
[2024-10-27T19:15:44.140+0000] {processor.py:183} INFO - Processing /home/airflow/.local/lib/python3.11/site-packages/airflow/example_dags/example_branch_datetime_operator.py took 0.073 seconds
