[2024-10-27T18:56:03.201+0000] {processor.py:161} INFO - Started process (PID=215) to work on /home/airflow/.local/lib/python3.8/site-packages/airflow/example_dags/example_kubernetes_executor.py
[2024-10-27T18:56:03.202+0000] {processor.py:830} INFO - Processing file /home/airflow/.local/lib/python3.8/site-packages/airflow/example_dags/example_kubernetes_executor.py for tasks to queue
[2024-10-27T18:56:03.204+0000] {logging_mixin.py:188} INFO - [2024-10-27T18:56:03.203+0000] {dagbag.py:538} INFO - Filling up the DagBag from /home/airflow/.local/lib/python3.8/site-packages/airflow/example_dags/example_kubernetes_executor.py
[2024-10-27T18:56:03.216+0000] {processor.py:840} INFO - DAG(s) 'example_kubernetes_executor' retrieved from /home/airflow/.local/lib/python3.8/site-packages/airflow/example_dags/example_kubernetes_executor.py
[2024-10-27T18:56:03.318+0000] {logging_mixin.py:188} INFO - [2024-10-27T18:56:03.318+0000] {override.py:1769} INFO - Created Permission View: can delete on DAG:example_kubernetes_executor
[2024-10-27T18:56:03.331+0000] {logging_mixin.py:188} INFO - [2024-10-27T18:56:03.330+0000] {override.py:1769} INFO - Created Permission View: can read on DAG:example_kubernetes_executor
[2024-10-27T18:56:03.337+0000] {logging_mixin.py:188} INFO - [2024-10-27T18:56:03.337+0000] {override.py:1769} INFO - Created Permission View: can edit on DAG:example_kubernetes_executor
[2024-10-27T18:56:03.338+0000] {logging_mixin.py:188} INFO - [2024-10-27T18:56:03.338+0000] {dag.py:3036} INFO - Sync 1 DAGs
[2024-10-27T18:56:03.349+0000] {logging_mixin.py:188} INFO - [2024-10-27T18:56:03.349+0000] {dag.py:3058} INFO - Creating ORM DAG for example_kubernetes_executor
[2024-10-27T18:56:03.350+0000] {logging_mixin.py:188} INFO - [2024-10-27T18:56:03.350+0000] {dag.py:3823} INFO - Setting next_dagrun for example_kubernetes_executor to None, run_after=None
[2024-10-27T18:56:03.365+0000] {processor.py:183} INFO - Processing /home/airflow/.local/lib/python3.8/site-packages/airflow/example_dags/example_kubernetes_executor.py took 0.166 seconds
[2024-10-27T18:56:37.955+0000] {processor.py:161} INFO - Started process (PID=87) to work on /home/airflow/.local/lib/python3.8/site-packages/airflow/example_dags/example_kubernetes_executor.py
[2024-10-27T18:56:37.956+0000] {processor.py:830} INFO - Processing file /home/airflow/.local/lib/python3.8/site-packages/airflow/example_dags/example_kubernetes_executor.py for tasks to queue
[2024-10-27T18:56:37.958+0000] {logging_mixin.py:188} INFO - [2024-10-27T18:56:37.958+0000] {dagbag.py:538} INFO - Filling up the DagBag from /home/airflow/.local/lib/python3.8/site-packages/airflow/example_dags/example_kubernetes_executor.py
[2024-10-27T18:56:37.967+0000] {processor.py:840} INFO - DAG(s) 'example_kubernetes_executor' retrieved from /home/airflow/.local/lib/python3.8/site-packages/airflow/example_dags/example_kubernetes_executor.py
[2024-10-27T18:56:37.994+0000] {logging_mixin.py:188} INFO - [2024-10-27T18:56:37.994+0000] {dag.py:3036} INFO - Sync 1 DAGs
[2024-10-27T18:56:38.005+0000] {logging_mixin.py:188} INFO - [2024-10-27T18:56:38.005+0000] {dag.py:3823} INFO - Setting next_dagrun for example_kubernetes_executor to None, run_after=None
[2024-10-27T18:56:38.020+0000] {processor.py:183} INFO - Processing /home/airflow/.local/lib/python3.8/site-packages/airflow/example_dags/example_kubernetes_executor.py took 0.068 seconds
[2024-10-27T18:57:08.442+0000] {processor.py:161} INFO - Started process (PID=143) to work on /home/airflow/.local/lib/python3.8/site-packages/airflow/example_dags/example_kubernetes_executor.py
[2024-10-27T18:57:08.443+0000] {processor.py:830} INFO - Processing file /home/airflow/.local/lib/python3.8/site-packages/airflow/example_dags/example_kubernetes_executor.py for tasks to queue
[2024-10-27T18:57:08.444+0000] {logging_mixin.py:188} INFO - [2024-10-27T18:57:08.444+0000] {dagbag.py:538} INFO - Filling up the DagBag from /home/airflow/.local/lib/python3.8/site-packages/airflow/example_dags/example_kubernetes_executor.py
[2024-10-27T18:57:08.453+0000] {processor.py:840} INFO - DAG(s) 'example_kubernetes_executor' retrieved from /home/airflow/.local/lib/python3.8/site-packages/airflow/example_dags/example_kubernetes_executor.py
[2024-10-27T18:57:08.482+0000] {logging_mixin.py:188} INFO - [2024-10-27T18:57:08.482+0000] {dag.py:3036} INFO - Sync 1 DAGs
[2024-10-27T18:57:08.492+0000] {logging_mixin.py:188} INFO - [2024-10-27T18:57:08.491+0000] {dag.py:3823} INFO - Setting next_dagrun for example_kubernetes_executor to None, run_after=None
[2024-10-27T18:57:08.506+0000] {processor.py:183} INFO - Processing /home/airflow/.local/lib/python3.8/site-packages/airflow/example_dags/example_kubernetes_executor.py took 0.066 seconds
[2024-10-27T18:57:38.789+0000] {processor.py:161} INFO - Started process (PID=199) to work on /home/airflow/.local/lib/python3.8/site-packages/airflow/example_dags/example_kubernetes_executor.py
[2024-10-27T18:57:38.790+0000] {processor.py:830} INFO - Processing file /home/airflow/.local/lib/python3.8/site-packages/airflow/example_dags/example_kubernetes_executor.py for tasks to queue
[2024-10-27T18:57:38.791+0000] {logging_mixin.py:188} INFO - [2024-10-27T18:57:38.791+0000] {dagbag.py:538} INFO - Filling up the DagBag from /home/airflow/.local/lib/python3.8/site-packages/airflow/example_dags/example_kubernetes_executor.py
[2024-10-27T18:57:38.800+0000] {processor.py:840} INFO - DAG(s) 'example_kubernetes_executor' retrieved from /home/airflow/.local/lib/python3.8/site-packages/airflow/example_dags/example_kubernetes_executor.py
[2024-10-27T18:57:38.827+0000] {logging_mixin.py:188} INFO - [2024-10-27T18:57:38.827+0000] {dag.py:3036} INFO - Sync 1 DAGs
[2024-10-27T18:57:38.839+0000] {logging_mixin.py:188} INFO - [2024-10-27T18:57:38.839+0000] {dag.py:3823} INFO - Setting next_dagrun for example_kubernetes_executor to None, run_after=None
[2024-10-27T18:57:38.855+0000] {processor.py:183} INFO - Processing /home/airflow/.local/lib/python3.8/site-packages/airflow/example_dags/example_kubernetes_executor.py took 0.068 seconds
[2024-10-27T18:58:09.302+0000] {processor.py:161} INFO - Started process (PID=255) to work on /home/airflow/.local/lib/python3.8/site-packages/airflow/example_dags/example_kubernetes_executor.py
[2024-10-27T18:58:09.303+0000] {processor.py:830} INFO - Processing file /home/airflow/.local/lib/python3.8/site-packages/airflow/example_dags/example_kubernetes_executor.py for tasks to queue
[2024-10-27T18:58:09.304+0000] {logging_mixin.py:188} INFO - [2024-10-27T18:58:09.304+0000] {dagbag.py:538} INFO - Filling up the DagBag from /home/airflow/.local/lib/python3.8/site-packages/airflow/example_dags/example_kubernetes_executor.py
[2024-10-27T18:58:09.314+0000] {processor.py:840} INFO - DAG(s) 'example_kubernetes_executor' retrieved from /home/airflow/.local/lib/python3.8/site-packages/airflow/example_dags/example_kubernetes_executor.py
[2024-10-27T18:58:09.342+0000] {logging_mixin.py:188} INFO - [2024-10-27T18:58:09.342+0000] {dag.py:3036} INFO - Sync 1 DAGs
[2024-10-27T18:58:09.352+0000] {logging_mixin.py:188} INFO - [2024-10-27T18:58:09.352+0000] {dag.py:3823} INFO - Setting next_dagrun for example_kubernetes_executor to None, run_after=None
[2024-10-27T18:58:09.368+0000] {processor.py:183} INFO - Processing /home/airflow/.local/lib/python3.8/site-packages/airflow/example_dags/example_kubernetes_executor.py took 0.069 seconds
[2024-10-27T18:58:39.890+0000] {processor.py:161} INFO - Started process (PID=311) to work on /home/airflow/.local/lib/python3.8/site-packages/airflow/example_dags/example_kubernetes_executor.py
[2024-10-27T18:58:39.891+0000] {processor.py:830} INFO - Processing file /home/airflow/.local/lib/python3.8/site-packages/airflow/example_dags/example_kubernetes_executor.py for tasks to queue
[2024-10-27T18:58:39.892+0000] {logging_mixin.py:188} INFO - [2024-10-27T18:58:39.892+0000] {dagbag.py:538} INFO - Filling up the DagBag from /home/airflow/.local/lib/python3.8/site-packages/airflow/example_dags/example_kubernetes_executor.py
[2024-10-27T18:58:39.903+0000] {processor.py:840} INFO - DAG(s) 'example_kubernetes_executor' retrieved from /home/airflow/.local/lib/python3.8/site-packages/airflow/example_dags/example_kubernetes_executor.py
[2024-10-27T18:58:39.933+0000] {logging_mixin.py:188} INFO - [2024-10-27T18:58:39.932+0000] {dag.py:3036} INFO - Sync 1 DAGs
[2024-10-27T18:58:39.942+0000] {logging_mixin.py:188} INFO - [2024-10-27T18:58:39.942+0000] {dag.py:3823} INFO - Setting next_dagrun for example_kubernetes_executor to None, run_after=None
[2024-10-27T18:58:39.961+0000] {processor.py:183} INFO - Processing /home/airflow/.local/lib/python3.8/site-packages/airflow/example_dags/example_kubernetes_executor.py took 0.074 seconds
[2024-10-27T18:59:10.023+0000] {processor.py:161} INFO - Started process (PID=368) to work on /home/airflow/.local/lib/python3.8/site-packages/airflow/example_dags/example_kubernetes_executor.py
[2024-10-27T18:59:10.023+0000] {processor.py:830} INFO - Processing file /home/airflow/.local/lib/python3.8/site-packages/airflow/example_dags/example_kubernetes_executor.py for tasks to queue
[2024-10-27T18:59:10.025+0000] {logging_mixin.py:188} INFO - [2024-10-27T18:59:10.024+0000] {dagbag.py:538} INFO - Filling up the DagBag from /home/airflow/.local/lib/python3.8/site-packages/airflow/example_dags/example_kubernetes_executor.py
[2024-10-27T18:59:10.035+0000] {processor.py:840} INFO - DAG(s) 'example_kubernetes_executor' retrieved from /home/airflow/.local/lib/python3.8/site-packages/airflow/example_dags/example_kubernetes_executor.py
[2024-10-27T18:59:10.067+0000] {logging_mixin.py:188} INFO - [2024-10-27T18:59:10.067+0000] {dag.py:3036} INFO - Sync 1 DAGs
[2024-10-27T18:59:10.078+0000] {logging_mixin.py:188} INFO - [2024-10-27T18:59:10.078+0000] {dag.py:3823} INFO - Setting next_dagrun for example_kubernetes_executor to None, run_after=None
[2024-10-27T18:59:10.097+0000] {processor.py:183} INFO - Processing /home/airflow/.local/lib/python3.8/site-packages/airflow/example_dags/example_kubernetes_executor.py took 0.077 seconds
[2024-10-27T18:59:40.341+0000] {processor.py:161} INFO - Started process (PID=424) to work on /home/airflow/.local/lib/python3.8/site-packages/airflow/example_dags/example_kubernetes_executor.py
[2024-10-27T18:59:40.341+0000] {processor.py:830} INFO - Processing file /home/airflow/.local/lib/python3.8/site-packages/airflow/example_dags/example_kubernetes_executor.py for tasks to queue
[2024-10-27T18:59:40.342+0000] {logging_mixin.py:188} INFO - [2024-10-27T18:59:40.342+0000] {dagbag.py:538} INFO - Filling up the DagBag from /home/airflow/.local/lib/python3.8/site-packages/airflow/example_dags/example_kubernetes_executor.py
[2024-10-27T18:59:40.353+0000] {processor.py:840} INFO - DAG(s) 'example_kubernetes_executor' retrieved from /home/airflow/.local/lib/python3.8/site-packages/airflow/example_dags/example_kubernetes_executor.py
[2024-10-27T18:59:40.380+0000] {logging_mixin.py:188} INFO - [2024-10-27T18:59:40.380+0000] {dag.py:3036} INFO - Sync 1 DAGs
[2024-10-27T18:59:40.390+0000] {logging_mixin.py:188} INFO - [2024-10-27T18:59:40.389+0000] {dag.py:3823} INFO - Setting next_dagrun for example_kubernetes_executor to None, run_after=None
[2024-10-27T18:59:40.404+0000] {processor.py:183} INFO - Processing /home/airflow/.local/lib/python3.8/site-packages/airflow/example_dags/example_kubernetes_executor.py took 0.066 seconds
[2024-10-27T19:00:10.541+0000] {processor.py:161} INFO - Started process (PID=479) to work on /home/airflow/.local/lib/python3.8/site-packages/airflow/example_dags/example_kubernetes_executor.py
[2024-10-27T19:00:10.542+0000] {processor.py:830} INFO - Processing file /home/airflow/.local/lib/python3.8/site-packages/airflow/example_dags/example_kubernetes_executor.py for tasks to queue
[2024-10-27T19:00:10.543+0000] {logging_mixin.py:188} INFO - [2024-10-27T19:00:10.543+0000] {dagbag.py:538} INFO - Filling up the DagBag from /home/airflow/.local/lib/python3.8/site-packages/airflow/example_dags/example_kubernetes_executor.py
[2024-10-27T19:00:10.552+0000] {processor.py:840} INFO - DAG(s) 'example_kubernetes_executor' retrieved from /home/airflow/.local/lib/python3.8/site-packages/airflow/example_dags/example_kubernetes_executor.py
[2024-10-27T19:00:10.578+0000] {logging_mixin.py:188} INFO - [2024-10-27T19:00:10.578+0000] {dag.py:3036} INFO - Sync 1 DAGs
[2024-10-27T19:00:10.587+0000] {logging_mixin.py:188} INFO - [2024-10-27T19:00:10.587+0000] {dag.py:3823} INFO - Setting next_dagrun for example_kubernetes_executor to None, run_after=None
[2024-10-27T19:00:10.600+0000] {processor.py:183} INFO - Processing /home/airflow/.local/lib/python3.8/site-packages/airflow/example_dags/example_kubernetes_executor.py took 0.061 seconds
[2024-10-27T19:00:40.758+0000] {processor.py:161} INFO - Started process (PID=535) to work on /home/airflow/.local/lib/python3.8/site-packages/airflow/example_dags/example_kubernetes_executor.py
[2024-10-27T19:00:40.758+0000] {processor.py:830} INFO - Processing file /home/airflow/.local/lib/python3.8/site-packages/airflow/example_dags/example_kubernetes_executor.py for tasks to queue
[2024-10-27T19:00:40.759+0000] {logging_mixin.py:188} INFO - [2024-10-27T19:00:40.759+0000] {dagbag.py:538} INFO - Filling up the DagBag from /home/airflow/.local/lib/python3.8/site-packages/airflow/example_dags/example_kubernetes_executor.py
[2024-10-27T19:00:40.770+0000] {processor.py:840} INFO - DAG(s) 'example_kubernetes_executor' retrieved from /home/airflow/.local/lib/python3.8/site-packages/airflow/example_dags/example_kubernetes_executor.py
[2024-10-27T19:00:40.800+0000] {logging_mixin.py:188} INFO - [2024-10-27T19:00:40.799+0000] {dag.py:3036} INFO - Sync 1 DAGs
[2024-10-27T19:00:40.811+0000] {logging_mixin.py:188} INFO - [2024-10-27T19:00:40.810+0000] {dag.py:3823} INFO - Setting next_dagrun for example_kubernetes_executor to None, run_after=None
[2024-10-27T19:00:40.827+0000] {processor.py:183} INFO - Processing /home/airflow/.local/lib/python3.8/site-packages/airflow/example_dags/example_kubernetes_executor.py took 0.071 seconds
[2024-10-27T19:01:11.049+0000] {processor.py:161} INFO - Started process (PID=591) to work on /home/airflow/.local/lib/python3.8/site-packages/airflow/example_dags/example_kubernetes_executor.py
[2024-10-27T19:01:11.050+0000] {processor.py:830} INFO - Processing file /home/airflow/.local/lib/python3.8/site-packages/airflow/example_dags/example_kubernetes_executor.py for tasks to queue
[2024-10-27T19:01:11.051+0000] {logging_mixin.py:188} INFO - [2024-10-27T19:01:11.051+0000] {dagbag.py:538} INFO - Filling up the DagBag from /home/airflow/.local/lib/python3.8/site-packages/airflow/example_dags/example_kubernetes_executor.py
[2024-10-27T19:01:11.064+0000] {processor.py:840} INFO - DAG(s) 'example_kubernetes_executor' retrieved from /home/airflow/.local/lib/python3.8/site-packages/airflow/example_dags/example_kubernetes_executor.py
[2024-10-27T19:01:11.093+0000] {logging_mixin.py:188} INFO - [2024-10-27T19:01:11.093+0000] {dag.py:3036} INFO - Sync 1 DAGs
[2024-10-27T19:01:11.103+0000] {logging_mixin.py:188} INFO - [2024-10-27T19:01:11.103+0000] {dag.py:3823} INFO - Setting next_dagrun for example_kubernetes_executor to None, run_after=None
[2024-10-27T19:01:11.118+0000] {processor.py:183} INFO - Processing /home/airflow/.local/lib/python3.8/site-packages/airflow/example_dags/example_kubernetes_executor.py took 0.073 seconds
[2024-10-27T19:01:41.444+0000] {processor.py:161} INFO - Started process (PID=647) to work on /home/airflow/.local/lib/python3.8/site-packages/airflow/example_dags/example_kubernetes_executor.py
[2024-10-27T19:01:41.444+0000] {processor.py:830} INFO - Processing file /home/airflow/.local/lib/python3.8/site-packages/airflow/example_dags/example_kubernetes_executor.py for tasks to queue
[2024-10-27T19:01:41.446+0000] {logging_mixin.py:188} INFO - [2024-10-27T19:01:41.445+0000] {dagbag.py:538} INFO - Filling up the DagBag from /home/airflow/.local/lib/python3.8/site-packages/airflow/example_dags/example_kubernetes_executor.py
[2024-10-27T19:01:41.455+0000] {processor.py:840} INFO - DAG(s) 'example_kubernetes_executor' retrieved from /home/airflow/.local/lib/python3.8/site-packages/airflow/example_dags/example_kubernetes_executor.py
[2024-10-27T19:01:41.485+0000] {logging_mixin.py:188} INFO - [2024-10-27T19:01:41.485+0000] {dag.py:3036} INFO - Sync 1 DAGs
[2024-10-27T19:01:41.495+0000] {logging_mixin.py:188} INFO - [2024-10-27T19:01:41.495+0000] {dag.py:3823} INFO - Setting next_dagrun for example_kubernetes_executor to None, run_after=None
[2024-10-27T19:01:41.511+0000] {processor.py:183} INFO - Processing /home/airflow/.local/lib/python3.8/site-packages/airflow/example_dags/example_kubernetes_executor.py took 0.070 seconds
[2024-10-27T19:02:11.625+0000] {processor.py:161} INFO - Started process (PID=703) to work on /home/airflow/.local/lib/python3.8/site-packages/airflow/example_dags/example_kubernetes_executor.py
[2024-10-27T19:02:11.626+0000] {processor.py:830} INFO - Processing file /home/airflow/.local/lib/python3.8/site-packages/airflow/example_dags/example_kubernetes_executor.py for tasks to queue
[2024-10-27T19:02:11.627+0000] {logging_mixin.py:188} INFO - [2024-10-27T19:02:11.627+0000] {dagbag.py:538} INFO - Filling up the DagBag from /home/airflow/.local/lib/python3.8/site-packages/airflow/example_dags/example_kubernetes_executor.py
[2024-10-27T19:02:11.638+0000] {processor.py:840} INFO - DAG(s) 'example_kubernetes_executor' retrieved from /home/airflow/.local/lib/python3.8/site-packages/airflow/example_dags/example_kubernetes_executor.py
[2024-10-27T19:02:11.667+0000] {logging_mixin.py:188} INFO - [2024-10-27T19:02:11.667+0000] {dag.py:3036} INFO - Sync 1 DAGs
[2024-10-27T19:02:11.677+0000] {logging_mixin.py:188} INFO - [2024-10-27T19:02:11.677+0000] {dag.py:3823} INFO - Setting next_dagrun for example_kubernetes_executor to None, run_after=None
[2024-10-27T19:02:11.694+0000] {processor.py:183} INFO - Processing /home/airflow/.local/lib/python3.8/site-packages/airflow/example_dags/example_kubernetes_executor.py took 0.072 seconds
[2024-10-27T19:02:41.885+0000] {processor.py:161} INFO - Started process (PID=759) to work on /home/airflow/.local/lib/python3.8/site-packages/airflow/example_dags/example_kubernetes_executor.py
[2024-10-27T19:02:41.886+0000] {processor.py:830} INFO - Processing file /home/airflow/.local/lib/python3.8/site-packages/airflow/example_dags/example_kubernetes_executor.py for tasks to queue
[2024-10-27T19:02:41.887+0000] {logging_mixin.py:188} INFO - [2024-10-27T19:02:41.887+0000] {dagbag.py:538} INFO - Filling up the DagBag from /home/airflow/.local/lib/python3.8/site-packages/airflow/example_dags/example_kubernetes_executor.py
[2024-10-27T19:02:41.900+0000] {processor.py:840} INFO - DAG(s) 'example_kubernetes_executor' retrieved from /home/airflow/.local/lib/python3.8/site-packages/airflow/example_dags/example_kubernetes_executor.py
[2024-10-27T19:02:41.940+0000] {logging_mixin.py:188} INFO - [2024-10-27T19:02:41.939+0000] {dag.py:3036} INFO - Sync 1 DAGs
[2024-10-27T19:02:41.951+0000] {logging_mixin.py:188} INFO - [2024-10-27T19:02:41.950+0000] {dag.py:3823} INFO - Setting next_dagrun for example_kubernetes_executor to None, run_after=None
[2024-10-27T19:02:41.969+0000] {processor.py:183} INFO - Processing /home/airflow/.local/lib/python3.8/site-packages/airflow/example_dags/example_kubernetes_executor.py took 0.087 seconds
[2024-10-27T19:03:12.138+0000] {processor.py:161} INFO - Started process (PID=815) to work on /home/airflow/.local/lib/python3.8/site-packages/airflow/example_dags/example_kubernetes_executor.py
[2024-10-27T19:03:12.138+0000] {processor.py:830} INFO - Processing file /home/airflow/.local/lib/python3.8/site-packages/airflow/example_dags/example_kubernetes_executor.py for tasks to queue
[2024-10-27T19:03:12.140+0000] {logging_mixin.py:188} INFO - [2024-10-27T19:03:12.140+0000] {dagbag.py:538} INFO - Filling up the DagBag from /home/airflow/.local/lib/python3.8/site-packages/airflow/example_dags/example_kubernetes_executor.py
[2024-10-27T19:03:12.150+0000] {processor.py:840} INFO - DAG(s) 'example_kubernetes_executor' retrieved from /home/airflow/.local/lib/python3.8/site-packages/airflow/example_dags/example_kubernetes_executor.py
[2024-10-27T19:03:12.177+0000] {logging_mixin.py:188} INFO - [2024-10-27T19:03:12.176+0000] {dag.py:3036} INFO - Sync 1 DAGs
[2024-10-27T19:03:12.186+0000] {logging_mixin.py:188} INFO - [2024-10-27T19:03:12.186+0000] {dag.py:3823} INFO - Setting next_dagrun for example_kubernetes_executor to None, run_after=None
[2024-10-27T19:03:12.201+0000] {processor.py:183} INFO - Processing /home/airflow/.local/lib/python3.8/site-packages/airflow/example_dags/example_kubernetes_executor.py took 0.066 seconds
[2024-10-27T19:03:42.527+0000] {processor.py:161} INFO - Started process (PID=871) to work on /home/airflow/.local/lib/python3.8/site-packages/airflow/example_dags/example_kubernetes_executor.py
[2024-10-27T19:03:42.528+0000] {processor.py:830} INFO - Processing file /home/airflow/.local/lib/python3.8/site-packages/airflow/example_dags/example_kubernetes_executor.py for tasks to queue
[2024-10-27T19:03:42.529+0000] {logging_mixin.py:188} INFO - [2024-10-27T19:03:42.529+0000] {dagbag.py:538} INFO - Filling up the DagBag from /home/airflow/.local/lib/python3.8/site-packages/airflow/example_dags/example_kubernetes_executor.py
[2024-10-27T19:03:42.540+0000] {processor.py:840} INFO - DAG(s) 'example_kubernetes_executor' retrieved from /home/airflow/.local/lib/python3.8/site-packages/airflow/example_dags/example_kubernetes_executor.py
[2024-10-27T19:03:42.577+0000] {logging_mixin.py:188} INFO - [2024-10-27T19:03:42.577+0000] {dag.py:3036} INFO - Sync 1 DAGs
[2024-10-27T19:03:42.588+0000] {logging_mixin.py:188} INFO - [2024-10-27T19:03:42.588+0000] {dag.py:3823} INFO - Setting next_dagrun for example_kubernetes_executor to None, run_after=None
[2024-10-27T19:03:42.609+0000] {processor.py:183} INFO - Processing /home/airflow/.local/lib/python3.8/site-packages/airflow/example_dags/example_kubernetes_executor.py took 0.085 seconds
[2024-10-27T19:04:12.829+0000] {processor.py:161} INFO - Started process (PID=927) to work on /home/airflow/.local/lib/python3.8/site-packages/airflow/example_dags/example_kubernetes_executor.py
[2024-10-27T19:04:12.830+0000] {processor.py:830} INFO - Processing file /home/airflow/.local/lib/python3.8/site-packages/airflow/example_dags/example_kubernetes_executor.py for tasks to queue
[2024-10-27T19:04:12.831+0000] {logging_mixin.py:188} INFO - [2024-10-27T19:04:12.831+0000] {dagbag.py:538} INFO - Filling up the DagBag from /home/airflow/.local/lib/python3.8/site-packages/airflow/example_dags/example_kubernetes_executor.py
[2024-10-27T19:04:12.843+0000] {processor.py:840} INFO - DAG(s) 'example_kubernetes_executor' retrieved from /home/airflow/.local/lib/python3.8/site-packages/airflow/example_dags/example_kubernetes_executor.py
[2024-10-27T19:04:12.876+0000] {logging_mixin.py:188} INFO - [2024-10-27T19:04:12.876+0000] {dag.py:3036} INFO - Sync 1 DAGs
[2024-10-27T19:04:12.887+0000] {logging_mixin.py:188} INFO - [2024-10-27T19:04:12.887+0000] {dag.py:3823} INFO - Setting next_dagrun for example_kubernetes_executor to None, run_after=None
[2024-10-27T19:04:12.911+0000] {processor.py:183} INFO - Processing /home/airflow/.local/lib/python3.8/site-packages/airflow/example_dags/example_kubernetes_executor.py took 0.085 seconds
[2024-10-27T19:04:43.557+0000] {processor.py:161} INFO - Started process (PID=983) to work on /home/airflow/.local/lib/python3.8/site-packages/airflow/example_dags/example_kubernetes_executor.py
[2024-10-27T19:04:43.558+0000] {processor.py:830} INFO - Processing file /home/airflow/.local/lib/python3.8/site-packages/airflow/example_dags/example_kubernetes_executor.py for tasks to queue
[2024-10-27T19:04:43.559+0000] {logging_mixin.py:188} INFO - [2024-10-27T19:04:43.559+0000] {dagbag.py:538} INFO - Filling up the DagBag from /home/airflow/.local/lib/python3.8/site-packages/airflow/example_dags/example_kubernetes_executor.py
[2024-10-27T19:04:43.569+0000] {processor.py:840} INFO - DAG(s) 'example_kubernetes_executor' retrieved from /home/airflow/.local/lib/python3.8/site-packages/airflow/example_dags/example_kubernetes_executor.py
[2024-10-27T19:04:43.596+0000] {logging_mixin.py:188} INFO - [2024-10-27T19:04:43.596+0000] {dag.py:3036} INFO - Sync 1 DAGs
[2024-10-27T19:04:43.605+0000] {logging_mixin.py:188} INFO - [2024-10-27T19:04:43.605+0000] {dag.py:3823} INFO - Setting next_dagrun for example_kubernetes_executor to None, run_after=None
[2024-10-27T19:04:43.620+0000] {processor.py:183} INFO - Processing /home/airflow/.local/lib/python3.8/site-packages/airflow/example_dags/example_kubernetes_executor.py took 0.065 seconds
[2024-10-27T19:05:13.972+0000] {processor.py:161} INFO - Started process (PID=1039) to work on /home/airflow/.local/lib/python3.8/site-packages/airflow/example_dags/example_kubernetes_executor.py
[2024-10-27T19:05:13.973+0000] {processor.py:830} INFO - Processing file /home/airflow/.local/lib/python3.8/site-packages/airflow/example_dags/example_kubernetes_executor.py for tasks to queue
[2024-10-27T19:05:13.975+0000] {logging_mixin.py:188} INFO - [2024-10-27T19:05:13.975+0000] {dagbag.py:538} INFO - Filling up the DagBag from /home/airflow/.local/lib/python3.8/site-packages/airflow/example_dags/example_kubernetes_executor.py
[2024-10-27T19:05:13.985+0000] {processor.py:840} INFO - DAG(s) 'example_kubernetes_executor' retrieved from /home/airflow/.local/lib/python3.8/site-packages/airflow/example_dags/example_kubernetes_executor.py
[2024-10-27T19:05:14.023+0000] {logging_mixin.py:188} INFO - [2024-10-27T19:05:14.023+0000] {dag.py:3036} INFO - Sync 1 DAGs
[2024-10-27T19:05:14.035+0000] {logging_mixin.py:188} INFO - [2024-10-27T19:05:14.035+0000] {dag.py:3823} INFO - Setting next_dagrun for example_kubernetes_executor to None, run_after=None
[2024-10-27T19:05:14.057+0000] {processor.py:183} INFO - Processing /home/airflow/.local/lib/python3.8/site-packages/airflow/example_dags/example_kubernetes_executor.py took 0.086 seconds
[2024-10-27T19:13:21.167+0000] {processor.py:161} INFO - Started process (PID=96) to work on /home/airflow/.local/lib/python3.11/site-packages/airflow/example_dags/example_kubernetes_executor.py
[2024-10-27T19:13:21.168+0000] {processor.py:830} INFO - Processing file /home/airflow/.local/lib/python3.11/site-packages/airflow/example_dags/example_kubernetes_executor.py for tasks to queue
[2024-10-27T19:13:21.169+0000] {logging_mixin.py:188} INFO - [2024-10-27T19:13:21.169+0000] {dagbag.py:538} INFO - Filling up the DagBag from /home/airflow/.local/lib/python3.11/site-packages/airflow/example_dags/example_kubernetes_executor.py
[2024-10-27T19:13:21.179+0000] {processor.py:840} INFO - DAG(s) 'example_kubernetes_executor' retrieved from /home/airflow/.local/lib/python3.11/site-packages/airflow/example_dags/example_kubernetes_executor.py
[2024-10-27T19:13:21.267+0000] {logging_mixin.py:188} INFO - [2024-10-27T19:13:21.266+0000] {dag.py:3036} INFO - Sync 1 DAGs
[2024-10-27T19:13:21.275+0000] {logging_mixin.py:188} INFO - [2024-10-27T19:13:21.275+0000] {dag.py:3823} INFO - Setting next_dagrun for example_kubernetes_executor to None, run_after=None
[2024-10-27T19:13:21.292+0000] {processor.py:183} INFO - Processing /home/airflow/.local/lib/python3.11/site-packages/airflow/example_dags/example_kubernetes_executor.py took 0.127 seconds
[2024-10-27T19:14:04.272+0000] {processor.py:161} INFO - Started process (PID=154) to work on /home/airflow/.local/lib/python3.11/site-packages/airflow/example_dags/example_kubernetes_executor.py
[2024-10-27T19:14:04.272+0000] {processor.py:830} INFO - Processing file /home/airflow/.local/lib/python3.11/site-packages/airflow/example_dags/example_kubernetes_executor.py for tasks to queue
[2024-10-27T19:14:04.273+0000] {logging_mixin.py:188} INFO - [2024-10-27T19:14:04.273+0000] {dagbag.py:538} INFO - Filling up the DagBag from /home/airflow/.local/lib/python3.11/site-packages/airflow/example_dags/example_kubernetes_executor.py
[2024-10-27T19:14:04.281+0000] {processor.py:840} INFO - DAG(s) 'example_kubernetes_executor' retrieved from /home/airflow/.local/lib/python3.11/site-packages/airflow/example_dags/example_kubernetes_executor.py
[2024-10-27T19:14:04.307+0000] {logging_mixin.py:188} INFO - [2024-10-27T19:14:04.307+0000] {dag.py:3036} INFO - Sync 1 DAGs
[2024-10-27T19:14:04.316+0000] {logging_mixin.py:188} INFO - [2024-10-27T19:14:04.316+0000] {dag.py:3823} INFO - Setting next_dagrun for example_kubernetes_executor to None, run_after=None
[2024-10-27T19:14:05.087+0000] {processor.py:183} INFO - Processing /home/airflow/.local/lib/python3.11/site-packages/airflow/example_dags/example_kubernetes_executor.py took 0.817 seconds
[2024-10-27T19:14:39.096+0000] {processor.py:161} INFO - Started process (PID=212) to work on /home/airflow/.local/lib/python3.11/site-packages/airflow/example_dags/example_kubernetes_executor.py
[2024-10-27T19:14:39.098+0000] {processor.py:830} INFO - Processing file /home/airflow/.local/lib/python3.11/site-packages/airflow/example_dags/example_kubernetes_executor.py for tasks to queue
[2024-10-27T19:14:39.102+0000] {logging_mixin.py:188} INFO - [2024-10-27T19:14:39.101+0000] {dagbag.py:538} INFO - Filling up the DagBag from /home/airflow/.local/lib/python3.11/site-packages/airflow/example_dags/example_kubernetes_executor.py
[2024-10-27T19:14:39.147+0000] {processor.py:840} INFO - DAG(s) 'example_kubernetes_executor' retrieved from /home/airflow/.local/lib/python3.11/site-packages/airflow/example_dags/example_kubernetes_executor.py
[2024-10-27T19:14:39.234+0000] {logging_mixin.py:188} INFO - [2024-10-27T19:14:39.234+0000] {dag.py:3036} INFO - Sync 1 DAGs
[2024-10-27T19:14:39.261+0000] {logging_mixin.py:188} INFO - [2024-10-27T19:14:39.260+0000] {dag.py:3823} INFO - Setting next_dagrun for example_kubernetes_executor to None, run_after=None
[2024-10-27T19:14:40.826+0000] {processor.py:183} INFO - Processing /home/airflow/.local/lib/python3.11/site-packages/airflow/example_dags/example_kubernetes_executor.py took 1.733 seconds
[2024-10-27T19:15:11.523+0000] {processor.py:161} INFO - Started process (PID=270) to work on /home/airflow/.local/lib/python3.11/site-packages/airflow/example_dags/example_kubernetes_executor.py
[2024-10-27T19:15:11.525+0000] {processor.py:830} INFO - Processing file /home/airflow/.local/lib/python3.11/site-packages/airflow/example_dags/example_kubernetes_executor.py for tasks to queue
[2024-10-27T19:15:11.531+0000] {logging_mixin.py:188} INFO - [2024-10-27T19:15:11.530+0000] {dagbag.py:538} INFO - Filling up the DagBag from /home/airflow/.local/lib/python3.11/site-packages/airflow/example_dags/example_kubernetes_executor.py
[2024-10-27T19:15:11.563+0000] {processor.py:840} INFO - DAG(s) 'example_kubernetes_executor' retrieved from /home/airflow/.local/lib/python3.11/site-packages/airflow/example_dags/example_kubernetes_executor.py
[2024-10-27T19:15:11.629+0000] {logging_mixin.py:188} INFO - [2024-10-27T19:15:11.628+0000] {dag.py:3036} INFO - Sync 1 DAGs
[2024-10-27T19:15:11.652+0000] {logging_mixin.py:188} INFO - [2024-10-27T19:15:11.652+0000] {dag.py:3823} INFO - Setting next_dagrun for example_kubernetes_executor to None, run_after=None
[2024-10-27T19:15:11.692+0000] {processor.py:183} INFO - Processing /home/airflow/.local/lib/python3.11/site-packages/airflow/example_dags/example_kubernetes_executor.py took 0.172 seconds
[2024-10-27T19:15:42.048+0000] {processor.py:161} INFO - Started process (PID=328) to work on /home/airflow/.local/lib/python3.11/site-packages/airflow/example_dags/example_kubernetes_executor.py
[2024-10-27T19:15:42.049+0000] {processor.py:830} INFO - Processing file /home/airflow/.local/lib/python3.11/site-packages/airflow/example_dags/example_kubernetes_executor.py for tasks to queue
[2024-10-27T19:15:42.050+0000] {logging_mixin.py:188} INFO - [2024-10-27T19:15:42.050+0000] {dagbag.py:538} INFO - Filling up the DagBag from /home/airflow/.local/lib/python3.11/site-packages/airflow/example_dags/example_kubernetes_executor.py
[2024-10-27T19:15:42.060+0000] {processor.py:840} INFO - DAG(s) 'example_kubernetes_executor' retrieved from /home/airflow/.local/lib/python3.11/site-packages/airflow/example_dags/example_kubernetes_executor.py
[2024-10-27T19:15:42.091+0000] {logging_mixin.py:188} INFO - [2024-10-27T19:15:42.091+0000] {dag.py:3036} INFO - Sync 1 DAGs
[2024-10-27T19:15:42.104+0000] {logging_mixin.py:188} INFO - [2024-10-27T19:15:42.104+0000] {dag.py:3823} INFO - Setting next_dagrun for example_kubernetes_executor to None, run_after=None
[2024-10-27T19:15:42.122+0000] {processor.py:183} INFO - Processing /home/airflow/.local/lib/python3.11/site-packages/airflow/example_dags/example_kubernetes_executor.py took 0.076 seconds
