[2024-10-27T18:56:02.187+0000] {processor.py:161} INFO - Started process (PID=204) to work on /home/airflow/.local/lib/python3.8/site-packages/airflow/example_dags/example_latest_only.py
[2024-10-27T18:56:02.188+0000] {processor.py:830} INFO - Processing file /home/airflow/.local/lib/python3.8/site-packages/airflow/example_dags/example_latest_only.py for tasks to queue
[2024-10-27T18:56:02.190+0000] {logging_mixin.py:188} INFO - [2024-10-27T18:56:02.189+0000] {dagbag.py:538} INFO - Filling up the DagBag from /home/airflow/.local/lib/python3.8/site-packages/airflow/example_dags/example_latest_only.py
[2024-10-27T18:56:02.194+0000] {processor.py:840} INFO - DAG(s) 'latest_only' retrieved from /home/airflow/.local/lib/python3.8/site-packages/airflow/example_dags/example_latest_only.py
[2024-10-27T18:56:02.286+0000] {logging_mixin.py:188} INFO - [2024-10-27T18:56:02.285+0000] {override.py:1769} INFO - Created Permission View: can delete on DAG:latest_only
[2024-10-27T18:56:02.297+0000] {logging_mixin.py:188} INFO - [2024-10-27T18:56:02.296+0000] {override.py:1769} INFO - Created Permission View: can read on DAG:latest_only
[2024-10-27T18:56:02.307+0000] {logging_mixin.py:188} INFO - [2024-10-27T18:56:02.307+0000] {override.py:1769} INFO - Created Permission View: can edit on DAG:latest_only
[2024-10-27T18:56:02.308+0000] {logging_mixin.py:188} INFO - [2024-10-27T18:56:02.308+0000] {dag.py:3036} INFO - Sync 1 DAGs
[2024-10-27T18:56:02.320+0000] {logging_mixin.py:188} INFO - [2024-10-27T18:56:02.320+0000] {dag.py:3058} INFO - Creating ORM DAG for latest_only
[2024-10-27T18:56:02.334+0000] {logging_mixin.py:188} INFO - [2024-10-27T18:56:02.334+0000] {dag.py:3823} INFO - Setting next_dagrun for latest_only to 2024-10-27 12:00:00+00:00, run_after=2024-10-27 16:00:00+00:00
[2024-10-27T18:56:02.350+0000] {processor.py:183} INFO - Processing /home/airflow/.local/lib/python3.8/site-packages/airflow/example_dags/example_latest_only.py took 0.165 seconds
[2024-10-27T18:56:37.241+0000] {processor.py:161} INFO - Started process (PID=70) to work on /home/airflow/.local/lib/python3.8/site-packages/airflow/example_dags/example_latest_only.py
[2024-10-27T18:56:37.242+0000] {processor.py:830} INFO - Processing file /home/airflow/.local/lib/python3.8/site-packages/airflow/example_dags/example_latest_only.py for tasks to queue
[2024-10-27T18:56:37.243+0000] {logging_mixin.py:188} INFO - [2024-10-27T18:56:37.243+0000] {dagbag.py:538} INFO - Filling up the DagBag from /home/airflow/.local/lib/python3.8/site-packages/airflow/example_dags/example_latest_only.py
[2024-10-27T18:56:37.247+0000] {processor.py:840} INFO - DAG(s) 'latest_only' retrieved from /home/airflow/.local/lib/python3.8/site-packages/airflow/example_dags/example_latest_only.py
[2024-10-27T18:56:37.263+0000] {logging_mixin.py:188} INFO - [2024-10-27T18:56:37.263+0000] {dag.py:3036} INFO - Sync 1 DAGs
[2024-10-27T18:56:37.281+0000] {logging_mixin.py:188} INFO - [2024-10-27T18:56:37.281+0000] {dag.py:3823} INFO - Setting next_dagrun for latest_only to 2024-10-27 12:00:00+00:00, run_after=2024-10-27 16:00:00+00:00
[2024-10-27T18:56:37.299+0000] {processor.py:183} INFO - Processing /home/airflow/.local/lib/python3.8/site-packages/airflow/example_dags/example_latest_only.py took 0.060 seconds
[2024-10-27T18:57:07.806+0000] {processor.py:161} INFO - Started process (PID=132) to work on /home/airflow/.local/lib/python3.8/site-packages/airflow/example_dags/example_latest_only.py
[2024-10-27T18:57:07.806+0000] {processor.py:830} INFO - Processing file /home/airflow/.local/lib/python3.8/site-packages/airflow/example_dags/example_latest_only.py for tasks to queue
[2024-10-27T18:57:07.808+0000] {logging_mixin.py:188} INFO - [2024-10-27T18:57:07.808+0000] {dagbag.py:538} INFO - Filling up the DagBag from /home/airflow/.local/lib/python3.8/site-packages/airflow/example_dags/example_latest_only.py
[2024-10-27T18:57:07.811+0000] {processor.py:840} INFO - DAG(s) 'latest_only' retrieved from /home/airflow/.local/lib/python3.8/site-packages/airflow/example_dags/example_latest_only.py
[2024-10-27T18:57:07.827+0000] {logging_mixin.py:188} INFO - [2024-10-27T18:57:07.826+0000] {dag.py:3036} INFO - Sync 1 DAGs
[2024-10-27T18:57:07.846+0000] {logging_mixin.py:188} INFO - [2024-10-27T18:57:07.845+0000] {dag.py:3823} INFO - Setting next_dagrun for latest_only to 2024-10-27 12:00:00+00:00, run_after=2024-10-27 16:00:00+00:00
[2024-10-27T18:57:07.869+0000] {processor.py:183} INFO - Processing /home/airflow/.local/lib/python3.8/site-packages/airflow/example_dags/example_latest_only.py took 0.065 seconds
[2024-10-27T18:57:38.171+0000] {processor.py:161} INFO - Started process (PID=188) to work on /home/airflow/.local/lib/python3.8/site-packages/airflow/example_dags/example_latest_only.py
[2024-10-27T18:57:38.172+0000] {processor.py:830} INFO - Processing file /home/airflow/.local/lib/python3.8/site-packages/airflow/example_dags/example_latest_only.py for tasks to queue
[2024-10-27T18:57:38.174+0000] {logging_mixin.py:188} INFO - [2024-10-27T18:57:38.173+0000] {dagbag.py:538} INFO - Filling up the DagBag from /home/airflow/.local/lib/python3.8/site-packages/airflow/example_dags/example_latest_only.py
[2024-10-27T18:57:38.177+0000] {processor.py:840} INFO - DAG(s) 'latest_only' retrieved from /home/airflow/.local/lib/python3.8/site-packages/airflow/example_dags/example_latest_only.py
[2024-10-27T18:57:38.195+0000] {logging_mixin.py:188} INFO - [2024-10-27T18:57:38.194+0000] {dag.py:3036} INFO - Sync 1 DAGs
[2024-10-27T18:57:38.215+0000] {logging_mixin.py:188} INFO - [2024-10-27T18:57:38.214+0000] {dag.py:3823} INFO - Setting next_dagrun for latest_only to 2024-10-27 12:00:00+00:00, run_after=2024-10-27 16:00:00+00:00
[2024-10-27T18:57:38.241+0000] {processor.py:183} INFO - Processing /home/airflow/.local/lib/python3.8/site-packages/airflow/example_dags/example_latest_only.py took 0.072 seconds
[2024-10-27T18:58:08.657+0000] {processor.py:161} INFO - Started process (PID=244) to work on /home/airflow/.local/lib/python3.8/site-packages/airflow/example_dags/example_latest_only.py
[2024-10-27T18:58:08.658+0000] {processor.py:830} INFO - Processing file /home/airflow/.local/lib/python3.8/site-packages/airflow/example_dags/example_latest_only.py for tasks to queue
[2024-10-27T18:58:08.659+0000] {logging_mixin.py:188} INFO - [2024-10-27T18:58:08.659+0000] {dagbag.py:538} INFO - Filling up the DagBag from /home/airflow/.local/lib/python3.8/site-packages/airflow/example_dags/example_latest_only.py
[2024-10-27T18:58:08.664+0000] {processor.py:840} INFO - DAG(s) 'latest_only' retrieved from /home/airflow/.local/lib/python3.8/site-packages/airflow/example_dags/example_latest_only.py
[2024-10-27T18:58:08.683+0000] {logging_mixin.py:188} INFO - [2024-10-27T18:58:08.682+0000] {dag.py:3036} INFO - Sync 1 DAGs
[2024-10-27T18:58:08.711+0000] {logging_mixin.py:188} INFO - [2024-10-27T18:58:08.711+0000] {dag.py:3823} INFO - Setting next_dagrun for latest_only to 2024-10-27 12:00:00+00:00, run_after=2024-10-27 16:00:00+00:00
[2024-10-27T18:58:08.732+0000] {processor.py:183} INFO - Processing /home/airflow/.local/lib/python3.8/site-packages/airflow/example_dags/example_latest_only.py took 0.078 seconds
[2024-10-27T18:58:39.321+0000] {processor.py:161} INFO - Started process (PID=300) to work on /home/airflow/.local/lib/python3.8/site-packages/airflow/example_dags/example_latest_only.py
[2024-10-27T18:58:39.322+0000] {processor.py:830} INFO - Processing file /home/airflow/.local/lib/python3.8/site-packages/airflow/example_dags/example_latest_only.py for tasks to queue
[2024-10-27T18:58:39.323+0000] {logging_mixin.py:188} INFO - [2024-10-27T18:58:39.323+0000] {dagbag.py:538} INFO - Filling up the DagBag from /home/airflow/.local/lib/python3.8/site-packages/airflow/example_dags/example_latest_only.py
[2024-10-27T18:58:39.327+0000] {processor.py:840} INFO - DAG(s) 'latest_only' retrieved from /home/airflow/.local/lib/python3.8/site-packages/airflow/example_dags/example_latest_only.py
[2024-10-27T18:58:39.345+0000] {logging_mixin.py:188} INFO - [2024-10-27T18:58:39.344+0000] {dag.py:3036} INFO - Sync 1 DAGs
[2024-10-27T18:58:39.367+0000] {logging_mixin.py:188} INFO - [2024-10-27T18:58:39.367+0000] {dag.py:3823} INFO - Setting next_dagrun for latest_only to 2024-10-27 12:00:00+00:00, run_after=2024-10-27 16:00:00+00:00
[2024-10-27T18:58:39.387+0000] {processor.py:183} INFO - Processing /home/airflow/.local/lib/python3.8/site-packages/airflow/example_dags/example_latest_only.py took 0.068 seconds
[2024-10-27T18:59:09.482+0000] {processor.py:161} INFO - Started process (PID=357) to work on /home/airflow/.local/lib/python3.8/site-packages/airflow/example_dags/example_latest_only.py
[2024-10-27T18:59:09.483+0000] {processor.py:830} INFO - Processing file /home/airflow/.local/lib/python3.8/site-packages/airflow/example_dags/example_latest_only.py for tasks to queue
[2024-10-27T18:59:09.484+0000] {logging_mixin.py:188} INFO - [2024-10-27T18:59:09.484+0000] {dagbag.py:538} INFO - Filling up the DagBag from /home/airflow/.local/lib/python3.8/site-packages/airflow/example_dags/example_latest_only.py
[2024-10-27T18:59:09.487+0000] {processor.py:840} INFO - DAG(s) 'latest_only' retrieved from /home/airflow/.local/lib/python3.8/site-packages/airflow/example_dags/example_latest_only.py
[2024-10-27T18:59:09.501+0000] {logging_mixin.py:188} INFO - [2024-10-27T18:59:09.501+0000] {dag.py:3036} INFO - Sync 1 DAGs
[2024-10-27T18:59:09.518+0000] {logging_mixin.py:188} INFO - [2024-10-27T18:59:09.517+0000] {dag.py:3823} INFO - Setting next_dagrun for latest_only to 2024-10-27 12:00:00+00:00, run_after=2024-10-27 16:00:00+00:00
[2024-10-27T18:59:09.533+0000] {processor.py:183} INFO - Processing /home/airflow/.local/lib/python3.8/site-packages/airflow/example_dags/example_latest_only.py took 0.053 seconds
[2024-10-27T18:59:39.861+0000] {processor.py:161} INFO - Started process (PID=413) to work on /home/airflow/.local/lib/python3.8/site-packages/airflow/example_dags/example_latest_only.py
[2024-10-27T18:59:39.862+0000] {processor.py:830} INFO - Processing file /home/airflow/.local/lib/python3.8/site-packages/airflow/example_dags/example_latest_only.py for tasks to queue
[2024-10-27T18:59:39.863+0000] {logging_mixin.py:188} INFO - [2024-10-27T18:59:39.863+0000] {dagbag.py:538} INFO - Filling up the DagBag from /home/airflow/.local/lib/python3.8/site-packages/airflow/example_dags/example_latest_only.py
[2024-10-27T18:59:39.868+0000] {processor.py:840} INFO - DAG(s) 'latest_only' retrieved from /home/airflow/.local/lib/python3.8/site-packages/airflow/example_dags/example_latest_only.py
[2024-10-27T18:59:39.885+0000] {logging_mixin.py:188} INFO - [2024-10-27T18:59:39.885+0000] {dag.py:3036} INFO - Sync 1 DAGs
[2024-10-27T18:59:39.905+0000] {logging_mixin.py:188} INFO - [2024-10-27T18:59:39.905+0000] {dag.py:3823} INFO - Setting next_dagrun for latest_only to 2024-10-27 12:00:00+00:00, run_after=2024-10-27 16:00:00+00:00
[2024-10-27T18:59:39.923+0000] {processor.py:183} INFO - Processing /home/airflow/.local/lib/python3.8/site-packages/airflow/example_dags/example_latest_only.py took 0.064 seconds
[2024-10-27T19:00:10.091+0000] {processor.py:161} INFO - Started process (PID=469) to work on /home/airflow/.local/lib/python3.8/site-packages/airflow/example_dags/example_latest_only.py
[2024-10-27T19:00:10.092+0000] {processor.py:830} INFO - Processing file /home/airflow/.local/lib/python3.8/site-packages/airflow/example_dags/example_latest_only.py for tasks to queue
[2024-10-27T19:00:10.093+0000] {logging_mixin.py:188} INFO - [2024-10-27T19:00:10.093+0000] {dagbag.py:538} INFO - Filling up the DagBag from /home/airflow/.local/lib/python3.8/site-packages/airflow/example_dags/example_latest_only.py
[2024-10-27T19:00:10.097+0000] {processor.py:840} INFO - DAG(s) 'latest_only' retrieved from /home/airflow/.local/lib/python3.8/site-packages/airflow/example_dags/example_latest_only.py
[2024-10-27T19:00:10.114+0000] {logging_mixin.py:188} INFO - [2024-10-27T19:00:10.113+0000] {dag.py:3036} INFO - Sync 1 DAGs
[2024-10-27T19:00:10.134+0000] {logging_mixin.py:188} INFO - [2024-10-27T19:00:10.134+0000] {dag.py:3823} INFO - Setting next_dagrun for latest_only to 2024-10-27 12:00:00+00:00, run_after=2024-10-27 16:00:00+00:00
[2024-10-27T19:00:10.151+0000] {processor.py:183} INFO - Processing /home/airflow/.local/lib/python3.8/site-packages/airflow/example_dags/example_latest_only.py took 0.064 seconds
[2024-10-27T19:00:40.295+0000] {processor.py:161} INFO - Started process (PID=525) to work on /home/airflow/.local/lib/python3.8/site-packages/airflow/example_dags/example_latest_only.py
[2024-10-27T19:00:40.296+0000] {processor.py:830} INFO - Processing file /home/airflow/.local/lib/python3.8/site-packages/airflow/example_dags/example_latest_only.py for tasks to queue
[2024-10-27T19:00:40.298+0000] {logging_mixin.py:188} INFO - [2024-10-27T19:00:40.297+0000] {dagbag.py:538} INFO - Filling up the DagBag from /home/airflow/.local/lib/python3.8/site-packages/airflow/example_dags/example_latest_only.py
[2024-10-27T19:00:40.301+0000] {processor.py:840} INFO - DAG(s) 'latest_only' retrieved from /home/airflow/.local/lib/python3.8/site-packages/airflow/example_dags/example_latest_only.py
[2024-10-27T19:00:40.317+0000] {logging_mixin.py:188} INFO - [2024-10-27T19:00:40.316+0000] {dag.py:3036} INFO - Sync 1 DAGs
[2024-10-27T19:00:40.334+0000] {logging_mixin.py:188} INFO - [2024-10-27T19:00:40.334+0000] {dag.py:3823} INFO - Setting next_dagrun for latest_only to 2024-10-27 12:00:00+00:00, run_after=2024-10-27 16:00:00+00:00
[2024-10-27T19:00:40.350+0000] {processor.py:183} INFO - Processing /home/airflow/.local/lib/python3.8/site-packages/airflow/example_dags/example_latest_only.py took 0.057 seconds
[2024-10-27T19:01:10.589+0000] {processor.py:161} INFO - Started process (PID=581) to work on /home/airflow/.local/lib/python3.8/site-packages/airflow/example_dags/example_latest_only.py
[2024-10-27T19:01:10.590+0000] {processor.py:830} INFO - Processing file /home/airflow/.local/lib/python3.8/site-packages/airflow/example_dags/example_latest_only.py for tasks to queue
[2024-10-27T19:01:10.591+0000] {logging_mixin.py:188} INFO - [2024-10-27T19:01:10.591+0000] {dagbag.py:538} INFO - Filling up the DagBag from /home/airflow/.local/lib/python3.8/site-packages/airflow/example_dags/example_latest_only.py
[2024-10-27T19:01:10.594+0000] {processor.py:840} INFO - DAG(s) 'latest_only' retrieved from /home/airflow/.local/lib/python3.8/site-packages/airflow/example_dags/example_latest_only.py
[2024-10-27T19:01:10.610+0000] {logging_mixin.py:188} INFO - [2024-10-27T19:01:10.610+0000] {dag.py:3036} INFO - Sync 1 DAGs
[2024-10-27T19:01:10.627+0000] {logging_mixin.py:188} INFO - [2024-10-27T19:01:10.626+0000] {dag.py:3823} INFO - Setting next_dagrun for latest_only to 2024-10-27 12:00:00+00:00, run_after=2024-10-27 16:00:00+00:00
[2024-10-27T19:01:10.643+0000] {processor.py:183} INFO - Processing /home/airflow/.local/lib/python3.8/site-packages/airflow/example_dags/example_latest_only.py took 0.057 seconds
[2024-10-27T19:01:40.888+0000] {processor.py:161} INFO - Started process (PID=637) to work on /home/airflow/.local/lib/python3.8/site-packages/airflow/example_dags/example_latest_only.py
[2024-10-27T19:01:40.889+0000] {processor.py:830} INFO - Processing file /home/airflow/.local/lib/python3.8/site-packages/airflow/example_dags/example_latest_only.py for tasks to queue
[2024-10-27T19:01:40.890+0000] {logging_mixin.py:188} INFO - [2024-10-27T19:01:40.890+0000] {dagbag.py:538} INFO - Filling up the DagBag from /home/airflow/.local/lib/python3.8/site-packages/airflow/example_dags/example_latest_only.py
[2024-10-27T19:01:40.894+0000] {processor.py:840} INFO - DAG(s) 'latest_only' retrieved from /home/airflow/.local/lib/python3.8/site-packages/airflow/example_dags/example_latest_only.py
[2024-10-27T19:01:40.909+0000] {logging_mixin.py:188} INFO - [2024-10-27T19:01:40.908+0000] {dag.py:3036} INFO - Sync 1 DAGs
[2024-10-27T19:01:40.925+0000] {logging_mixin.py:188} INFO - [2024-10-27T19:01:40.925+0000] {dag.py:3823} INFO - Setting next_dagrun for latest_only to 2024-10-27 12:00:00+00:00, run_after=2024-10-27 16:00:00+00:00
[2024-10-27T19:01:40.940+0000] {processor.py:183} INFO - Processing /home/airflow/.local/lib/python3.8/site-packages/airflow/example_dags/example_latest_only.py took 0.054 seconds
[2024-10-27T19:02:11.216+0000] {processor.py:161} INFO - Started process (PID=693) to work on /home/airflow/.local/lib/python3.8/site-packages/airflow/example_dags/example_latest_only.py
[2024-10-27T19:02:11.217+0000] {processor.py:830} INFO - Processing file /home/airflow/.local/lib/python3.8/site-packages/airflow/example_dags/example_latest_only.py for tasks to queue
[2024-10-27T19:02:11.219+0000] {logging_mixin.py:188} INFO - [2024-10-27T19:02:11.218+0000] {dagbag.py:538} INFO - Filling up the DagBag from /home/airflow/.local/lib/python3.8/site-packages/airflow/example_dags/example_latest_only.py
[2024-10-27T19:02:11.223+0000] {processor.py:840} INFO - DAG(s) 'latest_only' retrieved from /home/airflow/.local/lib/python3.8/site-packages/airflow/example_dags/example_latest_only.py
[2024-10-27T19:02:11.241+0000] {logging_mixin.py:188} INFO - [2024-10-27T19:02:11.241+0000] {dag.py:3036} INFO - Sync 1 DAGs
[2024-10-27T19:02:11.266+0000] {logging_mixin.py:188} INFO - [2024-10-27T19:02:11.265+0000] {dag.py:3823} INFO - Setting next_dagrun for latest_only to 2024-10-27 12:00:00+00:00, run_after=2024-10-27 16:00:00+00:00
[2024-10-27T19:02:11.286+0000] {processor.py:183} INFO - Processing /home/airflow/.local/lib/python3.8/site-packages/airflow/example_dags/example_latest_only.py took 0.073 seconds
[2024-10-27T19:02:41.510+0000] {processor.py:161} INFO - Started process (PID=749) to work on /home/airflow/.local/lib/python3.8/site-packages/airflow/example_dags/example_latest_only.py
[2024-10-27T19:02:41.510+0000] {processor.py:830} INFO - Processing file /home/airflow/.local/lib/python3.8/site-packages/airflow/example_dags/example_latest_only.py for tasks to queue
[2024-10-27T19:02:41.512+0000] {logging_mixin.py:188} INFO - [2024-10-27T19:02:41.512+0000] {dagbag.py:538} INFO - Filling up the DagBag from /home/airflow/.local/lib/python3.8/site-packages/airflow/example_dags/example_latest_only.py
[2024-10-27T19:02:41.516+0000] {processor.py:840} INFO - DAG(s) 'latest_only' retrieved from /home/airflow/.local/lib/python3.8/site-packages/airflow/example_dags/example_latest_only.py
[2024-10-27T19:02:41.531+0000] {logging_mixin.py:188} INFO - [2024-10-27T19:02:41.531+0000] {dag.py:3036} INFO - Sync 1 DAGs
[2024-10-27T19:02:41.550+0000] {logging_mixin.py:188} INFO - [2024-10-27T19:02:41.550+0000] {dag.py:3823} INFO - Setting next_dagrun for latest_only to 2024-10-27 12:00:00+00:00, run_after=2024-10-27 16:00:00+00:00
[2024-10-27T19:02:41.565+0000] {processor.py:183} INFO - Processing /home/airflow/.local/lib/python3.8/site-packages/airflow/example_dags/example_latest_only.py took 0.058 seconds
[2024-10-27T19:03:11.668+0000] {processor.py:161} INFO - Started process (PID=805) to work on /home/airflow/.local/lib/python3.8/site-packages/airflow/example_dags/example_latest_only.py
[2024-10-27T19:03:11.669+0000] {processor.py:830} INFO - Processing file /home/airflow/.local/lib/python3.8/site-packages/airflow/example_dags/example_latest_only.py for tasks to queue
[2024-10-27T19:03:11.670+0000] {logging_mixin.py:188} INFO - [2024-10-27T19:03:11.670+0000] {dagbag.py:538} INFO - Filling up the DagBag from /home/airflow/.local/lib/python3.8/site-packages/airflow/example_dags/example_latest_only.py
[2024-10-27T19:03:11.673+0000] {processor.py:840} INFO - DAG(s) 'latest_only' retrieved from /home/airflow/.local/lib/python3.8/site-packages/airflow/example_dags/example_latest_only.py
[2024-10-27T19:03:11.690+0000] {logging_mixin.py:188} INFO - [2024-10-27T19:03:11.689+0000] {dag.py:3036} INFO - Sync 1 DAGs
[2024-10-27T19:03:11.712+0000] {logging_mixin.py:188} INFO - [2024-10-27T19:03:11.712+0000] {dag.py:3823} INFO - Setting next_dagrun for latest_only to 2024-10-27 12:00:00+00:00, run_after=2024-10-27 16:00:00+00:00
[2024-10-27T19:03:11.729+0000] {processor.py:183} INFO - Processing /home/airflow/.local/lib/python3.8/site-packages/airflow/example_dags/example_latest_only.py took 0.064 seconds
[2024-10-27T19:03:42.027+0000] {processor.py:161} INFO - Started process (PID=861) to work on /home/airflow/.local/lib/python3.8/site-packages/airflow/example_dags/example_latest_only.py
[2024-10-27T19:03:42.028+0000] {processor.py:830} INFO - Processing file /home/airflow/.local/lib/python3.8/site-packages/airflow/example_dags/example_latest_only.py for tasks to queue
[2024-10-27T19:03:42.029+0000] {logging_mixin.py:188} INFO - [2024-10-27T19:03:42.029+0000] {dagbag.py:538} INFO - Filling up the DagBag from /home/airflow/.local/lib/python3.8/site-packages/airflow/example_dags/example_latest_only.py
[2024-10-27T19:03:42.033+0000] {processor.py:840} INFO - DAG(s) 'latest_only' retrieved from /home/airflow/.local/lib/python3.8/site-packages/airflow/example_dags/example_latest_only.py
[2024-10-27T19:03:42.048+0000] {logging_mixin.py:188} INFO - [2024-10-27T19:03:42.048+0000] {dag.py:3036} INFO - Sync 1 DAGs
[2024-10-27T19:03:42.068+0000] {logging_mixin.py:188} INFO - [2024-10-27T19:03:42.068+0000] {dag.py:3823} INFO - Setting next_dagrun for latest_only to 2024-10-27 12:00:00+00:00, run_after=2024-10-27 16:00:00+00:00
[2024-10-27T19:03:42.086+0000] {processor.py:183} INFO - Processing /home/airflow/.local/lib/python3.8/site-packages/airflow/example_dags/example_latest_only.py took 0.062 seconds
[2024-10-27T19:04:12.256+0000] {processor.py:161} INFO - Started process (PID=917) to work on /home/airflow/.local/lib/python3.8/site-packages/airflow/example_dags/example_latest_only.py
[2024-10-27T19:04:12.257+0000] {processor.py:830} INFO - Processing file /home/airflow/.local/lib/python3.8/site-packages/airflow/example_dags/example_latest_only.py for tasks to queue
[2024-10-27T19:04:12.258+0000] {logging_mixin.py:188} INFO - [2024-10-27T19:04:12.258+0000] {dagbag.py:538} INFO - Filling up the DagBag from /home/airflow/.local/lib/python3.8/site-packages/airflow/example_dags/example_latest_only.py
[2024-10-27T19:04:12.262+0000] {processor.py:840} INFO - DAG(s) 'latest_only' retrieved from /home/airflow/.local/lib/python3.8/site-packages/airflow/example_dags/example_latest_only.py
[2024-10-27T19:04:12.277+0000] {logging_mixin.py:188} INFO - [2024-10-27T19:04:12.277+0000] {dag.py:3036} INFO - Sync 1 DAGs
[2024-10-27T19:04:12.293+0000] {logging_mixin.py:188} INFO - [2024-10-27T19:04:12.293+0000] {dag.py:3823} INFO - Setting next_dagrun for latest_only to 2024-10-27 12:00:00+00:00, run_after=2024-10-27 16:00:00+00:00
[2024-10-27T19:04:12.310+0000] {processor.py:183} INFO - Processing /home/airflow/.local/lib/python3.8/site-packages/airflow/example_dags/example_latest_only.py took 0.056 seconds
[2024-10-27T19:04:42.989+0000] {processor.py:161} INFO - Started process (PID=973) to work on /home/airflow/.local/lib/python3.8/site-packages/airflow/example_dags/example_latest_only.py
[2024-10-27T19:04:42.990+0000] {processor.py:830} INFO - Processing file /home/airflow/.local/lib/python3.8/site-packages/airflow/example_dags/example_latest_only.py for tasks to queue
[2024-10-27T19:04:42.991+0000] {logging_mixin.py:188} INFO - [2024-10-27T19:04:42.991+0000] {dagbag.py:538} INFO - Filling up the DagBag from /home/airflow/.local/lib/python3.8/site-packages/airflow/example_dags/example_latest_only.py
[2024-10-27T19:04:42.994+0000] {processor.py:840} INFO - DAG(s) 'latest_only' retrieved from /home/airflow/.local/lib/python3.8/site-packages/airflow/example_dags/example_latest_only.py
[2024-10-27T19:04:43.010+0000] {logging_mixin.py:188} INFO - [2024-10-27T19:04:43.010+0000] {dag.py:3036} INFO - Sync 1 DAGs
[2024-10-27T19:04:43.027+0000] {logging_mixin.py:188} INFO - [2024-10-27T19:04:43.027+0000] {dag.py:3823} INFO - Setting next_dagrun for latest_only to 2024-10-27 12:00:00+00:00, run_after=2024-10-27 16:00:00+00:00
[2024-10-27T19:04:43.043+0000] {processor.py:183} INFO - Processing /home/airflow/.local/lib/python3.8/site-packages/airflow/example_dags/example_latest_only.py took 0.057 seconds
[2024-10-27T19:05:13.558+0000] {processor.py:161} INFO - Started process (PID=1029) to work on /home/airflow/.local/lib/python3.8/site-packages/airflow/example_dags/example_latest_only.py
[2024-10-27T19:05:13.559+0000] {processor.py:830} INFO - Processing file /home/airflow/.local/lib/python3.8/site-packages/airflow/example_dags/example_latest_only.py for tasks to queue
[2024-10-27T19:05:13.561+0000] {logging_mixin.py:188} INFO - [2024-10-27T19:05:13.560+0000] {dagbag.py:538} INFO - Filling up the DagBag from /home/airflow/.local/lib/python3.8/site-packages/airflow/example_dags/example_latest_only.py
[2024-10-27T19:05:13.565+0000] {processor.py:840} INFO - DAG(s) 'latest_only' retrieved from /home/airflow/.local/lib/python3.8/site-packages/airflow/example_dags/example_latest_only.py
[2024-10-27T19:05:13.581+0000] {logging_mixin.py:188} INFO - [2024-10-27T19:05:13.580+0000] {dag.py:3036} INFO - Sync 1 DAGs
[2024-10-27T19:05:13.598+0000] {logging_mixin.py:188} INFO - [2024-10-27T19:05:13.598+0000] {dag.py:3823} INFO - Setting next_dagrun for latest_only to 2024-10-27 12:00:00+00:00, run_after=2024-10-27 16:00:00+00:00
[2024-10-27T19:05:13.615+0000] {processor.py:183} INFO - Processing /home/airflow/.local/lib/python3.8/site-packages/airflow/example_dags/example_latest_only.py took 0.059 seconds
[2024-10-27T19:13:20.294+0000] {processor.py:161} INFO - Started process (PID=85) to work on /home/airflow/.local/lib/python3.11/site-packages/airflow/example_dags/example_latest_only.py
[2024-10-27T19:13:20.295+0000] {processor.py:830} INFO - Processing file /home/airflow/.local/lib/python3.11/site-packages/airflow/example_dags/example_latest_only.py for tasks to queue
[2024-10-27T19:13:20.297+0000] {logging_mixin.py:188} INFO - [2024-10-27T19:13:20.297+0000] {dagbag.py:538} INFO - Filling up the DagBag from /home/airflow/.local/lib/python3.11/site-packages/airflow/example_dags/example_latest_only.py
[2024-10-27T19:13:20.301+0000] {processor.py:840} INFO - DAG(s) 'latest_only' retrieved from /home/airflow/.local/lib/python3.11/site-packages/airflow/example_dags/example_latest_only.py
[2024-10-27T19:13:20.392+0000] {logging_mixin.py:188} INFO - [2024-10-27T19:13:20.392+0000] {dag.py:3036} INFO - Sync 1 DAGs
[2024-10-27T19:13:20.410+0000] {logging_mixin.py:188} INFO - [2024-10-27T19:13:20.410+0000] {dag.py:3823} INFO - Setting next_dagrun for latest_only to 2024-10-27 12:00:00+00:00, run_after=2024-10-27 16:00:00+00:00
[2024-10-27T19:13:20.426+0000] {processor.py:183} INFO - Processing /home/airflow/.local/lib/python3.11/site-packages/airflow/example_dags/example_latest_only.py took 0.134 seconds
[2024-10-27T19:13:58.933+0000] {processor.py:161} INFO - Started process (PID=143) to work on /home/airflow/.local/lib/python3.11/site-packages/airflow/example_dags/example_latest_only.py
[2024-10-27T19:13:58.934+0000] {processor.py:830} INFO - Processing file /home/airflow/.local/lib/python3.11/site-packages/airflow/example_dags/example_latest_only.py for tasks to queue
[2024-10-27T19:13:58.936+0000] {logging_mixin.py:188} INFO - [2024-10-27T19:13:58.936+0000] {dagbag.py:538} INFO - Filling up the DagBag from /home/airflow/.local/lib/python3.11/site-packages/airflow/example_dags/example_latest_only.py
[2024-10-27T19:13:58.940+0000] {processor.py:840} INFO - DAG(s) 'latest_only' retrieved from /home/airflow/.local/lib/python3.11/site-packages/airflow/example_dags/example_latest_only.py
[2024-10-27T19:13:58.955+0000] {logging_mixin.py:188} INFO - [2024-10-27T19:13:58.955+0000] {dag.py:3036} INFO - Sync 1 DAGs
[2024-10-27T19:13:58.971+0000] {logging_mixin.py:188} INFO - [2024-10-27T19:13:58.970+0000] {dag.py:3823} INFO - Setting next_dagrun for latest_only to 2024-10-27 12:00:00+00:00, run_after=2024-10-27 16:00:00+00:00
[2024-10-27T19:14:01.711+0000] {processor.py:183} INFO - Processing /home/airflow/.local/lib/python3.11/site-packages/airflow/example_dags/example_latest_only.py took 2.780 seconds
[2024-10-27T19:14:31.995+0000] {processor.py:161} INFO - Started process (PID=201) to work on /home/airflow/.local/lib/python3.11/site-packages/airflow/example_dags/example_latest_only.py
[2024-10-27T19:14:31.996+0000] {processor.py:830} INFO - Processing file /home/airflow/.local/lib/python3.11/site-packages/airflow/example_dags/example_latest_only.py for tasks to queue
[2024-10-27T19:14:31.997+0000] {logging_mixin.py:188} INFO - [2024-10-27T19:14:31.997+0000] {dagbag.py:538} INFO - Filling up the DagBag from /home/airflow/.local/lib/python3.11/site-packages/airflow/example_dags/example_latest_only.py
[2024-10-27T19:14:32.001+0000] {processor.py:840} INFO - DAG(s) 'latest_only' retrieved from /home/airflow/.local/lib/python3.11/site-packages/airflow/example_dags/example_latest_only.py
[2024-10-27T19:14:32.018+0000] {logging_mixin.py:188} INFO - [2024-10-27T19:14:32.018+0000] {dag.py:3036} INFO - Sync 1 DAGs
[2024-10-27T19:14:32.040+0000] {logging_mixin.py:188} INFO - [2024-10-27T19:14:32.039+0000] {dag.py:3823} INFO - Setting next_dagrun for latest_only to 2024-10-27 12:00:00+00:00, run_after=2024-10-27 16:00:00+00:00
[2024-10-27T19:14:32.076+0000] {processor.py:183} INFO - Processing /home/airflow/.local/lib/python3.11/site-packages/airflow/example_dags/example_latest_only.py took 0.083 seconds
[2024-10-27T19:15:02.245+0000] {processor.py:161} INFO - Started process (PID=259) to work on /home/airflow/.local/lib/python3.11/site-packages/airflow/example_dags/example_latest_only.py
[2024-10-27T19:15:02.259+0000] {processor.py:830} INFO - Processing file /home/airflow/.local/lib/python3.11/site-packages/airflow/example_dags/example_latest_only.py for tasks to queue
[2024-10-27T19:15:02.261+0000] {logging_mixin.py:188} INFO - [2024-10-27T19:15:02.261+0000] {dagbag.py:538} INFO - Filling up the DagBag from /home/airflow/.local/lib/python3.11/site-packages/airflow/example_dags/example_latest_only.py
[2024-10-27T19:15:02.268+0000] {processor.py:840} INFO - DAG(s) 'latest_only' retrieved from /home/airflow/.local/lib/python3.11/site-packages/airflow/example_dags/example_latest_only.py
[2024-10-27T19:15:02.310+0000] {logging_mixin.py:188} INFO - [2024-10-27T19:15:02.309+0000] {dag.py:3036} INFO - Sync 1 DAGs
[2024-10-27T19:15:02.354+0000] {logging_mixin.py:188} INFO - [2024-10-27T19:15:02.353+0000] {dag.py:3823} INFO - Setting next_dagrun for latest_only to 2024-10-27 12:00:00+00:00, run_after=2024-10-27 16:00:00+00:00
[2024-10-27T19:15:02.399+0000] {processor.py:183} INFO - Processing /home/airflow/.local/lib/python3.11/site-packages/airflow/example_dags/example_latest_only.py took 0.157 seconds
[2024-10-27T19:15:32.521+0000] {processor.py:161} INFO - Started process (PID=317) to work on /home/airflow/.local/lib/python3.11/site-packages/airflow/example_dags/example_latest_only.py
[2024-10-27T19:15:32.522+0000] {processor.py:830} INFO - Processing file /home/airflow/.local/lib/python3.11/site-packages/airflow/example_dags/example_latest_only.py for tasks to queue
[2024-10-27T19:15:32.523+0000] {logging_mixin.py:188} INFO - [2024-10-27T19:15:32.523+0000] {dagbag.py:538} INFO - Filling up the DagBag from /home/airflow/.local/lib/python3.11/site-packages/airflow/example_dags/example_latest_only.py
[2024-10-27T19:15:32.526+0000] {processor.py:840} INFO - DAG(s) 'latest_only' retrieved from /home/airflow/.local/lib/python3.11/site-packages/airflow/example_dags/example_latest_only.py
[2024-10-27T19:15:32.542+0000] {logging_mixin.py:188} INFO - [2024-10-27T19:15:32.542+0000] {dag.py:3036} INFO - Sync 1 DAGs
[2024-10-27T19:15:32.560+0000] {logging_mixin.py:188} INFO - [2024-10-27T19:15:32.559+0000] {dag.py:3823} INFO - Setting next_dagrun for latest_only to 2024-10-27 12:00:00+00:00, run_after=2024-10-27 16:00:00+00:00
[2024-10-27T19:15:32.577+0000] {processor.py:183} INFO - Processing /home/airflow/.local/lib/python3.11/site-packages/airflow/example_dags/example_latest_only.py took 0.058 seconds
