[2024-10-27T18:56:01.321+0000] {processor.py:161} INFO - Started process (PID=195) to work on /home/airflow/.local/lib/python3.8/site-packages/airflow/example_dags/example_nested_branch_dag.py
[2024-10-27T18:56:01.322+0000] {processor.py:830} INFO - Processing file /home/airflow/.local/lib/python3.8/site-packages/airflow/example_dags/example_nested_branch_dag.py for tasks to queue
[2024-10-27T18:56:01.323+0000] {logging_mixin.py:188} INFO - [2024-10-27T18:56:01.323+0000] {dagbag.py:538} INFO - Filling up the DagBag from /home/airflow/.local/lib/python3.8/site-packages/airflow/example_dags/example_nested_branch_dag.py
[2024-10-27T18:56:01.332+0000] {processor.py:840} INFO - DAG(s) 'example_nested_branch_dag' retrieved from /home/airflow/.local/lib/python3.8/site-packages/airflow/example_dags/example_nested_branch_dag.py
[2024-10-27T18:56:01.421+0000] {logging_mixin.py:188} INFO - [2024-10-27T18:56:01.420+0000] {override.py:1769} INFO - Created Permission View: can delete on DAG:example_nested_branch_dag
[2024-10-27T18:56:01.430+0000] {logging_mixin.py:188} INFO - [2024-10-27T18:56:01.430+0000] {override.py:1769} INFO - Created Permission View: can read on DAG:example_nested_branch_dag
[2024-10-27T18:56:01.436+0000] {logging_mixin.py:188} INFO - [2024-10-27T18:56:01.436+0000] {override.py:1769} INFO - Created Permission View: can edit on DAG:example_nested_branch_dag
[2024-10-27T18:56:01.437+0000] {logging_mixin.py:188} INFO - [2024-10-27T18:56:01.436+0000] {dag.py:3036} INFO - Sync 1 DAGs
[2024-10-27T18:56:01.445+0000] {logging_mixin.py:188} INFO - [2024-10-27T18:56:01.445+0000] {dag.py:3058} INFO - Creating ORM DAG for example_nested_branch_dag
[2024-10-27T18:56:01.455+0000] {logging_mixin.py:188} INFO - [2024-10-27T18:56:01.454+0000] {dag.py:3823} INFO - Setting next_dagrun for example_nested_branch_dag to 2024-10-26 00:00:00+00:00, run_after=2024-10-27 00:00:00+00:00
[2024-10-27T18:56:01.471+0000] {processor.py:183} INFO - Processing /home/airflow/.local/lib/python3.8/site-packages/airflow/example_dags/example_nested_branch_dag.py took 0.152 seconds
[2024-10-27T18:56:36.774+0000] {processor.py:161} INFO - Started process (PID=61) to work on /home/airflow/.local/lib/python3.8/site-packages/airflow/example_dags/example_nested_branch_dag.py
[2024-10-27T18:56:36.775+0000] {processor.py:830} INFO - Processing file /home/airflow/.local/lib/python3.8/site-packages/airflow/example_dags/example_nested_branch_dag.py for tasks to queue
[2024-10-27T18:56:36.777+0000] {logging_mixin.py:188} INFO - [2024-10-27T18:56:36.777+0000] {dagbag.py:538} INFO - Filling up the DagBag from /home/airflow/.local/lib/python3.8/site-packages/airflow/example_dags/example_nested_branch_dag.py
[2024-10-27T18:56:36.787+0000] {processor.py:840} INFO - DAG(s) 'example_nested_branch_dag' retrieved from /home/airflow/.local/lib/python3.8/site-packages/airflow/example_dags/example_nested_branch_dag.py
[2024-10-27T18:56:36.806+0000] {logging_mixin.py:188} INFO - [2024-10-27T18:56:36.806+0000] {dag.py:3036} INFO - Sync 1 DAGs
[2024-10-27T18:56:36.832+0000] {logging_mixin.py:188} INFO - [2024-10-27T18:56:36.832+0000] {dag.py:3823} INFO - Setting next_dagrun for example_nested_branch_dag to 2024-10-26 00:00:00+00:00, run_after=2024-10-27 00:00:00+00:00
[2024-10-27T18:56:36.848+0000] {processor.py:183} INFO - Processing /home/airflow/.local/lib/python3.8/site-packages/airflow/example_dags/example_nested_branch_dag.py took 0.076 seconds
[2024-10-27T18:57:07.307+0000] {processor.py:161} INFO - Started process (PID=117) to work on /home/airflow/.local/lib/python3.8/site-packages/airflow/example_dags/example_nested_branch_dag.py
[2024-10-27T18:57:07.308+0000] {processor.py:830} INFO - Processing file /home/airflow/.local/lib/python3.8/site-packages/airflow/example_dags/example_nested_branch_dag.py for tasks to queue
[2024-10-27T18:57:07.310+0000] {logging_mixin.py:188} INFO - [2024-10-27T18:57:07.309+0000] {dagbag.py:538} INFO - Filling up the DagBag from /home/airflow/.local/lib/python3.8/site-packages/airflow/example_dags/example_nested_branch_dag.py
[2024-10-27T18:57:07.317+0000] {processor.py:840} INFO - DAG(s) 'example_nested_branch_dag' retrieved from /home/airflow/.local/lib/python3.8/site-packages/airflow/example_dags/example_nested_branch_dag.py
[2024-10-27T18:57:07.335+0000] {logging_mixin.py:188} INFO - [2024-10-27T18:57:07.335+0000] {dag.py:3036} INFO - Sync 1 DAGs
[2024-10-27T18:57:07.354+0000] {logging_mixin.py:188} INFO - [2024-10-27T18:57:07.354+0000] {dag.py:3823} INFO - Setting next_dagrun for example_nested_branch_dag to 2024-10-26 00:00:00+00:00, run_after=2024-10-27 00:00:00+00:00
[2024-10-27T18:57:07.371+0000] {processor.py:183} INFO - Processing /home/airflow/.local/lib/python3.8/site-packages/airflow/example_dags/example_nested_branch_dag.py took 0.066 seconds
[2024-10-27T18:57:37.778+0000] {processor.py:161} INFO - Started process (PID=179) to work on /home/airflow/.local/lib/python3.8/site-packages/airflow/example_dags/example_nested_branch_dag.py
[2024-10-27T18:57:37.779+0000] {processor.py:830} INFO - Processing file /home/airflow/.local/lib/python3.8/site-packages/airflow/example_dags/example_nested_branch_dag.py for tasks to queue
[2024-10-27T18:57:37.780+0000] {logging_mixin.py:188} INFO - [2024-10-27T18:57:37.780+0000] {dagbag.py:538} INFO - Filling up the DagBag from /home/airflow/.local/lib/python3.8/site-packages/airflow/example_dags/example_nested_branch_dag.py
[2024-10-27T18:57:37.788+0000] {processor.py:840} INFO - DAG(s) 'example_nested_branch_dag' retrieved from /home/airflow/.local/lib/python3.8/site-packages/airflow/example_dags/example_nested_branch_dag.py
[2024-10-27T18:57:37.807+0000] {logging_mixin.py:188} INFO - [2024-10-27T18:57:37.807+0000] {dag.py:3036} INFO - Sync 1 DAGs
[2024-10-27T18:57:37.826+0000] {logging_mixin.py:188} INFO - [2024-10-27T18:57:37.826+0000] {dag.py:3823} INFO - Setting next_dagrun for example_nested_branch_dag to 2024-10-26 00:00:00+00:00, run_after=2024-10-27 00:00:00+00:00
[2024-10-27T18:57:37.843+0000] {processor.py:183} INFO - Processing /home/airflow/.local/lib/python3.8/site-packages/airflow/example_dags/example_nested_branch_dag.py took 0.068 seconds
[2024-10-27T18:58:08.241+0000] {processor.py:161} INFO - Started process (PID=235) to work on /home/airflow/.local/lib/python3.8/site-packages/airflow/example_dags/example_nested_branch_dag.py
[2024-10-27T18:58:08.242+0000] {processor.py:830} INFO - Processing file /home/airflow/.local/lib/python3.8/site-packages/airflow/example_dags/example_nested_branch_dag.py for tasks to queue
[2024-10-27T18:58:08.243+0000] {logging_mixin.py:188} INFO - [2024-10-27T18:58:08.243+0000] {dagbag.py:538} INFO - Filling up the DagBag from /home/airflow/.local/lib/python3.8/site-packages/airflow/example_dags/example_nested_branch_dag.py
[2024-10-27T18:58:08.251+0000] {processor.py:840} INFO - DAG(s) 'example_nested_branch_dag' retrieved from /home/airflow/.local/lib/python3.8/site-packages/airflow/example_dags/example_nested_branch_dag.py
[2024-10-27T18:58:08.271+0000] {logging_mixin.py:188} INFO - [2024-10-27T18:58:08.271+0000] {dag.py:3036} INFO - Sync 1 DAGs
[2024-10-27T18:58:08.300+0000] {logging_mixin.py:188} INFO - [2024-10-27T18:58:08.300+0000] {dag.py:3823} INFO - Setting next_dagrun for example_nested_branch_dag to 2024-10-26 00:00:00+00:00, run_after=2024-10-27 00:00:00+00:00
[2024-10-27T18:58:08.316+0000] {processor.py:183} INFO - Processing /home/airflow/.local/lib/python3.8/site-packages/airflow/example_dags/example_nested_branch_dag.py took 0.077 seconds
[2024-10-27T18:58:38.858+0000] {processor.py:161} INFO - Started process (PID=291) to work on /home/airflow/.local/lib/python3.8/site-packages/airflow/example_dags/example_nested_branch_dag.py
[2024-10-27T18:58:38.859+0000] {processor.py:830} INFO - Processing file /home/airflow/.local/lib/python3.8/site-packages/airflow/example_dags/example_nested_branch_dag.py for tasks to queue
[2024-10-27T18:58:38.860+0000] {logging_mixin.py:188} INFO - [2024-10-27T18:58:38.860+0000] {dagbag.py:538} INFO - Filling up the DagBag from /home/airflow/.local/lib/python3.8/site-packages/airflow/example_dags/example_nested_branch_dag.py
[2024-10-27T18:58:38.869+0000] {processor.py:840} INFO - DAG(s) 'example_nested_branch_dag' retrieved from /home/airflow/.local/lib/python3.8/site-packages/airflow/example_dags/example_nested_branch_dag.py
[2024-10-27T18:58:38.888+0000] {logging_mixin.py:188} INFO - [2024-10-27T18:58:38.888+0000] {dag.py:3036} INFO - Sync 1 DAGs
[2024-10-27T18:58:38.911+0000] {logging_mixin.py:188} INFO - [2024-10-27T18:58:38.911+0000] {dag.py:3823} INFO - Setting next_dagrun for example_nested_branch_dag to 2024-10-26 00:00:00+00:00, run_after=2024-10-27 00:00:00+00:00
[2024-10-27T18:58:38.928+0000] {processor.py:183} INFO - Processing /home/airflow/.local/lib/python3.8/site-packages/airflow/example_dags/example_nested_branch_dag.py took 0.072 seconds
[2024-10-27T18:59:09.157+0000] {processor.py:161} INFO - Started process (PID=348) to work on /home/airflow/.local/lib/python3.8/site-packages/airflow/example_dags/example_nested_branch_dag.py
[2024-10-27T18:59:09.158+0000] {processor.py:830} INFO - Processing file /home/airflow/.local/lib/python3.8/site-packages/airflow/example_dags/example_nested_branch_dag.py for tasks to queue
[2024-10-27T18:59:09.159+0000] {logging_mixin.py:188} INFO - [2024-10-27T18:59:09.159+0000] {dagbag.py:538} INFO - Filling up the DagBag from /home/airflow/.local/lib/python3.8/site-packages/airflow/example_dags/example_nested_branch_dag.py
[2024-10-27T18:59:09.167+0000] {processor.py:840} INFO - DAG(s) 'example_nested_branch_dag' retrieved from /home/airflow/.local/lib/python3.8/site-packages/airflow/example_dags/example_nested_branch_dag.py
[2024-10-27T18:59:09.186+0000] {logging_mixin.py:188} INFO - [2024-10-27T18:59:09.185+0000] {dag.py:3036} INFO - Sync 1 DAGs
[2024-10-27T18:59:09.202+0000] {logging_mixin.py:188} INFO - [2024-10-27T18:59:09.202+0000] {dag.py:3823} INFO - Setting next_dagrun for example_nested_branch_dag to 2024-10-26 00:00:00+00:00, run_after=2024-10-27 00:00:00+00:00
[2024-10-27T18:59:09.216+0000] {processor.py:183} INFO - Processing /home/airflow/.local/lib/python3.8/site-packages/airflow/example_dags/example_nested_branch_dag.py took 0.061 seconds
[2024-10-27T18:59:39.429+0000] {processor.py:161} INFO - Started process (PID=404) to work on /home/airflow/.local/lib/python3.8/site-packages/airflow/example_dags/example_nested_branch_dag.py
[2024-10-27T18:59:39.429+0000] {processor.py:830} INFO - Processing file /home/airflow/.local/lib/python3.8/site-packages/airflow/example_dags/example_nested_branch_dag.py for tasks to queue
[2024-10-27T18:59:39.430+0000] {logging_mixin.py:188} INFO - [2024-10-27T18:59:39.430+0000] {dagbag.py:538} INFO - Filling up the DagBag from /home/airflow/.local/lib/python3.8/site-packages/airflow/example_dags/example_nested_branch_dag.py
[2024-10-27T18:59:39.438+0000] {processor.py:840} INFO - DAG(s) 'example_nested_branch_dag' retrieved from /home/airflow/.local/lib/python3.8/site-packages/airflow/example_dags/example_nested_branch_dag.py
[2024-10-27T18:59:39.457+0000] {logging_mixin.py:188} INFO - [2024-10-27T18:59:39.456+0000] {dag.py:3036} INFO - Sync 1 DAGs
[2024-10-27T18:59:39.476+0000] {logging_mixin.py:188} INFO - [2024-10-27T18:59:39.476+0000] {dag.py:3823} INFO - Setting next_dagrun for example_nested_branch_dag to 2024-10-26 00:00:00+00:00, run_after=2024-10-27 00:00:00+00:00
[2024-10-27T18:59:39.493+0000] {processor.py:183} INFO - Processing /home/airflow/.local/lib/python3.8/site-packages/airflow/example_dags/example_nested_branch_dag.py took 0.067 seconds
[2024-10-27T19:00:09.691+0000] {processor.py:161} INFO - Started process (PID=460) to work on /home/airflow/.local/lib/python3.8/site-packages/airflow/example_dags/example_nested_branch_dag.py
[2024-10-27T19:00:09.691+0000] {processor.py:830} INFO - Processing file /home/airflow/.local/lib/python3.8/site-packages/airflow/example_dags/example_nested_branch_dag.py for tasks to queue
[2024-10-27T19:00:09.693+0000] {logging_mixin.py:188} INFO - [2024-10-27T19:00:09.693+0000] {dagbag.py:538} INFO - Filling up the DagBag from /home/airflow/.local/lib/python3.8/site-packages/airflow/example_dags/example_nested_branch_dag.py
[2024-10-27T19:00:09.701+0000] {processor.py:840} INFO - DAG(s) 'example_nested_branch_dag' retrieved from /home/airflow/.local/lib/python3.8/site-packages/airflow/example_dags/example_nested_branch_dag.py
[2024-10-27T19:00:09.720+0000] {logging_mixin.py:188} INFO - [2024-10-27T19:00:09.720+0000] {dag.py:3036} INFO - Sync 1 DAGs
[2024-10-27T19:00:09.746+0000] {logging_mixin.py:188} INFO - [2024-10-27T19:00:09.746+0000] {dag.py:3823} INFO - Setting next_dagrun for example_nested_branch_dag to 2024-10-26 00:00:00+00:00, run_after=2024-10-27 00:00:00+00:00
[2024-10-27T19:00:09.772+0000] {processor.py:183} INFO - Processing /home/airflow/.local/lib/python3.8/site-packages/airflow/example_dags/example_nested_branch_dag.py took 0.084 seconds
[2024-10-27T19:00:39.939+0000] {processor.py:161} INFO - Started process (PID=516) to work on /home/airflow/.local/lib/python3.8/site-packages/airflow/example_dags/example_nested_branch_dag.py
[2024-10-27T19:00:39.940+0000] {processor.py:830} INFO - Processing file /home/airflow/.local/lib/python3.8/site-packages/airflow/example_dags/example_nested_branch_dag.py for tasks to queue
[2024-10-27T19:00:39.941+0000] {logging_mixin.py:188} INFO - [2024-10-27T19:00:39.941+0000] {dagbag.py:538} INFO - Filling up the DagBag from /home/airflow/.local/lib/python3.8/site-packages/airflow/example_dags/example_nested_branch_dag.py
[2024-10-27T19:00:39.950+0000] {processor.py:840} INFO - DAG(s) 'example_nested_branch_dag' retrieved from /home/airflow/.local/lib/python3.8/site-packages/airflow/example_dags/example_nested_branch_dag.py
[2024-10-27T19:00:39.968+0000] {logging_mixin.py:188} INFO - [2024-10-27T19:00:39.968+0000] {dag.py:3036} INFO - Sync 1 DAGs
[2024-10-27T19:00:39.987+0000] {logging_mixin.py:188} INFO - [2024-10-27T19:00:39.987+0000] {dag.py:3823} INFO - Setting next_dagrun for example_nested_branch_dag to 2024-10-26 00:00:00+00:00, run_after=2024-10-27 00:00:00+00:00
[2024-10-27T19:00:40.002+0000] {processor.py:183} INFO - Processing /home/airflow/.local/lib/python3.8/site-packages/airflow/example_dags/example_nested_branch_dag.py took 0.065 seconds
[2024-10-27T19:01:10.239+0000] {processor.py:161} INFO - Started process (PID=572) to work on /home/airflow/.local/lib/python3.8/site-packages/airflow/example_dags/example_nested_branch_dag.py
[2024-10-27T19:01:10.240+0000] {processor.py:830} INFO - Processing file /home/airflow/.local/lib/python3.8/site-packages/airflow/example_dags/example_nested_branch_dag.py for tasks to queue
[2024-10-27T19:01:10.241+0000] {logging_mixin.py:188} INFO - [2024-10-27T19:01:10.241+0000] {dagbag.py:538} INFO - Filling up the DagBag from /home/airflow/.local/lib/python3.8/site-packages/airflow/example_dags/example_nested_branch_dag.py
[2024-10-27T19:01:10.249+0000] {processor.py:840} INFO - DAG(s) 'example_nested_branch_dag' retrieved from /home/airflow/.local/lib/python3.8/site-packages/airflow/example_dags/example_nested_branch_dag.py
[2024-10-27T19:01:10.266+0000] {logging_mixin.py:188} INFO - [2024-10-27T19:01:10.266+0000] {dag.py:3036} INFO - Sync 1 DAGs
[2024-10-27T19:01:10.284+0000] {logging_mixin.py:188} INFO - [2024-10-27T19:01:10.284+0000] {dag.py:3823} INFO - Setting next_dagrun for example_nested_branch_dag to 2024-10-26 00:00:00+00:00, run_after=2024-10-27 00:00:00+00:00
[2024-10-27T19:01:10.298+0000] {processor.py:183} INFO - Processing /home/airflow/.local/lib/python3.8/site-packages/airflow/example_dags/example_nested_branch_dag.py took 0.062 seconds
[2024-10-27T19:01:40.465+0000] {processor.py:161} INFO - Started process (PID=628) to work on /home/airflow/.local/lib/python3.8/site-packages/airflow/example_dags/example_nested_branch_dag.py
[2024-10-27T19:01:40.465+0000] {processor.py:830} INFO - Processing file /home/airflow/.local/lib/python3.8/site-packages/airflow/example_dags/example_nested_branch_dag.py for tasks to queue
[2024-10-27T19:01:40.467+0000] {logging_mixin.py:188} INFO - [2024-10-27T19:01:40.466+0000] {dagbag.py:538} INFO - Filling up the DagBag from /home/airflow/.local/lib/python3.8/site-packages/airflow/example_dags/example_nested_branch_dag.py
[2024-10-27T19:01:40.474+0000] {processor.py:840} INFO - DAG(s) 'example_nested_branch_dag' retrieved from /home/airflow/.local/lib/python3.8/site-packages/airflow/example_dags/example_nested_branch_dag.py
[2024-10-27T19:01:40.490+0000] {logging_mixin.py:188} INFO - [2024-10-27T19:01:40.489+0000] {dag.py:3036} INFO - Sync 1 DAGs
[2024-10-27T19:01:40.507+0000] {logging_mixin.py:188} INFO - [2024-10-27T19:01:40.507+0000] {dag.py:3823} INFO - Setting next_dagrun for example_nested_branch_dag to 2024-10-26 00:00:00+00:00, run_after=2024-10-27 00:00:00+00:00
[2024-10-27T19:01:40.521+0000] {processor.py:183} INFO - Processing /home/airflow/.local/lib/python3.8/site-packages/airflow/example_dags/example_nested_branch_dag.py took 0.059 seconds
[2024-10-27T19:02:10.852+0000] {processor.py:161} INFO - Started process (PID=684) to work on /home/airflow/.local/lib/python3.8/site-packages/airflow/example_dags/example_nested_branch_dag.py
[2024-10-27T19:02:10.852+0000] {processor.py:830} INFO - Processing file /home/airflow/.local/lib/python3.8/site-packages/airflow/example_dags/example_nested_branch_dag.py for tasks to queue
[2024-10-27T19:02:10.854+0000] {logging_mixin.py:188} INFO - [2024-10-27T19:02:10.854+0000] {dagbag.py:538} INFO - Filling up the DagBag from /home/airflow/.local/lib/python3.8/site-packages/airflow/example_dags/example_nested_branch_dag.py
[2024-10-27T19:02:10.862+0000] {processor.py:840} INFO - DAG(s) 'example_nested_branch_dag' retrieved from /home/airflow/.local/lib/python3.8/site-packages/airflow/example_dags/example_nested_branch_dag.py
[2024-10-27T19:02:10.881+0000] {logging_mixin.py:188} INFO - [2024-10-27T19:02:10.881+0000] {dag.py:3036} INFO - Sync 1 DAGs
[2024-10-27T19:02:10.898+0000] {logging_mixin.py:188} INFO - [2024-10-27T19:02:10.898+0000] {dag.py:3823} INFO - Setting next_dagrun for example_nested_branch_dag to 2024-10-26 00:00:00+00:00, run_after=2024-10-27 00:00:00+00:00
[2024-10-27T19:02:10.914+0000] {processor.py:183} INFO - Processing /home/airflow/.local/lib/python3.8/site-packages/airflow/example_dags/example_nested_branch_dag.py took 0.065 seconds
[2024-10-27T19:02:41.150+0000] {processor.py:161} INFO - Started process (PID=740) to work on /home/airflow/.local/lib/python3.8/site-packages/airflow/example_dags/example_nested_branch_dag.py
[2024-10-27T19:02:41.150+0000] {processor.py:830} INFO - Processing file /home/airflow/.local/lib/python3.8/site-packages/airflow/example_dags/example_nested_branch_dag.py for tasks to queue
[2024-10-27T19:02:41.152+0000] {logging_mixin.py:188} INFO - [2024-10-27T19:02:41.151+0000] {dagbag.py:538} INFO - Filling up the DagBag from /home/airflow/.local/lib/python3.8/site-packages/airflow/example_dags/example_nested_branch_dag.py
[2024-10-27T19:02:41.159+0000] {processor.py:840} INFO - DAG(s) 'example_nested_branch_dag' retrieved from /home/airflow/.local/lib/python3.8/site-packages/airflow/example_dags/example_nested_branch_dag.py
[2024-10-27T19:02:41.175+0000] {logging_mixin.py:188} INFO - [2024-10-27T19:02:41.175+0000] {dag.py:3036} INFO - Sync 1 DAGs
[2024-10-27T19:02:41.192+0000] {logging_mixin.py:188} INFO - [2024-10-27T19:02:41.192+0000] {dag.py:3823} INFO - Setting next_dagrun for example_nested_branch_dag to 2024-10-26 00:00:00+00:00, run_after=2024-10-27 00:00:00+00:00
[2024-10-27T19:02:41.209+0000] {processor.py:183} INFO - Processing /home/airflow/.local/lib/python3.8/site-packages/airflow/example_dags/example_nested_branch_dag.py took 0.061 seconds
[2024-10-27T19:03:11.315+0000] {processor.py:161} INFO - Started process (PID=796) to work on /home/airflow/.local/lib/python3.8/site-packages/airflow/example_dags/example_nested_branch_dag.py
[2024-10-27T19:03:11.316+0000] {processor.py:830} INFO - Processing file /home/airflow/.local/lib/python3.8/site-packages/airflow/example_dags/example_nested_branch_dag.py for tasks to queue
[2024-10-27T19:03:11.318+0000] {logging_mixin.py:188} INFO - [2024-10-27T19:03:11.318+0000] {dagbag.py:538} INFO - Filling up the DagBag from /home/airflow/.local/lib/python3.8/site-packages/airflow/example_dags/example_nested_branch_dag.py
[2024-10-27T19:03:11.329+0000] {processor.py:840} INFO - DAG(s) 'example_nested_branch_dag' retrieved from /home/airflow/.local/lib/python3.8/site-packages/airflow/example_dags/example_nested_branch_dag.py
[2024-10-27T19:03:11.348+0000] {logging_mixin.py:188} INFO - [2024-10-27T19:03:11.348+0000] {dag.py:3036} INFO - Sync 1 DAGs
[2024-10-27T19:03:11.366+0000] {logging_mixin.py:188} INFO - [2024-10-27T19:03:11.366+0000] {dag.py:3823} INFO - Setting next_dagrun for example_nested_branch_dag to 2024-10-26 00:00:00+00:00, run_after=2024-10-27 00:00:00+00:00
[2024-10-27T19:03:11.381+0000] {processor.py:183} INFO - Processing /home/airflow/.local/lib/python3.8/site-packages/airflow/example_dags/example_nested_branch_dag.py took 0.068 seconds
[2024-10-27T19:03:41.631+0000] {processor.py:161} INFO - Started process (PID=852) to work on /home/airflow/.local/lib/python3.8/site-packages/airflow/example_dags/example_nested_branch_dag.py
[2024-10-27T19:03:41.632+0000] {processor.py:830} INFO - Processing file /home/airflow/.local/lib/python3.8/site-packages/airflow/example_dags/example_nested_branch_dag.py for tasks to queue
[2024-10-27T19:03:41.633+0000] {logging_mixin.py:188} INFO - [2024-10-27T19:03:41.633+0000] {dagbag.py:538} INFO - Filling up the DagBag from /home/airflow/.local/lib/python3.8/site-packages/airflow/example_dags/example_nested_branch_dag.py
[2024-10-27T19:03:41.641+0000] {processor.py:840} INFO - DAG(s) 'example_nested_branch_dag' retrieved from /home/airflow/.local/lib/python3.8/site-packages/airflow/example_dags/example_nested_branch_dag.py
[2024-10-27T19:03:41.659+0000] {logging_mixin.py:188} INFO - [2024-10-27T19:03:41.658+0000] {dag.py:3036} INFO - Sync 1 DAGs
[2024-10-27T19:03:41.676+0000] {logging_mixin.py:188} INFO - [2024-10-27T19:03:41.676+0000] {dag.py:3823} INFO - Setting next_dagrun for example_nested_branch_dag to 2024-10-26 00:00:00+00:00, run_after=2024-10-27 00:00:00+00:00
[2024-10-27T19:03:41.691+0000] {processor.py:183} INFO - Processing /home/airflow/.local/lib/python3.8/site-packages/airflow/example_dags/example_nested_branch_dag.py took 0.063 seconds
[2024-10-27T19:04:11.816+0000] {processor.py:161} INFO - Started process (PID=908) to work on /home/airflow/.local/lib/python3.8/site-packages/airflow/example_dags/example_nested_branch_dag.py
[2024-10-27T19:04:11.816+0000] {processor.py:830} INFO - Processing file /home/airflow/.local/lib/python3.8/site-packages/airflow/example_dags/example_nested_branch_dag.py for tasks to queue
[2024-10-27T19:04:11.818+0000] {logging_mixin.py:188} INFO - [2024-10-27T19:04:11.818+0000] {dagbag.py:538} INFO - Filling up the DagBag from /home/airflow/.local/lib/python3.8/site-packages/airflow/example_dags/example_nested_branch_dag.py
[2024-10-27T19:04:11.825+0000] {processor.py:840} INFO - DAG(s) 'example_nested_branch_dag' retrieved from /home/airflow/.local/lib/python3.8/site-packages/airflow/example_dags/example_nested_branch_dag.py
[2024-10-27T19:04:11.841+0000] {logging_mixin.py:188} INFO - [2024-10-27T19:04:11.841+0000] {dag.py:3036} INFO - Sync 1 DAGs
[2024-10-27T19:04:11.860+0000] {logging_mixin.py:188} INFO - [2024-10-27T19:04:11.859+0000] {dag.py:3823} INFO - Setting next_dagrun for example_nested_branch_dag to 2024-10-26 00:00:00+00:00, run_after=2024-10-27 00:00:00+00:00
[2024-10-27T19:04:11.876+0000] {processor.py:183} INFO - Processing /home/airflow/.local/lib/python3.8/site-packages/airflow/example_dags/example_nested_branch_dag.py took 0.063 seconds
[2024-10-27T19:04:42.346+0000] {processor.py:161} INFO - Started process (PID=964) to work on /home/airflow/.local/lib/python3.8/site-packages/airflow/example_dags/example_nested_branch_dag.py
[2024-10-27T19:04:42.347+0000] {processor.py:830} INFO - Processing file /home/airflow/.local/lib/python3.8/site-packages/airflow/example_dags/example_nested_branch_dag.py for tasks to queue
[2024-10-27T19:04:42.348+0000] {logging_mixin.py:188} INFO - [2024-10-27T19:04:42.348+0000] {dagbag.py:538} INFO - Filling up the DagBag from /home/airflow/.local/lib/python3.8/site-packages/airflow/example_dags/example_nested_branch_dag.py
[2024-10-27T19:04:42.357+0000] {processor.py:840} INFO - DAG(s) 'example_nested_branch_dag' retrieved from /home/airflow/.local/lib/python3.8/site-packages/airflow/example_dags/example_nested_branch_dag.py
[2024-10-27T19:04:42.374+0000] {logging_mixin.py:188} INFO - [2024-10-27T19:04:42.373+0000] {dag.py:3036} INFO - Sync 1 DAGs
[2024-10-27T19:04:42.390+0000] {logging_mixin.py:188} INFO - [2024-10-27T19:04:42.390+0000] {dag.py:3823} INFO - Setting next_dagrun for example_nested_branch_dag to 2024-10-26 00:00:00+00:00, run_after=2024-10-27 00:00:00+00:00
[2024-10-27T19:04:42.407+0000] {processor.py:183} INFO - Processing /home/airflow/.local/lib/python3.8/site-packages/airflow/example_dags/example_nested_branch_dag.py took 0.065 seconds
[2024-10-27T19:05:13.116+0000] {processor.py:161} INFO - Started process (PID=1020) to work on /home/airflow/.local/lib/python3.8/site-packages/airflow/example_dags/example_nested_branch_dag.py
[2024-10-27T19:05:13.117+0000] {processor.py:830} INFO - Processing file /home/airflow/.local/lib/python3.8/site-packages/airflow/example_dags/example_nested_branch_dag.py for tasks to queue
[2024-10-27T19:05:13.118+0000] {logging_mixin.py:188} INFO - [2024-10-27T19:05:13.118+0000] {dagbag.py:538} INFO - Filling up the DagBag from /home/airflow/.local/lib/python3.8/site-packages/airflow/example_dags/example_nested_branch_dag.py
[2024-10-27T19:05:13.127+0000] {processor.py:840} INFO - DAG(s) 'example_nested_branch_dag' retrieved from /home/airflow/.local/lib/python3.8/site-packages/airflow/example_dags/example_nested_branch_dag.py
[2024-10-27T19:05:13.148+0000] {logging_mixin.py:188} INFO - [2024-10-27T19:05:13.148+0000] {dag.py:3036} INFO - Sync 1 DAGs
[2024-10-27T19:05:13.167+0000] {logging_mixin.py:188} INFO - [2024-10-27T19:05:13.167+0000] {dag.py:3823} INFO - Setting next_dagrun for example_nested_branch_dag to 2024-10-26 00:00:00+00:00, run_after=2024-10-27 00:00:00+00:00
[2024-10-27T19:05:13.183+0000] {processor.py:183} INFO - Processing /home/airflow/.local/lib/python3.8/site-packages/airflow/example_dags/example_nested_branch_dag.py took 0.069 seconds
[2024-10-27T19:13:19.132+0000] {processor.py:161} INFO - Started process (PID=76) to work on /home/airflow/.local/lib/python3.11/site-packages/airflow/example_dags/example_nested_branch_dag.py
[2024-10-27T19:13:19.139+0000] {processor.py:830} INFO - Processing file /home/airflow/.local/lib/python3.11/site-packages/airflow/example_dags/example_nested_branch_dag.py for tasks to queue
[2024-10-27T19:13:19.142+0000] {logging_mixin.py:188} INFO - [2024-10-27T19:13:19.142+0000] {dagbag.py:538} INFO - Filling up the DagBag from /home/airflow/.local/lib/python3.11/site-packages/airflow/example_dags/example_nested_branch_dag.py
[2024-10-27T19:13:19.155+0000] {processor.py:840} INFO - DAG(s) 'example_nested_branch_dag' retrieved from /home/airflow/.local/lib/python3.11/site-packages/airflow/example_dags/example_nested_branch_dag.py
[2024-10-27T19:13:19.255+0000] {logging_mixin.py:188} INFO - [2024-10-27T19:13:19.255+0000] {dag.py:3036} INFO - Sync 1 DAGs
[2024-10-27T19:13:19.275+0000] {logging_mixin.py:188} INFO - [2024-10-27T19:13:19.275+0000] {dag.py:3823} INFO - Setting next_dagrun for example_nested_branch_dag to 2024-10-26 00:00:00+00:00, run_after=2024-10-27 00:00:00+00:00
[2024-10-27T19:13:19.302+0000] {processor.py:183} INFO - Processing /home/airflow/.local/lib/python3.11/site-packages/airflow/example_dags/example_nested_branch_dag.py took 0.173 seconds
[2024-10-27T19:13:55.836+0000] {processor.py:161} INFO - Started process (PID=134) to work on /home/airflow/.local/lib/python3.11/site-packages/airflow/example_dags/example_nested_branch_dag.py
[2024-10-27T19:13:55.837+0000] {processor.py:830} INFO - Processing file /home/airflow/.local/lib/python3.11/site-packages/airflow/example_dags/example_nested_branch_dag.py for tasks to queue
[2024-10-27T19:13:55.839+0000] {logging_mixin.py:188} INFO - [2024-10-27T19:13:55.838+0000] {dagbag.py:538} INFO - Filling up the DagBag from /home/airflow/.local/lib/python3.11/site-packages/airflow/example_dags/example_nested_branch_dag.py
[2024-10-27T19:13:55.851+0000] {processor.py:840} INFO - DAG(s) 'example_nested_branch_dag' retrieved from /home/airflow/.local/lib/python3.11/site-packages/airflow/example_dags/example_nested_branch_dag.py
[2024-10-27T19:13:55.872+0000] {logging_mixin.py:188} INFO - [2024-10-27T19:13:55.872+0000] {dag.py:3036} INFO - Sync 1 DAGs
[2024-10-27T19:13:55.892+0000] {logging_mixin.py:188} INFO - [2024-10-27T19:13:55.892+0000] {dag.py:3823} INFO - Setting next_dagrun for example_nested_branch_dag to 2024-10-26 00:00:00+00:00, run_after=2024-10-27 00:00:00+00:00
[2024-10-27T19:13:57.246+0000] {processor.py:183} INFO - Processing /home/airflow/.local/lib/python3.11/site-packages/airflow/example_dags/example_nested_branch_dag.py took 1.414 seconds
[2024-10-27T19:14:27.327+0000] {processor.py:161} INFO - Started process (PID=192) to work on /home/airflow/.local/lib/python3.11/site-packages/airflow/example_dags/example_nested_branch_dag.py
[2024-10-27T19:14:27.329+0000] {processor.py:830} INFO - Processing file /home/airflow/.local/lib/python3.11/site-packages/airflow/example_dags/example_nested_branch_dag.py for tasks to queue
[2024-10-27T19:14:27.331+0000] {logging_mixin.py:188} INFO - [2024-10-27T19:14:27.331+0000] {dagbag.py:538} INFO - Filling up the DagBag from /home/airflow/.local/lib/python3.11/site-packages/airflow/example_dags/example_nested_branch_dag.py
[2024-10-27T19:14:27.347+0000] {processor.py:840} INFO - DAG(s) 'example_nested_branch_dag' retrieved from /home/airflow/.local/lib/python3.11/site-packages/airflow/example_dags/example_nested_branch_dag.py
[2024-10-27T19:14:27.381+0000] {logging_mixin.py:188} INFO - [2024-10-27T19:14:27.380+0000] {dag.py:3036} INFO - Sync 1 DAGs
[2024-10-27T19:14:27.424+0000] {logging_mixin.py:188} INFO - [2024-10-27T19:14:27.423+0000] {dag.py:3823} INFO - Setting next_dagrun for example_nested_branch_dag to 2024-10-26 00:00:00+00:00, run_after=2024-10-27 00:00:00+00:00
[2024-10-27T19:14:27.461+0000] {processor.py:183} INFO - Processing /home/airflow/.local/lib/python3.11/site-packages/airflow/example_dags/example_nested_branch_dag.py took 0.138 seconds
[2024-10-27T19:14:58.463+0000] {processor.py:161} INFO - Started process (PID=250) to work on /home/airflow/.local/lib/python3.11/site-packages/airflow/example_dags/example_nested_branch_dag.py
[2024-10-27T19:14:58.465+0000] {processor.py:830} INFO - Processing file /home/airflow/.local/lib/python3.11/site-packages/airflow/example_dags/example_nested_branch_dag.py for tasks to queue
[2024-10-27T19:14:58.468+0000] {logging_mixin.py:188} INFO - [2024-10-27T19:14:58.467+0000] {dagbag.py:538} INFO - Filling up the DagBag from /home/airflow/.local/lib/python3.11/site-packages/airflow/example_dags/example_nested_branch_dag.py
[2024-10-27T19:14:58.478+0000] {processor.py:840} INFO - DAG(s) 'example_nested_branch_dag' retrieved from /home/airflow/.local/lib/python3.11/site-packages/airflow/example_dags/example_nested_branch_dag.py
[2024-10-27T19:14:58.500+0000] {logging_mixin.py:188} INFO - [2024-10-27T19:14:58.500+0000] {dag.py:3036} INFO - Sync 1 DAGs
[2024-10-27T19:14:58.527+0000] {logging_mixin.py:188} INFO - [2024-10-27T19:14:58.527+0000] {dag.py:3823} INFO - Setting next_dagrun for example_nested_branch_dag to 2024-10-26 00:00:00+00:00, run_after=2024-10-27 00:00:00+00:00
[2024-10-27T19:14:58.547+0000] {processor.py:183} INFO - Processing /home/airflow/.local/lib/python3.11/site-packages/airflow/example_dags/example_nested_branch_dag.py took 0.087 seconds
[2024-10-27T19:15:29.155+0000] {processor.py:161} INFO - Started process (PID=308) to work on /home/airflow/.local/lib/python3.11/site-packages/airflow/example_dags/example_nested_branch_dag.py
[2024-10-27T19:15:29.155+0000] {processor.py:830} INFO - Processing file /home/airflow/.local/lib/python3.11/site-packages/airflow/example_dags/example_nested_branch_dag.py for tasks to queue
[2024-10-27T19:15:29.157+0000] {logging_mixin.py:188} INFO - [2024-10-27T19:15:29.156+0000] {dagbag.py:538} INFO - Filling up the DagBag from /home/airflow/.local/lib/python3.11/site-packages/airflow/example_dags/example_nested_branch_dag.py
[2024-10-27T19:15:29.165+0000] {processor.py:840} INFO - DAG(s) 'example_nested_branch_dag' retrieved from /home/airflow/.local/lib/python3.11/site-packages/airflow/example_dags/example_nested_branch_dag.py
[2024-10-27T19:15:29.183+0000] {logging_mixin.py:188} INFO - [2024-10-27T19:15:29.182+0000] {dag.py:3036} INFO - Sync 1 DAGs
[2024-10-27T19:15:29.201+0000] {logging_mixin.py:188} INFO - [2024-10-27T19:15:29.201+0000] {dag.py:3823} INFO - Setting next_dagrun for example_nested_branch_dag to 2024-10-26 00:00:00+00:00, run_after=2024-10-27 00:00:00+00:00
[2024-10-27T19:15:29.217+0000] {processor.py:183} INFO - Processing /home/airflow/.local/lib/python3.11/site-packages/airflow/example_dags/example_nested_branch_dag.py took 0.065 seconds
