[2024-10-27T18:56:01.656+0000] {processor.py:161} INFO - Started process (PID=198) to work on /home/airflow/.local/lib/python3.8/site-packages/airflow/example_dags/example_branch_operator.py
[2024-10-27T18:56:01.657+0000] {processor.py:830} INFO - Processing file /home/airflow/.local/lib/python3.8/site-packages/airflow/example_dags/example_branch_operator.py for tasks to queue
[2024-10-27T18:56:01.658+0000] {logging_mixin.py:188} INFO - [2024-10-27T18:56:01.658+0000] {dagbag.py:538} INFO - Filling up the DagBag from /home/airflow/.local/lib/python3.8/site-packages/airflow/example_dags/example_branch_operator.py
[2024-10-27T18:56:01.678+0000] {processor.py:840} INFO - DAG(s) 'example_branch_operator' retrieved from /home/airflow/.local/lib/python3.8/site-packages/airflow/example_dags/example_branch_operator.py
[2024-10-27T18:56:01.773+0000] {logging_mixin.py:188} INFO - [2024-10-27T18:56:01.773+0000] {override.py:1769} INFO - Created Permission View: can delete on DAG:example_branch_operator
[2024-10-27T18:56:01.783+0000] {logging_mixin.py:188} INFO - [2024-10-27T18:56:01.783+0000] {override.py:1769} INFO - Created Permission View: can read on DAG:example_branch_operator
[2024-10-27T18:56:01.789+0000] {logging_mixin.py:188} INFO - [2024-10-27T18:56:01.789+0000] {override.py:1769} INFO - Created Permission View: can edit on DAG:example_branch_operator
[2024-10-27T18:56:01.790+0000] {logging_mixin.py:188} INFO - [2024-10-27T18:56:01.790+0000] {dag.py:3036} INFO - Sync 1 DAGs
[2024-10-27T18:56:01.798+0000] {logging_mixin.py:188} INFO - [2024-10-27T18:56:01.798+0000] {dag.py:3058} INFO - Creating ORM DAG for example_branch_operator
[2024-10-27T18:56:01.809+0000] {logging_mixin.py:188} INFO - [2024-10-27T18:56:01.809+0000] {dag.py:3823} INFO - Setting next_dagrun for example_branch_operator to 2024-10-26 00:00:00+00:00, run_after=2024-10-27 00:00:00+00:00
[2024-10-27T18:56:01.825+0000] {processor.py:183} INFO - Processing /home/airflow/.local/lib/python3.8/site-packages/airflow/example_dags/example_branch_operator.py took 0.171 seconds
[2024-10-27T18:56:36.910+0000] {processor.py:161} INFO - Started process (PID=64) to work on /home/airflow/.local/lib/python3.8/site-packages/airflow/example_dags/example_branch_operator.py
[2024-10-27T18:56:36.911+0000] {processor.py:830} INFO - Processing file /home/airflow/.local/lib/python3.8/site-packages/airflow/example_dags/example_branch_operator.py for tasks to queue
[2024-10-27T18:56:36.912+0000] {logging_mixin.py:188} INFO - [2024-10-27T18:56:36.912+0000] {dagbag.py:538} INFO - Filling up the DagBag from /home/airflow/.local/lib/python3.8/site-packages/airflow/example_dags/example_branch_operator.py
[2024-10-27T18:56:36.927+0000] {processor.py:840} INFO - DAG(s) 'example_branch_operator' retrieved from /home/airflow/.local/lib/python3.8/site-packages/airflow/example_dags/example_branch_operator.py
[2024-10-27T18:56:37.018+0000] {logging_mixin.py:188} INFO - [2024-10-27T18:56:37.018+0000] {dag.py:3036} INFO - Sync 1 DAGs
[2024-10-27T18:56:37.042+0000] {logging_mixin.py:188} INFO - [2024-10-27T18:56:37.042+0000] {dag.py:3823} INFO - Setting next_dagrun for example_branch_operator to 2024-10-26 00:00:00+00:00, run_after=2024-10-27 00:00:00+00:00
[2024-10-27T18:56:37.063+0000] {processor.py:183} INFO - Processing /home/airflow/.local/lib/python3.8/site-packages/airflow/example_dags/example_branch_operator.py took 0.155 seconds
[2024-10-27T18:57:07.538+0000] {processor.py:161} INFO - Started process (PID=127) to work on /home/airflow/.local/lib/python3.8/site-packages/airflow/example_dags/example_branch_operator.py
[2024-10-27T18:57:07.539+0000] {processor.py:830} INFO - Processing file /home/airflow/.local/lib/python3.8/site-packages/airflow/example_dags/example_branch_operator.py for tasks to queue
[2024-10-27T18:57:07.541+0000] {logging_mixin.py:188} INFO - [2024-10-27T18:57:07.540+0000] {dagbag.py:538} INFO - Filling up the DagBag from /home/airflow/.local/lib/python3.8/site-packages/airflow/example_dags/example_branch_operator.py
[2024-10-27T18:57:07.554+0000] {processor.py:840} INFO - DAG(s) 'example_branch_operator' retrieved from /home/airflow/.local/lib/python3.8/site-packages/airflow/example_dags/example_branch_operator.py
[2024-10-27T18:57:07.576+0000] {logging_mixin.py:188} INFO - [2024-10-27T18:57:07.575+0000] {dag.py:3036} INFO - Sync 1 DAGs
[2024-10-27T18:57:07.594+0000] {logging_mixin.py:188} INFO - [2024-10-27T18:57:07.593+0000] {dag.py:3823} INFO - Setting next_dagrun for example_branch_operator to 2024-10-26 00:00:00+00:00, run_after=2024-10-27 00:00:00+00:00
[2024-10-27T18:57:07.610+0000] {processor.py:183} INFO - Processing /home/airflow/.local/lib/python3.8/site-packages/airflow/example_dags/example_branch_operator.py took 0.074 seconds
[2024-10-27T18:57:37.882+0000] {processor.py:161} INFO - Started process (PID=182) to work on /home/airflow/.local/lib/python3.8/site-packages/airflow/example_dags/example_branch_operator.py
[2024-10-27T18:57:37.883+0000] {processor.py:830} INFO - Processing file /home/airflow/.local/lib/python3.8/site-packages/airflow/example_dags/example_branch_operator.py for tasks to queue
[2024-10-27T18:57:37.885+0000] {logging_mixin.py:188} INFO - [2024-10-27T18:57:37.884+0000] {dagbag.py:538} INFO - Filling up the DagBag from /home/airflow/.local/lib/python3.8/site-packages/airflow/example_dags/example_branch_operator.py
[2024-10-27T18:57:37.902+0000] {processor.py:840} INFO - DAG(s) 'example_branch_operator' retrieved from /home/airflow/.local/lib/python3.8/site-packages/airflow/example_dags/example_branch_operator.py
[2024-10-27T18:57:37.925+0000] {logging_mixin.py:188} INFO - [2024-10-27T18:57:37.925+0000] {dag.py:3036} INFO - Sync 1 DAGs
[2024-10-27T18:57:37.944+0000] {logging_mixin.py:188} INFO - [2024-10-27T18:57:37.944+0000] {dag.py:3823} INFO - Setting next_dagrun for example_branch_operator to 2024-10-26 00:00:00+00:00, run_after=2024-10-27 00:00:00+00:00
[2024-10-27T18:57:37.961+0000] {processor.py:183} INFO - Processing /home/airflow/.local/lib/python3.8/site-packages/airflow/example_dags/example_branch_operator.py took 0.081 seconds
[2024-10-27T18:58:08.352+0000] {processor.py:161} INFO - Started process (PID=238) to work on /home/airflow/.local/lib/python3.8/site-packages/airflow/example_dags/example_branch_operator.py
[2024-10-27T18:58:08.353+0000] {processor.py:830} INFO - Processing file /home/airflow/.local/lib/python3.8/site-packages/airflow/example_dags/example_branch_operator.py for tasks to queue
[2024-10-27T18:58:08.354+0000] {logging_mixin.py:188} INFO - [2024-10-27T18:58:08.354+0000] {dagbag.py:538} INFO - Filling up the DagBag from /home/airflow/.local/lib/python3.8/site-packages/airflow/example_dags/example_branch_operator.py
[2024-10-27T18:58:08.367+0000] {processor.py:840} INFO - DAG(s) 'example_branch_operator' retrieved from /home/airflow/.local/lib/python3.8/site-packages/airflow/example_dags/example_branch_operator.py
[2024-10-27T18:58:08.388+0000] {logging_mixin.py:188} INFO - [2024-10-27T18:58:08.388+0000] {dag.py:3036} INFO - Sync 1 DAGs
[2024-10-27T18:58:08.408+0000] {logging_mixin.py:188} INFO - [2024-10-27T18:58:08.407+0000] {dag.py:3823} INFO - Setting next_dagrun for example_branch_operator to 2024-10-26 00:00:00+00:00, run_after=2024-10-27 00:00:00+00:00
[2024-10-27T18:58:08.425+0000] {processor.py:183} INFO - Processing /home/airflow/.local/lib/python3.8/site-packages/airflow/example_dags/example_branch_operator.py took 0.074 seconds
[2024-10-27T18:58:38.989+0000] {processor.py:161} INFO - Started process (PID=294) to work on /home/airflow/.local/lib/python3.8/site-packages/airflow/example_dags/example_branch_operator.py
[2024-10-27T18:58:38.990+0000] {processor.py:830} INFO - Processing file /home/airflow/.local/lib/python3.8/site-packages/airflow/example_dags/example_branch_operator.py for tasks to queue
[2024-10-27T18:58:38.991+0000] {logging_mixin.py:188} INFO - [2024-10-27T18:58:38.991+0000] {dagbag.py:538} INFO - Filling up the DagBag from /home/airflow/.local/lib/python3.8/site-packages/airflow/example_dags/example_branch_operator.py
[2024-10-27T18:58:39.010+0000] {processor.py:840} INFO - DAG(s) 'example_branch_operator' retrieved from /home/airflow/.local/lib/python3.8/site-packages/airflow/example_dags/example_branch_operator.py
[2024-10-27T18:58:39.036+0000] {logging_mixin.py:188} INFO - [2024-10-27T18:58:39.036+0000] {dag.py:3036} INFO - Sync 1 DAGs
[2024-10-27T18:58:39.064+0000] {logging_mixin.py:188} INFO - [2024-10-27T18:58:39.063+0000] {dag.py:3823} INFO - Setting next_dagrun for example_branch_operator to 2024-10-26 00:00:00+00:00, run_after=2024-10-27 00:00:00+00:00
[2024-10-27T18:58:39.082+0000] {processor.py:183} INFO - Processing /home/airflow/.local/lib/python3.8/site-packages/airflow/example_dags/example_branch_operator.py took 0.096 seconds
[2024-10-27T18:59:09.248+0000] {processor.py:161} INFO - Started process (PID=351) to work on /home/airflow/.local/lib/python3.8/site-packages/airflow/example_dags/example_branch_operator.py
[2024-10-27T18:59:09.248+0000] {processor.py:830} INFO - Processing file /home/airflow/.local/lib/python3.8/site-packages/airflow/example_dags/example_branch_operator.py for tasks to queue
[2024-10-27T18:59:09.250+0000] {logging_mixin.py:188} INFO - [2024-10-27T18:59:09.249+0000] {dagbag.py:538} INFO - Filling up the DagBag from /home/airflow/.local/lib/python3.8/site-packages/airflow/example_dags/example_branch_operator.py
[2024-10-27T18:59:09.262+0000] {processor.py:840} INFO - DAG(s) 'example_branch_operator' retrieved from /home/airflow/.local/lib/python3.8/site-packages/airflow/example_dags/example_branch_operator.py
[2024-10-27T18:59:09.281+0000] {logging_mixin.py:188} INFO - [2024-10-27T18:59:09.280+0000] {dag.py:3036} INFO - Sync 1 DAGs
[2024-10-27T18:59:09.297+0000] {logging_mixin.py:188} INFO - [2024-10-27T18:59:09.297+0000] {dag.py:3823} INFO - Setting next_dagrun for example_branch_operator to 2024-10-26 00:00:00+00:00, run_after=2024-10-27 00:00:00+00:00
[2024-10-27T18:59:09.311+0000] {processor.py:183} INFO - Processing /home/airflow/.local/lib/python3.8/site-packages/airflow/example_dags/example_branch_operator.py took 0.066 seconds
[2024-10-27T18:59:39.539+0000] {processor.py:161} INFO - Started process (PID=407) to work on /home/airflow/.local/lib/python3.8/site-packages/airflow/example_dags/example_branch_operator.py
[2024-10-27T18:59:39.540+0000] {processor.py:830} INFO - Processing file /home/airflow/.local/lib/python3.8/site-packages/airflow/example_dags/example_branch_operator.py for tasks to queue
[2024-10-27T18:59:39.541+0000] {logging_mixin.py:188} INFO - [2024-10-27T18:59:39.541+0000] {dagbag.py:538} INFO - Filling up the DagBag from /home/airflow/.local/lib/python3.8/site-packages/airflow/example_dags/example_branch_operator.py
[2024-10-27T18:59:39.554+0000] {processor.py:840} INFO - DAG(s) 'example_branch_operator' retrieved from /home/airflow/.local/lib/python3.8/site-packages/airflow/example_dags/example_branch_operator.py
[2024-10-27T18:59:39.577+0000] {logging_mixin.py:188} INFO - [2024-10-27T18:59:39.577+0000] {dag.py:3036} INFO - Sync 1 DAGs
[2024-10-27T18:59:39.599+0000] {logging_mixin.py:188} INFO - [2024-10-27T18:59:39.598+0000] {dag.py:3823} INFO - Setting next_dagrun for example_branch_operator to 2024-10-26 00:00:00+00:00, run_after=2024-10-27 00:00:00+00:00
[2024-10-27T18:59:39.618+0000] {processor.py:183} INFO - Processing /home/airflow/.local/lib/python3.8/site-packages/airflow/example_dags/example_branch_operator.py took 0.081 seconds
[2024-10-27T19:00:09.821+0000] {processor.py:161} INFO - Started process (PID=463) to work on /home/airflow/.local/lib/python3.8/site-packages/airflow/example_dags/example_branch_operator.py
[2024-10-27T19:00:09.822+0000] {processor.py:830} INFO - Processing file /home/airflow/.local/lib/python3.8/site-packages/airflow/example_dags/example_branch_operator.py for tasks to queue
[2024-10-27T19:00:09.823+0000] {logging_mixin.py:188} INFO - [2024-10-27T19:00:09.823+0000] {dagbag.py:538} INFO - Filling up the DagBag from /home/airflow/.local/lib/python3.8/site-packages/airflow/example_dags/example_branch_operator.py
[2024-10-27T19:00:09.839+0000] {processor.py:840} INFO - DAG(s) 'example_branch_operator' retrieved from /home/airflow/.local/lib/python3.8/site-packages/airflow/example_dags/example_branch_operator.py
[2024-10-27T19:00:09.861+0000] {logging_mixin.py:188} INFO - [2024-10-27T19:00:09.861+0000] {dag.py:3036} INFO - Sync 1 DAGs
[2024-10-27T19:00:09.881+0000] {logging_mixin.py:188} INFO - [2024-10-27T19:00:09.881+0000] {dag.py:3823} INFO - Setting next_dagrun for example_branch_operator to 2024-10-26 00:00:00+00:00, run_after=2024-10-27 00:00:00+00:00
[2024-10-27T19:00:09.898+0000] {processor.py:183} INFO - Processing /home/airflow/.local/lib/python3.8/site-packages/airflow/example_dags/example_branch_operator.py took 0.080 seconds
[2024-10-27T19:00:40.043+0000] {processor.py:161} INFO - Started process (PID=519) to work on /home/airflow/.local/lib/python3.8/site-packages/airflow/example_dags/example_branch_operator.py
[2024-10-27T19:00:40.043+0000] {processor.py:830} INFO - Processing file /home/airflow/.local/lib/python3.8/site-packages/airflow/example_dags/example_branch_operator.py for tasks to queue
[2024-10-27T19:00:40.045+0000] {logging_mixin.py:188} INFO - [2024-10-27T19:00:40.045+0000] {dagbag.py:538} INFO - Filling up the DagBag from /home/airflow/.local/lib/python3.8/site-packages/airflow/example_dags/example_branch_operator.py
[2024-10-27T19:00:40.057+0000] {processor.py:840} INFO - DAG(s) 'example_branch_operator' retrieved from /home/airflow/.local/lib/python3.8/site-packages/airflow/example_dags/example_branch_operator.py
[2024-10-27T19:00:40.078+0000] {logging_mixin.py:188} INFO - [2024-10-27T19:00:40.078+0000] {dag.py:3036} INFO - Sync 1 DAGs
[2024-10-27T19:00:40.097+0000] {logging_mixin.py:188} INFO - [2024-10-27T19:00:40.096+0000] {dag.py:3823} INFO - Setting next_dagrun for example_branch_operator to 2024-10-26 00:00:00+00:00, run_after=2024-10-27 00:00:00+00:00
[2024-10-27T19:00:40.113+0000] {processor.py:183} INFO - Processing /home/airflow/.local/lib/python3.8/site-packages/airflow/example_dags/example_branch_operator.py took 0.072 seconds
[2024-10-27T19:01:10.335+0000] {processor.py:161} INFO - Started process (PID=575) to work on /home/airflow/.local/lib/python3.8/site-packages/airflow/example_dags/example_branch_operator.py
[2024-10-27T19:01:10.336+0000] {processor.py:830} INFO - Processing file /home/airflow/.local/lib/python3.8/site-packages/airflow/example_dags/example_branch_operator.py for tasks to queue
[2024-10-27T19:01:10.337+0000] {logging_mixin.py:188} INFO - [2024-10-27T19:01:10.337+0000] {dagbag.py:538} INFO - Filling up the DagBag from /home/airflow/.local/lib/python3.8/site-packages/airflow/example_dags/example_branch_operator.py
[2024-10-27T19:01:10.349+0000] {processor.py:840} INFO - DAG(s) 'example_branch_operator' retrieved from /home/airflow/.local/lib/python3.8/site-packages/airflow/example_dags/example_branch_operator.py
[2024-10-27T19:01:10.370+0000] {logging_mixin.py:188} INFO - [2024-10-27T19:01:10.370+0000] {dag.py:3036} INFO - Sync 1 DAGs
[2024-10-27T19:01:10.390+0000] {logging_mixin.py:188} INFO - [2024-10-27T19:01:10.390+0000] {dag.py:3823} INFO - Setting next_dagrun for example_branch_operator to 2024-10-26 00:00:00+00:00, run_after=2024-10-27 00:00:00+00:00
[2024-10-27T19:01:10.406+0000] {processor.py:183} INFO - Processing /home/airflow/.local/lib/python3.8/site-packages/airflow/example_dags/example_branch_operator.py took 0.073 seconds
[2024-10-27T19:01:40.628+0000] {processor.py:161} INFO - Started process (PID=631) to work on /home/airflow/.local/lib/python3.8/site-packages/airflow/example_dags/example_branch_operator.py
[2024-10-27T19:01:40.628+0000] {processor.py:830} INFO - Processing file /home/airflow/.local/lib/python3.8/site-packages/airflow/example_dags/example_branch_operator.py for tasks to queue
[2024-10-27T19:01:40.630+0000] {logging_mixin.py:188} INFO - [2024-10-27T19:01:40.629+0000] {dagbag.py:538} INFO - Filling up the DagBag from /home/airflow/.local/lib/python3.8/site-packages/airflow/example_dags/example_branch_operator.py
[2024-10-27T19:01:40.642+0000] {processor.py:840} INFO - DAG(s) 'example_branch_operator' retrieved from /home/airflow/.local/lib/python3.8/site-packages/airflow/example_dags/example_branch_operator.py
[2024-10-27T19:01:40.661+0000] {logging_mixin.py:188} INFO - [2024-10-27T19:01:40.661+0000] {dag.py:3036} INFO - Sync 1 DAGs
[2024-10-27T19:01:40.678+0000] {logging_mixin.py:188} INFO - [2024-10-27T19:01:40.678+0000] {dag.py:3823} INFO - Setting next_dagrun for example_branch_operator to 2024-10-26 00:00:00+00:00, run_after=2024-10-27 00:00:00+00:00
[2024-10-27T19:01:40.694+0000] {processor.py:183} INFO - Processing /home/airflow/.local/lib/python3.8/site-packages/airflow/example_dags/example_branch_operator.py took 0.068 seconds
[2024-10-27T19:02:10.955+0000] {processor.py:161} INFO - Started process (PID=687) to work on /home/airflow/.local/lib/python3.8/site-packages/airflow/example_dags/example_branch_operator.py
[2024-10-27T19:02:10.956+0000] {processor.py:830} INFO - Processing file /home/airflow/.local/lib/python3.8/site-packages/airflow/example_dags/example_branch_operator.py for tasks to queue
[2024-10-27T19:02:10.958+0000] {logging_mixin.py:188} INFO - [2024-10-27T19:02:10.957+0000] {dagbag.py:538} INFO - Filling up the DagBag from /home/airflow/.local/lib/python3.8/site-packages/airflow/example_dags/example_branch_operator.py
[2024-10-27T19:02:10.970+0000] {processor.py:840} INFO - DAG(s) 'example_branch_operator' retrieved from /home/airflow/.local/lib/python3.8/site-packages/airflow/example_dags/example_branch_operator.py
[2024-10-27T19:02:10.990+0000] {logging_mixin.py:188} INFO - [2024-10-27T19:02:10.990+0000] {dag.py:3036} INFO - Sync 1 DAGs
[2024-10-27T19:02:11.009+0000] {logging_mixin.py:188} INFO - [2024-10-27T19:02:11.009+0000] {dag.py:3823} INFO - Setting next_dagrun for example_branch_operator to 2024-10-26 00:00:00+00:00, run_after=2024-10-27 00:00:00+00:00
[2024-10-27T19:02:11.025+0000] {processor.py:183} INFO - Processing /home/airflow/.local/lib/python3.8/site-packages/airflow/example_dags/example_branch_operator.py took 0.072 seconds
[2024-10-27T19:02:41.256+0000] {processor.py:161} INFO - Started process (PID=743) to work on /home/airflow/.local/lib/python3.8/site-packages/airflow/example_dags/example_branch_operator.py
[2024-10-27T19:02:41.257+0000] {processor.py:830} INFO - Processing file /home/airflow/.local/lib/python3.8/site-packages/airflow/example_dags/example_branch_operator.py for tasks to queue
[2024-10-27T19:02:41.258+0000] {logging_mixin.py:188} INFO - [2024-10-27T19:02:41.258+0000] {dagbag.py:538} INFO - Filling up the DagBag from /home/airflow/.local/lib/python3.8/site-packages/airflow/example_dags/example_branch_operator.py
[2024-10-27T19:02:41.270+0000] {processor.py:840} INFO - DAG(s) 'example_branch_operator' retrieved from /home/airflow/.local/lib/python3.8/site-packages/airflow/example_dags/example_branch_operator.py
[2024-10-27T19:02:41.291+0000] {logging_mixin.py:188} INFO - [2024-10-27T19:02:41.291+0000] {dag.py:3036} INFO - Sync 1 DAGs
[2024-10-27T19:02:41.310+0000] {logging_mixin.py:188} INFO - [2024-10-27T19:02:41.310+0000] {dag.py:3823} INFO - Setting next_dagrun for example_branch_operator to 2024-10-26 00:00:00+00:00, run_after=2024-10-27 00:00:00+00:00
[2024-10-27T19:02:41.326+0000] {processor.py:183} INFO - Processing /home/airflow/.local/lib/python3.8/site-packages/airflow/example_dags/example_branch_operator.py took 0.072 seconds
[2024-10-27T19:03:11.414+0000] {processor.py:161} INFO - Started process (PID=799) to work on /home/airflow/.local/lib/python3.8/site-packages/airflow/example_dags/example_branch_operator.py
[2024-10-27T19:03:11.414+0000] {processor.py:830} INFO - Processing file /home/airflow/.local/lib/python3.8/site-packages/airflow/example_dags/example_branch_operator.py for tasks to queue
[2024-10-27T19:03:11.416+0000] {logging_mixin.py:188} INFO - [2024-10-27T19:03:11.415+0000] {dagbag.py:538} INFO - Filling up the DagBag from /home/airflow/.local/lib/python3.8/site-packages/airflow/example_dags/example_branch_operator.py
[2024-10-27T19:03:11.428+0000] {processor.py:840} INFO - DAG(s) 'example_branch_operator' retrieved from /home/airflow/.local/lib/python3.8/site-packages/airflow/example_dags/example_branch_operator.py
[2024-10-27T19:03:11.451+0000] {logging_mixin.py:188} INFO - [2024-10-27T19:03:11.451+0000] {dag.py:3036} INFO - Sync 1 DAGs
[2024-10-27T19:03:11.472+0000] {logging_mixin.py:188} INFO - [2024-10-27T19:03:11.472+0000] {dag.py:3823} INFO - Setting next_dagrun for example_branch_operator to 2024-10-26 00:00:00+00:00, run_after=2024-10-27 00:00:00+00:00
[2024-10-27T19:03:11.487+0000] {processor.py:183} INFO - Processing /home/airflow/.local/lib/python3.8/site-packages/airflow/example_dags/example_branch_operator.py took 0.075 seconds
[2024-10-27T19:03:41.739+0000] {processor.py:161} INFO - Started process (PID=855) to work on /home/airflow/.local/lib/python3.8/site-packages/airflow/example_dags/example_branch_operator.py
[2024-10-27T19:03:41.740+0000] {processor.py:830} INFO - Processing file /home/airflow/.local/lib/python3.8/site-packages/airflow/example_dags/example_branch_operator.py for tasks to queue
[2024-10-27T19:03:41.741+0000] {logging_mixin.py:188} INFO - [2024-10-27T19:03:41.741+0000] {dagbag.py:538} INFO - Filling up the DagBag from /home/airflow/.local/lib/python3.8/site-packages/airflow/example_dags/example_branch_operator.py
[2024-10-27T19:03:41.753+0000] {processor.py:840} INFO - DAG(s) 'example_branch_operator' retrieved from /home/airflow/.local/lib/python3.8/site-packages/airflow/example_dags/example_branch_operator.py
[2024-10-27T19:03:41.774+0000] {logging_mixin.py:188} INFO - [2024-10-27T19:03:41.773+0000] {dag.py:3036} INFO - Sync 1 DAGs
[2024-10-27T19:03:41.796+0000] {logging_mixin.py:188} INFO - [2024-10-27T19:03:41.796+0000] {dag.py:3823} INFO - Setting next_dagrun for example_branch_operator to 2024-10-26 00:00:00+00:00, run_after=2024-10-27 00:00:00+00:00
[2024-10-27T19:03:41.814+0000] {processor.py:183} INFO - Processing /home/airflow/.local/lib/python3.8/site-packages/airflow/example_dags/example_branch_operator.py took 0.078 seconds
[2024-10-27T19:04:11.985+0000] {processor.py:161} INFO - Started process (PID=911) to work on /home/airflow/.local/lib/python3.8/site-packages/airflow/example_dags/example_branch_operator.py
[2024-10-27T19:04:11.986+0000] {processor.py:830} INFO - Processing file /home/airflow/.local/lib/python3.8/site-packages/airflow/example_dags/example_branch_operator.py for tasks to queue
[2024-10-27T19:04:11.987+0000] {logging_mixin.py:188} INFO - [2024-10-27T19:04:11.987+0000] {dagbag.py:538} INFO - Filling up the DagBag from /home/airflow/.local/lib/python3.8/site-packages/airflow/example_dags/example_branch_operator.py
[2024-10-27T19:04:12.000+0000] {processor.py:840} INFO - DAG(s) 'example_branch_operator' retrieved from /home/airflow/.local/lib/python3.8/site-packages/airflow/example_dags/example_branch_operator.py
[2024-10-27T19:04:12.025+0000] {logging_mixin.py:188} INFO - [2024-10-27T19:04:12.025+0000] {dag.py:3036} INFO - Sync 1 DAGs
[2024-10-27T19:04:12.048+0000] {logging_mixin.py:188} INFO - [2024-10-27T19:04:12.048+0000] {dag.py:3823} INFO - Setting next_dagrun for example_branch_operator to 2024-10-26 00:00:00+00:00, run_after=2024-10-27 00:00:00+00:00
[2024-10-27T19:04:12.064+0000] {processor.py:183} INFO - Processing /home/airflow/.local/lib/python3.8/site-packages/airflow/example_dags/example_branch_operator.py took 0.082 seconds
[2024-10-27T19:04:42.509+0000] {processor.py:161} INFO - Started process (PID=967) to work on /home/airflow/.local/lib/python3.8/site-packages/airflow/example_dags/example_branch_operator.py
[2024-10-27T19:04:42.510+0000] {processor.py:830} INFO - Processing file /home/airflow/.local/lib/python3.8/site-packages/airflow/example_dags/example_branch_operator.py for tasks to queue
[2024-10-27T19:04:42.511+0000] {logging_mixin.py:188} INFO - [2024-10-27T19:04:42.511+0000] {dagbag.py:538} INFO - Filling up the DagBag from /home/airflow/.local/lib/python3.8/site-packages/airflow/example_dags/example_branch_operator.py
[2024-10-27T19:04:42.524+0000] {processor.py:840} INFO - DAG(s) 'example_branch_operator' retrieved from /home/airflow/.local/lib/python3.8/site-packages/airflow/example_dags/example_branch_operator.py
[2024-10-27T19:04:42.546+0000] {logging_mixin.py:188} INFO - [2024-10-27T19:04:42.546+0000] {dag.py:3036} INFO - Sync 1 DAGs
[2024-10-27T19:04:42.565+0000] {logging_mixin.py:188} INFO - [2024-10-27T19:04:42.565+0000] {dag.py:3823} INFO - Setting next_dagrun for example_branch_operator to 2024-10-26 00:00:00+00:00, run_after=2024-10-27 00:00:00+00:00
[2024-10-27T19:04:42.579+0000] {processor.py:183} INFO - Processing /home/airflow/.local/lib/python3.8/site-packages/airflow/example_dags/example_branch_operator.py took 0.072 seconds
[2024-10-27T19:05:13.297+0000] {processor.py:161} INFO - Started process (PID=1023) to work on /home/airflow/.local/lib/python3.8/site-packages/airflow/example_dags/example_branch_operator.py
[2024-10-27T19:05:13.298+0000] {processor.py:830} INFO - Processing file /home/airflow/.local/lib/python3.8/site-packages/airflow/example_dags/example_branch_operator.py for tasks to queue
[2024-10-27T19:05:13.299+0000] {logging_mixin.py:188} INFO - [2024-10-27T19:05:13.299+0000] {dagbag.py:538} INFO - Filling up the DagBag from /home/airflow/.local/lib/python3.8/site-packages/airflow/example_dags/example_branch_operator.py
[2024-10-27T19:05:13.312+0000] {processor.py:840} INFO - DAG(s) 'example_branch_operator' retrieved from /home/airflow/.local/lib/python3.8/site-packages/airflow/example_dags/example_branch_operator.py
[2024-10-27T19:05:13.333+0000] {logging_mixin.py:188} INFO - [2024-10-27T19:05:13.333+0000] {dag.py:3036} INFO - Sync 1 DAGs
[2024-10-27T19:05:13.353+0000] {logging_mixin.py:188} INFO - [2024-10-27T19:05:13.352+0000] {dag.py:3823} INFO - Setting next_dagrun for example_branch_operator to 2024-10-26 00:00:00+00:00, run_after=2024-10-27 00:00:00+00:00
[2024-10-27T19:05:13.370+0000] {processor.py:183} INFO - Processing /home/airflow/.local/lib/python3.8/site-packages/airflow/example_dags/example_branch_operator.py took 0.075 seconds
[2024-10-27T19:13:19.516+0000] {processor.py:161} INFO - Started process (PID=79) to work on /home/airflow/.local/lib/python3.11/site-packages/airflow/example_dags/example_branch_operator.py
[2024-10-27T19:13:19.519+0000] {processor.py:830} INFO - Processing file /home/airflow/.local/lib/python3.11/site-packages/airflow/example_dags/example_branch_operator.py for tasks to queue
[2024-10-27T19:13:19.521+0000] {logging_mixin.py:188} INFO - [2024-10-27T19:13:19.521+0000] {dagbag.py:538} INFO - Filling up the DagBag from /home/airflow/.local/lib/python3.11/site-packages/airflow/example_dags/example_branch_operator.py
[2024-10-27T19:13:19.542+0000] {processor.py:840} INFO - DAG(s) 'example_branch_operator' retrieved from /home/airflow/.local/lib/python3.11/site-packages/airflow/example_dags/example_branch_operator.py
[2024-10-27T19:13:19.681+0000] {logging_mixin.py:188} INFO - [2024-10-27T19:13:19.680+0000] {dag.py:3036} INFO - Sync 1 DAGs
[2024-10-27T19:13:19.700+0000] {logging_mixin.py:188} INFO - [2024-10-27T19:13:19.699+0000] {dag.py:3823} INFO - Setting next_dagrun for example_branch_operator to 2024-10-26 00:00:00+00:00, run_after=2024-10-27 00:00:00+00:00
[2024-10-27T19:13:19.779+0000] {processor.py:183} INFO - Processing /home/airflow/.local/lib/python3.11/site-packages/airflow/example_dags/example_branch_operator.py took 0.268 seconds
[2024-10-27T19:13:57.377+0000] {processor.py:161} INFO - Started process (PID=137) to work on /home/airflow/.local/lib/python3.11/site-packages/airflow/example_dags/example_branch_operator.py
[2024-10-27T19:13:57.378+0000] {processor.py:830} INFO - Processing file /home/airflow/.local/lib/python3.11/site-packages/airflow/example_dags/example_branch_operator.py for tasks to queue
[2024-10-27T19:13:57.380+0000] {logging_mixin.py:188} INFO - [2024-10-27T19:13:57.379+0000] {dagbag.py:538} INFO - Filling up the DagBag from /home/airflow/.local/lib/python3.11/site-packages/airflow/example_dags/example_branch_operator.py
[2024-10-27T19:13:57.393+0000] {processor.py:840} INFO - DAG(s) 'example_branch_operator' retrieved from /home/airflow/.local/lib/python3.11/site-packages/airflow/example_dags/example_branch_operator.py
[2024-10-27T19:13:57.415+0000] {logging_mixin.py:188} INFO - [2024-10-27T19:13:57.415+0000] {dag.py:3036} INFO - Sync 1 DAGs
[2024-10-27T19:13:57.430+0000] {logging_mixin.py:188} INFO - [2024-10-27T19:13:57.430+0000] {dag.py:3823} INFO - Setting next_dagrun for example_branch_operator to 2024-10-26 00:00:00+00:00, run_after=2024-10-27 00:00:00+00:00
[2024-10-27T19:13:58.788+0000] {processor.py:183} INFO - Processing /home/airflow/.local/lib/python3.11/site-packages/airflow/example_dags/example_branch_operator.py took 1.413 seconds
[2024-10-27T19:14:29.524+0000] {processor.py:161} INFO - Started process (PID=196) to work on /home/airflow/.local/lib/python3.11/site-packages/airflow/example_dags/example_branch_operator.py
[2024-10-27T19:14:29.525+0000] {processor.py:830} INFO - Processing file /home/airflow/.local/lib/python3.11/site-packages/airflow/example_dags/example_branch_operator.py for tasks to queue
[2024-10-27T19:14:29.526+0000] {logging_mixin.py:188} INFO - [2024-10-27T19:14:29.526+0000] {dagbag.py:538} INFO - Filling up the DagBag from /home/airflow/.local/lib/python3.11/site-packages/airflow/example_dags/example_branch_operator.py
[2024-10-27T19:14:29.542+0000] {processor.py:840} INFO - DAG(s) 'example_branch_operator' retrieved from /home/airflow/.local/lib/python3.11/site-packages/airflow/example_dags/example_branch_operator.py
[2024-10-27T19:14:29.562+0000] {logging_mixin.py:188} INFO - [2024-10-27T19:14:29.562+0000] {dag.py:3036} INFO - Sync 1 DAGs
[2024-10-27T19:14:29.580+0000] {logging_mixin.py:188} INFO - [2024-10-27T19:14:29.579+0000] {dag.py:3823} INFO - Setting next_dagrun for example_branch_operator to 2024-10-26 00:00:00+00:00, run_after=2024-10-27 00:00:00+00:00
[2024-10-27T19:14:29.674+0000] {processor.py:183} INFO - Processing /home/airflow/.local/lib/python3.11/site-packages/airflow/example_dags/example_branch_operator.py took 0.152 seconds
[2024-10-27T19:14:59.856+0000] {processor.py:161} INFO - Started process (PID=255) to work on /home/airflow/.local/lib/python3.11/site-packages/airflow/example_dags/example_branch_operator.py
[2024-10-27T19:14:59.857+0000] {processor.py:830} INFO - Processing file /home/airflow/.local/lib/python3.11/site-packages/airflow/example_dags/example_branch_operator.py for tasks to queue
[2024-10-27T19:14:59.859+0000] {logging_mixin.py:188} INFO - [2024-10-27T19:14:59.859+0000] {dagbag.py:538} INFO - Filling up the DagBag from /home/airflow/.local/lib/python3.11/site-packages/airflow/example_dags/example_branch_operator.py
[2024-10-27T19:14:59.900+0000] {processor.py:840} INFO - DAG(s) 'example_branch_operator' retrieved from /home/airflow/.local/lib/python3.11/site-packages/airflow/example_dags/example_branch_operator.py
[2024-10-27T19:14:59.970+0000] {logging_mixin.py:188} INFO - [2024-10-27T19:14:59.969+0000] {dag.py:3036} INFO - Sync 1 DAGs
[2024-10-27T19:15:00.032+0000] {logging_mixin.py:188} INFO - [2024-10-27T19:15:00.032+0000] {dag.py:3823} INFO - Setting next_dagrun for example_branch_operator to 2024-10-26 00:00:00+00:00, run_after=2024-10-27 00:00:00+00:00
[2024-10-27T19:15:00.078+0000] {processor.py:183} INFO - Processing /home/airflow/.local/lib/python3.11/site-packages/airflow/example_dags/example_branch_operator.py took 0.228 seconds
[2024-10-27T19:15:30.332+0000] {processor.py:161} INFO - Started process (PID=312) to work on /home/airflow/.local/lib/python3.11/site-packages/airflow/example_dags/example_branch_operator.py
[2024-10-27T19:15:30.333+0000] {processor.py:830} INFO - Processing file /home/airflow/.local/lib/python3.11/site-packages/airflow/example_dags/example_branch_operator.py for tasks to queue
[2024-10-27T19:15:30.334+0000] {logging_mixin.py:188} INFO - [2024-10-27T19:15:30.334+0000] {dagbag.py:538} INFO - Filling up the DagBag from /home/airflow/.local/lib/python3.11/site-packages/airflow/example_dags/example_branch_operator.py
[2024-10-27T19:15:30.345+0000] {processor.py:840} INFO - DAG(s) 'example_branch_operator' retrieved from /home/airflow/.local/lib/python3.11/site-packages/airflow/example_dags/example_branch_operator.py
[2024-10-27T19:15:30.367+0000] {logging_mixin.py:188} INFO - [2024-10-27T19:15:30.367+0000] {dag.py:3036} INFO - Sync 1 DAGs
[2024-10-27T19:15:30.389+0000] {logging_mixin.py:188} INFO - [2024-10-27T19:15:30.388+0000] {dag.py:3823} INFO - Setting next_dagrun for example_branch_operator to 2024-10-26 00:00:00+00:00, run_after=2024-10-27 00:00:00+00:00
[2024-10-27T19:15:30.403+0000] {processor.py:183} INFO - Processing /home/airflow/.local/lib/python3.11/site-packages/airflow/example_dags/example_branch_operator.py took 0.073 seconds
