[2024-10-27T18:56:01.157+0000] {processor.py:161} INFO - Started process (PID=192) to work on /home/airflow/.local/lib/python3.8/site-packages/airflow/example_dags/example_time_delta_sensor_async.py
[2024-10-27T18:56:01.158+0000] {processor.py:830} INFO - Processing file /home/airflow/.local/lib/python3.8/site-packages/airflow/example_dags/example_time_delta_sensor_async.py for tasks to queue
[2024-10-27T18:56:01.159+0000] {logging_mixin.py:188} INFO - [2024-10-27T18:56:01.159+0000] {dagbag.py:538} INFO - Filling up the DagBag from /home/airflow/.local/lib/python3.8/site-packages/airflow/example_dags/example_time_delta_sensor_async.py
[2024-10-27T18:56:01.163+0000] {processor.py:840} INFO - DAG(s) 'example_time_delta_sensor_async' retrieved from /home/airflow/.local/lib/python3.8/site-packages/airflow/example_dags/example_time_delta_sensor_async.py
[2024-10-27T18:56:01.248+0000] {logging_mixin.py:188} INFO - [2024-10-27T18:56:01.248+0000] {override.py:1769} INFO - Created Permission View: can delete on DAG:example_time_delta_sensor_async
[2024-10-27T18:56:01.258+0000] {logging_mixin.py:188} INFO - [2024-10-27T18:56:01.257+0000] {override.py:1769} INFO - Created Permission View: can read on DAG:example_time_delta_sensor_async
[2024-10-27T18:56:01.265+0000] {logging_mixin.py:188} INFO - [2024-10-27T18:56:01.265+0000] {override.py:1769} INFO - Created Permission View: can edit on DAG:example_time_delta_sensor_async
[2024-10-27T18:56:01.265+0000] {logging_mixin.py:188} INFO - [2024-10-27T18:56:01.265+0000] {dag.py:3036} INFO - Sync 1 DAGs
[2024-10-27T18:56:01.275+0000] {logging_mixin.py:188} INFO - [2024-10-27T18:56:01.275+0000] {dag.py:3058} INFO - Creating ORM DAG for example_time_delta_sensor_async
[2024-10-27T18:56:01.275+0000] {logging_mixin.py:188} INFO - [2024-10-27T18:56:01.275+0000] {dag.py:3823} INFO - Setting next_dagrun for example_time_delta_sensor_async to None, run_after=None
[2024-10-27T18:56:01.289+0000] {processor.py:183} INFO - Processing /home/airflow/.local/lib/python3.8/site-packages/airflow/example_dags/example_time_delta_sensor_async.py took 0.135 seconds
[2024-10-27T18:56:36.628+0000] {processor.py:161} INFO - Started process (PID=58) to work on /home/airflow/.local/lib/python3.8/site-packages/airflow/example_dags/example_time_delta_sensor_async.py
[2024-10-27T18:56:36.629+0000] {processor.py:830} INFO - Processing file /home/airflow/.local/lib/python3.8/site-packages/airflow/example_dags/example_time_delta_sensor_async.py for tasks to queue
[2024-10-27T18:56:36.631+0000] {logging_mixin.py:188} INFO - [2024-10-27T18:56:36.630+0000] {dagbag.py:538} INFO - Filling up the DagBag from /home/airflow/.local/lib/python3.8/site-packages/airflow/example_dags/example_time_delta_sensor_async.py
[2024-10-27T18:56:36.635+0000] {processor.py:840} INFO - DAG(s) 'example_time_delta_sensor_async' retrieved from /home/airflow/.local/lib/python3.8/site-packages/airflow/example_dags/example_time_delta_sensor_async.py
[2024-10-27T18:56:36.656+0000] {logging_mixin.py:188} INFO - [2024-10-27T18:56:36.656+0000] {dag.py:3036} INFO - Sync 1 DAGs
[2024-10-27T18:56:36.674+0000] {logging_mixin.py:188} INFO - [2024-10-27T18:56:36.674+0000] {dag.py:3823} INFO - Setting next_dagrun for example_time_delta_sensor_async to None, run_after=None
[2024-10-27T18:56:36.696+0000] {processor.py:183} INFO - Processing /home/airflow/.local/lib/python3.8/site-packages/airflow/example_dags/example_time_delta_sensor_async.py took 0.071 seconds
[2024-10-27T18:57:07.195+0000] {processor.py:161} INFO - Started process (PID=114) to work on /home/airflow/.local/lib/python3.8/site-packages/airflow/example_dags/example_time_delta_sensor_async.py
[2024-10-27T18:57:07.196+0000] {processor.py:830} INFO - Processing file /home/airflow/.local/lib/python3.8/site-packages/airflow/example_dags/example_time_delta_sensor_async.py for tasks to queue
[2024-10-27T18:57:07.198+0000] {logging_mixin.py:188} INFO - [2024-10-27T18:57:07.197+0000] {dagbag.py:538} INFO - Filling up the DagBag from /home/airflow/.local/lib/python3.8/site-packages/airflow/example_dags/example_time_delta_sensor_async.py
[2024-10-27T18:57:07.201+0000] {processor.py:840} INFO - DAG(s) 'example_time_delta_sensor_async' retrieved from /home/airflow/.local/lib/python3.8/site-packages/airflow/example_dags/example_time_delta_sensor_async.py
[2024-10-27T18:57:07.221+0000] {logging_mixin.py:188} INFO - [2024-10-27T18:57:07.221+0000] {dag.py:3036} INFO - Sync 1 DAGs
[2024-10-27T18:57:07.233+0000] {logging_mixin.py:188} INFO - [2024-10-27T18:57:07.233+0000] {dag.py:3823} INFO - Setting next_dagrun for example_time_delta_sensor_async to None, run_after=None
[2024-10-27T18:57:07.252+0000] {processor.py:183} INFO - Processing /home/airflow/.local/lib/python3.8/site-packages/airflow/example_dags/example_time_delta_sensor_async.py took 0.059 seconds
[2024-10-27T18:57:37.644+0000] {processor.py:161} INFO - Started process (PID=176) to work on /home/airflow/.local/lib/python3.8/site-packages/airflow/example_dags/example_time_delta_sensor_async.py
[2024-10-27T18:57:37.645+0000] {processor.py:830} INFO - Processing file /home/airflow/.local/lib/python3.8/site-packages/airflow/example_dags/example_time_delta_sensor_async.py for tasks to queue
[2024-10-27T18:57:37.646+0000] {logging_mixin.py:188} INFO - [2024-10-27T18:57:37.646+0000] {dagbag.py:538} INFO - Filling up the DagBag from /home/airflow/.local/lib/python3.8/site-packages/airflow/example_dags/example_time_delta_sensor_async.py
[2024-10-27T18:57:37.650+0000] {processor.py:840} INFO - DAG(s) 'example_time_delta_sensor_async' retrieved from /home/airflow/.local/lib/python3.8/site-packages/airflow/example_dags/example_time_delta_sensor_async.py
[2024-10-27T18:57:37.666+0000] {logging_mixin.py:188} INFO - [2024-10-27T18:57:37.666+0000] {dag.py:3036} INFO - Sync 1 DAGs
[2024-10-27T18:57:37.676+0000] {logging_mixin.py:188} INFO - [2024-10-27T18:57:37.675+0000] {dag.py:3823} INFO - Setting next_dagrun for example_time_delta_sensor_async to None, run_after=None
[2024-10-27T18:57:37.694+0000] {processor.py:183} INFO - Processing /home/airflow/.local/lib/python3.8/site-packages/airflow/example_dags/example_time_delta_sensor_async.py took 0.052 seconds
[2024-10-27T18:58:08.109+0000] {processor.py:161} INFO - Started process (PID=232) to work on /home/airflow/.local/lib/python3.8/site-packages/airflow/example_dags/example_time_delta_sensor_async.py
[2024-10-27T18:58:08.110+0000] {processor.py:830} INFO - Processing file /home/airflow/.local/lib/python3.8/site-packages/airflow/example_dags/example_time_delta_sensor_async.py for tasks to queue
[2024-10-27T18:58:08.111+0000] {logging_mixin.py:188} INFO - [2024-10-27T18:58:08.111+0000] {dagbag.py:538} INFO - Filling up the DagBag from /home/airflow/.local/lib/python3.8/site-packages/airflow/example_dags/example_time_delta_sensor_async.py
[2024-10-27T18:58:08.115+0000] {processor.py:840} INFO - DAG(s) 'example_time_delta_sensor_async' retrieved from /home/airflow/.local/lib/python3.8/site-packages/airflow/example_dags/example_time_delta_sensor_async.py
[2024-10-27T18:58:08.132+0000] {logging_mixin.py:188} INFO - [2024-10-27T18:58:08.132+0000] {dag.py:3036} INFO - Sync 1 DAGs
[2024-10-27T18:58:08.145+0000] {logging_mixin.py:188} INFO - [2024-10-27T18:58:08.145+0000] {dag.py:3823} INFO - Setting next_dagrun for example_time_delta_sensor_async to None, run_after=None
[2024-10-27T18:58:08.163+0000] {processor.py:183} INFO - Processing /home/airflow/.local/lib/python3.8/site-packages/airflow/example_dags/example_time_delta_sensor_async.py took 0.057 seconds
[2024-10-27T18:58:38.742+0000] {processor.py:161} INFO - Started process (PID=288) to work on /home/airflow/.local/lib/python3.8/site-packages/airflow/example_dags/example_time_delta_sensor_async.py
[2024-10-27T18:58:38.743+0000] {processor.py:830} INFO - Processing file /home/airflow/.local/lib/python3.8/site-packages/airflow/example_dags/example_time_delta_sensor_async.py for tasks to queue
[2024-10-27T18:58:38.744+0000] {logging_mixin.py:188} INFO - [2024-10-27T18:58:38.744+0000] {dagbag.py:538} INFO - Filling up the DagBag from /home/airflow/.local/lib/python3.8/site-packages/airflow/example_dags/example_time_delta_sensor_async.py
[2024-10-27T18:58:38.748+0000] {processor.py:840} INFO - DAG(s) 'example_time_delta_sensor_async' retrieved from /home/airflow/.local/lib/python3.8/site-packages/airflow/example_dags/example_time_delta_sensor_async.py
[2024-10-27T18:58:38.764+0000] {logging_mixin.py:188} INFO - [2024-10-27T18:58:38.763+0000] {dag.py:3036} INFO - Sync 1 DAGs
[2024-10-27T18:58:38.775+0000] {logging_mixin.py:188} INFO - [2024-10-27T18:58:38.774+0000] {dag.py:3823} INFO - Setting next_dagrun for example_time_delta_sensor_async to None, run_after=None
[2024-10-27T18:58:38.791+0000] {processor.py:183} INFO - Processing /home/airflow/.local/lib/python3.8/site-packages/airflow/example_dags/example_time_delta_sensor_async.py took 0.051 seconds
[2024-10-27T18:59:09.039+0000] {processor.py:161} INFO - Started process (PID=345) to work on /home/airflow/.local/lib/python3.8/site-packages/airflow/example_dags/example_time_delta_sensor_async.py
[2024-10-27T18:59:09.040+0000] {processor.py:830} INFO - Processing file /home/airflow/.local/lib/python3.8/site-packages/airflow/example_dags/example_time_delta_sensor_async.py for tasks to queue
[2024-10-27T18:59:09.041+0000] {logging_mixin.py:188} INFO - [2024-10-27T18:59:09.041+0000] {dagbag.py:538} INFO - Filling up the DagBag from /home/airflow/.local/lib/python3.8/site-packages/airflow/example_dags/example_time_delta_sensor_async.py
[2024-10-27T18:59:09.044+0000] {processor.py:840} INFO - DAG(s) 'example_time_delta_sensor_async' retrieved from /home/airflow/.local/lib/python3.8/site-packages/airflow/example_dags/example_time_delta_sensor_async.py
[2024-10-27T18:59:09.058+0000] {logging_mixin.py:188} INFO - [2024-10-27T18:59:09.058+0000] {dag.py:3036} INFO - Sync 1 DAGs
[2024-10-27T18:59:09.067+0000] {logging_mixin.py:188} INFO - [2024-10-27T18:59:09.066+0000] {dag.py:3823} INFO - Setting next_dagrun for example_time_delta_sensor_async to None, run_after=None
[2024-10-27T18:59:09.082+0000] {processor.py:183} INFO - Processing /home/airflow/.local/lib/python3.8/site-packages/airflow/example_dags/example_time_delta_sensor_async.py took 0.045 seconds
[2024-10-27T18:59:39.307+0000] {processor.py:161} INFO - Started process (PID=401) to work on /home/airflow/.local/lib/python3.8/site-packages/airflow/example_dags/example_time_delta_sensor_async.py
[2024-10-27T18:59:39.308+0000] {processor.py:830} INFO - Processing file /home/airflow/.local/lib/python3.8/site-packages/airflow/example_dags/example_time_delta_sensor_async.py for tasks to queue
[2024-10-27T18:59:39.309+0000] {logging_mixin.py:188} INFO - [2024-10-27T18:59:39.309+0000] {dagbag.py:538} INFO - Filling up the DagBag from /home/airflow/.local/lib/python3.8/site-packages/airflow/example_dags/example_time_delta_sensor_async.py
[2024-10-27T18:59:39.313+0000] {processor.py:840} INFO - DAG(s) 'example_time_delta_sensor_async' retrieved from /home/airflow/.local/lib/python3.8/site-packages/airflow/example_dags/example_time_delta_sensor_async.py
[2024-10-27T18:59:39.332+0000] {logging_mixin.py:188} INFO - [2024-10-27T18:59:39.332+0000] {dag.py:3036} INFO - Sync 1 DAGs
[2024-10-27T18:59:39.343+0000] {logging_mixin.py:188} INFO - [2024-10-27T18:59:39.343+0000] {dag.py:3823} INFO - Setting next_dagrun for example_time_delta_sensor_async to None, run_after=None
[2024-10-27T18:59:39.360+0000] {processor.py:183} INFO - Processing /home/airflow/.local/lib/python3.8/site-packages/airflow/example_dags/example_time_delta_sensor_async.py took 0.056 seconds
[2024-10-27T19:00:09.565+0000] {processor.py:161} INFO - Started process (PID=457) to work on /home/airflow/.local/lib/python3.8/site-packages/airflow/example_dags/example_time_delta_sensor_async.py
[2024-10-27T19:00:09.566+0000] {processor.py:830} INFO - Processing file /home/airflow/.local/lib/python3.8/site-packages/airflow/example_dags/example_time_delta_sensor_async.py for tasks to queue
[2024-10-27T19:00:09.567+0000] {logging_mixin.py:188} INFO - [2024-10-27T19:00:09.567+0000] {dagbag.py:538} INFO - Filling up the DagBag from /home/airflow/.local/lib/python3.8/site-packages/airflow/example_dags/example_time_delta_sensor_async.py
[2024-10-27T19:00:09.570+0000] {processor.py:840} INFO - DAG(s) 'example_time_delta_sensor_async' retrieved from /home/airflow/.local/lib/python3.8/site-packages/airflow/example_dags/example_time_delta_sensor_async.py
[2024-10-27T19:00:09.585+0000] {logging_mixin.py:188} INFO - [2024-10-27T19:00:09.585+0000] {dag.py:3036} INFO - Sync 1 DAGs
[2024-10-27T19:00:09.594+0000] {logging_mixin.py:188} INFO - [2024-10-27T19:00:09.594+0000] {dag.py:3823} INFO - Setting next_dagrun for example_time_delta_sensor_async to None, run_after=None
[2024-10-27T19:00:09.610+0000] {processor.py:183} INFO - Processing /home/airflow/.local/lib/python3.8/site-packages/airflow/example_dags/example_time_delta_sensor_async.py took 0.047 seconds
[2024-10-27T19:00:39.798+0000] {processor.py:161} INFO - Started process (PID=513) to work on /home/airflow/.local/lib/python3.8/site-packages/airflow/example_dags/example_time_delta_sensor_async.py
[2024-10-27T19:00:39.799+0000] {processor.py:830} INFO - Processing file /home/airflow/.local/lib/python3.8/site-packages/airflow/example_dags/example_time_delta_sensor_async.py for tasks to queue
[2024-10-27T19:00:39.800+0000] {logging_mixin.py:188} INFO - [2024-10-27T19:00:39.800+0000] {dagbag.py:538} INFO - Filling up the DagBag from /home/airflow/.local/lib/python3.8/site-packages/airflow/example_dags/example_time_delta_sensor_async.py
[2024-10-27T19:00:39.804+0000] {processor.py:840} INFO - DAG(s) 'example_time_delta_sensor_async' retrieved from /home/airflow/.local/lib/python3.8/site-packages/airflow/example_dags/example_time_delta_sensor_async.py
[2024-10-27T19:00:39.824+0000] {logging_mixin.py:188} INFO - [2024-10-27T19:00:39.823+0000] {dag.py:3036} INFO - Sync 1 DAGs
[2024-10-27T19:00:39.835+0000] {logging_mixin.py:188} INFO - [2024-10-27T19:00:39.835+0000] {dag.py:3823} INFO - Setting next_dagrun for example_time_delta_sensor_async to None, run_after=None
[2024-10-27T19:00:39.858+0000] {processor.py:183} INFO - Processing /home/airflow/.local/lib/python3.8/site-packages/airflow/example_dags/example_time_delta_sensor_async.py took 0.062 seconds
[2024-10-27T19:01:10.118+0000] {processor.py:161} INFO - Started process (PID=569) to work on /home/airflow/.local/lib/python3.8/site-packages/airflow/example_dags/example_time_delta_sensor_async.py
[2024-10-27T19:01:10.119+0000] {processor.py:830} INFO - Processing file /home/airflow/.local/lib/python3.8/site-packages/airflow/example_dags/example_time_delta_sensor_async.py for tasks to queue
[2024-10-27T19:01:10.120+0000] {logging_mixin.py:188} INFO - [2024-10-27T19:01:10.120+0000] {dagbag.py:538} INFO - Filling up the DagBag from /home/airflow/.local/lib/python3.8/site-packages/airflow/example_dags/example_time_delta_sensor_async.py
[2024-10-27T19:01:10.123+0000] {processor.py:840} INFO - DAG(s) 'example_time_delta_sensor_async' retrieved from /home/airflow/.local/lib/python3.8/site-packages/airflow/example_dags/example_time_delta_sensor_async.py
[2024-10-27T19:01:10.138+0000] {logging_mixin.py:188} INFO - [2024-10-27T19:01:10.138+0000] {dag.py:3036} INFO - Sync 1 DAGs
[2024-10-27T19:01:10.148+0000] {logging_mixin.py:188} INFO - [2024-10-27T19:01:10.147+0000] {dag.py:3823} INFO - Setting next_dagrun for example_time_delta_sensor_async to None, run_after=None
[2024-10-27T19:01:10.164+0000] {processor.py:183} INFO - Processing /home/airflow/.local/lib/python3.8/site-packages/airflow/example_dags/example_time_delta_sensor_async.py took 0.048 seconds
[2024-10-27T19:01:40.321+0000] {processor.py:161} INFO - Started process (PID=625) to work on /home/airflow/.local/lib/python3.8/site-packages/airflow/example_dags/example_time_delta_sensor_async.py
[2024-10-27T19:01:40.322+0000] {processor.py:830} INFO - Processing file /home/airflow/.local/lib/python3.8/site-packages/airflow/example_dags/example_time_delta_sensor_async.py for tasks to queue
[2024-10-27T19:01:40.323+0000] {logging_mixin.py:188} INFO - [2024-10-27T19:01:40.323+0000] {dagbag.py:538} INFO - Filling up the DagBag from /home/airflow/.local/lib/python3.8/site-packages/airflow/example_dags/example_time_delta_sensor_async.py
[2024-10-27T19:01:40.326+0000] {processor.py:840} INFO - DAG(s) 'example_time_delta_sensor_async' retrieved from /home/airflow/.local/lib/python3.8/site-packages/airflow/example_dags/example_time_delta_sensor_async.py
[2024-10-27T19:01:40.340+0000] {logging_mixin.py:188} INFO - [2024-10-27T19:01:40.339+0000] {dag.py:3036} INFO - Sync 1 DAGs
[2024-10-27T19:01:40.349+0000] {logging_mixin.py:188} INFO - [2024-10-27T19:01:40.348+0000] {dag.py:3823} INFO - Setting next_dagrun for example_time_delta_sensor_async to None, run_after=None
[2024-10-27T19:01:40.363+0000] {processor.py:183} INFO - Processing /home/airflow/.local/lib/python3.8/site-packages/airflow/example_dags/example_time_delta_sensor_async.py took 0.044 seconds
[2024-10-27T19:02:10.734+0000] {processor.py:161} INFO - Started process (PID=681) to work on /home/airflow/.local/lib/python3.8/site-packages/airflow/example_dags/example_time_delta_sensor_async.py
[2024-10-27T19:02:10.735+0000] {processor.py:830} INFO - Processing file /home/airflow/.local/lib/python3.8/site-packages/airflow/example_dags/example_time_delta_sensor_async.py for tasks to queue
[2024-10-27T19:02:10.736+0000] {logging_mixin.py:188} INFO - [2024-10-27T19:02:10.736+0000] {dagbag.py:538} INFO - Filling up the DagBag from /home/airflow/.local/lib/python3.8/site-packages/airflow/example_dags/example_time_delta_sensor_async.py
[2024-10-27T19:02:10.739+0000] {processor.py:840} INFO - DAG(s) 'example_time_delta_sensor_async' retrieved from /home/airflow/.local/lib/python3.8/site-packages/airflow/example_dags/example_time_delta_sensor_async.py
[2024-10-27T19:02:10.753+0000] {logging_mixin.py:188} INFO - [2024-10-27T19:02:10.753+0000] {dag.py:3036} INFO - Sync 1 DAGs
[2024-10-27T19:02:10.763+0000] {logging_mixin.py:188} INFO - [2024-10-27T19:02:10.762+0000] {dag.py:3823} INFO - Setting next_dagrun for example_time_delta_sensor_async to None, run_after=None
[2024-10-27T19:02:10.780+0000] {processor.py:183} INFO - Processing /home/airflow/.local/lib/python3.8/site-packages/airflow/example_dags/example_time_delta_sensor_async.py took 0.047 seconds
[2024-10-27T19:02:41.040+0000] {processor.py:161} INFO - Started process (PID=737) to work on /home/airflow/.local/lib/python3.8/site-packages/airflow/example_dags/example_time_delta_sensor_async.py
[2024-10-27T19:02:41.041+0000] {processor.py:830} INFO - Processing file /home/airflow/.local/lib/python3.8/site-packages/airflow/example_dags/example_time_delta_sensor_async.py for tasks to queue
[2024-10-27T19:02:41.043+0000] {logging_mixin.py:188} INFO - [2024-10-27T19:02:41.042+0000] {dagbag.py:538} INFO - Filling up the DagBag from /home/airflow/.local/lib/python3.8/site-packages/airflow/example_dags/example_time_delta_sensor_async.py
[2024-10-27T19:02:41.046+0000] {processor.py:840} INFO - DAG(s) 'example_time_delta_sensor_async' retrieved from /home/airflow/.local/lib/python3.8/site-packages/airflow/example_dags/example_time_delta_sensor_async.py
[2024-10-27T19:02:41.061+0000] {logging_mixin.py:188} INFO - [2024-10-27T19:02:41.060+0000] {dag.py:3036} INFO - Sync 1 DAGs
[2024-10-27T19:02:41.071+0000] {logging_mixin.py:188} INFO - [2024-10-27T19:02:41.070+0000] {dag.py:3823} INFO - Setting next_dagrun for example_time_delta_sensor_async to None, run_after=None
[2024-10-27T19:02:41.087+0000] {processor.py:183} INFO - Processing /home/airflow/.local/lib/python3.8/site-packages/airflow/example_dags/example_time_delta_sensor_async.py took 0.048 seconds
[2024-10-27T19:03:11.187+0000] {processor.py:161} INFO - Started process (PID=793) to work on /home/airflow/.local/lib/python3.8/site-packages/airflow/example_dags/example_time_delta_sensor_async.py
[2024-10-27T19:03:11.188+0000] {processor.py:830} INFO - Processing file /home/airflow/.local/lib/python3.8/site-packages/airflow/example_dags/example_time_delta_sensor_async.py for tasks to queue
[2024-10-27T19:03:11.189+0000] {logging_mixin.py:188} INFO - [2024-10-27T19:03:11.189+0000] {dagbag.py:538} INFO - Filling up the DagBag from /home/airflow/.local/lib/python3.8/site-packages/airflow/example_dags/example_time_delta_sensor_async.py
[2024-10-27T19:03:11.193+0000] {processor.py:840} INFO - DAG(s) 'example_time_delta_sensor_async' retrieved from /home/airflow/.local/lib/python3.8/site-packages/airflow/example_dags/example_time_delta_sensor_async.py
[2024-10-27T19:03:11.209+0000] {logging_mixin.py:188} INFO - [2024-10-27T19:03:11.208+0000] {dag.py:3036} INFO - Sync 1 DAGs
[2024-10-27T19:03:11.218+0000] {logging_mixin.py:188} INFO - [2024-10-27T19:03:11.218+0000] {dag.py:3823} INFO - Setting next_dagrun for example_time_delta_sensor_async to None, run_after=None
[2024-10-27T19:03:11.235+0000] {processor.py:183} INFO - Processing /home/airflow/.local/lib/python3.8/site-packages/airflow/example_dags/example_time_delta_sensor_async.py took 0.050 seconds
[2024-10-27T19:03:41.521+0000] {processor.py:161} INFO - Started process (PID=849) to work on /home/airflow/.local/lib/python3.8/site-packages/airflow/example_dags/example_time_delta_sensor_async.py
[2024-10-27T19:03:41.522+0000] {processor.py:830} INFO - Processing file /home/airflow/.local/lib/python3.8/site-packages/airflow/example_dags/example_time_delta_sensor_async.py for tasks to queue
[2024-10-27T19:03:41.523+0000] {logging_mixin.py:188} INFO - [2024-10-27T19:03:41.523+0000] {dagbag.py:538} INFO - Filling up the DagBag from /home/airflow/.local/lib/python3.8/site-packages/airflow/example_dags/example_time_delta_sensor_async.py
[2024-10-27T19:03:41.526+0000] {processor.py:840} INFO - DAG(s) 'example_time_delta_sensor_async' retrieved from /home/airflow/.local/lib/python3.8/site-packages/airflow/example_dags/example_time_delta_sensor_async.py
[2024-10-27T19:03:41.541+0000] {logging_mixin.py:188} INFO - [2024-10-27T19:03:41.541+0000] {dag.py:3036} INFO - Sync 1 DAGs
[2024-10-27T19:03:41.551+0000] {logging_mixin.py:188} INFO - [2024-10-27T19:03:41.551+0000] {dag.py:3823} INFO - Setting next_dagrun for example_time_delta_sensor_async to None, run_after=None
[2024-10-27T19:03:41.567+0000] {processor.py:183} INFO - Processing /home/airflow/.local/lib/python3.8/site-packages/airflow/example_dags/example_time_delta_sensor_async.py took 0.048 seconds
[2024-10-27T19:04:11.663+0000] {processor.py:161} INFO - Started process (PID=905) to work on /home/airflow/.local/lib/python3.8/site-packages/airflow/example_dags/example_time_delta_sensor_async.py
[2024-10-27T19:04:11.663+0000] {processor.py:830} INFO - Processing file /home/airflow/.local/lib/python3.8/site-packages/airflow/example_dags/example_time_delta_sensor_async.py for tasks to queue
[2024-10-27T19:04:11.665+0000] {logging_mixin.py:188} INFO - [2024-10-27T19:04:11.665+0000] {dagbag.py:538} INFO - Filling up the DagBag from /home/airflow/.local/lib/python3.8/site-packages/airflow/example_dags/example_time_delta_sensor_async.py
[2024-10-27T19:04:11.668+0000] {processor.py:840} INFO - DAG(s) 'example_time_delta_sensor_async' retrieved from /home/airflow/.local/lib/python3.8/site-packages/airflow/example_dags/example_time_delta_sensor_async.py
[2024-10-27T19:04:11.685+0000] {logging_mixin.py:188} INFO - [2024-10-27T19:04:11.685+0000] {dag.py:3036} INFO - Sync 1 DAGs
[2024-10-27T19:04:11.695+0000] {logging_mixin.py:188} INFO - [2024-10-27T19:04:11.695+0000] {dag.py:3823} INFO - Setting next_dagrun for example_time_delta_sensor_async to None, run_after=None
[2024-10-27T19:04:11.711+0000] {processor.py:183} INFO - Processing /home/airflow/.local/lib/python3.8/site-packages/airflow/example_dags/example_time_delta_sensor_async.py took 0.051 seconds
[2024-10-27T19:04:42.205+0000] {processor.py:161} INFO - Started process (PID=961) to work on /home/airflow/.local/lib/python3.8/site-packages/airflow/example_dags/example_time_delta_sensor_async.py
[2024-10-27T19:04:42.205+0000] {processor.py:830} INFO - Processing file /home/airflow/.local/lib/python3.8/site-packages/airflow/example_dags/example_time_delta_sensor_async.py for tasks to queue
[2024-10-27T19:04:42.207+0000] {logging_mixin.py:188} INFO - [2024-10-27T19:04:42.207+0000] {dagbag.py:538} INFO - Filling up the DagBag from /home/airflow/.local/lib/python3.8/site-packages/airflow/example_dags/example_time_delta_sensor_async.py
[2024-10-27T19:04:42.210+0000] {processor.py:840} INFO - DAG(s) 'example_time_delta_sensor_async' retrieved from /home/airflow/.local/lib/python3.8/site-packages/airflow/example_dags/example_time_delta_sensor_async.py
[2024-10-27T19:04:42.226+0000] {logging_mixin.py:188} INFO - [2024-10-27T19:04:42.226+0000] {dag.py:3036} INFO - Sync 1 DAGs
[2024-10-27T19:04:42.235+0000] {logging_mixin.py:188} INFO - [2024-10-27T19:04:42.235+0000] {dag.py:3823} INFO - Setting next_dagrun for example_time_delta_sensor_async to None, run_after=None
[2024-10-27T19:04:42.249+0000] {processor.py:183} INFO - Processing /home/airflow/.local/lib/python3.8/site-packages/airflow/example_dags/example_time_delta_sensor_async.py took 0.047 seconds
[2024-10-27T19:05:12.960+0000] {processor.py:161} INFO - Started process (PID=1017) to work on /home/airflow/.local/lib/python3.8/site-packages/airflow/example_dags/example_time_delta_sensor_async.py
[2024-10-27T19:05:12.961+0000] {processor.py:830} INFO - Processing file /home/airflow/.local/lib/python3.8/site-packages/airflow/example_dags/example_time_delta_sensor_async.py for tasks to queue
[2024-10-27T19:05:12.963+0000] {logging_mixin.py:188} INFO - [2024-10-27T19:05:12.962+0000] {dagbag.py:538} INFO - Filling up the DagBag from /home/airflow/.local/lib/python3.8/site-packages/airflow/example_dags/example_time_delta_sensor_async.py
[2024-10-27T19:05:12.966+0000] {processor.py:840} INFO - DAG(s) 'example_time_delta_sensor_async' retrieved from /home/airflow/.local/lib/python3.8/site-packages/airflow/example_dags/example_time_delta_sensor_async.py
[2024-10-27T19:05:12.983+0000] {logging_mixin.py:188} INFO - [2024-10-27T19:05:12.983+0000] {dag.py:3036} INFO - Sync 1 DAGs
[2024-10-27T19:05:12.994+0000] {logging_mixin.py:188} INFO - [2024-10-27T19:05:12.993+0000] {dag.py:3823} INFO - Setting next_dagrun for example_time_delta_sensor_async to None, run_after=None
[2024-10-27T19:05:13.012+0000] {processor.py:183} INFO - Processing /home/airflow/.local/lib/python3.8/site-packages/airflow/example_dags/example_time_delta_sensor_async.py took 0.054 seconds
[2024-10-27T19:13:18.145+0000] {processor.py:161} INFO - Started process (PID=73) to work on /home/airflow/.local/lib/python3.11/site-packages/airflow/example_dags/example_time_delta_sensor_async.py
[2024-10-27T19:13:18.224+0000] {processor.py:830} INFO - Processing file /home/airflow/.local/lib/python3.11/site-packages/airflow/example_dags/example_time_delta_sensor_async.py for tasks to queue
[2024-10-27T19:13:18.226+0000] {logging_mixin.py:188} INFO - [2024-10-27T19:13:18.226+0000] {dagbag.py:538} INFO - Filling up the DagBag from /home/airflow/.local/lib/python3.11/site-packages/airflow/example_dags/example_time_delta_sensor_async.py
[2024-10-27T19:13:18.232+0000] {processor.py:840} INFO - DAG(s) 'example_time_delta_sensor_async' retrieved from /home/airflow/.local/lib/python3.11/site-packages/airflow/example_dags/example_time_delta_sensor_async.py
[2024-10-27T19:13:18.329+0000] {logging_mixin.py:188} INFO - [2024-10-27T19:13:18.329+0000] {dag.py:3036} INFO - Sync 1 DAGs
[2024-10-27T19:13:18.338+0000] {logging_mixin.py:188} INFO - [2024-10-27T19:13:18.337+0000] {dag.py:3823} INFO - Setting next_dagrun for example_time_delta_sensor_async to None, run_after=None
[2024-10-27T19:13:18.667+0000] {processor.py:183} INFO - Processing /home/airflow/.local/lib/python3.11/site-packages/airflow/example_dags/example_time_delta_sensor_async.py took 0.524 seconds
[2024-10-27T19:13:55.428+0000] {processor.py:161} INFO - Started process (PID=131) to work on /home/airflow/.local/lib/python3.11/site-packages/airflow/example_dags/example_time_delta_sensor_async.py
[2024-10-27T19:13:55.429+0000] {processor.py:830} INFO - Processing file /home/airflow/.local/lib/python3.11/site-packages/airflow/example_dags/example_time_delta_sensor_async.py for tasks to queue
[2024-10-27T19:13:55.430+0000] {logging_mixin.py:188} INFO - [2024-10-27T19:13:55.430+0000] {dagbag.py:538} INFO - Filling up the DagBag from /home/airflow/.local/lib/python3.11/site-packages/airflow/example_dags/example_time_delta_sensor_async.py
[2024-10-27T19:13:55.433+0000] {processor.py:840} INFO - DAG(s) 'example_time_delta_sensor_async' retrieved from /home/airflow/.local/lib/python3.11/site-packages/airflow/example_dags/example_time_delta_sensor_async.py
[2024-10-27T19:13:55.447+0000] {logging_mixin.py:188} INFO - [2024-10-27T19:13:55.447+0000] {dag.py:3036} INFO - Sync 1 DAGs
[2024-10-27T19:13:55.456+0000] {logging_mixin.py:188} INFO - [2024-10-27T19:13:55.456+0000] {dag.py:3823} INFO - Setting next_dagrun for example_time_delta_sensor_async to None, run_after=None
[2024-10-27T19:13:55.691+0000] {processor.py:183} INFO - Processing /home/airflow/.local/lib/python3.11/site-packages/airflow/example_dags/example_time_delta_sensor_async.py took 0.264 seconds
[2024-10-27T19:14:25.847+0000] {processor.py:161} INFO - Started process (PID=189) to work on /home/airflow/.local/lib/python3.11/site-packages/airflow/example_dags/example_time_delta_sensor_async.py
[2024-10-27T19:14:25.848+0000] {processor.py:830} INFO - Processing file /home/airflow/.local/lib/python3.11/site-packages/airflow/example_dags/example_time_delta_sensor_async.py for tasks to queue
[2024-10-27T19:14:25.850+0000] {logging_mixin.py:188} INFO - [2024-10-27T19:14:25.850+0000] {dagbag.py:538} INFO - Filling up the DagBag from /home/airflow/.local/lib/python3.11/site-packages/airflow/example_dags/example_time_delta_sensor_async.py
[2024-10-27T19:14:25.859+0000] {processor.py:840} INFO - DAG(s) 'example_time_delta_sensor_async' retrieved from /home/airflow/.local/lib/python3.11/site-packages/airflow/example_dags/example_time_delta_sensor_async.py
[2024-10-27T19:14:25.889+0000] {logging_mixin.py:188} INFO - [2024-10-27T19:14:25.888+0000] {dag.py:3036} INFO - Sync 1 DAGs
[2024-10-27T19:14:25.911+0000] {logging_mixin.py:188} INFO - [2024-10-27T19:14:25.911+0000] {dag.py:3823} INFO - Setting next_dagrun for example_time_delta_sensor_async to None, run_after=None
[2024-10-27T19:14:25.942+0000] {processor.py:183} INFO - Processing /home/airflow/.local/lib/python3.11/site-packages/airflow/example_dags/example_time_delta_sensor_async.py took 0.098 seconds
[2024-10-27T19:14:56.890+0000] {processor.py:161} INFO - Started process (PID=247) to work on /home/airflow/.local/lib/python3.11/site-packages/airflow/example_dags/example_time_delta_sensor_async.py
[2024-10-27T19:14:56.890+0000] {processor.py:830} INFO - Processing file /home/airflow/.local/lib/python3.11/site-packages/airflow/example_dags/example_time_delta_sensor_async.py for tasks to queue
[2024-10-27T19:14:56.892+0000] {logging_mixin.py:188} INFO - [2024-10-27T19:14:56.892+0000] {dagbag.py:538} INFO - Filling up the DagBag from /home/airflow/.local/lib/python3.11/site-packages/airflow/example_dags/example_time_delta_sensor_async.py
[2024-10-27T19:14:56.897+0000] {processor.py:840} INFO - DAG(s) 'example_time_delta_sensor_async' retrieved from /home/airflow/.local/lib/python3.11/site-packages/airflow/example_dags/example_time_delta_sensor_async.py
[2024-10-27T19:14:56.913+0000] {logging_mixin.py:188} INFO - [2024-10-27T19:14:56.913+0000] {dag.py:3036} INFO - Sync 1 DAGs
[2024-10-27T19:14:56.924+0000] {logging_mixin.py:188} INFO - [2024-10-27T19:14:56.924+0000] {dag.py:3823} INFO - Setting next_dagrun for example_time_delta_sensor_async to None, run_after=None
[2024-10-27T19:14:58.298+0000] {processor.py:183} INFO - Processing /home/airflow/.local/lib/python3.11/site-packages/airflow/example_dags/example_time_delta_sensor_async.py took 1.411 seconds
[2024-10-27T19:15:29.075+0000] {processor.py:161} INFO - Started process (PID=305) to work on /home/airflow/.local/lib/python3.11/site-packages/airflow/example_dags/example_time_delta_sensor_async.py
[2024-10-27T19:15:29.076+0000] {processor.py:830} INFO - Processing file /home/airflow/.local/lib/python3.11/site-packages/airflow/example_dags/example_time_delta_sensor_async.py for tasks to queue
[2024-10-27T19:15:29.078+0000] {logging_mixin.py:188} INFO - [2024-10-27T19:15:29.078+0000] {dagbag.py:538} INFO - Filling up the DagBag from /home/airflow/.local/lib/python3.11/site-packages/airflow/example_dags/example_time_delta_sensor_async.py
[2024-10-27T19:15:29.081+0000] {processor.py:840} INFO - DAG(s) 'example_time_delta_sensor_async' retrieved from /home/airflow/.local/lib/python3.11/site-packages/airflow/example_dags/example_time_delta_sensor_async.py
[2024-10-27T19:15:29.097+0000] {logging_mixin.py:188} INFO - [2024-10-27T19:15:29.097+0000] {dag.py:3036} INFO - Sync 1 DAGs
[2024-10-27T19:15:29.107+0000] {logging_mixin.py:188} INFO - [2024-10-27T19:15:29.106+0000] {dag.py:3823} INFO - Setting next_dagrun for example_time_delta_sensor_async to None, run_after=None
[2024-10-27T19:15:29.123+0000] {processor.py:183} INFO - Processing /home/airflow/.local/lib/python3.11/site-packages/airflow/example_dags/example_time_delta_sensor_async.py took 0.051 seconds
