[2024-10-27T18:56:02.586+0000] {processor.py:161} INFO - Started process (PID=209) to work on /home/airflow/.local/lib/python3.8/site-packages/airflow/example_dags/example_latest_only_with_trigger.py
[2024-10-27T18:56:02.587+0000] {processor.py:830} INFO - Processing file /home/airflow/.local/lib/python3.8/site-packages/airflow/example_dags/example_latest_only_with_trigger.py for tasks to queue
[2024-10-27T18:56:02.588+0000] {logging_mixin.py:188} INFO - [2024-10-27T18:56:02.588+0000] {dagbag.py:538} INFO - Filling up the DagBag from /home/airflow/.local/lib/python3.8/site-packages/airflow/example_dags/example_latest_only_with_trigger.py
[2024-10-27T18:56:02.593+0000] {processor.py:840} INFO - DAG(s) 'latest_only_with_trigger' retrieved from /home/airflow/.local/lib/python3.8/site-packages/airflow/example_dags/example_latest_only_with_trigger.py
[2024-10-27T18:56:02.670+0000] {logging_mixin.py:188} INFO - [2024-10-27T18:56:02.669+0000] {override.py:1769} INFO - Created Permission View: can delete on DAG:latest_only_with_trigger
[2024-10-27T18:56:02.679+0000] {logging_mixin.py:188} INFO - [2024-10-27T18:56:02.679+0000] {override.py:1769} INFO - Created Permission View: can read on DAG:latest_only_with_trigger
[2024-10-27T18:56:02.685+0000] {logging_mixin.py:188} INFO - [2024-10-27T18:56:02.685+0000] {override.py:1769} INFO - Created Permission View: can edit on DAG:latest_only_with_trigger
[2024-10-27T18:56:02.686+0000] {logging_mixin.py:188} INFO - [2024-10-27T18:56:02.686+0000] {dag.py:3036} INFO - Sync 1 DAGs
[2024-10-27T18:56:02.699+0000] {logging_mixin.py:188} INFO - [2024-10-27T18:56:02.699+0000] {dag.py:3058} INFO - Creating ORM DAG for latest_only_with_trigger
[2024-10-27T18:56:02.709+0000] {logging_mixin.py:188} INFO - [2024-10-27T18:56:02.708+0000] {dag.py:3823} INFO - Setting next_dagrun for latest_only_with_trigger to 2024-10-27 12:00:00+00:00, run_after=2024-10-27 16:00:00+00:00
[2024-10-27T18:56:02.724+0000] {processor.py:183} INFO - Processing /home/airflow/.local/lib/python3.8/site-packages/airflow/example_dags/example_latest_only_with_trigger.py took 0.140 seconds
[2024-10-27T18:56:37.486+0000] {processor.py:161} INFO - Started process (PID=81) to work on /home/airflow/.local/lib/python3.8/site-packages/airflow/example_dags/example_latest_only_with_trigger.py
[2024-10-27T18:56:37.487+0000] {processor.py:830} INFO - Processing file /home/airflow/.local/lib/python3.8/site-packages/airflow/example_dags/example_latest_only_with_trigger.py for tasks to queue
[2024-10-27T18:56:37.488+0000] {logging_mixin.py:188} INFO - [2024-10-27T18:56:37.488+0000] {dagbag.py:538} INFO - Filling up the DagBag from /home/airflow/.local/lib/python3.8/site-packages/airflow/example_dags/example_latest_only_with_trigger.py
[2024-10-27T18:56:37.494+0000] {processor.py:840} INFO - DAG(s) 'latest_only_with_trigger' retrieved from /home/airflow/.local/lib/python3.8/site-packages/airflow/example_dags/example_latest_only_with_trigger.py
[2024-10-27T18:56:37.513+0000] {logging_mixin.py:188} INFO - [2024-10-27T18:56:37.513+0000] {dag.py:3036} INFO - Sync 1 DAGs
[2024-10-27T18:56:37.534+0000] {logging_mixin.py:188} INFO - [2024-10-27T18:56:37.534+0000] {dag.py:3823} INFO - Setting next_dagrun for latest_only_with_trigger to 2024-10-27 12:00:00+00:00, run_after=2024-10-27 16:00:00+00:00
[2024-10-27T18:56:37.557+0000] {processor.py:183} INFO - Processing /home/airflow/.local/lib/python3.8/site-packages/airflow/example_dags/example_latest_only_with_trigger.py took 0.074 seconds
[2024-10-27T18:57:08.005+0000] {processor.py:161} INFO - Started process (PID=137) to work on /home/airflow/.local/lib/python3.8/site-packages/airflow/example_dags/example_latest_only_with_trigger.py
[2024-10-27T18:57:08.006+0000] {processor.py:830} INFO - Processing file /home/airflow/.local/lib/python3.8/site-packages/airflow/example_dags/example_latest_only_with_trigger.py for tasks to queue
[2024-10-27T18:57:08.007+0000] {logging_mixin.py:188} INFO - [2024-10-27T18:57:08.007+0000] {dagbag.py:538} INFO - Filling up the DagBag from /home/airflow/.local/lib/python3.8/site-packages/airflow/example_dags/example_latest_only_with_trigger.py
[2024-10-27T18:57:08.011+0000] {processor.py:840} INFO - DAG(s) 'latest_only_with_trigger' retrieved from /home/airflow/.local/lib/python3.8/site-packages/airflow/example_dags/example_latest_only_with_trigger.py
[2024-10-27T18:57:08.030+0000] {logging_mixin.py:188} INFO - [2024-10-27T18:57:08.029+0000] {dag.py:3036} INFO - Sync 1 DAGs
[2024-10-27T18:57:08.052+0000] {logging_mixin.py:188} INFO - [2024-10-27T18:57:08.052+0000] {dag.py:3823} INFO - Setting next_dagrun for latest_only_with_trigger to 2024-10-27 12:00:00+00:00, run_after=2024-10-27 16:00:00+00:00
[2024-10-27T18:57:08.098+0000] {processor.py:183} INFO - Processing /home/airflow/.local/lib/python3.8/site-packages/airflow/example_dags/example_latest_only_with_trigger.py took 0.095 seconds
[2024-10-27T18:57:38.400+0000] {processor.py:161} INFO - Started process (PID=193) to work on /home/airflow/.local/lib/python3.8/site-packages/airflow/example_dags/example_latest_only_with_trigger.py
[2024-10-27T18:57:38.401+0000] {processor.py:830} INFO - Processing file /home/airflow/.local/lib/python3.8/site-packages/airflow/example_dags/example_latest_only_with_trigger.py for tasks to queue
[2024-10-27T18:57:38.403+0000] {logging_mixin.py:188} INFO - [2024-10-27T18:57:38.402+0000] {dagbag.py:538} INFO - Filling up the DagBag from /home/airflow/.local/lib/python3.8/site-packages/airflow/example_dags/example_latest_only_with_trigger.py
[2024-10-27T18:57:38.407+0000] {processor.py:840} INFO - DAG(s) 'latest_only_with_trigger' retrieved from /home/airflow/.local/lib/python3.8/site-packages/airflow/example_dags/example_latest_only_with_trigger.py
[2024-10-27T18:57:38.423+0000] {logging_mixin.py:188} INFO - [2024-10-27T18:57:38.423+0000] {dag.py:3036} INFO - Sync 1 DAGs
[2024-10-27T18:57:38.444+0000] {logging_mixin.py:188} INFO - [2024-10-27T18:57:38.444+0000] {dag.py:3823} INFO - Setting next_dagrun for latest_only_with_trigger to 2024-10-27 12:00:00+00:00, run_after=2024-10-27 16:00:00+00:00
[2024-10-27T18:57:38.461+0000] {processor.py:183} INFO - Processing /home/airflow/.local/lib/python3.8/site-packages/airflow/example_dags/example_latest_only_with_trigger.py took 0.063 seconds
[2024-10-27T18:58:08.927+0000] {processor.py:161} INFO - Started process (PID=249) to work on /home/airflow/.local/lib/python3.8/site-packages/airflow/example_dags/example_latest_only_with_trigger.py
[2024-10-27T18:58:08.928+0000] {processor.py:830} INFO - Processing file /home/airflow/.local/lib/python3.8/site-packages/airflow/example_dags/example_latest_only_with_trigger.py for tasks to queue
[2024-10-27T18:58:08.929+0000] {logging_mixin.py:188} INFO - [2024-10-27T18:58:08.929+0000] {dagbag.py:538} INFO - Filling up the DagBag from /home/airflow/.local/lib/python3.8/site-packages/airflow/example_dags/example_latest_only_with_trigger.py
[2024-10-27T18:58:08.935+0000] {processor.py:840} INFO - DAG(s) 'latest_only_with_trigger' retrieved from /home/airflow/.local/lib/python3.8/site-packages/airflow/example_dags/example_latest_only_with_trigger.py
[2024-10-27T18:58:08.956+0000] {logging_mixin.py:188} INFO - [2024-10-27T18:58:08.956+0000] {dag.py:3036} INFO - Sync 1 DAGs
[2024-10-27T18:58:08.975+0000] {logging_mixin.py:188} INFO - [2024-10-27T18:58:08.975+0000] {dag.py:3823} INFO - Setting next_dagrun for latest_only_with_trigger to 2024-10-27 12:00:00+00:00, run_after=2024-10-27 16:00:00+00:00
[2024-10-27T18:58:08.994+0000] {processor.py:183} INFO - Processing /home/airflow/.local/lib/python3.8/site-packages/airflow/example_dags/example_latest_only_with_trigger.py took 0.069 seconds
[2024-10-27T18:58:39.556+0000] {processor.py:161} INFO - Started process (PID=305) to work on /home/airflow/.local/lib/python3.8/site-packages/airflow/example_dags/example_latest_only_with_trigger.py
[2024-10-27T18:58:39.556+0000] {processor.py:830} INFO - Processing file /home/airflow/.local/lib/python3.8/site-packages/airflow/example_dags/example_latest_only_with_trigger.py for tasks to queue
[2024-10-27T18:58:39.558+0000] {logging_mixin.py:188} INFO - [2024-10-27T18:58:39.558+0000] {dagbag.py:538} INFO - Filling up the DagBag from /home/airflow/.local/lib/python3.8/site-packages/airflow/example_dags/example_latest_only_with_trigger.py
[2024-10-27T18:58:39.563+0000] {processor.py:840} INFO - DAG(s) 'latest_only_with_trigger' retrieved from /home/airflow/.local/lib/python3.8/site-packages/airflow/example_dags/example_latest_only_with_trigger.py
[2024-10-27T18:58:39.585+0000] {logging_mixin.py:188} INFO - [2024-10-27T18:58:39.584+0000] {dag.py:3036} INFO - Sync 1 DAGs
[2024-10-27T18:58:39.609+0000] {logging_mixin.py:188} INFO - [2024-10-27T18:58:39.608+0000] {dag.py:3823} INFO - Setting next_dagrun for latest_only_with_trigger to 2024-10-27 12:00:00+00:00, run_after=2024-10-27 16:00:00+00:00
[2024-10-27T18:58:39.629+0000] {processor.py:183} INFO - Processing /home/airflow/.local/lib/python3.8/site-packages/airflow/example_dags/example_latest_only_with_trigger.py took 0.075 seconds
[2024-10-27T18:59:09.701+0000] {processor.py:161} INFO - Started process (PID=362) to work on /home/airflow/.local/lib/python3.8/site-packages/airflow/example_dags/example_latest_only_with_trigger.py
[2024-10-27T18:59:09.702+0000] {processor.py:830} INFO - Processing file /home/airflow/.local/lib/python3.8/site-packages/airflow/example_dags/example_latest_only_with_trigger.py for tasks to queue
[2024-10-27T18:59:09.704+0000] {logging_mixin.py:188} INFO - [2024-10-27T18:59:09.704+0000] {dagbag.py:538} INFO - Filling up the DagBag from /home/airflow/.local/lib/python3.8/site-packages/airflow/example_dags/example_latest_only_with_trigger.py
[2024-10-27T18:59:09.708+0000] {processor.py:840} INFO - DAG(s) 'latest_only_with_trigger' retrieved from /home/airflow/.local/lib/python3.8/site-packages/airflow/example_dags/example_latest_only_with_trigger.py
[2024-10-27T18:59:09.728+0000] {logging_mixin.py:188} INFO - [2024-10-27T18:59:09.727+0000] {dag.py:3036} INFO - Sync 1 DAGs
[2024-10-27T18:59:09.749+0000] {logging_mixin.py:188} INFO - [2024-10-27T18:59:09.749+0000] {dag.py:3823} INFO - Setting next_dagrun for latest_only_with_trigger to 2024-10-27 12:00:00+00:00, run_after=2024-10-27 16:00:00+00:00
[2024-10-27T18:59:09.776+0000] {processor.py:183} INFO - Processing /home/airflow/.local/lib/python3.8/site-packages/airflow/example_dags/example_latest_only_with_trigger.py took 0.078 seconds
[2024-10-27T18:59:40.084+0000] {processor.py:161} INFO - Started process (PID=418) to work on /home/airflow/.local/lib/python3.8/site-packages/airflow/example_dags/example_latest_only_with_trigger.py
[2024-10-27T18:59:40.085+0000] {processor.py:830} INFO - Processing file /home/airflow/.local/lib/python3.8/site-packages/airflow/example_dags/example_latest_only_with_trigger.py for tasks to queue
[2024-10-27T18:59:40.086+0000] {logging_mixin.py:188} INFO - [2024-10-27T18:59:40.086+0000] {dagbag.py:538} INFO - Filling up the DagBag from /home/airflow/.local/lib/python3.8/site-packages/airflow/example_dags/example_latest_only_with_trigger.py
[2024-10-27T18:59:40.091+0000] {processor.py:840} INFO - DAG(s) 'latest_only_with_trigger' retrieved from /home/airflow/.local/lib/python3.8/site-packages/airflow/example_dags/example_latest_only_with_trigger.py
[2024-10-27T18:59:40.107+0000] {logging_mixin.py:188} INFO - [2024-10-27T18:59:40.107+0000] {dag.py:3036} INFO - Sync 1 DAGs
[2024-10-27T18:59:40.126+0000] {logging_mixin.py:188} INFO - [2024-10-27T18:59:40.126+0000] {dag.py:3823} INFO - Setting next_dagrun for latest_only_with_trigger to 2024-10-27 12:00:00+00:00, run_after=2024-10-27 16:00:00+00:00
[2024-10-27T18:59:40.141+0000] {processor.py:183} INFO - Processing /home/airflow/.local/lib/python3.8/site-packages/airflow/example_dags/example_latest_only_with_trigger.py took 0.060 seconds
[2024-10-27T19:00:10.299+0000] {processor.py:161} INFO - Started process (PID=474) to work on /home/airflow/.local/lib/python3.8/site-packages/airflow/example_dags/example_latest_only_with_trigger.py
[2024-10-27T19:00:10.299+0000] {processor.py:830} INFO - Processing file /home/airflow/.local/lib/python3.8/site-packages/airflow/example_dags/example_latest_only_with_trigger.py for tasks to queue
[2024-10-27T19:00:10.301+0000] {logging_mixin.py:188} INFO - [2024-10-27T19:00:10.301+0000] {dagbag.py:538} INFO - Filling up the DagBag from /home/airflow/.local/lib/python3.8/site-packages/airflow/example_dags/example_latest_only_with_trigger.py
[2024-10-27T19:00:10.305+0000] {processor.py:840} INFO - DAG(s) 'latest_only_with_trigger' retrieved from /home/airflow/.local/lib/python3.8/site-packages/airflow/example_dags/example_latest_only_with_trigger.py
[2024-10-27T19:00:10.320+0000] {logging_mixin.py:188} INFO - [2024-10-27T19:00:10.320+0000] {dag.py:3036} INFO - Sync 1 DAGs
[2024-10-27T19:00:10.337+0000] {logging_mixin.py:188} INFO - [2024-10-27T19:00:10.337+0000] {dag.py:3823} INFO - Setting next_dagrun for latest_only_with_trigger to 2024-10-27 12:00:00+00:00, run_after=2024-10-27 16:00:00+00:00
[2024-10-27T19:00:10.353+0000] {processor.py:183} INFO - Processing /home/airflow/.local/lib/python3.8/site-packages/airflow/example_dags/example_latest_only_with_trigger.py took 0.056 seconds
[2024-10-27T19:00:40.590+0000] {processor.py:161} INFO - Started process (PID=530) to work on /home/airflow/.local/lib/python3.8/site-packages/airflow/example_dags/example_latest_only_with_trigger.py
[2024-10-27T19:00:40.591+0000] {processor.py:830} INFO - Processing file /home/airflow/.local/lib/python3.8/site-packages/airflow/example_dags/example_latest_only_with_trigger.py for tasks to queue
[2024-10-27T19:00:40.593+0000] {logging_mixin.py:188} INFO - [2024-10-27T19:00:40.592+0000] {dagbag.py:538} INFO - Filling up the DagBag from /home/airflow/.local/lib/python3.8/site-packages/airflow/example_dags/example_latest_only_with_trigger.py
[2024-10-27T19:00:40.597+0000] {processor.py:840} INFO - DAG(s) 'latest_only_with_trigger' retrieved from /home/airflow/.local/lib/python3.8/site-packages/airflow/example_dags/example_latest_only_with_trigger.py
[2024-10-27T19:00:40.612+0000] {logging_mixin.py:188} INFO - [2024-10-27T19:00:40.612+0000] {dag.py:3036} INFO - Sync 1 DAGs
[2024-10-27T19:00:40.629+0000] {logging_mixin.py:188} INFO - [2024-10-27T19:00:40.629+0000] {dag.py:3823} INFO - Setting next_dagrun for latest_only_with_trigger to 2024-10-27 12:00:00+00:00, run_after=2024-10-27 16:00:00+00:00
[2024-10-27T19:00:40.646+0000] {processor.py:183} INFO - Processing /home/airflow/.local/lib/python3.8/site-packages/airflow/example_dags/example_latest_only_with_trigger.py took 0.058 seconds
[2024-10-27T19:01:10.796+0000] {processor.py:161} INFO - Started process (PID=586) to work on /home/airflow/.local/lib/python3.8/site-packages/airflow/example_dags/example_latest_only_with_trigger.py
[2024-10-27T19:01:10.796+0000] {processor.py:830} INFO - Processing file /home/airflow/.local/lib/python3.8/site-packages/airflow/example_dags/example_latest_only_with_trigger.py for tasks to queue
[2024-10-27T19:01:10.798+0000] {logging_mixin.py:188} INFO - [2024-10-27T19:01:10.798+0000] {dagbag.py:538} INFO - Filling up the DagBag from /home/airflow/.local/lib/python3.8/site-packages/airflow/example_dags/example_latest_only_with_trigger.py
[2024-10-27T19:01:10.802+0000] {processor.py:840} INFO - DAG(s) 'latest_only_with_trigger' retrieved from /home/airflow/.local/lib/python3.8/site-packages/airflow/example_dags/example_latest_only_with_trigger.py
[2024-10-27T19:01:10.817+0000] {logging_mixin.py:188} INFO - [2024-10-27T19:01:10.817+0000] {dag.py:3036} INFO - Sync 1 DAGs
[2024-10-27T19:01:10.834+0000] {logging_mixin.py:188} INFO - [2024-10-27T19:01:10.834+0000] {dag.py:3823} INFO - Setting next_dagrun for latest_only_with_trigger to 2024-10-27 12:00:00+00:00, run_after=2024-10-27 16:00:00+00:00
[2024-10-27T19:01:10.852+0000] {processor.py:183} INFO - Processing /home/airflow/.local/lib/python3.8/site-packages/airflow/example_dags/example_latest_only_with_trigger.py took 0.058 seconds
[2024-10-27T19:01:41.201+0000] {processor.py:161} INFO - Started process (PID=642) to work on /home/airflow/.local/lib/python3.8/site-packages/airflow/example_dags/example_latest_only_with_trigger.py
[2024-10-27T19:01:41.202+0000] {processor.py:830} INFO - Processing file /home/airflow/.local/lib/python3.8/site-packages/airflow/example_dags/example_latest_only_with_trigger.py for tasks to queue
[2024-10-27T19:01:41.203+0000] {logging_mixin.py:188} INFO - [2024-10-27T19:01:41.203+0000] {dagbag.py:538} INFO - Filling up the DagBag from /home/airflow/.local/lib/python3.8/site-packages/airflow/example_dags/example_latest_only_with_trigger.py
[2024-10-27T19:01:41.207+0000] {processor.py:840} INFO - DAG(s) 'latest_only_with_trigger' retrieved from /home/airflow/.local/lib/python3.8/site-packages/airflow/example_dags/example_latest_only_with_trigger.py
[2024-10-27T19:01:41.223+0000] {logging_mixin.py:188} INFO - [2024-10-27T19:01:41.223+0000] {dag.py:3036} INFO - Sync 1 DAGs
[2024-10-27T19:01:41.239+0000] {logging_mixin.py:188} INFO - [2024-10-27T19:01:41.239+0000] {dag.py:3823} INFO - Setting next_dagrun for latest_only_with_trigger to 2024-10-27 12:00:00+00:00, run_after=2024-10-27 16:00:00+00:00
[2024-10-27T19:01:41.255+0000] {processor.py:183} INFO - Processing /home/airflow/.local/lib/python3.8/site-packages/airflow/example_dags/example_latest_only_with_trigger.py took 0.056 seconds
[2024-10-27T19:02:11.441+0000] {processor.py:161} INFO - Started process (PID=698) to work on /home/airflow/.local/lib/python3.8/site-packages/airflow/example_dags/example_latest_only_with_trigger.py
[2024-10-27T19:02:11.442+0000] {processor.py:830} INFO - Processing file /home/airflow/.local/lib/python3.8/site-packages/airflow/example_dags/example_latest_only_with_trigger.py for tasks to queue
[2024-10-27T19:02:11.443+0000] {logging_mixin.py:188} INFO - [2024-10-27T19:02:11.443+0000] {dagbag.py:538} INFO - Filling up the DagBag from /home/airflow/.local/lib/python3.8/site-packages/airflow/example_dags/example_latest_only_with_trigger.py
[2024-10-27T19:02:11.447+0000] {processor.py:840} INFO - DAG(s) 'latest_only_with_trigger' retrieved from /home/airflow/.local/lib/python3.8/site-packages/airflow/example_dags/example_latest_only_with_trigger.py
[2024-10-27T19:02:11.465+0000] {logging_mixin.py:188} INFO - [2024-10-27T19:02:11.464+0000] {dag.py:3036} INFO - Sync 1 DAGs
[2024-10-27T19:02:11.484+0000] {logging_mixin.py:188} INFO - [2024-10-27T19:02:11.483+0000] {dag.py:3823} INFO - Setting next_dagrun for latest_only_with_trigger to 2024-10-27 12:00:00+00:00, run_after=2024-10-27 16:00:00+00:00
[2024-10-27T19:02:11.498+0000] {processor.py:183} INFO - Processing /home/airflow/.local/lib/python3.8/site-packages/airflow/example_dags/example_latest_only_with_trigger.py took 0.060 seconds
[2024-10-27T19:02:41.706+0000] {processor.py:161} INFO - Started process (PID=754) to work on /home/airflow/.local/lib/python3.8/site-packages/airflow/example_dags/example_latest_only_with_trigger.py
[2024-10-27T19:02:41.706+0000] {processor.py:830} INFO - Processing file /home/airflow/.local/lib/python3.8/site-packages/airflow/example_dags/example_latest_only_with_trigger.py for tasks to queue
[2024-10-27T19:02:41.708+0000] {logging_mixin.py:188} INFO - [2024-10-27T19:02:41.708+0000] {dagbag.py:538} INFO - Filling up the DagBag from /home/airflow/.local/lib/python3.8/site-packages/airflow/example_dags/example_latest_only_with_trigger.py
[2024-10-27T19:02:41.712+0000] {processor.py:840} INFO - DAG(s) 'latest_only_with_trigger' retrieved from /home/airflow/.local/lib/python3.8/site-packages/airflow/example_dags/example_latest_only_with_trigger.py
[2024-10-27T19:02:41.730+0000] {logging_mixin.py:188} INFO - [2024-10-27T19:02:41.730+0000] {dag.py:3036} INFO - Sync 1 DAGs
[2024-10-27T19:02:41.747+0000] {logging_mixin.py:188} INFO - [2024-10-27T19:02:41.747+0000] {dag.py:3823} INFO - Setting next_dagrun for latest_only_with_trigger to 2024-10-27 12:00:00+00:00, run_after=2024-10-27 16:00:00+00:00
[2024-10-27T19:02:41.761+0000] {processor.py:183} INFO - Processing /home/airflow/.local/lib/python3.8/site-packages/airflow/example_dags/example_latest_only_with_trigger.py took 0.058 seconds
[2024-10-27T19:03:11.871+0000] {processor.py:161} INFO - Started process (PID=810) to work on /home/airflow/.local/lib/python3.8/site-packages/airflow/example_dags/example_latest_only_with_trigger.py
[2024-10-27T19:03:11.872+0000] {processor.py:830} INFO - Processing file /home/airflow/.local/lib/python3.8/site-packages/airflow/example_dags/example_latest_only_with_trigger.py for tasks to queue
[2024-10-27T19:03:11.873+0000] {logging_mixin.py:188} INFO - [2024-10-27T19:03:11.873+0000] {dagbag.py:538} INFO - Filling up the DagBag from /home/airflow/.local/lib/python3.8/site-packages/airflow/example_dags/example_latest_only_with_trigger.py
[2024-10-27T19:03:11.878+0000] {processor.py:840} INFO - DAG(s) 'latest_only_with_trigger' retrieved from /home/airflow/.local/lib/python3.8/site-packages/airflow/example_dags/example_latest_only_with_trigger.py
[2024-10-27T19:03:11.896+0000] {logging_mixin.py:188} INFO - [2024-10-27T19:03:11.895+0000] {dag.py:3036} INFO - Sync 1 DAGs
[2024-10-27T19:03:11.920+0000] {logging_mixin.py:188} INFO - [2024-10-27T19:03:11.919+0000] {dag.py:3823} INFO - Setting next_dagrun for latest_only_with_trigger to 2024-10-27 12:00:00+00:00, run_after=2024-10-27 16:00:00+00:00
[2024-10-27T19:03:11.938+0000] {processor.py:183} INFO - Processing /home/airflow/.local/lib/python3.8/site-packages/airflow/example_dags/example_latest_only_with_trigger.py took 0.069 seconds
[2024-10-27T19:03:42.246+0000] {processor.py:161} INFO - Started process (PID=866) to work on /home/airflow/.local/lib/python3.8/site-packages/airflow/example_dags/example_latest_only_with_trigger.py
[2024-10-27T19:03:42.247+0000] {processor.py:830} INFO - Processing file /home/airflow/.local/lib/python3.8/site-packages/airflow/example_dags/example_latest_only_with_trigger.py for tasks to queue
[2024-10-27T19:03:42.249+0000] {logging_mixin.py:188} INFO - [2024-10-27T19:03:42.249+0000] {dagbag.py:538} INFO - Filling up the DagBag from /home/airflow/.local/lib/python3.8/site-packages/airflow/example_dags/example_latest_only_with_trigger.py
[2024-10-27T19:03:42.253+0000] {processor.py:840} INFO - DAG(s) 'latest_only_with_trigger' retrieved from /home/airflow/.local/lib/python3.8/site-packages/airflow/example_dags/example_latest_only_with_trigger.py
[2024-10-27T19:03:42.270+0000] {logging_mixin.py:188} INFO - [2024-10-27T19:03:42.270+0000] {dag.py:3036} INFO - Sync 1 DAGs
[2024-10-27T19:03:42.293+0000] {logging_mixin.py:188} INFO - [2024-10-27T19:03:42.293+0000] {dag.py:3823} INFO - Setting next_dagrun for latest_only_with_trigger to 2024-10-27 12:00:00+00:00, run_after=2024-10-27 16:00:00+00:00
[2024-10-27T19:03:42.309+0000] {processor.py:183} INFO - Processing /home/airflow/.local/lib/python3.8/site-packages/airflow/example_dags/example_latest_only_with_trigger.py took 0.065 seconds
[2024-10-27T19:04:12.498+0000] {processor.py:161} INFO - Started process (PID=922) to work on /home/airflow/.local/lib/python3.8/site-packages/airflow/example_dags/example_latest_only_with_trigger.py
[2024-10-27T19:04:12.499+0000] {processor.py:830} INFO - Processing file /home/airflow/.local/lib/python3.8/site-packages/airflow/example_dags/example_latest_only_with_trigger.py for tasks to queue
[2024-10-27T19:04:12.500+0000] {logging_mixin.py:188} INFO - [2024-10-27T19:04:12.500+0000] {dagbag.py:538} INFO - Filling up the DagBag from /home/airflow/.local/lib/python3.8/site-packages/airflow/example_dags/example_latest_only_with_trigger.py
[2024-10-27T19:04:12.505+0000] {processor.py:840} INFO - DAG(s) 'latest_only_with_trigger' retrieved from /home/airflow/.local/lib/python3.8/site-packages/airflow/example_dags/example_latest_only_with_trigger.py
[2024-10-27T19:04:12.527+0000] {logging_mixin.py:188} INFO - [2024-10-27T19:04:12.527+0000] {dag.py:3036} INFO - Sync 1 DAGs
[2024-10-27T19:04:12.551+0000] {logging_mixin.py:188} INFO - [2024-10-27T19:04:12.551+0000] {dag.py:3823} INFO - Setting next_dagrun for latest_only_with_trigger to 2024-10-27 12:00:00+00:00, run_after=2024-10-27 16:00:00+00:00
[2024-10-27T19:04:12.571+0000] {processor.py:183} INFO - Processing /home/airflow/.local/lib/python3.8/site-packages/airflow/example_dags/example_latest_only_with_trigger.py took 0.076 seconds
[2024-10-27T19:04:43.231+0000] {processor.py:161} INFO - Started process (PID=978) to work on /home/airflow/.local/lib/python3.8/site-packages/airflow/example_dags/example_latest_only_with_trigger.py
[2024-10-27T19:04:43.232+0000] {processor.py:830} INFO - Processing file /home/airflow/.local/lib/python3.8/site-packages/airflow/example_dags/example_latest_only_with_trigger.py for tasks to queue
[2024-10-27T19:04:43.233+0000] {logging_mixin.py:188} INFO - [2024-10-27T19:04:43.233+0000] {dagbag.py:538} INFO - Filling up the DagBag from /home/airflow/.local/lib/python3.8/site-packages/airflow/example_dags/example_latest_only_with_trigger.py
[2024-10-27T19:04:43.237+0000] {processor.py:840} INFO - DAG(s) 'latest_only_with_trigger' retrieved from /home/airflow/.local/lib/python3.8/site-packages/airflow/example_dags/example_latest_only_with_trigger.py
[2024-10-27T19:04:43.254+0000] {logging_mixin.py:188} INFO - [2024-10-27T19:04:43.254+0000] {dag.py:3036} INFO - Sync 1 DAGs
[2024-10-27T19:04:43.274+0000] {logging_mixin.py:188} INFO - [2024-10-27T19:04:43.274+0000] {dag.py:3823} INFO - Setting next_dagrun for latest_only_with_trigger to 2024-10-27 12:00:00+00:00, run_after=2024-10-27 16:00:00+00:00
[2024-10-27T19:04:43.291+0000] {processor.py:183} INFO - Processing /home/airflow/.local/lib/python3.8/site-packages/airflow/example_dags/example_latest_only_with_trigger.py took 0.062 seconds
[2024-10-27T19:05:13.770+0000] {processor.py:161} INFO - Started process (PID=1034) to work on /home/airflow/.local/lib/python3.8/site-packages/airflow/example_dags/example_latest_only_with_trigger.py
[2024-10-27T19:05:13.771+0000] {processor.py:830} INFO - Processing file /home/airflow/.local/lib/python3.8/site-packages/airflow/example_dags/example_latest_only_with_trigger.py for tasks to queue
[2024-10-27T19:05:13.772+0000] {logging_mixin.py:188} INFO - [2024-10-27T19:05:13.772+0000] {dagbag.py:538} INFO - Filling up the DagBag from /home/airflow/.local/lib/python3.8/site-packages/airflow/example_dags/example_latest_only_with_trigger.py
[2024-10-27T19:05:13.775+0000] {processor.py:840} INFO - DAG(s) 'latest_only_with_trigger' retrieved from /home/airflow/.local/lib/python3.8/site-packages/airflow/example_dags/example_latest_only_with_trigger.py
[2024-10-27T19:05:13.791+0000] {logging_mixin.py:188} INFO - [2024-10-27T19:05:13.791+0000] {dag.py:3036} INFO - Sync 1 DAGs
[2024-10-27T19:05:13.812+0000] {logging_mixin.py:188} INFO - [2024-10-27T19:05:13.812+0000] {dag.py:3823} INFO - Setting next_dagrun for latest_only_with_trigger to 2024-10-27 12:00:00+00:00, run_after=2024-10-27 16:00:00+00:00
[2024-10-27T19:05:13.828+0000] {processor.py:183} INFO - Processing /home/airflow/.local/lib/python3.8/site-packages/airflow/example_dags/example_latest_only_with_trigger.py took 0.061 seconds
[2024-10-27T19:13:20.613+0000] {processor.py:161} INFO - Started process (PID=90) to work on /home/airflow/.local/lib/python3.11/site-packages/airflow/example_dags/example_latest_only_with_trigger.py
[2024-10-27T19:13:20.614+0000] {processor.py:830} INFO - Processing file /home/airflow/.local/lib/python3.11/site-packages/airflow/example_dags/example_latest_only_with_trigger.py for tasks to queue
[2024-10-27T19:13:20.615+0000] {logging_mixin.py:188} INFO - [2024-10-27T19:13:20.615+0000] {dagbag.py:538} INFO - Filling up the DagBag from /home/airflow/.local/lib/python3.11/site-packages/airflow/example_dags/example_latest_only_with_trigger.py
[2024-10-27T19:13:20.619+0000] {processor.py:840} INFO - DAG(s) 'latest_only_with_trigger' retrieved from /home/airflow/.local/lib/python3.11/site-packages/airflow/example_dags/example_latest_only_with_trigger.py
[2024-10-27T19:13:20.706+0000] {logging_mixin.py:188} INFO - [2024-10-27T19:13:20.706+0000] {dag.py:3036} INFO - Sync 1 DAGs
[2024-10-27T19:13:20.722+0000] {logging_mixin.py:188} INFO - [2024-10-27T19:13:20.722+0000] {dag.py:3823} INFO - Setting next_dagrun for latest_only_with_trigger to 2024-10-27 12:00:00+00:00, run_after=2024-10-27 16:00:00+00:00
[2024-10-27T19:13:20.738+0000] {processor.py:183} INFO - Processing /home/airflow/.local/lib/python3.11/site-packages/airflow/example_dags/example_latest_only_with_trigger.py took 0.127 seconds
[2024-10-27T19:14:01.864+0000] {processor.py:161} INFO - Started process (PID=148) to work on /home/airflow/.local/lib/python3.11/site-packages/airflow/example_dags/example_latest_only_with_trigger.py
[2024-10-27T19:14:01.865+0000] {processor.py:830} INFO - Processing file /home/airflow/.local/lib/python3.11/site-packages/airflow/example_dags/example_latest_only_with_trigger.py for tasks to queue
[2024-10-27T19:14:01.867+0000] {logging_mixin.py:188} INFO - [2024-10-27T19:14:01.866+0000] {dagbag.py:538} INFO - Filling up the DagBag from /home/airflow/.local/lib/python3.11/site-packages/airflow/example_dags/example_latest_only_with_trigger.py
[2024-10-27T19:14:01.872+0000] {processor.py:840} INFO - DAG(s) 'latest_only_with_trigger' retrieved from /home/airflow/.local/lib/python3.11/site-packages/airflow/example_dags/example_latest_only_with_trigger.py
[2024-10-27T19:14:01.889+0000] {logging_mixin.py:188} INFO - [2024-10-27T19:14:01.888+0000] {dag.py:3036} INFO - Sync 1 DAGs
[2024-10-27T19:14:01.906+0000] {logging_mixin.py:188} INFO - [2024-10-27T19:14:01.906+0000] {dag.py:3823} INFO - Setting next_dagrun for latest_only_with_trigger to 2024-10-27 12:00:00+00:00, run_after=2024-10-27 16:00:00+00:00
[2024-10-27T19:14:02.014+0000] {processor.py:183} INFO - Processing /home/airflow/.local/lib/python3.11/site-packages/airflow/example_dags/example_latest_only_with_trigger.py took 0.152 seconds
[2024-10-27T19:14:32.510+0000] {processor.py:161} INFO - Started process (PID=206) to work on /home/airflow/.local/lib/python3.11/site-packages/airflow/example_dags/example_latest_only_with_trigger.py
[2024-10-27T19:14:32.511+0000] {processor.py:830} INFO - Processing file /home/airflow/.local/lib/python3.11/site-packages/airflow/example_dags/example_latest_only_with_trigger.py for tasks to queue
[2024-10-27T19:14:32.515+0000] {logging_mixin.py:188} INFO - [2024-10-27T19:14:32.515+0000] {dagbag.py:538} INFO - Filling up the DagBag from /home/airflow/.local/lib/python3.11/site-packages/airflow/example_dags/example_latest_only_with_trigger.py
[2024-10-27T19:14:32.522+0000] {processor.py:840} INFO - DAG(s) 'latest_only_with_trigger' retrieved from /home/airflow/.local/lib/python3.11/site-packages/airflow/example_dags/example_latest_only_with_trigger.py
[2024-10-27T19:14:32.553+0000] {logging_mixin.py:188} INFO - [2024-10-27T19:14:32.553+0000] {dag.py:3036} INFO - Sync 1 DAGs
[2024-10-27T19:14:32.599+0000] {logging_mixin.py:188} INFO - [2024-10-27T19:14:32.599+0000] {dag.py:3823} INFO - Setting next_dagrun for latest_only_with_trigger to 2024-10-27 12:00:00+00:00, run_after=2024-10-27 16:00:00+00:00
[2024-10-27T19:14:32.638+0000] {processor.py:183} INFO - Processing /home/airflow/.local/lib/python3.11/site-packages/airflow/example_dags/example_latest_only_with_trigger.py took 0.132 seconds
[2024-10-27T19:15:02.906+0000] {processor.py:161} INFO - Started process (PID=264) to work on /home/airflow/.local/lib/python3.11/site-packages/airflow/example_dags/example_latest_only_with_trigger.py
[2024-10-27T19:15:02.909+0000] {processor.py:830} INFO - Processing file /home/airflow/.local/lib/python3.11/site-packages/airflow/example_dags/example_latest_only_with_trigger.py for tasks to queue
[2024-10-27T19:15:02.911+0000] {logging_mixin.py:188} INFO - [2024-10-27T19:15:02.911+0000] {dagbag.py:538} INFO - Filling up the DagBag from /home/airflow/.local/lib/python3.11/site-packages/airflow/example_dags/example_latest_only_with_trigger.py
[2024-10-27T19:15:02.926+0000] {processor.py:840} INFO - DAG(s) 'latest_only_with_trigger' retrieved from /home/airflow/.local/lib/python3.11/site-packages/airflow/example_dags/example_latest_only_with_trigger.py
[2024-10-27T19:15:02.972+0000] {logging_mixin.py:188} INFO - [2024-10-27T19:15:02.971+0000] {dag.py:3036} INFO - Sync 1 DAGs
[2024-10-27T19:15:03.022+0000] {logging_mixin.py:188} INFO - [2024-10-27T19:15:03.021+0000] {dag.py:3823} INFO - Setting next_dagrun for latest_only_with_trigger to 2024-10-27 12:00:00+00:00, run_after=2024-10-27 16:00:00+00:00
[2024-10-27T19:15:03.068+0000] {processor.py:183} INFO - Processing /home/airflow/.local/lib/python3.11/site-packages/airflow/example_dags/example_latest_only_with_trigger.py took 0.172 seconds
[2024-10-27T19:15:33.766+0000] {processor.py:161} INFO - Started process (PID=322) to work on /home/airflow/.local/lib/python3.11/site-packages/airflow/example_dags/example_latest_only_with_trigger.py
[2024-10-27T19:15:33.767+0000] {processor.py:830} INFO - Processing file /home/airflow/.local/lib/python3.11/site-packages/airflow/example_dags/example_latest_only_with_trigger.py for tasks to queue
[2024-10-27T19:15:33.770+0000] {logging_mixin.py:188} INFO - [2024-10-27T19:15:33.769+0000] {dagbag.py:538} INFO - Filling up the DagBag from /home/airflow/.local/lib/python3.11/site-packages/airflow/example_dags/example_latest_only_with_trigger.py
[2024-10-27T19:15:33.776+0000] {processor.py:840} INFO - DAG(s) 'latest_only_with_trigger' retrieved from /home/airflow/.local/lib/python3.11/site-packages/airflow/example_dags/example_latest_only_with_trigger.py
[2024-10-27T19:15:33.797+0000] {logging_mixin.py:188} INFO - [2024-10-27T19:15:33.797+0000] {dag.py:3036} INFO - Sync 1 DAGs
[2024-10-27T19:15:33.823+0000] {logging_mixin.py:188} INFO - [2024-10-27T19:15:33.823+0000] {dag.py:3823} INFO - Setting next_dagrun for latest_only_with_trigger to 2024-10-27 12:00:00+00:00, run_after=2024-10-27 16:00:00+00:00
[2024-10-27T19:15:33.846+0000] {processor.py:183} INFO - Processing /home/airflow/.local/lib/python3.11/site-packages/airflow/example_dags/example_latest_only_with_trigger.py took 0.083 seconds
