[2024-10-27T18:55:59.967+0000] {processor.py:161} INFO - Started process (PID=183) to work on /home/airflow/.local/lib/python3.8/site-packages/airflow/example_dags/example_branch_labels.py
[2024-10-27T18:55:59.968+0000] {processor.py:830} INFO - Processing file /home/airflow/.local/lib/python3.8/site-packages/airflow/example_dags/example_branch_labels.py for tasks to queue
[2024-10-27T18:55:59.970+0000] {logging_mixin.py:188} INFO - [2024-10-27T18:55:59.969+0000] {dagbag.py:538} INFO - Filling up the DagBag from /home/airflow/.local/lib/python3.8/site-packages/airflow/example_dags/example_branch_labels.py
[2024-10-27T18:55:59.979+0000] {processor.py:840} INFO - DAG(s) 'example_branch_labels' retrieved from /home/airflow/.local/lib/python3.8/site-packages/airflow/example_dags/example_branch_labels.py
[2024-10-27T18:56:00.091+0000] {logging_mixin.py:188} INFO - [2024-10-27T18:56:00.090+0000] {override.py:1769} INFO - Created Permission View: can delete on DAG:example_branch_labels
[2024-10-27T18:56:00.100+0000] {logging_mixin.py:188} INFO - [2024-10-27T18:56:00.100+0000] {override.py:1769} INFO - Created Permission View: can read on DAG:example_branch_labels
[2024-10-27T18:56:00.107+0000] {logging_mixin.py:188} INFO - [2024-10-27T18:56:00.107+0000] {override.py:1769} INFO - Created Permission View: can edit on DAG:example_branch_labels
[2024-10-27T18:56:00.108+0000] {logging_mixin.py:188} INFO - [2024-10-27T18:56:00.108+0000] {dag.py:3036} INFO - Sync 1 DAGs
[2024-10-27T18:56:00.117+0000] {logging_mixin.py:188} INFO - [2024-10-27T18:56:00.117+0000] {dag.py:3058} INFO - Creating ORM DAG for example_branch_labels
[2024-10-27T18:56:00.128+0000] {logging_mixin.py:188} INFO - [2024-10-27T18:56:00.128+0000] {dag.py:3823} INFO - Setting next_dagrun for example_branch_labels to 2024-10-26 00:00:00+00:00, run_after=2024-10-27 00:00:00+00:00
[2024-10-27T18:56:00.141+0000] {processor.py:183} INFO - Processing /home/airflow/.local/lib/python3.8/site-packages/airflow/example_dags/example_branch_labels.py took 0.176 seconds
[2024-10-27T18:56:36.115+0000] {processor.py:161} INFO - Started process (PID=49) to work on /home/airflow/.local/lib/python3.8/site-packages/airflow/example_dags/example_branch_labels.py
[2024-10-27T18:56:36.115+0000] {processor.py:830} INFO - Processing file /home/airflow/.local/lib/python3.8/site-packages/airflow/example_dags/example_branch_labels.py for tasks to queue
[2024-10-27T18:56:36.117+0000] {logging_mixin.py:188} INFO - [2024-10-27T18:56:36.116+0000] {dagbag.py:538} INFO - Filling up the DagBag from /home/airflow/.local/lib/python3.8/site-packages/airflow/example_dags/example_branch_labels.py
[2024-10-27T18:56:36.124+0000] {processor.py:840} INFO - DAG(s) 'example_branch_labels' retrieved from /home/airflow/.local/lib/python3.8/site-packages/airflow/example_dags/example_branch_labels.py
[2024-10-27T18:56:36.140+0000] {logging_mixin.py:188} INFO - [2024-10-27T18:56:36.140+0000] {dag.py:3036} INFO - Sync 1 DAGs
[2024-10-27T18:56:36.159+0000] {logging_mixin.py:188} INFO - [2024-10-27T18:56:36.159+0000] {dag.py:3823} INFO - Setting next_dagrun for example_branch_labels to 2024-10-26 00:00:00+00:00, run_after=2024-10-27 00:00:00+00:00
[2024-10-27T18:56:36.174+0000] {processor.py:183} INFO - Processing /home/airflow/.local/lib/python3.8/site-packages/airflow/example_dags/example_branch_labels.py took 0.062 seconds
[2024-10-27T18:57:06.767+0000] {processor.py:161} INFO - Started process (PID=105) to work on /home/airflow/.local/lib/python3.8/site-packages/airflow/example_dags/example_branch_labels.py
[2024-10-27T18:57:06.768+0000] {processor.py:830} INFO - Processing file /home/airflow/.local/lib/python3.8/site-packages/airflow/example_dags/example_branch_labels.py for tasks to queue
[2024-10-27T18:57:06.769+0000] {logging_mixin.py:188} INFO - [2024-10-27T18:57:06.769+0000] {dagbag.py:538} INFO - Filling up the DagBag from /home/airflow/.local/lib/python3.8/site-packages/airflow/example_dags/example_branch_labels.py
[2024-10-27T18:57:06.775+0000] {processor.py:840} INFO - DAG(s) 'example_branch_labels' retrieved from /home/airflow/.local/lib/python3.8/site-packages/airflow/example_dags/example_branch_labels.py
[2024-10-27T18:57:06.792+0000] {logging_mixin.py:188} INFO - [2024-10-27T18:57:06.792+0000] {dag.py:3036} INFO - Sync 1 DAGs
[2024-10-27T18:57:06.814+0000] {logging_mixin.py:188} INFO - [2024-10-27T18:57:06.814+0000] {dag.py:3823} INFO - Setting next_dagrun for example_branch_labels to 2024-10-26 00:00:00+00:00, run_after=2024-10-27 00:00:00+00:00
[2024-10-27T18:57:06.834+0000] {processor.py:183} INFO - Processing /home/airflow/.local/lib/python3.8/site-packages/airflow/example_dags/example_branch_labels.py took 0.069 seconds
[2024-10-27T18:57:37.260+0000] {processor.py:161} INFO - Started process (PID=161) to work on /home/airflow/.local/lib/python3.8/site-packages/airflow/example_dags/example_branch_labels.py
[2024-10-27T18:57:37.261+0000] {processor.py:830} INFO - Processing file /home/airflow/.local/lib/python3.8/site-packages/airflow/example_dags/example_branch_labels.py for tasks to queue
[2024-10-27T18:57:37.263+0000] {logging_mixin.py:188} INFO - [2024-10-27T18:57:37.262+0000] {dagbag.py:538} INFO - Filling up the DagBag from /home/airflow/.local/lib/python3.8/site-packages/airflow/example_dags/example_branch_labels.py
[2024-10-27T18:57:37.269+0000] {processor.py:840} INFO - DAG(s) 'example_branch_labels' retrieved from /home/airflow/.local/lib/python3.8/site-packages/airflow/example_dags/example_branch_labels.py
[2024-10-27T18:57:37.287+0000] {logging_mixin.py:188} INFO - [2024-10-27T18:57:37.286+0000] {dag.py:3036} INFO - Sync 1 DAGs
[2024-10-27T18:57:37.306+0000] {logging_mixin.py:188} INFO - [2024-10-27T18:57:37.306+0000] {dag.py:3823} INFO - Setting next_dagrun for example_branch_labels to 2024-10-26 00:00:00+00:00, run_after=2024-10-27 00:00:00+00:00
[2024-10-27T18:57:37.321+0000] {processor.py:183} INFO - Processing /home/airflow/.local/lib/python3.8/site-packages/airflow/example_dags/example_branch_labels.py took 0.063 seconds
[2024-10-27T18:58:07.693+0000] {processor.py:161} INFO - Started process (PID=223) to work on /home/airflow/.local/lib/python3.8/site-packages/airflow/example_dags/example_branch_labels.py
[2024-10-27T18:58:07.694+0000] {processor.py:830} INFO - Processing file /home/airflow/.local/lib/python3.8/site-packages/airflow/example_dags/example_branch_labels.py for tasks to queue
[2024-10-27T18:58:07.696+0000] {logging_mixin.py:188} INFO - [2024-10-27T18:58:07.695+0000] {dagbag.py:538} INFO - Filling up the DagBag from /home/airflow/.local/lib/python3.8/site-packages/airflow/example_dags/example_branch_labels.py
[2024-10-27T18:58:07.702+0000] {processor.py:840} INFO - DAG(s) 'example_branch_labels' retrieved from /home/airflow/.local/lib/python3.8/site-packages/airflow/example_dags/example_branch_labels.py
[2024-10-27T18:58:07.719+0000] {logging_mixin.py:188} INFO - [2024-10-27T18:58:07.719+0000] {dag.py:3036} INFO - Sync 1 DAGs
[2024-10-27T18:58:07.742+0000] {logging_mixin.py:188} INFO - [2024-10-27T18:58:07.742+0000] {dag.py:3823} INFO - Setting next_dagrun for example_branch_labels to 2024-10-26 00:00:00+00:00, run_after=2024-10-27 00:00:00+00:00
[2024-10-27T18:58:07.758+0000] {processor.py:183} INFO - Processing /home/airflow/.local/lib/python3.8/site-packages/airflow/example_dags/example_branch_labels.py took 0.067 seconds
[2024-10-27T18:58:38.191+0000] {processor.py:161} INFO - Started process (PID=279) to work on /home/airflow/.local/lib/python3.8/site-packages/airflow/example_dags/example_branch_labels.py
[2024-10-27T18:58:38.192+0000] {processor.py:830} INFO - Processing file /home/airflow/.local/lib/python3.8/site-packages/airflow/example_dags/example_branch_labels.py for tasks to queue
[2024-10-27T18:58:38.193+0000] {logging_mixin.py:188} INFO - [2024-10-27T18:58:38.193+0000] {dagbag.py:538} INFO - Filling up the DagBag from /home/airflow/.local/lib/python3.8/site-packages/airflow/example_dags/example_branch_labels.py
[2024-10-27T18:58:38.199+0000] {processor.py:840} INFO - DAG(s) 'example_branch_labels' retrieved from /home/airflow/.local/lib/python3.8/site-packages/airflow/example_dags/example_branch_labels.py
[2024-10-27T18:58:38.216+0000] {logging_mixin.py:188} INFO - [2024-10-27T18:58:38.216+0000] {dag.py:3036} INFO - Sync 1 DAGs
[2024-10-27T18:58:38.239+0000] {logging_mixin.py:188} INFO - [2024-10-27T18:58:38.239+0000] {dag.py:3823} INFO - Setting next_dagrun for example_branch_labels to 2024-10-26 00:00:00+00:00, run_after=2024-10-27 00:00:00+00:00
[2024-10-27T18:58:38.255+0000] {processor.py:183} INFO - Processing /home/airflow/.local/lib/python3.8/site-packages/airflow/example_dags/example_branch_labels.py took 0.066 seconds
[2024-10-27T18:59:08.708+0000] {processor.py:161} INFO - Started process (PID=336) to work on /home/airflow/.local/lib/python3.8/site-packages/airflow/example_dags/example_branch_labels.py
[2024-10-27T18:59:08.709+0000] {processor.py:830} INFO - Processing file /home/airflow/.local/lib/python3.8/site-packages/airflow/example_dags/example_branch_labels.py for tasks to queue
[2024-10-27T18:59:08.710+0000] {logging_mixin.py:188} INFO - [2024-10-27T18:59:08.710+0000] {dagbag.py:538} INFO - Filling up the DagBag from /home/airflow/.local/lib/python3.8/site-packages/airflow/example_dags/example_branch_labels.py
[2024-10-27T18:59:08.715+0000] {processor.py:840} INFO - DAG(s) 'example_branch_labels' retrieved from /home/airflow/.local/lib/python3.8/site-packages/airflow/example_dags/example_branch_labels.py
[2024-10-27T18:59:08.731+0000] {logging_mixin.py:188} INFO - [2024-10-27T18:59:08.730+0000] {dag.py:3036} INFO - Sync 1 DAGs
[2024-10-27T18:59:08.749+0000] {logging_mixin.py:188} INFO - [2024-10-27T18:59:08.748+0000] {dag.py:3823} INFO - Setting next_dagrun for example_branch_labels to 2024-10-26 00:00:00+00:00, run_after=2024-10-27 00:00:00+00:00
[2024-10-27T18:59:08.763+0000] {processor.py:183} INFO - Processing /home/airflow/.local/lib/python3.8/site-packages/airflow/example_dags/example_branch_labels.py took 0.056 seconds
[2024-10-27T18:59:38.949+0000] {processor.py:161} INFO - Started process (PID=392) to work on /home/airflow/.local/lib/python3.8/site-packages/airflow/example_dags/example_branch_labels.py
[2024-10-27T18:59:38.950+0000] {processor.py:830} INFO - Processing file /home/airflow/.local/lib/python3.8/site-packages/airflow/example_dags/example_branch_labels.py for tasks to queue
[2024-10-27T18:59:38.951+0000] {logging_mixin.py:188} INFO - [2024-10-27T18:59:38.951+0000] {dagbag.py:538} INFO - Filling up the DagBag from /home/airflow/.local/lib/python3.8/site-packages/airflow/example_dags/example_branch_labels.py
[2024-10-27T18:59:38.956+0000] {processor.py:840} INFO - DAG(s) 'example_branch_labels' retrieved from /home/airflow/.local/lib/python3.8/site-packages/airflow/example_dags/example_branch_labels.py
[2024-10-27T18:59:38.975+0000] {logging_mixin.py:188} INFO - [2024-10-27T18:59:38.975+0000] {dag.py:3036} INFO - Sync 1 DAGs
[2024-10-27T18:59:38.995+0000] {logging_mixin.py:188} INFO - [2024-10-27T18:59:38.994+0000] {dag.py:3823} INFO - Setting next_dagrun for example_branch_labels to 2024-10-26 00:00:00+00:00, run_after=2024-10-27 00:00:00+00:00
[2024-10-27T18:59:39.008+0000] {processor.py:183} INFO - Processing /home/airflow/.local/lib/python3.8/site-packages/airflow/example_dags/example_branch_labels.py took 0.061 seconds
[2024-10-27T19:00:09.226+0000] {processor.py:161} INFO - Started process (PID=448) to work on /home/airflow/.local/lib/python3.8/site-packages/airflow/example_dags/example_branch_labels.py
[2024-10-27T19:00:09.227+0000] {processor.py:830} INFO - Processing file /home/airflow/.local/lib/python3.8/site-packages/airflow/example_dags/example_branch_labels.py for tasks to queue
[2024-10-27T19:00:09.228+0000] {logging_mixin.py:188} INFO - [2024-10-27T19:00:09.227+0000] {dagbag.py:538} INFO - Filling up the DagBag from /home/airflow/.local/lib/python3.8/site-packages/airflow/example_dags/example_branch_labels.py
[2024-10-27T19:00:09.233+0000] {processor.py:840} INFO - DAG(s) 'example_branch_labels' retrieved from /home/airflow/.local/lib/python3.8/site-packages/airflow/example_dags/example_branch_labels.py
[2024-10-27T19:00:09.249+0000] {logging_mixin.py:188} INFO - [2024-10-27T19:00:09.248+0000] {dag.py:3036} INFO - Sync 1 DAGs
[2024-10-27T19:00:09.267+0000] {logging_mixin.py:188} INFO - [2024-10-27T19:00:09.266+0000] {dag.py:3823} INFO - Setting next_dagrun for example_branch_labels to 2024-10-26 00:00:00+00:00, run_after=2024-10-27 00:00:00+00:00
[2024-10-27T19:00:09.280+0000] {processor.py:183} INFO - Processing /home/airflow/.local/lib/python3.8/site-packages/airflow/example_dags/example_branch_labels.py took 0.057 seconds
[2024-10-27T19:00:39.417+0000] {processor.py:161} INFO - Started process (PID=504) to work on /home/airflow/.local/lib/python3.8/site-packages/airflow/example_dags/example_branch_labels.py
[2024-10-27T19:00:39.418+0000] {processor.py:830} INFO - Processing file /home/airflow/.local/lib/python3.8/site-packages/airflow/example_dags/example_branch_labels.py for tasks to queue
[2024-10-27T19:00:39.419+0000] {logging_mixin.py:188} INFO - [2024-10-27T19:00:39.419+0000] {dagbag.py:538} INFO - Filling up the DagBag from /home/airflow/.local/lib/python3.8/site-packages/airflow/example_dags/example_branch_labels.py
[2024-10-27T19:00:39.425+0000] {processor.py:840} INFO - DAG(s) 'example_branch_labels' retrieved from /home/airflow/.local/lib/python3.8/site-packages/airflow/example_dags/example_branch_labels.py
[2024-10-27T19:00:39.440+0000] {logging_mixin.py:188} INFO - [2024-10-27T19:00:39.440+0000] {dag.py:3036} INFO - Sync 1 DAGs
[2024-10-27T19:00:39.463+0000] {logging_mixin.py:188} INFO - [2024-10-27T19:00:39.463+0000] {dag.py:3823} INFO - Setting next_dagrun for example_branch_labels to 2024-10-26 00:00:00+00:00, run_after=2024-10-27 00:00:00+00:00
[2024-10-27T19:00:39.479+0000] {processor.py:183} INFO - Processing /home/airflow/.local/lib/python3.8/site-packages/airflow/example_dags/example_branch_labels.py took 0.064 seconds
[2024-10-27T19:01:09.732+0000] {processor.py:161} INFO - Started process (PID=560) to work on /home/airflow/.local/lib/python3.8/site-packages/airflow/example_dags/example_branch_labels.py
[2024-10-27T19:01:09.733+0000] {processor.py:830} INFO - Processing file /home/airflow/.local/lib/python3.8/site-packages/airflow/example_dags/example_branch_labels.py for tasks to queue
[2024-10-27T19:01:09.734+0000] {logging_mixin.py:188} INFO - [2024-10-27T19:01:09.734+0000] {dagbag.py:538} INFO - Filling up the DagBag from /home/airflow/.local/lib/python3.8/site-packages/airflow/example_dags/example_branch_labels.py
[2024-10-27T19:01:09.740+0000] {processor.py:840} INFO - DAG(s) 'example_branch_labels' retrieved from /home/airflow/.local/lib/python3.8/site-packages/airflow/example_dags/example_branch_labels.py
[2024-10-27T19:01:09.757+0000] {logging_mixin.py:188} INFO - [2024-10-27T19:01:09.757+0000] {dag.py:3036} INFO - Sync 1 DAGs
[2024-10-27T19:01:09.779+0000] {logging_mixin.py:188} INFO - [2024-10-27T19:01:09.779+0000] {dag.py:3823} INFO - Setting next_dagrun for example_branch_labels to 2024-10-26 00:00:00+00:00, run_after=2024-10-27 00:00:00+00:00
[2024-10-27T19:01:09.800+0000] {processor.py:183} INFO - Processing /home/airflow/.local/lib/python3.8/site-packages/airflow/example_dags/example_branch_labels.py took 0.071 seconds
[2024-10-27T19:01:39.970+0000] {processor.py:161} INFO - Started process (PID=616) to work on /home/airflow/.local/lib/python3.8/site-packages/airflow/example_dags/example_branch_labels.py
[2024-10-27T19:01:39.971+0000] {processor.py:830} INFO - Processing file /home/airflow/.local/lib/python3.8/site-packages/airflow/example_dags/example_branch_labels.py for tasks to queue
[2024-10-27T19:01:39.972+0000] {logging_mixin.py:188} INFO - [2024-10-27T19:01:39.972+0000] {dagbag.py:538} INFO - Filling up the DagBag from /home/airflow/.local/lib/python3.8/site-packages/airflow/example_dags/example_branch_labels.py
[2024-10-27T19:01:39.978+0000] {processor.py:840} INFO - DAG(s) 'example_branch_labels' retrieved from /home/airflow/.local/lib/python3.8/site-packages/airflow/example_dags/example_branch_labels.py
[2024-10-27T19:01:39.995+0000] {logging_mixin.py:188} INFO - [2024-10-27T19:01:39.995+0000] {dag.py:3036} INFO - Sync 1 DAGs
[2024-10-27T19:01:40.017+0000] {logging_mixin.py:188} INFO - [2024-10-27T19:01:40.016+0000] {dag.py:3823} INFO - Setting next_dagrun for example_branch_labels to 2024-10-26 00:00:00+00:00, run_after=2024-10-27 00:00:00+00:00
[2024-10-27T19:01:40.033+0000] {processor.py:183} INFO - Processing /home/airflow/.local/lib/python3.8/site-packages/airflow/example_dags/example_branch_labels.py took 0.066 seconds
[2024-10-27T19:02:10.389+0000] {processor.py:161} INFO - Started process (PID=672) to work on /home/airflow/.local/lib/python3.8/site-packages/airflow/example_dags/example_branch_labels.py
[2024-10-27T19:02:10.389+0000] {processor.py:830} INFO - Processing file /home/airflow/.local/lib/python3.8/site-packages/airflow/example_dags/example_branch_labels.py for tasks to queue
[2024-10-27T19:02:10.391+0000] {logging_mixin.py:188} INFO - [2024-10-27T19:02:10.391+0000] {dagbag.py:538} INFO - Filling up the DagBag from /home/airflow/.local/lib/python3.8/site-packages/airflow/example_dags/example_branch_labels.py
[2024-10-27T19:02:10.397+0000] {processor.py:840} INFO - DAG(s) 'example_branch_labels' retrieved from /home/airflow/.local/lib/python3.8/site-packages/airflow/example_dags/example_branch_labels.py
[2024-10-27T19:02:10.412+0000] {logging_mixin.py:188} INFO - [2024-10-27T19:02:10.412+0000] {dag.py:3036} INFO - Sync 1 DAGs
[2024-10-27T19:02:10.430+0000] {logging_mixin.py:188} INFO - [2024-10-27T19:02:10.429+0000] {dag.py:3823} INFO - Setting next_dagrun for example_branch_labels to 2024-10-26 00:00:00+00:00, run_after=2024-10-27 00:00:00+00:00
[2024-10-27T19:02:10.444+0000] {processor.py:183} INFO - Processing /home/airflow/.local/lib/python3.8/site-packages/airflow/example_dags/example_branch_labels.py took 0.057 seconds
[2024-10-27T19:02:40.635+0000] {processor.py:161} INFO - Started process (PID=728) to work on /home/airflow/.local/lib/python3.8/site-packages/airflow/example_dags/example_branch_labels.py
[2024-10-27T19:02:40.636+0000] {processor.py:830} INFO - Processing file /home/airflow/.local/lib/python3.8/site-packages/airflow/example_dags/example_branch_labels.py for tasks to queue
[2024-10-27T19:02:40.638+0000] {logging_mixin.py:188} INFO - [2024-10-27T19:02:40.638+0000] {dagbag.py:538} INFO - Filling up the DagBag from /home/airflow/.local/lib/python3.8/site-packages/airflow/example_dags/example_branch_labels.py
[2024-10-27T19:02:40.644+0000] {processor.py:840} INFO - DAG(s) 'example_branch_labels' retrieved from /home/airflow/.local/lib/python3.8/site-packages/airflow/example_dags/example_branch_labels.py
[2024-10-27T19:02:40.662+0000] {logging_mixin.py:188} INFO - [2024-10-27T19:02:40.662+0000] {dag.py:3036} INFO - Sync 1 DAGs
[2024-10-27T19:02:40.687+0000] {logging_mixin.py:188} INFO - [2024-10-27T19:02:40.686+0000] {dag.py:3823} INFO - Setting next_dagrun for example_branch_labels to 2024-10-26 00:00:00+00:00, run_after=2024-10-27 00:00:00+00:00
[2024-10-27T19:02:40.706+0000] {processor.py:183} INFO - Processing /home/airflow/.local/lib/python3.8/site-packages/airflow/example_dags/example_branch_labels.py took 0.073 seconds
[2024-10-27T19:03:10.841+0000] {processor.py:161} INFO - Started process (PID=784) to work on /home/airflow/.local/lib/python3.8/site-packages/airflow/example_dags/example_branch_labels.py
[2024-10-27T19:03:10.842+0000] {processor.py:830} INFO - Processing file /home/airflow/.local/lib/python3.8/site-packages/airflow/example_dags/example_branch_labels.py for tasks to queue
[2024-10-27T19:03:10.844+0000] {logging_mixin.py:188} INFO - [2024-10-27T19:03:10.843+0000] {dagbag.py:538} INFO - Filling up the DagBag from /home/airflow/.local/lib/python3.8/site-packages/airflow/example_dags/example_branch_labels.py
[2024-10-27T19:03:10.851+0000] {processor.py:840} INFO - DAG(s) 'example_branch_labels' retrieved from /home/airflow/.local/lib/python3.8/site-packages/airflow/example_dags/example_branch_labels.py
[2024-10-27T19:03:10.868+0000] {logging_mixin.py:188} INFO - [2024-10-27T19:03:10.868+0000] {dag.py:3036} INFO - Sync 1 DAGs
[2024-10-27T19:03:10.886+0000] {logging_mixin.py:188} INFO - [2024-10-27T19:03:10.886+0000] {dag.py:3823} INFO - Setting next_dagrun for example_branch_labels to 2024-10-26 00:00:00+00:00, run_after=2024-10-27 00:00:00+00:00
[2024-10-27T19:03:10.902+0000] {processor.py:183} INFO - Processing /home/airflow/.local/lib/python3.8/site-packages/airflow/example_dags/example_branch_labels.py took 0.064 seconds
[2024-10-27T19:03:41.050+0000] {processor.py:161} INFO - Started process (PID=840) to work on /home/airflow/.local/lib/python3.8/site-packages/airflow/example_dags/example_branch_labels.py
[2024-10-27T19:03:41.051+0000] {processor.py:830} INFO - Processing file /home/airflow/.local/lib/python3.8/site-packages/airflow/example_dags/example_branch_labels.py for tasks to queue
[2024-10-27T19:03:41.052+0000] {logging_mixin.py:188} INFO - [2024-10-27T19:03:41.052+0000] {dagbag.py:538} INFO - Filling up the DagBag from /home/airflow/.local/lib/python3.8/site-packages/airflow/example_dags/example_branch_labels.py
[2024-10-27T19:03:41.060+0000] {processor.py:840} INFO - DAG(s) 'example_branch_labels' retrieved from /home/airflow/.local/lib/python3.8/site-packages/airflow/example_dags/example_branch_labels.py
[2024-10-27T19:03:41.076+0000] {logging_mixin.py:188} INFO - [2024-10-27T19:03:41.076+0000] {dag.py:3036} INFO - Sync 1 DAGs
[2024-10-27T19:03:41.093+0000] {logging_mixin.py:188} INFO - [2024-10-27T19:03:41.093+0000] {dag.py:3823} INFO - Setting next_dagrun for example_branch_labels to 2024-10-26 00:00:00+00:00, run_after=2024-10-27 00:00:00+00:00
[2024-10-27T19:03:41.107+0000] {processor.py:183} INFO - Processing /home/airflow/.local/lib/python3.8/site-packages/airflow/example_dags/example_branch_labels.py took 0.058 seconds
[2024-10-27T19:04:11.217+0000] {processor.py:161} INFO - Started process (PID=896) to work on /home/airflow/.local/lib/python3.8/site-packages/airflow/example_dags/example_branch_labels.py
[2024-10-27T19:04:11.217+0000] {processor.py:830} INFO - Processing file /home/airflow/.local/lib/python3.8/site-packages/airflow/example_dags/example_branch_labels.py for tasks to queue
[2024-10-27T19:04:11.219+0000] {logging_mixin.py:188} INFO - [2024-10-27T19:04:11.219+0000] {dagbag.py:538} INFO - Filling up the DagBag from /home/airflow/.local/lib/python3.8/site-packages/airflow/example_dags/example_branch_labels.py
[2024-10-27T19:04:11.225+0000] {processor.py:840} INFO - DAG(s) 'example_branch_labels' retrieved from /home/airflow/.local/lib/python3.8/site-packages/airflow/example_dags/example_branch_labels.py
[2024-10-27T19:04:11.243+0000] {logging_mixin.py:188} INFO - [2024-10-27T19:04:11.243+0000] {dag.py:3036} INFO - Sync 1 DAGs
[2024-10-27T19:04:11.262+0000] {logging_mixin.py:188} INFO - [2024-10-27T19:04:11.262+0000] {dag.py:3823} INFO - Setting next_dagrun for example_branch_labels to 2024-10-26 00:00:00+00:00, run_after=2024-10-27 00:00:00+00:00
[2024-10-27T19:04:11.278+0000] {processor.py:183} INFO - Processing /home/airflow/.local/lib/python3.8/site-packages/airflow/example_dags/example_branch_labels.py took 0.064 seconds
[2024-10-27T19:04:41.828+0000] {processor.py:161} INFO - Started process (PID=952) to work on /home/airflow/.local/lib/python3.8/site-packages/airflow/example_dags/example_branch_labels.py
[2024-10-27T19:04:41.829+0000] {processor.py:830} INFO - Processing file /home/airflow/.local/lib/python3.8/site-packages/airflow/example_dags/example_branch_labels.py for tasks to queue
[2024-10-27T19:04:41.830+0000] {logging_mixin.py:188} INFO - [2024-10-27T19:04:41.830+0000] {dagbag.py:538} INFO - Filling up the DagBag from /home/airflow/.local/lib/python3.8/site-packages/airflow/example_dags/example_branch_labels.py
[2024-10-27T19:04:41.836+0000] {processor.py:840} INFO - DAG(s) 'example_branch_labels' retrieved from /home/airflow/.local/lib/python3.8/site-packages/airflow/example_dags/example_branch_labels.py
[2024-10-27T19:04:41.851+0000] {logging_mixin.py:188} INFO - [2024-10-27T19:04:41.851+0000] {dag.py:3036} INFO - Sync 1 DAGs
[2024-10-27T19:04:41.868+0000] {logging_mixin.py:188} INFO - [2024-10-27T19:04:41.867+0000] {dag.py:3823} INFO - Setting next_dagrun for example_branch_labels to 2024-10-26 00:00:00+00:00, run_after=2024-10-27 00:00:00+00:00
[2024-10-27T19:04:41.881+0000] {processor.py:183} INFO - Processing /home/airflow/.local/lib/python3.8/site-packages/airflow/example_dags/example_branch_labels.py took 0.055 seconds
[2024-10-27T19:05:12.596+0000] {processor.py:161} INFO - Started process (PID=1008) to work on /home/airflow/.local/lib/python3.8/site-packages/airflow/example_dags/example_branch_labels.py
[2024-10-27T19:05:12.598+0000] {processor.py:830} INFO - Processing file /home/airflow/.local/lib/python3.8/site-packages/airflow/example_dags/example_branch_labels.py for tasks to queue
[2024-10-27T19:05:12.599+0000] {logging_mixin.py:188} INFO - [2024-10-27T19:05:12.599+0000] {dagbag.py:538} INFO - Filling up the DagBag from /home/airflow/.local/lib/python3.8/site-packages/airflow/example_dags/example_branch_labels.py
[2024-10-27T19:05:12.607+0000] {processor.py:840} INFO - DAG(s) 'example_branch_labels' retrieved from /home/airflow/.local/lib/python3.8/site-packages/airflow/example_dags/example_branch_labels.py
[2024-10-27T19:05:12.631+0000] {logging_mixin.py:188} INFO - [2024-10-27T19:05:12.631+0000] {dag.py:3036} INFO - Sync 1 DAGs
[2024-10-27T19:05:12.657+0000] {logging_mixin.py:188} INFO - [2024-10-27T19:05:12.656+0000] {dag.py:3823} INFO - Setting next_dagrun for example_branch_labels to 2024-10-26 00:00:00+00:00, run_after=2024-10-27 00:00:00+00:00
[2024-10-27T19:05:12.673+0000] {processor.py:183} INFO - Processing /home/airflow/.local/lib/python3.8/site-packages/airflow/example_dags/example_branch_labels.py took 0.079 seconds
[2024-10-27T19:13:13.426+0000] {processor.py:161} INFO - Started process (PID=56) to work on /home/airflow/.local/lib/python3.11/site-packages/airflow/example_dags/example_branch_labels.py
[2024-10-27T19:13:13.426+0000] {processor.py:830} INFO - Processing file /home/airflow/.local/lib/python3.11/site-packages/airflow/example_dags/example_branch_labels.py for tasks to queue
[2024-10-27T19:13:13.428+0000] {logging_mixin.py:188} INFO - [2024-10-27T19:13:13.428+0000] {dagbag.py:538} INFO - Filling up the DagBag from /home/airflow/.local/lib/python3.11/site-packages/airflow/example_dags/example_branch_labels.py
[2024-10-27T19:13:13.436+0000] {processor.py:840} INFO - DAG(s) 'example_branch_labels' retrieved from /home/airflow/.local/lib/python3.11/site-packages/airflow/example_dags/example_branch_labels.py
[2024-10-27T19:13:13.622+0000] {logging_mixin.py:188} INFO - [2024-10-27T19:13:13.621+0000] {dag.py:3036} INFO - Sync 1 DAGs
[2024-10-27T19:13:13.650+0000] {logging_mixin.py:188} INFO - [2024-10-27T19:13:13.649+0000] {dag.py:3823} INFO - Setting next_dagrun for example_branch_labels to 2024-10-26 00:00:00+00:00, run_after=2024-10-27 00:00:00+00:00
[2024-10-27T19:13:13.682+0000] {processor.py:183} INFO - Processing /home/airflow/.local/lib/python3.11/site-packages/airflow/example_dags/example_branch_labels.py took 0.259 seconds
[2024-10-27T19:13:46.857+0000] {processor.py:161} INFO - Started process (PID=120) to work on /home/airflow/.local/lib/python3.11/site-packages/airflow/example_dags/example_branch_labels.py
[2024-10-27T19:13:46.858+0000] {processor.py:830} INFO - Processing file /home/airflow/.local/lib/python3.11/site-packages/airflow/example_dags/example_branch_labels.py for tasks to queue
[2024-10-27T19:13:46.859+0000] {logging_mixin.py:188} INFO - [2024-10-27T19:13:46.859+0000] {dagbag.py:538} INFO - Filling up the DagBag from /home/airflow/.local/lib/python3.11/site-packages/airflow/example_dags/example_branch_labels.py
[2024-10-27T19:13:46.864+0000] {processor.py:840} INFO - DAG(s) 'example_branch_labels' retrieved from /home/airflow/.local/lib/python3.11/site-packages/airflow/example_dags/example_branch_labels.py
[2024-10-27T19:13:46.938+0000] {logging_mixin.py:188} INFO - [2024-10-27T19:13:46.938+0000] {dag.py:3036} INFO - Sync 1 DAGs
[2024-10-27T19:13:46.954+0000] {logging_mixin.py:188} INFO - [2024-10-27T19:13:46.954+0000] {dag.py:3823} INFO - Setting next_dagrun for example_branch_labels to 2024-10-26 00:00:00+00:00, run_after=2024-10-27 00:00:00+00:00
[2024-10-27T19:13:47.688+0000] {processor.py:183} INFO - Processing /home/airflow/.local/lib/python3.11/site-packages/airflow/example_dags/example_branch_labels.py took 0.833 seconds
[2024-10-27T19:14:18.372+0000] {processor.py:161} INFO - Started process (PID=178) to work on /home/airflow/.local/lib/python3.11/site-packages/airflow/example_dags/example_branch_labels.py
[2024-10-27T19:14:18.373+0000] {processor.py:830} INFO - Processing file /home/airflow/.local/lib/python3.11/site-packages/airflow/example_dags/example_branch_labels.py for tasks to queue
[2024-10-27T19:14:18.375+0000] {logging_mixin.py:188} INFO - [2024-10-27T19:14:18.375+0000] {dagbag.py:538} INFO - Filling up the DagBag from /home/airflow/.local/lib/python3.11/site-packages/airflow/example_dags/example_branch_labels.py
[2024-10-27T19:14:18.386+0000] {processor.py:840} INFO - DAG(s) 'example_branch_labels' retrieved from /home/airflow/.local/lib/python3.11/site-packages/airflow/example_dags/example_branch_labels.py
[2024-10-27T19:14:18.411+0000] {logging_mixin.py:188} INFO - [2024-10-27T19:14:18.411+0000] {dag.py:3036} INFO - Sync 1 DAGs
[2024-10-27T19:14:18.446+0000] {logging_mixin.py:188} INFO - [2024-10-27T19:14:18.446+0000] {dag.py:3823} INFO - Setting next_dagrun for example_branch_labels to 2024-10-26 00:00:00+00:00, run_after=2024-10-27 00:00:00+00:00
[2024-10-27T19:14:18.469+0000] {processor.py:183} INFO - Processing /home/airflow/.local/lib/python3.11/site-packages/airflow/example_dags/example_branch_labels.py took 0.100 seconds
[2024-10-27T19:14:49.666+0000] {processor.py:161} INFO - Started process (PID=236) to work on /home/airflow/.local/lib/python3.11/site-packages/airflow/example_dags/example_branch_labels.py
[2024-10-27T19:14:49.667+0000] {processor.py:830} INFO - Processing file /home/airflow/.local/lib/python3.11/site-packages/airflow/example_dags/example_branch_labels.py for tasks to queue
[2024-10-27T19:14:49.675+0000] {logging_mixin.py:188} INFO - [2024-10-27T19:14:49.675+0000] {dagbag.py:538} INFO - Filling up the DagBag from /home/airflow/.local/lib/python3.11/site-packages/airflow/example_dags/example_branch_labels.py
[2024-10-27T19:14:49.683+0000] {processor.py:840} INFO - DAG(s) 'example_branch_labels' retrieved from /home/airflow/.local/lib/python3.11/site-packages/airflow/example_dags/example_branch_labels.py
[2024-10-27T19:14:49.708+0000] {logging_mixin.py:188} INFO - [2024-10-27T19:14:49.707+0000] {dag.py:3036} INFO - Sync 1 DAGs
[2024-10-27T19:14:49.732+0000] {logging_mixin.py:188} INFO - [2024-10-27T19:14:49.732+0000] {dag.py:3823} INFO - Setting next_dagrun for example_branch_labels to 2024-10-26 00:00:00+00:00, run_after=2024-10-27 00:00:00+00:00
[2024-10-27T19:14:49.906+0000] {processor.py:183} INFO - Processing /home/airflow/.local/lib/python3.11/site-packages/airflow/example_dags/example_branch_labels.py took 0.244 seconds
[2024-10-27T19:15:20.321+0000] {processor.py:161} INFO - Started process (PID=294) to work on /home/airflow/.local/lib/python3.11/site-packages/airflow/example_dags/example_branch_labels.py
[2024-10-27T19:15:20.322+0000] {processor.py:830} INFO - Processing file /home/airflow/.local/lib/python3.11/site-packages/airflow/example_dags/example_branch_labels.py for tasks to queue
[2024-10-27T19:15:20.324+0000] {logging_mixin.py:188} INFO - [2024-10-27T19:15:20.324+0000] {dagbag.py:538} INFO - Filling up the DagBag from /home/airflow/.local/lib/python3.11/site-packages/airflow/example_dags/example_branch_labels.py
[2024-10-27T19:15:20.330+0000] {processor.py:840} INFO - DAG(s) 'example_branch_labels' retrieved from /home/airflow/.local/lib/python3.11/site-packages/airflow/example_dags/example_branch_labels.py
[2024-10-27T19:15:20.347+0000] {logging_mixin.py:188} INFO - [2024-10-27T19:15:20.347+0000] {dag.py:3036} INFO - Sync 1 DAGs
[2024-10-27T19:15:20.365+0000] {logging_mixin.py:188} INFO - [2024-10-27T19:15:20.365+0000] {dag.py:3823} INFO - Setting next_dagrun for example_branch_labels to 2024-10-26 00:00:00+00:00, run_after=2024-10-27 00:00:00+00:00
[2024-10-27T19:15:20.381+0000] {processor.py:183} INFO - Processing /home/airflow/.local/lib/python3.11/site-packages/airflow/example_dags/example_branch_labels.py took 0.062 seconds
