[2024-10-27T18:56:03.265+0000] {processor.py:161} INFO - Started process (PID=216) to work on /home/airflow/.local/lib/python3.8/site-packages/airflow/example_dags/example_setup_teardown.py
[2024-10-27T18:56:03.266+0000] {processor.py:830} INFO - Processing file /home/airflow/.local/lib/python3.8/site-packages/airflow/example_dags/example_setup_teardown.py for tasks to queue
[2024-10-27T18:56:03.267+0000] {logging_mixin.py:188} INFO - [2024-10-27T18:56:03.267+0000] {dagbag.py:538} INFO - Filling up the DagBag from /home/airflow/.local/lib/python3.8/site-packages/airflow/example_dags/example_setup_teardown.py
[2024-10-27T18:56:03.272+0000] {processor.py:840} INFO - DAG(s) 'example_setup_teardown' retrieved from /home/airflow/.local/lib/python3.8/site-packages/airflow/example_dags/example_setup_teardown.py
[2024-10-27T18:56:03.356+0000] {logging_mixin.py:188} INFO - [2024-10-27T18:56:03.355+0000] {override.py:1769} INFO - Created Permission View: can delete on DAG:example_setup_teardown
[2024-10-27T18:56:03.365+0000] {logging_mixin.py:188} INFO - [2024-10-27T18:56:03.365+0000] {override.py:1769} INFO - Created Permission View: can read on DAG:example_setup_teardown
[2024-10-27T18:56:03.372+0000] {logging_mixin.py:188} INFO - [2024-10-27T18:56:03.371+0000] {override.py:1769} INFO - Created Permission View: can edit on DAG:example_setup_teardown
[2024-10-27T18:56:03.372+0000] {logging_mixin.py:188} INFO - [2024-10-27T18:56:03.372+0000] {dag.py:3036} INFO - Sync 1 DAGs
[2024-10-27T18:56:03.384+0000] {logging_mixin.py:188} INFO - [2024-10-27T18:56:03.384+0000] {dag.py:3058} INFO - Creating ORM DAG for example_setup_teardown
[2024-10-27T18:56:03.393+0000] {logging_mixin.py:188} INFO - [2024-10-27T18:56:03.392+0000] {dag.py:3823} INFO - Setting next_dagrun for example_setup_teardown to 2024-10-26 00:00:00+00:00, run_after=2024-10-27 00:00:00+00:00
[2024-10-27T18:56:03.406+0000] {processor.py:183} INFO - Processing /home/airflow/.local/lib/python3.8/site-packages/airflow/example_dags/example_setup_teardown.py took 0.143 seconds
[2024-10-27T18:56:38.038+0000] {processor.py:161} INFO - Started process (PID=88) to work on /home/airflow/.local/lib/python3.8/site-packages/airflow/example_dags/example_setup_teardown.py
[2024-10-27T18:56:38.038+0000] {processor.py:830} INFO - Processing file /home/airflow/.local/lib/python3.8/site-packages/airflow/example_dags/example_setup_teardown.py for tasks to queue
[2024-10-27T18:56:38.040+0000] {logging_mixin.py:188} INFO - [2024-10-27T18:56:38.039+0000] {dagbag.py:538} INFO - Filling up the DagBag from /home/airflow/.local/lib/python3.8/site-packages/airflow/example_dags/example_setup_teardown.py
[2024-10-27T18:56:38.044+0000] {processor.py:840} INFO - DAG(s) 'example_setup_teardown' retrieved from /home/airflow/.local/lib/python3.8/site-packages/airflow/example_dags/example_setup_teardown.py
[2024-10-27T18:56:38.060+0000] {logging_mixin.py:188} INFO - [2024-10-27T18:56:38.059+0000] {dag.py:3036} INFO - Sync 1 DAGs
[2024-10-27T18:56:38.077+0000] {logging_mixin.py:188} INFO - [2024-10-27T18:56:38.077+0000] {dag.py:3823} INFO - Setting next_dagrun for example_setup_teardown to 2024-10-26 00:00:00+00:00, run_after=2024-10-27 00:00:00+00:00
[2024-10-27T18:56:38.091+0000] {processor.py:183} INFO - Processing /home/airflow/.local/lib/python3.8/site-packages/airflow/example_dags/example_setup_teardown.py took 0.056 seconds
[2024-10-27T18:57:08.527+0000] {processor.py:161} INFO - Started process (PID=144) to work on /home/airflow/.local/lib/python3.8/site-packages/airflow/example_dags/example_setup_teardown.py
[2024-10-27T18:57:08.528+0000] {processor.py:830} INFO - Processing file /home/airflow/.local/lib/python3.8/site-packages/airflow/example_dags/example_setup_teardown.py for tasks to queue
[2024-10-27T18:57:08.529+0000] {logging_mixin.py:188} INFO - [2024-10-27T18:57:08.529+0000] {dagbag.py:538} INFO - Filling up the DagBag from /home/airflow/.local/lib/python3.8/site-packages/airflow/example_dags/example_setup_teardown.py
[2024-10-27T18:57:08.534+0000] {processor.py:840} INFO - DAG(s) 'example_setup_teardown' retrieved from /home/airflow/.local/lib/python3.8/site-packages/airflow/example_dags/example_setup_teardown.py
[2024-10-27T18:57:08.550+0000] {logging_mixin.py:188} INFO - [2024-10-27T18:57:08.550+0000] {dag.py:3036} INFO - Sync 1 DAGs
[2024-10-27T18:57:08.567+0000] {logging_mixin.py:188} INFO - [2024-10-27T18:57:08.567+0000] {dag.py:3823} INFO - Setting next_dagrun for example_setup_teardown to 2024-10-26 00:00:00+00:00, run_after=2024-10-27 00:00:00+00:00
[2024-10-27T18:57:08.582+0000] {processor.py:183} INFO - Processing /home/airflow/.local/lib/python3.8/site-packages/airflow/example_dags/example_setup_teardown.py took 0.058 seconds
[2024-10-27T18:57:38.875+0000] {processor.py:161} INFO - Started process (PID=200) to work on /home/airflow/.local/lib/python3.8/site-packages/airflow/example_dags/example_setup_teardown.py
[2024-10-27T18:57:38.876+0000] {processor.py:830} INFO - Processing file /home/airflow/.local/lib/python3.8/site-packages/airflow/example_dags/example_setup_teardown.py for tasks to queue
[2024-10-27T18:57:38.877+0000] {logging_mixin.py:188} INFO - [2024-10-27T18:57:38.877+0000] {dagbag.py:538} INFO - Filling up the DagBag from /home/airflow/.local/lib/python3.8/site-packages/airflow/example_dags/example_setup_teardown.py
[2024-10-27T18:57:38.882+0000] {processor.py:840} INFO - DAG(s) 'example_setup_teardown' retrieved from /home/airflow/.local/lib/python3.8/site-packages/airflow/example_dags/example_setup_teardown.py
[2024-10-27T18:57:38.897+0000] {logging_mixin.py:188} INFO - [2024-10-27T18:57:38.897+0000] {dag.py:3036} INFO - Sync 1 DAGs
[2024-10-27T18:57:38.916+0000] {logging_mixin.py:188} INFO - [2024-10-27T18:57:38.916+0000] {dag.py:3823} INFO - Setting next_dagrun for example_setup_teardown to 2024-10-26 00:00:00+00:00, run_after=2024-10-27 00:00:00+00:00
[2024-10-27T18:57:38.931+0000] {processor.py:183} INFO - Processing /home/airflow/.local/lib/python3.8/site-packages/airflow/example_dags/example_setup_teardown.py took 0.058 seconds
[2024-10-27T18:58:09.390+0000] {processor.py:161} INFO - Started process (PID=256) to work on /home/airflow/.local/lib/python3.8/site-packages/airflow/example_dags/example_setup_teardown.py
[2024-10-27T18:58:09.391+0000] {processor.py:830} INFO - Processing file /home/airflow/.local/lib/python3.8/site-packages/airflow/example_dags/example_setup_teardown.py for tasks to queue
[2024-10-27T18:58:09.392+0000] {logging_mixin.py:188} INFO - [2024-10-27T18:58:09.392+0000] {dagbag.py:538} INFO - Filling up the DagBag from /home/airflow/.local/lib/python3.8/site-packages/airflow/example_dags/example_setup_teardown.py
[2024-10-27T18:58:09.397+0000] {processor.py:840} INFO - DAG(s) 'example_setup_teardown' retrieved from /home/airflow/.local/lib/python3.8/site-packages/airflow/example_dags/example_setup_teardown.py
[2024-10-27T18:58:09.421+0000] {logging_mixin.py:188} INFO - [2024-10-27T18:58:09.420+0000] {dag.py:3036} INFO - Sync 1 DAGs
[2024-10-27T18:58:09.440+0000] {logging_mixin.py:188} INFO - [2024-10-27T18:58:09.439+0000] {dag.py:3823} INFO - Setting next_dagrun for example_setup_teardown to 2024-10-26 00:00:00+00:00, run_after=2024-10-27 00:00:00+00:00
[2024-10-27T18:58:09.456+0000] {processor.py:183} INFO - Processing /home/airflow/.local/lib/python3.8/site-packages/airflow/example_dags/example_setup_teardown.py took 0.068 seconds
[2024-10-27T18:58:39.982+0000] {processor.py:161} INFO - Started process (PID=312) to work on /home/airflow/.local/lib/python3.8/site-packages/airflow/example_dags/example_setup_teardown.py
[2024-10-27T18:58:39.983+0000] {processor.py:830} INFO - Processing file /home/airflow/.local/lib/python3.8/site-packages/airflow/example_dags/example_setup_teardown.py for tasks to queue
[2024-10-27T18:58:39.985+0000] {logging_mixin.py:188} INFO - [2024-10-27T18:58:39.984+0000] {dagbag.py:538} INFO - Filling up the DagBag from /home/airflow/.local/lib/python3.8/site-packages/airflow/example_dags/example_setup_teardown.py
[2024-10-27T18:58:39.990+0000] {processor.py:840} INFO - DAG(s) 'example_setup_teardown' retrieved from /home/airflow/.local/lib/python3.8/site-packages/airflow/example_dags/example_setup_teardown.py
[2024-10-27T18:58:40.009+0000] {logging_mixin.py:188} INFO - [2024-10-27T18:58:40.009+0000] {dag.py:3036} INFO - Sync 1 DAGs
[2024-10-27T18:58:40.029+0000] {logging_mixin.py:188} INFO - [2024-10-27T18:58:40.029+0000] {dag.py:3823} INFO - Setting next_dagrun for example_setup_teardown to 2024-10-26 00:00:00+00:00, run_after=2024-10-27 00:00:00+00:00
[2024-10-27T18:58:40.046+0000] {processor.py:183} INFO - Processing /home/airflow/.local/lib/python3.8/site-packages/airflow/example_dags/example_setup_teardown.py took 0.066 seconds
[2024-10-27T18:59:10.121+0000] {processor.py:161} INFO - Started process (PID=369) to work on /home/airflow/.local/lib/python3.8/site-packages/airflow/example_dags/example_setup_teardown.py
[2024-10-27T18:59:10.122+0000] {processor.py:830} INFO - Processing file /home/airflow/.local/lib/python3.8/site-packages/airflow/example_dags/example_setup_teardown.py for tasks to queue
[2024-10-27T18:59:10.123+0000] {logging_mixin.py:188} INFO - [2024-10-27T18:59:10.123+0000] {dagbag.py:538} INFO - Filling up the DagBag from /home/airflow/.local/lib/python3.8/site-packages/airflow/example_dags/example_setup_teardown.py
[2024-10-27T18:59:10.128+0000] {processor.py:840} INFO - DAG(s) 'example_setup_teardown' retrieved from /home/airflow/.local/lib/python3.8/site-packages/airflow/example_dags/example_setup_teardown.py
[2024-10-27T18:59:10.146+0000] {logging_mixin.py:188} INFO - [2024-10-27T18:59:10.146+0000] {dag.py:3036} INFO - Sync 1 DAGs
[2024-10-27T18:59:10.167+0000] {logging_mixin.py:188} INFO - [2024-10-27T18:59:10.166+0000] {dag.py:3823} INFO - Setting next_dagrun for example_setup_teardown to 2024-10-26 00:00:00+00:00, run_after=2024-10-27 00:00:00+00:00
[2024-10-27T18:59:10.185+0000] {processor.py:183} INFO - Processing /home/airflow/.local/lib/python3.8/site-packages/airflow/example_dags/example_setup_teardown.py took 0.067 seconds
[2024-10-27T18:59:40.427+0000] {processor.py:161} INFO - Started process (PID=425) to work on /home/airflow/.local/lib/python3.8/site-packages/airflow/example_dags/example_setup_teardown.py
[2024-10-27T18:59:40.428+0000] {processor.py:830} INFO - Processing file /home/airflow/.local/lib/python3.8/site-packages/airflow/example_dags/example_setup_teardown.py for tasks to queue
[2024-10-27T18:59:40.430+0000] {logging_mixin.py:188} INFO - [2024-10-27T18:59:40.429+0000] {dagbag.py:538} INFO - Filling up the DagBag from /home/airflow/.local/lib/python3.8/site-packages/airflow/example_dags/example_setup_teardown.py
[2024-10-27T18:59:40.435+0000] {processor.py:840} INFO - DAG(s) 'example_setup_teardown' retrieved from /home/airflow/.local/lib/python3.8/site-packages/airflow/example_dags/example_setup_teardown.py
[2024-10-27T18:59:40.452+0000] {logging_mixin.py:188} INFO - [2024-10-27T18:59:40.452+0000] {dag.py:3036} INFO - Sync 1 DAGs
[2024-10-27T18:59:40.470+0000] {logging_mixin.py:188} INFO - [2024-10-27T18:59:40.470+0000] {dag.py:3823} INFO - Setting next_dagrun for example_setup_teardown to 2024-10-26 00:00:00+00:00, run_after=2024-10-27 00:00:00+00:00
[2024-10-27T18:59:40.486+0000] {processor.py:183} INFO - Processing /home/airflow/.local/lib/python3.8/site-packages/airflow/example_dags/example_setup_teardown.py took 0.062 seconds
[2024-10-27T19:00:10.625+0000] {processor.py:161} INFO - Started process (PID=480) to work on /home/airflow/.local/lib/python3.8/site-packages/airflow/example_dags/example_setup_teardown.py
[2024-10-27T19:00:10.626+0000] {processor.py:830} INFO - Processing file /home/airflow/.local/lib/python3.8/site-packages/airflow/example_dags/example_setup_teardown.py for tasks to queue
[2024-10-27T19:00:10.627+0000] {logging_mixin.py:188} INFO - [2024-10-27T19:00:10.627+0000] {dagbag.py:538} INFO - Filling up the DagBag from /home/airflow/.local/lib/python3.8/site-packages/airflow/example_dags/example_setup_teardown.py
[2024-10-27T19:00:10.632+0000] {processor.py:840} INFO - DAG(s) 'example_setup_teardown' retrieved from /home/airflow/.local/lib/python3.8/site-packages/airflow/example_dags/example_setup_teardown.py
[2024-10-27T19:00:10.648+0000] {logging_mixin.py:188} INFO - [2024-10-27T19:00:10.648+0000] {dag.py:3036} INFO - Sync 1 DAGs
[2024-10-27T19:00:10.663+0000] {logging_mixin.py:188} INFO - [2024-10-27T19:00:10.663+0000] {dag.py:3823} INFO - Setting next_dagrun for example_setup_teardown to 2024-10-26 00:00:00+00:00, run_after=2024-10-27 00:00:00+00:00
[2024-10-27T19:00:10.677+0000] {processor.py:183} INFO - Processing /home/airflow/.local/lib/python3.8/site-packages/airflow/example_dags/example_setup_teardown.py took 0.054 seconds
[2024-10-27T19:00:40.831+0000] {processor.py:161} INFO - Started process (PID=536) to work on /home/airflow/.local/lib/python3.8/site-packages/airflow/example_dags/example_setup_teardown.py
[2024-10-27T19:00:40.832+0000] {processor.py:830} INFO - Processing file /home/airflow/.local/lib/python3.8/site-packages/airflow/example_dags/example_setup_teardown.py for tasks to queue
[2024-10-27T19:00:40.833+0000] {logging_mixin.py:188} INFO - [2024-10-27T19:00:40.833+0000] {dagbag.py:538} INFO - Filling up the DagBag from /home/airflow/.local/lib/python3.8/site-packages/airflow/example_dags/example_setup_teardown.py
[2024-10-27T19:00:40.838+0000] {processor.py:840} INFO - DAG(s) 'example_setup_teardown' retrieved from /home/airflow/.local/lib/python3.8/site-packages/airflow/example_dags/example_setup_teardown.py
[2024-10-27T19:00:40.855+0000] {logging_mixin.py:188} INFO - [2024-10-27T19:00:40.855+0000] {dag.py:3036} INFO - Sync 1 DAGs
[2024-10-27T19:00:40.873+0000] {logging_mixin.py:188} INFO - [2024-10-27T19:00:40.873+0000] {dag.py:3823} INFO - Setting next_dagrun for example_setup_teardown to 2024-10-26 00:00:00+00:00, run_after=2024-10-27 00:00:00+00:00
[2024-10-27T19:00:40.887+0000] {processor.py:183} INFO - Processing /home/airflow/.local/lib/python3.8/site-packages/airflow/example_dags/example_setup_teardown.py took 0.059 seconds
[2024-10-27T19:01:11.144+0000] {processor.py:161} INFO - Started process (PID=593) to work on /home/airflow/.local/lib/python3.8/site-packages/airflow/example_dags/example_setup_teardown.py
[2024-10-27T19:01:11.145+0000] {processor.py:830} INFO - Processing file /home/airflow/.local/lib/python3.8/site-packages/airflow/example_dags/example_setup_teardown.py for tasks to queue
[2024-10-27T19:01:11.146+0000] {logging_mixin.py:188} INFO - [2024-10-27T19:01:11.146+0000] {dagbag.py:538} INFO - Filling up the DagBag from /home/airflow/.local/lib/python3.8/site-packages/airflow/example_dags/example_setup_teardown.py
[2024-10-27T19:01:11.151+0000] {processor.py:840} INFO - DAG(s) 'example_setup_teardown' retrieved from /home/airflow/.local/lib/python3.8/site-packages/airflow/example_dags/example_setup_teardown.py
[2024-10-27T19:01:11.167+0000] {logging_mixin.py:188} INFO - [2024-10-27T19:01:11.167+0000] {dag.py:3036} INFO - Sync 1 DAGs
[2024-10-27T19:01:11.184+0000] {logging_mixin.py:188} INFO - [2024-10-27T19:01:11.184+0000] {dag.py:3823} INFO - Setting next_dagrun for example_setup_teardown to 2024-10-26 00:00:00+00:00, run_after=2024-10-27 00:00:00+00:00
[2024-10-27T19:01:11.199+0000] {processor.py:183} INFO - Processing /home/airflow/.local/lib/python3.8/site-packages/airflow/example_dags/example_setup_teardown.py took 0.058 seconds
[2024-10-27T19:01:41.535+0000] {processor.py:161} INFO - Started process (PID=649) to work on /home/airflow/.local/lib/python3.8/site-packages/airflow/example_dags/example_setup_teardown.py
[2024-10-27T19:01:41.535+0000] {processor.py:830} INFO - Processing file /home/airflow/.local/lib/python3.8/site-packages/airflow/example_dags/example_setup_teardown.py for tasks to queue
[2024-10-27T19:01:41.537+0000] {logging_mixin.py:188} INFO - [2024-10-27T19:01:41.536+0000] {dagbag.py:538} INFO - Filling up the DagBag from /home/airflow/.local/lib/python3.8/site-packages/airflow/example_dags/example_setup_teardown.py
[2024-10-27T19:01:41.542+0000] {processor.py:840} INFO - DAG(s) 'example_setup_teardown' retrieved from /home/airflow/.local/lib/python3.8/site-packages/airflow/example_dags/example_setup_teardown.py
[2024-10-27T19:01:41.558+0000] {logging_mixin.py:188} INFO - [2024-10-27T19:01:41.557+0000] {dag.py:3036} INFO - Sync 1 DAGs
[2024-10-27T19:01:41.575+0000] {logging_mixin.py:188} INFO - [2024-10-27T19:01:41.574+0000] {dag.py:3823} INFO - Setting next_dagrun for example_setup_teardown to 2024-10-26 00:00:00+00:00, run_after=2024-10-27 00:00:00+00:00
[2024-10-27T19:01:41.593+0000] {processor.py:183} INFO - Processing /home/airflow/.local/lib/python3.8/site-packages/airflow/example_dags/example_setup_teardown.py took 0.061 seconds
[2024-10-27T19:02:11.692+0000] {processor.py:161} INFO - Started process (PID=704) to work on /home/airflow/.local/lib/python3.8/site-packages/airflow/example_dags/example_setup_teardown.py
[2024-10-27T19:02:11.693+0000] {processor.py:830} INFO - Processing file /home/airflow/.local/lib/python3.8/site-packages/airflow/example_dags/example_setup_teardown.py for tasks to queue
[2024-10-27T19:02:11.694+0000] {logging_mixin.py:188} INFO - [2024-10-27T19:02:11.694+0000] {dagbag.py:538} INFO - Filling up the DagBag from /home/airflow/.local/lib/python3.8/site-packages/airflow/example_dags/example_setup_teardown.py
[2024-10-27T19:02:11.699+0000] {processor.py:840} INFO - DAG(s) 'example_setup_teardown' retrieved from /home/airflow/.local/lib/python3.8/site-packages/airflow/example_dags/example_setup_teardown.py
[2024-10-27T19:02:11.717+0000] {logging_mixin.py:188} INFO - [2024-10-27T19:02:11.717+0000] {dag.py:3036} INFO - Sync 1 DAGs
[2024-10-27T19:02:11.736+0000] {logging_mixin.py:188} INFO - [2024-10-27T19:02:11.736+0000] {dag.py:3823} INFO - Setting next_dagrun for example_setup_teardown to 2024-10-26 00:00:00+00:00, run_after=2024-10-27 00:00:00+00:00
[2024-10-27T19:02:11.752+0000] {processor.py:183} INFO - Processing /home/airflow/.local/lib/python3.8/site-packages/airflow/example_dags/example_setup_teardown.py took 0.062 seconds
[2024-10-27T19:02:41.968+0000] {processor.py:161} INFO - Started process (PID=760) to work on /home/airflow/.local/lib/python3.8/site-packages/airflow/example_dags/example_setup_teardown.py
[2024-10-27T19:02:41.969+0000] {processor.py:830} INFO - Processing file /home/airflow/.local/lib/python3.8/site-packages/airflow/example_dags/example_setup_teardown.py for tasks to queue
[2024-10-27T19:02:41.971+0000] {logging_mixin.py:188} INFO - [2024-10-27T19:02:41.970+0000] {dagbag.py:538} INFO - Filling up the DagBag from /home/airflow/.local/lib/python3.8/site-packages/airflow/example_dags/example_setup_teardown.py
[2024-10-27T19:02:41.976+0000] {processor.py:840} INFO - DAG(s) 'example_setup_teardown' retrieved from /home/airflow/.local/lib/python3.8/site-packages/airflow/example_dags/example_setup_teardown.py
[2024-10-27T19:02:41.993+0000] {logging_mixin.py:188} INFO - [2024-10-27T19:02:41.992+0000] {dag.py:3036} INFO - Sync 1 DAGs
[2024-10-27T19:02:42.013+0000] {logging_mixin.py:188} INFO - [2024-10-27T19:02:42.013+0000] {dag.py:3823} INFO - Setting next_dagrun for example_setup_teardown to 2024-10-26 00:00:00+00:00, run_after=2024-10-27 00:00:00+00:00
[2024-10-27T19:02:42.027+0000] {processor.py:183} INFO - Processing /home/airflow/.local/lib/python3.8/site-packages/airflow/example_dags/example_setup_teardown.py took 0.061 seconds
[2024-10-27T19:03:12.138+0000] {processor.py:161} INFO - Started process (PID=816) to work on /home/airflow/.local/lib/python3.8/site-packages/airflow/example_dags/example_setup_teardown.py
[2024-10-27T19:03:12.138+0000] {processor.py:830} INFO - Processing file /home/airflow/.local/lib/python3.8/site-packages/airflow/example_dags/example_setup_teardown.py for tasks to queue
[2024-10-27T19:03:12.140+0000] {logging_mixin.py:188} INFO - [2024-10-27T19:03:12.140+0000] {dagbag.py:538} INFO - Filling up the DagBag from /home/airflow/.local/lib/python3.8/site-packages/airflow/example_dags/example_setup_teardown.py
[2024-10-27T19:03:12.144+0000] {processor.py:840} INFO - DAG(s) 'example_setup_teardown' retrieved from /home/airflow/.local/lib/python3.8/site-packages/airflow/example_dags/example_setup_teardown.py
[2024-10-27T19:03:12.160+0000] {logging_mixin.py:188} INFO - [2024-10-27T19:03:12.160+0000] {dag.py:3036} INFO - Sync 1 DAGs
[2024-10-27T19:03:12.177+0000] {logging_mixin.py:188} INFO - [2024-10-27T19:03:12.177+0000] {dag.py:3823} INFO - Setting next_dagrun for example_setup_teardown to 2024-10-26 00:00:00+00:00, run_after=2024-10-27 00:00:00+00:00
[2024-10-27T19:03:12.191+0000] {processor.py:183} INFO - Processing /home/airflow/.local/lib/python3.8/site-packages/airflow/example_dags/example_setup_teardown.py took 0.056 seconds
[2024-10-27T19:03:42.526+0000] {processor.py:161} INFO - Started process (PID=872) to work on /home/airflow/.local/lib/python3.8/site-packages/airflow/example_dags/example_setup_teardown.py
[2024-10-27T19:03:42.527+0000] {processor.py:830} INFO - Processing file /home/airflow/.local/lib/python3.8/site-packages/airflow/example_dags/example_setup_teardown.py for tasks to queue
[2024-10-27T19:03:42.528+0000] {logging_mixin.py:188} INFO - [2024-10-27T19:03:42.528+0000] {dagbag.py:538} INFO - Filling up the DagBag from /home/airflow/.local/lib/python3.8/site-packages/airflow/example_dags/example_setup_teardown.py
[2024-10-27T19:03:42.533+0000] {processor.py:840} INFO - DAG(s) 'example_setup_teardown' retrieved from /home/airflow/.local/lib/python3.8/site-packages/airflow/example_dags/example_setup_teardown.py
[2024-10-27T19:03:42.551+0000] {logging_mixin.py:188} INFO - [2024-10-27T19:03:42.551+0000] {dag.py:3036} INFO - Sync 1 DAGs
[2024-10-27T19:03:42.578+0000] {logging_mixin.py:188} INFO - [2024-10-27T19:03:42.578+0000] {dag.py:3823} INFO - Setting next_dagrun for example_setup_teardown to 2024-10-26 00:00:00+00:00, run_after=2024-10-27 00:00:00+00:00
[2024-10-27T19:03:42.597+0000] {processor.py:183} INFO - Processing /home/airflow/.local/lib/python3.8/site-packages/airflow/example_dags/example_setup_teardown.py took 0.073 seconds
[2024-10-27T19:04:12.907+0000] {processor.py:161} INFO - Started process (PID=928) to work on /home/airflow/.local/lib/python3.8/site-packages/airflow/example_dags/example_setup_teardown.py
[2024-10-27T19:04:12.908+0000] {processor.py:830} INFO - Processing file /home/airflow/.local/lib/python3.8/site-packages/airflow/example_dags/example_setup_teardown.py for tasks to queue
[2024-10-27T19:04:12.909+0000] {logging_mixin.py:188} INFO - [2024-10-27T19:04:12.909+0000] {dagbag.py:538} INFO - Filling up the DagBag from /home/airflow/.local/lib/python3.8/site-packages/airflow/example_dags/example_setup_teardown.py
[2024-10-27T19:04:12.915+0000] {processor.py:840} INFO - DAG(s) 'example_setup_teardown' retrieved from /home/airflow/.local/lib/python3.8/site-packages/airflow/example_dags/example_setup_teardown.py
[2024-10-27T19:04:12.936+0000] {logging_mixin.py:188} INFO - [2024-10-27T19:04:12.935+0000] {dag.py:3036} INFO - Sync 1 DAGs
[2024-10-27T19:04:12.958+0000] {logging_mixin.py:188} INFO - [2024-10-27T19:04:12.958+0000] {dag.py:3823} INFO - Setting next_dagrun for example_setup_teardown to 2024-10-26 00:00:00+00:00, run_after=2024-10-27 00:00:00+00:00
[2024-10-27T19:04:12.984+0000] {processor.py:183} INFO - Processing /home/airflow/.local/lib/python3.8/site-packages/airflow/example_dags/example_setup_teardown.py took 0.079 seconds
[2024-10-27T19:04:43.557+0000] {processor.py:161} INFO - Started process (PID=984) to work on /home/airflow/.local/lib/python3.8/site-packages/airflow/example_dags/example_setup_teardown.py
[2024-10-27T19:04:43.558+0000] {processor.py:830} INFO - Processing file /home/airflow/.local/lib/python3.8/site-packages/airflow/example_dags/example_setup_teardown.py for tasks to queue
[2024-10-27T19:04:43.559+0000] {logging_mixin.py:188} INFO - [2024-10-27T19:04:43.559+0000] {dagbag.py:538} INFO - Filling up the DagBag from /home/airflow/.local/lib/python3.8/site-packages/airflow/example_dags/example_setup_teardown.py
[2024-10-27T19:04:43.563+0000] {processor.py:840} INFO - DAG(s) 'example_setup_teardown' retrieved from /home/airflow/.local/lib/python3.8/site-packages/airflow/example_dags/example_setup_teardown.py
[2024-10-27T19:04:43.578+0000] {logging_mixin.py:188} INFO - [2024-10-27T19:04:43.578+0000] {dag.py:3036} INFO - Sync 1 DAGs
[2024-10-27T19:04:43.595+0000] {logging_mixin.py:188} INFO - [2024-10-27T19:04:43.594+0000] {dag.py:3823} INFO - Setting next_dagrun for example_setup_teardown to 2024-10-26 00:00:00+00:00, run_after=2024-10-27 00:00:00+00:00
[2024-10-27T19:04:43.609+0000] {processor.py:183} INFO - Processing /home/airflow/.local/lib/python3.8/site-packages/airflow/example_dags/example_setup_teardown.py took 0.054 seconds
[2024-10-27T19:05:14.037+0000] {processor.py:161} INFO - Started process (PID=1040) to work on /home/airflow/.local/lib/python3.8/site-packages/airflow/example_dags/example_setup_teardown.py
[2024-10-27T19:05:14.039+0000] {processor.py:830} INFO - Processing file /home/airflow/.local/lib/python3.8/site-packages/airflow/example_dags/example_setup_teardown.py for tasks to queue
[2024-10-27T19:05:14.040+0000] {logging_mixin.py:188} INFO - [2024-10-27T19:05:14.040+0000] {dagbag.py:538} INFO - Filling up the DagBag from /home/airflow/.local/lib/python3.8/site-packages/airflow/example_dags/example_setup_teardown.py
[2024-10-27T19:05:14.045+0000] {processor.py:840} INFO - DAG(s) 'example_setup_teardown' retrieved from /home/airflow/.local/lib/python3.8/site-packages/airflow/example_dags/example_setup_teardown.py
[2024-10-27T19:05:14.064+0000] {logging_mixin.py:188} INFO - [2024-10-27T19:05:14.064+0000] {dag.py:3036} INFO - Sync 1 DAGs
[2024-10-27T19:05:14.086+0000] {logging_mixin.py:188} INFO - [2024-10-27T19:05:14.086+0000] {dag.py:3823} INFO - Setting next_dagrun for example_setup_teardown to 2024-10-26 00:00:00+00:00, run_after=2024-10-27 00:00:00+00:00
[2024-10-27T19:05:14.103+0000] {processor.py:183} INFO - Processing /home/airflow/.local/lib/python3.8/site-packages/airflow/example_dags/example_setup_teardown.py took 0.069 seconds
[2024-10-27T19:13:21.232+0000] {processor.py:161} INFO - Started process (PID=97) to work on /home/airflow/.local/lib/python3.11/site-packages/airflow/example_dags/example_setup_teardown.py
[2024-10-27T19:13:21.233+0000] {processor.py:830} INFO - Processing file /home/airflow/.local/lib/python3.11/site-packages/airflow/example_dags/example_setup_teardown.py for tasks to queue
[2024-10-27T19:13:21.234+0000] {logging_mixin.py:188} INFO - [2024-10-27T19:13:21.234+0000] {dagbag.py:538} INFO - Filling up the DagBag from /home/airflow/.local/lib/python3.11/site-packages/airflow/example_dags/example_setup_teardown.py
[2024-10-27T19:13:21.239+0000] {processor.py:840} INFO - DAG(s) 'example_setup_teardown' retrieved from /home/airflow/.local/lib/python3.11/site-packages/airflow/example_dags/example_setup_teardown.py
[2024-10-27T19:13:21.320+0000] {logging_mixin.py:188} INFO - [2024-10-27T19:13:21.320+0000] {dag.py:3036} INFO - Sync 1 DAGs
[2024-10-27T19:13:21.335+0000] {logging_mixin.py:188} INFO - [2024-10-27T19:13:21.335+0000] {dag.py:3823} INFO - Setting next_dagrun for example_setup_teardown to 2024-10-26 00:00:00+00:00, run_after=2024-10-27 00:00:00+00:00
[2024-10-27T19:13:21.353+0000] {processor.py:183} INFO - Processing /home/airflow/.local/lib/python3.11/site-packages/airflow/example_dags/example_setup_teardown.py took 0.123 seconds
[2024-10-27T19:14:05.091+0000] {processor.py:161} INFO - Started process (PID=155) to work on /home/airflow/.local/lib/python3.11/site-packages/airflow/example_dags/example_setup_teardown.py
[2024-10-27T19:14:05.092+0000] {processor.py:830} INFO - Processing file /home/airflow/.local/lib/python3.11/site-packages/airflow/example_dags/example_setup_teardown.py for tasks to queue
[2024-10-27T19:14:05.093+0000] {logging_mixin.py:188} INFO - [2024-10-27T19:14:05.093+0000] {dagbag.py:538} INFO - Filling up the DagBag from /home/airflow/.local/lib/python3.11/site-packages/airflow/example_dags/example_setup_teardown.py
[2024-10-27T19:14:05.099+0000] {processor.py:840} INFO - DAG(s) 'example_setup_teardown' retrieved from /home/airflow/.local/lib/python3.11/site-packages/airflow/example_dags/example_setup_teardown.py
[2024-10-27T19:14:05.116+0000] {logging_mixin.py:188} INFO - [2024-10-27T19:14:05.115+0000] {dag.py:3036} INFO - Sync 1 DAGs
[2024-10-27T19:14:05.133+0000] {logging_mixin.py:188} INFO - [2024-10-27T19:14:05.133+0000] {dag.py:3823} INFO - Setting next_dagrun for example_setup_teardown to 2024-10-26 00:00:00+00:00, run_after=2024-10-27 00:00:00+00:00
[2024-10-27T19:14:05.165+0000] {processor.py:183} INFO - Processing /home/airflow/.local/lib/python3.11/site-packages/airflow/example_dags/example_setup_teardown.py took 0.076 seconds
[2024-10-27T19:14:39.176+0000] {processor.py:161} INFO - Started process (PID=213) to work on /home/airflow/.local/lib/python3.11/site-packages/airflow/example_dags/example_setup_teardown.py
[2024-10-27T19:14:39.179+0000] {processor.py:830} INFO - Processing file /home/airflow/.local/lib/python3.11/site-packages/airflow/example_dags/example_setup_teardown.py for tasks to queue
[2024-10-27T19:14:39.187+0000] {logging_mixin.py:188} INFO - [2024-10-27T19:14:39.187+0000] {dagbag.py:538} INFO - Filling up the DagBag from /home/airflow/.local/lib/python3.11/site-packages/airflow/example_dags/example_setup_teardown.py
[2024-10-27T19:14:39.199+0000] {processor.py:840} INFO - DAG(s) 'example_setup_teardown' retrieved from /home/airflow/.local/lib/python3.11/site-packages/airflow/example_dags/example_setup_teardown.py
[2024-10-27T19:14:39.272+0000] {logging_mixin.py:188} INFO - [2024-10-27T19:14:39.271+0000] {dag.py:3036} INFO - Sync 1 DAGs
[2024-10-27T19:14:39.330+0000] {logging_mixin.py:188} INFO - [2024-10-27T19:14:39.329+0000] {dag.py:3823} INFO - Setting next_dagrun for example_setup_teardown to 2024-10-26 00:00:00+00:00, run_after=2024-10-27 00:00:00+00:00
[2024-10-27T19:14:40.826+0000] {processor.py:183} INFO - Processing /home/airflow/.local/lib/python3.11/site-packages/airflow/example_dags/example_setup_teardown.py took 1.653 seconds
[2024-10-27T19:15:11.528+0000] {processor.py:161} INFO - Started process (PID=271) to work on /home/airflow/.local/lib/python3.11/site-packages/airflow/example_dags/example_setup_teardown.py
[2024-10-27T19:15:11.531+0000] {processor.py:830} INFO - Processing file /home/airflow/.local/lib/python3.11/site-packages/airflow/example_dags/example_setup_teardown.py for tasks to queue
[2024-10-27T19:15:11.541+0000] {logging_mixin.py:188} INFO - [2024-10-27T19:15:11.540+0000] {dagbag.py:538} INFO - Filling up the DagBag from /home/airflow/.local/lib/python3.11/site-packages/airflow/example_dags/example_setup_teardown.py
[2024-10-27T19:15:11.550+0000] {processor.py:840} INFO - DAG(s) 'example_setup_teardown' retrieved from /home/airflow/.local/lib/python3.11/site-packages/airflow/example_dags/example_setup_teardown.py
[2024-10-27T19:15:11.589+0000] {logging_mixin.py:188} INFO - [2024-10-27T19:15:11.589+0000] {dag.py:3036} INFO - Sync 1 DAGs
[2024-10-27T19:15:11.633+0000] {logging_mixin.py:188} INFO - [2024-10-27T19:15:11.632+0000] {dag.py:3823} INFO - Setting next_dagrun for example_setup_teardown to 2024-10-26 00:00:00+00:00, run_after=2024-10-27 00:00:00+00:00
[2024-10-27T19:15:11.673+0000] {processor.py:183} INFO - Processing /home/airflow/.local/lib/python3.11/site-packages/airflow/example_dags/example_setup_teardown.py took 0.149 seconds
[2024-10-27T19:15:42.049+0000] {processor.py:161} INFO - Started process (PID=329) to work on /home/airflow/.local/lib/python3.11/site-packages/airflow/example_dags/example_setup_teardown.py
[2024-10-27T19:15:42.050+0000] {processor.py:830} INFO - Processing file /home/airflow/.local/lib/python3.11/site-packages/airflow/example_dags/example_setup_teardown.py for tasks to queue
[2024-10-27T19:15:42.052+0000] {logging_mixin.py:188} INFO - [2024-10-27T19:15:42.051+0000] {dagbag.py:538} INFO - Filling up the DagBag from /home/airflow/.local/lib/python3.11/site-packages/airflow/example_dags/example_setup_teardown.py
[2024-10-27T19:15:42.057+0000] {processor.py:840} INFO - DAG(s) 'example_setup_teardown' retrieved from /home/airflow/.local/lib/python3.11/site-packages/airflow/example_dags/example_setup_teardown.py
[2024-10-27T19:15:42.075+0000] {logging_mixin.py:188} INFO - [2024-10-27T19:15:42.075+0000] {dag.py:3036} INFO - Sync 1 DAGs
[2024-10-27T19:15:42.100+0000] {logging_mixin.py:188} INFO - [2024-10-27T19:15:42.099+0000] {dag.py:3823} INFO - Setting next_dagrun for example_setup_teardown to 2024-10-26 00:00:00+00:00, run_after=2024-10-27 00:00:00+00:00
[2024-10-27T19:15:42.119+0000] {processor.py:183} INFO - Processing /home/airflow/.local/lib/python3.11/site-packages/airflow/example_dags/example_setup_teardown.py took 0.072 seconds
