[2024-10-27T18:56:03.387+0000] {processor.py:161} INFO - Started process (PID=217) to work on /home/airflow/.local/lib/python3.8/site-packages/airflow/example_dags/example_branch_python_dop_operator_3.py
[2024-10-27T18:56:03.387+0000] {processor.py:830} INFO - Processing file /home/airflow/.local/lib/python3.8/site-packages/airflow/example_dags/example_branch_python_dop_operator_3.py for tasks to queue
[2024-10-27T18:56:03.389+0000] {logging_mixin.py:188} INFO - [2024-10-27T18:56:03.388+0000] {dagbag.py:538} INFO - Filling up the DagBag from /home/airflow/.local/lib/python3.8/site-packages/airflow/example_dags/example_branch_python_dop_operator_3.py
[2024-10-27T18:56:03.396+0000] {processor.py:840} INFO - DAG(s) 'example_branch_dop_operator_v3' retrieved from /home/airflow/.local/lib/python3.8/site-packages/airflow/example_dags/example_branch_python_dop_operator_3.py
[2024-10-27T18:56:03.476+0000] {logging_mixin.py:188} INFO - [2024-10-27T18:56:03.475+0000] {override.py:1769} INFO - Created Permission View: can delete on DAG:example_branch_dop_operator_v3
[2024-10-27T18:56:03.485+0000] {logging_mixin.py:188} INFO - [2024-10-27T18:56:03.485+0000] {override.py:1769} INFO - Created Permission View: can read on DAG:example_branch_dop_operator_v3
[2024-10-27T18:56:03.492+0000] {logging_mixin.py:188} INFO - [2024-10-27T18:56:03.491+0000] {override.py:1769} INFO - Created Permission View: can edit on DAG:example_branch_dop_operator_v3
[2024-10-27T18:56:03.492+0000] {logging_mixin.py:188} INFO - [2024-10-27T18:56:03.492+0000] {dag.py:3036} INFO - Sync 1 DAGs
[2024-10-27T18:56:03.503+0000] {logging_mixin.py:188} INFO - [2024-10-27T18:56:03.503+0000] {dag.py:3058} INFO - Creating ORM DAG for example_branch_dop_operator_v3
[2024-10-27T18:56:03.516+0000] {logging_mixin.py:188} INFO - [2024-10-27T18:56:03.516+0000] {dag.py:3823} INFO - Setting next_dagrun for example_branch_dop_operator_v3 to 2024-10-27 18:55:00+00:00, run_after=2024-10-27 18:56:00+00:00
[2024-10-27T18:56:03.530+0000] {processor.py:183} INFO - Processing /home/airflow/.local/lib/python3.8/site-packages/airflow/example_dags/example_branch_python_dop_operator_3.py took 0.145 seconds
[2024-10-27T18:56:38.041+0000] {processor.py:161} INFO - Started process (PID=89) to work on /home/airflow/.local/lib/python3.8/site-packages/airflow/example_dags/example_branch_python_dop_operator_3.py
[2024-10-27T18:56:38.042+0000] {processor.py:830} INFO - Processing file /home/airflow/.local/lib/python3.8/site-packages/airflow/example_dags/example_branch_python_dop_operator_3.py for tasks to queue
[2024-10-27T18:56:38.043+0000] {logging_mixin.py:188} INFO - [2024-10-27T18:56:38.043+0000] {dagbag.py:538} INFO - Filling up the DagBag from /home/airflow/.local/lib/python3.8/site-packages/airflow/example_dags/example_branch_python_dop_operator_3.py
[2024-10-27T18:56:38.050+0000] {processor.py:840} INFO - DAG(s) 'example_branch_dop_operator_v3' retrieved from /home/airflow/.local/lib/python3.8/site-packages/airflow/example_dags/example_branch_python_dop_operator_3.py
[2024-10-27T18:56:38.064+0000] {logging_mixin.py:188} INFO - [2024-10-27T18:56:38.064+0000] {dag.py:3036} INFO - Sync 1 DAGs
[2024-10-27T18:56:38.084+0000] {logging_mixin.py:188} INFO - [2024-10-27T18:56:38.084+0000] {dag.py:3823} INFO - Setting next_dagrun for example_branch_dop_operator_v3 to 2024-10-27 18:55:00+00:00, run_after=2024-10-27 18:56:00+00:00
[2024-10-27T18:56:38.100+0000] {processor.py:183} INFO - Processing /home/airflow/.local/lib/python3.8/site-packages/airflow/example_dags/example_branch_python_dop_operator_3.py took 0.061 seconds
[2024-10-27T18:57:08.606+0000] {processor.py:161} INFO - Started process (PID=145) to work on /home/airflow/.local/lib/python3.8/site-packages/airflow/example_dags/example_branch_python_dop_operator_3.py
[2024-10-27T18:57:08.607+0000] {processor.py:830} INFO - Processing file /home/airflow/.local/lib/python3.8/site-packages/airflow/example_dags/example_branch_python_dop_operator_3.py for tasks to queue
[2024-10-27T18:57:08.608+0000] {logging_mixin.py:188} INFO - [2024-10-27T18:57:08.608+0000] {dagbag.py:538} INFO - Filling up the DagBag from /home/airflow/.local/lib/python3.8/site-packages/airflow/example_dags/example_branch_python_dop_operator_3.py
[2024-10-27T18:57:08.615+0000] {processor.py:840} INFO - DAG(s) 'example_branch_dop_operator_v3' retrieved from /home/airflow/.local/lib/python3.8/site-packages/airflow/example_dags/example_branch_python_dop_operator_3.py
[2024-10-27T18:57:08.631+0000] {logging_mixin.py:188} INFO - [2024-10-27T18:57:08.630+0000] {dag.py:3036} INFO - Sync 1 DAGs
[2024-10-27T18:57:08.651+0000] {logging_mixin.py:188} INFO - [2024-10-27T18:57:08.651+0000] {dag.py:3823} INFO - Setting next_dagrun for example_branch_dop_operator_v3 to 2024-10-27 18:56:00+00:00, run_after=2024-10-27 18:57:00+00:00
[2024-10-27T18:57:08.667+0000] {processor.py:183} INFO - Processing /home/airflow/.local/lib/python3.8/site-packages/airflow/example_dags/example_branch_python_dop_operator_3.py took 0.064 seconds
[2024-10-27T18:57:38.954+0000] {processor.py:161} INFO - Started process (PID=201) to work on /home/airflow/.local/lib/python3.8/site-packages/airflow/example_dags/example_branch_python_dop_operator_3.py
[2024-10-27T18:57:38.955+0000] {processor.py:830} INFO - Processing file /home/airflow/.local/lib/python3.8/site-packages/airflow/example_dags/example_branch_python_dop_operator_3.py for tasks to queue
[2024-10-27T18:57:38.956+0000] {logging_mixin.py:188} INFO - [2024-10-27T18:57:38.956+0000] {dagbag.py:538} INFO - Filling up the DagBag from /home/airflow/.local/lib/python3.8/site-packages/airflow/example_dags/example_branch_python_dop_operator_3.py
[2024-10-27T18:57:38.967+0000] {processor.py:840} INFO - DAG(s) 'example_branch_dop_operator_v3' retrieved from /home/airflow/.local/lib/python3.8/site-packages/airflow/example_dags/example_branch_python_dop_operator_3.py
[2024-10-27T18:57:38.983+0000] {logging_mixin.py:188} INFO - [2024-10-27T18:57:38.983+0000] {dag.py:3036} INFO - Sync 1 DAGs
[2024-10-27T18:57:39.010+0000] {logging_mixin.py:188} INFO - [2024-10-27T18:57:39.010+0000] {dag.py:3823} INFO - Setting next_dagrun for example_branch_dop_operator_v3 to 2024-10-27 18:56:00+00:00, run_after=2024-10-27 18:57:00+00:00
[2024-10-27T18:57:39.032+0000] {processor.py:183} INFO - Processing /home/airflow/.local/lib/python3.8/site-packages/airflow/example_dags/example_branch_python_dop_operator_3.py took 0.079 seconds
[2024-10-27T18:58:09.434+0000] {processor.py:161} INFO - Started process (PID=257) to work on /home/airflow/.local/lib/python3.8/site-packages/airflow/example_dags/example_branch_python_dop_operator_3.py
[2024-10-27T18:58:09.435+0000] {processor.py:830} INFO - Processing file /home/airflow/.local/lib/python3.8/site-packages/airflow/example_dags/example_branch_python_dop_operator_3.py for tasks to queue
[2024-10-27T18:58:09.436+0000] {logging_mixin.py:188} INFO - [2024-10-27T18:58:09.436+0000] {dagbag.py:538} INFO - Filling up the DagBag from /home/airflow/.local/lib/python3.8/site-packages/airflow/example_dags/example_branch_python_dop_operator_3.py
[2024-10-27T18:58:09.443+0000] {processor.py:840} INFO - DAG(s) 'example_branch_dop_operator_v3' retrieved from /home/airflow/.local/lib/python3.8/site-packages/airflow/example_dags/example_branch_python_dop_operator_3.py
[2024-10-27T18:58:09.458+0000] {logging_mixin.py:188} INFO - [2024-10-27T18:58:09.457+0000] {dag.py:3036} INFO - Sync 1 DAGs
[2024-10-27T18:58:09.480+0000] {logging_mixin.py:188} INFO - [2024-10-27T18:58:09.479+0000] {dag.py:3823} INFO - Setting next_dagrun for example_branch_dop_operator_v3 to 2024-10-27 18:57:00+00:00, run_after=2024-10-27 18:58:00+00:00
[2024-10-27T18:58:09.497+0000] {processor.py:183} INFO - Processing /home/airflow/.local/lib/python3.8/site-packages/airflow/example_dags/example_branch_python_dop_operator_3.py took 0.065 seconds
[2024-10-27T18:58:40.015+0000] {processor.py:161} INFO - Started process (PID=313) to work on /home/airflow/.local/lib/python3.8/site-packages/airflow/example_dags/example_branch_python_dop_operator_3.py
[2024-10-27T18:58:40.015+0000] {processor.py:830} INFO - Processing file /home/airflow/.local/lib/python3.8/site-packages/airflow/example_dags/example_branch_python_dop_operator_3.py for tasks to queue
[2024-10-27T18:58:40.017+0000] {logging_mixin.py:188} INFO - [2024-10-27T18:58:40.017+0000] {dagbag.py:538} INFO - Filling up the DagBag from /home/airflow/.local/lib/python3.8/site-packages/airflow/example_dags/example_branch_python_dop_operator_3.py
[2024-10-27T18:58:40.025+0000] {processor.py:840} INFO - DAG(s) 'example_branch_dop_operator_v3' retrieved from /home/airflow/.local/lib/python3.8/site-packages/airflow/example_dags/example_branch_python_dop_operator_3.py
[2024-10-27T18:58:40.041+0000] {logging_mixin.py:188} INFO - [2024-10-27T18:58:40.041+0000] {dag.py:3036} INFO - Sync 1 DAGs
[2024-10-27T18:58:40.064+0000] {logging_mixin.py:188} INFO - [2024-10-27T18:58:40.064+0000] {dag.py:3823} INFO - Setting next_dagrun for example_branch_dop_operator_v3 to 2024-10-27 18:57:00+00:00, run_after=2024-10-27 18:58:00+00:00
[2024-10-27T18:58:40.081+0000] {processor.py:183} INFO - Processing /home/airflow/.local/lib/python3.8/site-packages/airflow/example_dags/example_branch_python_dop_operator_3.py took 0.069 seconds
[2024-10-27T18:59:10.207+0000] {processor.py:161} INFO - Started process (PID=370) to work on /home/airflow/.local/lib/python3.8/site-packages/airflow/example_dags/example_branch_python_dop_operator_3.py
[2024-10-27T18:59:10.208+0000] {processor.py:830} INFO - Processing file /home/airflow/.local/lib/python3.8/site-packages/airflow/example_dags/example_branch_python_dop_operator_3.py for tasks to queue
[2024-10-27T18:59:10.210+0000] {logging_mixin.py:188} INFO - [2024-10-27T18:59:10.209+0000] {dagbag.py:538} INFO - Filling up the DagBag from /home/airflow/.local/lib/python3.8/site-packages/airflow/example_dags/example_branch_python_dop_operator_3.py
[2024-10-27T18:59:10.218+0000] {processor.py:840} INFO - DAG(s) 'example_branch_dop_operator_v3' retrieved from /home/airflow/.local/lib/python3.8/site-packages/airflow/example_dags/example_branch_python_dop_operator_3.py
[2024-10-27T18:59:10.235+0000] {logging_mixin.py:188} INFO - [2024-10-27T18:59:10.235+0000] {dag.py:3036} INFO - Sync 1 DAGs
[2024-10-27T18:59:10.258+0000] {logging_mixin.py:188} INFO - [2024-10-27T18:59:10.258+0000] {dag.py:3823} INFO - Setting next_dagrun for example_branch_dop_operator_v3 to 2024-10-27 18:58:00+00:00, run_after=2024-10-27 18:59:00+00:00
[2024-10-27T18:59:10.275+0000] {processor.py:183} INFO - Processing /home/airflow/.local/lib/python3.8/site-packages/airflow/example_dags/example_branch_python_dop_operator_3.py took 0.070 seconds
[2024-10-27T18:59:40.506+0000] {processor.py:161} INFO - Started process (PID=426) to work on /home/airflow/.local/lib/python3.8/site-packages/airflow/example_dags/example_branch_python_dop_operator_3.py
[2024-10-27T18:59:40.507+0000] {processor.py:830} INFO - Processing file /home/airflow/.local/lib/python3.8/site-packages/airflow/example_dags/example_branch_python_dop_operator_3.py for tasks to queue
[2024-10-27T18:59:40.508+0000] {logging_mixin.py:188} INFO - [2024-10-27T18:59:40.508+0000] {dagbag.py:538} INFO - Filling up the DagBag from /home/airflow/.local/lib/python3.8/site-packages/airflow/example_dags/example_branch_python_dop_operator_3.py
[2024-10-27T18:59:40.515+0000] {processor.py:840} INFO - DAG(s) 'example_branch_dop_operator_v3' retrieved from /home/airflow/.local/lib/python3.8/site-packages/airflow/example_dags/example_branch_python_dop_operator_3.py
[2024-10-27T18:59:40.531+0000] {logging_mixin.py:188} INFO - [2024-10-27T18:59:40.531+0000] {dag.py:3036} INFO - Sync 1 DAGs
[2024-10-27T18:59:40.557+0000] {logging_mixin.py:188} INFO - [2024-10-27T18:59:40.557+0000] {dag.py:3823} INFO - Setting next_dagrun for example_branch_dop_operator_v3 to 2024-10-27 18:58:00+00:00, run_after=2024-10-27 18:59:00+00:00
[2024-10-27T18:59:40.575+0000] {processor.py:183} INFO - Processing /home/airflow/.local/lib/python3.8/site-packages/airflow/example_dags/example_branch_python_dop_operator_3.py took 0.072 seconds
[2024-10-27T19:00:10.700+0000] {processor.py:161} INFO - Started process (PID=482) to work on /home/airflow/.local/lib/python3.8/site-packages/airflow/example_dags/example_branch_python_dop_operator_3.py
[2024-10-27T19:00:10.701+0000] {processor.py:830} INFO - Processing file /home/airflow/.local/lib/python3.8/site-packages/airflow/example_dags/example_branch_python_dop_operator_3.py for tasks to queue
[2024-10-27T19:00:10.702+0000] {logging_mixin.py:188} INFO - [2024-10-27T19:00:10.702+0000] {dagbag.py:538} INFO - Filling up the DagBag from /home/airflow/.local/lib/python3.8/site-packages/airflow/example_dags/example_branch_python_dop_operator_3.py
[2024-10-27T19:00:10.709+0000] {processor.py:840} INFO - DAG(s) 'example_branch_dop_operator_v3' retrieved from /home/airflow/.local/lib/python3.8/site-packages/airflow/example_dags/example_branch_python_dop_operator_3.py
[2024-10-27T19:00:10.724+0000] {logging_mixin.py:188} INFO - [2024-10-27T19:00:10.724+0000] {dag.py:3036} INFO - Sync 1 DAGs
[2024-10-27T19:00:10.742+0000] {logging_mixin.py:188} INFO - [2024-10-27T19:00:10.742+0000] {dag.py:3823} INFO - Setting next_dagrun for example_branch_dop_operator_v3 to 2024-10-27 18:59:00+00:00, run_after=2024-10-27 19:00:00+00:00
[2024-10-27T19:00:10.756+0000] {processor.py:183} INFO - Processing /home/airflow/.local/lib/python3.8/site-packages/airflow/example_dags/example_branch_python_dop_operator_3.py took 0.058 seconds
[2024-10-27T19:00:40.908+0000] {processor.py:161} INFO - Started process (PID=538) to work on /home/airflow/.local/lib/python3.8/site-packages/airflow/example_dags/example_branch_python_dop_operator_3.py
[2024-10-27T19:00:40.909+0000] {processor.py:830} INFO - Processing file /home/airflow/.local/lib/python3.8/site-packages/airflow/example_dags/example_branch_python_dop_operator_3.py for tasks to queue
[2024-10-27T19:00:40.910+0000] {logging_mixin.py:188} INFO - [2024-10-27T19:00:40.910+0000] {dagbag.py:538} INFO - Filling up the DagBag from /home/airflow/.local/lib/python3.8/site-packages/airflow/example_dags/example_branch_python_dop_operator_3.py
[2024-10-27T19:00:40.917+0000] {processor.py:840} INFO - DAG(s) 'example_branch_dop_operator_v3' retrieved from /home/airflow/.local/lib/python3.8/site-packages/airflow/example_dags/example_branch_python_dop_operator_3.py
[2024-10-27T19:00:40.934+0000] {logging_mixin.py:188} INFO - [2024-10-27T19:00:40.933+0000] {dag.py:3036} INFO - Sync 1 DAGs
[2024-10-27T19:00:40.954+0000] {logging_mixin.py:188} INFO - [2024-10-27T19:00:40.954+0000] {dag.py:3823} INFO - Setting next_dagrun for example_branch_dop_operator_v3 to 2024-10-27 18:59:00+00:00, run_after=2024-10-27 19:00:00+00:00
[2024-10-27T19:00:40.969+0000] {processor.py:183} INFO - Processing /home/airflow/.local/lib/python3.8/site-packages/airflow/example_dags/example_branch_python_dop_operator_3.py took 0.063 seconds
[2024-10-27T19:01:11.220+0000] {processor.py:161} INFO - Started process (PID=594) to work on /home/airflow/.local/lib/python3.8/site-packages/airflow/example_dags/example_branch_python_dop_operator_3.py
[2024-10-27T19:01:11.221+0000] {processor.py:830} INFO - Processing file /home/airflow/.local/lib/python3.8/site-packages/airflow/example_dags/example_branch_python_dop_operator_3.py for tasks to queue
[2024-10-27T19:01:11.222+0000] {logging_mixin.py:188} INFO - [2024-10-27T19:01:11.222+0000] {dagbag.py:538} INFO - Filling up the DagBag from /home/airflow/.local/lib/python3.8/site-packages/airflow/example_dags/example_branch_python_dop_operator_3.py
[2024-10-27T19:01:11.230+0000] {processor.py:840} INFO - DAG(s) 'example_branch_dop_operator_v3' retrieved from /home/airflow/.local/lib/python3.8/site-packages/airflow/example_dags/example_branch_python_dop_operator_3.py
[2024-10-27T19:01:11.246+0000] {logging_mixin.py:188} INFO - [2024-10-27T19:01:11.245+0000] {dag.py:3036} INFO - Sync 1 DAGs
[2024-10-27T19:01:11.266+0000] {logging_mixin.py:188} INFO - [2024-10-27T19:01:11.266+0000] {dag.py:3823} INFO - Setting next_dagrun for example_branch_dop_operator_v3 to 2024-10-27 19:00:00+00:00, run_after=2024-10-27 19:01:00+00:00
[2024-10-27T19:01:11.282+0000] {processor.py:183} INFO - Processing /home/airflow/.local/lib/python3.8/site-packages/airflow/example_dags/example_branch_python_dop_operator_3.py took 0.065 seconds
[2024-10-27T19:01:41.614+0000] {processor.py:161} INFO - Started process (PID=650) to work on /home/airflow/.local/lib/python3.8/site-packages/airflow/example_dags/example_branch_python_dop_operator_3.py
[2024-10-27T19:01:41.615+0000] {processor.py:830} INFO - Processing file /home/airflow/.local/lib/python3.8/site-packages/airflow/example_dags/example_branch_python_dop_operator_3.py for tasks to queue
[2024-10-27T19:01:41.616+0000] {logging_mixin.py:188} INFO - [2024-10-27T19:01:41.616+0000] {dagbag.py:538} INFO - Filling up the DagBag from /home/airflow/.local/lib/python3.8/site-packages/airflow/example_dags/example_branch_python_dop_operator_3.py
[2024-10-27T19:01:41.622+0000] {processor.py:840} INFO - DAG(s) 'example_branch_dop_operator_v3' retrieved from /home/airflow/.local/lib/python3.8/site-packages/airflow/example_dags/example_branch_python_dop_operator_3.py
[2024-10-27T19:01:41.638+0000] {logging_mixin.py:188} INFO - [2024-10-27T19:01:41.638+0000] {dag.py:3036} INFO - Sync 1 DAGs
[2024-10-27T19:01:41.659+0000] {logging_mixin.py:188} INFO - [2024-10-27T19:01:41.659+0000] {dag.py:3823} INFO - Setting next_dagrun for example_branch_dop_operator_v3 to 2024-10-27 19:00:00+00:00, run_after=2024-10-27 19:01:00+00:00
[2024-10-27T19:01:41.674+0000] {processor.py:183} INFO - Processing /home/airflow/.local/lib/python3.8/site-packages/airflow/example_dags/example_branch_python_dop_operator_3.py took 0.063 seconds
[2024-10-27T19:02:11.717+0000] {processor.py:161} INFO - Started process (PID=705) to work on /home/airflow/.local/lib/python3.8/site-packages/airflow/example_dags/example_branch_python_dop_operator_3.py
[2024-10-27T19:02:11.717+0000] {processor.py:830} INFO - Processing file /home/airflow/.local/lib/python3.8/site-packages/airflow/example_dags/example_branch_python_dop_operator_3.py for tasks to queue
[2024-10-27T19:02:11.719+0000] {logging_mixin.py:188} INFO - [2024-10-27T19:02:11.719+0000] {dagbag.py:538} INFO - Filling up the DagBag from /home/airflow/.local/lib/python3.8/site-packages/airflow/example_dags/example_branch_python_dop_operator_3.py
[2024-10-27T19:02:11.726+0000] {processor.py:840} INFO - DAG(s) 'example_branch_dop_operator_v3' retrieved from /home/airflow/.local/lib/python3.8/site-packages/airflow/example_dags/example_branch_python_dop_operator_3.py
[2024-10-27T19:02:11.742+0000] {logging_mixin.py:188} INFO - [2024-10-27T19:02:11.742+0000] {dag.py:3036} INFO - Sync 1 DAGs
[2024-10-27T19:02:11.765+0000] {logging_mixin.py:188} INFO - [2024-10-27T19:02:11.765+0000] {dag.py:3823} INFO - Setting next_dagrun for example_branch_dop_operator_v3 to 2024-10-27 19:01:00+00:00, run_after=2024-10-27 19:02:00+00:00
[2024-10-27T19:02:11.782+0000] {processor.py:183} INFO - Processing /home/airflow/.local/lib/python3.8/site-packages/airflow/example_dags/example_branch_python_dop_operator_3.py took 0.068 seconds
[2024-10-27T19:02:41.992+0000] {processor.py:161} INFO - Started process (PID=761) to work on /home/airflow/.local/lib/python3.8/site-packages/airflow/example_dags/example_branch_python_dop_operator_3.py
[2024-10-27T19:02:41.993+0000] {processor.py:830} INFO - Processing file /home/airflow/.local/lib/python3.8/site-packages/airflow/example_dags/example_branch_python_dop_operator_3.py for tasks to queue
[2024-10-27T19:02:41.994+0000] {logging_mixin.py:188} INFO - [2024-10-27T19:02:41.994+0000] {dagbag.py:538} INFO - Filling up the DagBag from /home/airflow/.local/lib/python3.8/site-packages/airflow/example_dags/example_branch_python_dop_operator_3.py
[2024-10-27T19:02:42.003+0000] {processor.py:840} INFO - DAG(s) 'example_branch_dop_operator_v3' retrieved from /home/airflow/.local/lib/python3.8/site-packages/airflow/example_dags/example_branch_python_dop_operator_3.py
[2024-10-27T19:02:42.018+0000] {logging_mixin.py:188} INFO - [2024-10-27T19:02:42.018+0000] {dag.py:3036} INFO - Sync 1 DAGs
[2024-10-27T19:02:42.039+0000] {logging_mixin.py:188} INFO - [2024-10-27T19:02:42.039+0000] {dag.py:3823} INFO - Setting next_dagrun for example_branch_dop_operator_v3 to 2024-10-27 19:01:00+00:00, run_after=2024-10-27 19:02:00+00:00
[2024-10-27T19:02:42.066+0000] {processor.py:183} INFO - Processing /home/airflow/.local/lib/python3.8/site-packages/airflow/example_dags/example_branch_python_dop_operator_3.py took 0.076 seconds
[2024-10-27T19:03:12.212+0000] {processor.py:161} INFO - Started process (PID=817) to work on /home/airflow/.local/lib/python3.8/site-packages/airflow/example_dags/example_branch_python_dop_operator_3.py
[2024-10-27T19:03:12.213+0000] {processor.py:830} INFO - Processing file /home/airflow/.local/lib/python3.8/site-packages/airflow/example_dags/example_branch_python_dop_operator_3.py for tasks to queue
[2024-10-27T19:03:12.214+0000] {logging_mixin.py:188} INFO - [2024-10-27T19:03:12.214+0000] {dagbag.py:538} INFO - Filling up the DagBag from /home/airflow/.local/lib/python3.8/site-packages/airflow/example_dags/example_branch_python_dop_operator_3.py
[2024-10-27T19:03:12.220+0000] {processor.py:840} INFO - DAG(s) 'example_branch_dop_operator_v3' retrieved from /home/airflow/.local/lib/python3.8/site-packages/airflow/example_dags/example_branch_python_dop_operator_3.py
[2024-10-27T19:03:12.234+0000] {logging_mixin.py:188} INFO - [2024-10-27T19:03:12.234+0000] {dag.py:3036} INFO - Sync 1 DAGs
[2024-10-27T19:03:12.255+0000] {logging_mixin.py:188} INFO - [2024-10-27T19:03:12.254+0000] {dag.py:3823} INFO - Setting next_dagrun for example_branch_dop_operator_v3 to 2024-10-27 19:02:00+00:00, run_after=2024-10-27 19:03:00+00:00
[2024-10-27T19:03:12.271+0000] {processor.py:183} INFO - Processing /home/airflow/.local/lib/python3.8/site-packages/airflow/example_dags/example_branch_python_dop_operator_3.py took 0.061 seconds
[2024-10-27T19:03:42.621+0000] {processor.py:161} INFO - Started process (PID=873) to work on /home/airflow/.local/lib/python3.8/site-packages/airflow/example_dags/example_branch_python_dop_operator_3.py
[2024-10-27T19:03:42.622+0000] {processor.py:830} INFO - Processing file /home/airflow/.local/lib/python3.8/site-packages/airflow/example_dags/example_branch_python_dop_operator_3.py for tasks to queue
[2024-10-27T19:03:42.623+0000] {logging_mixin.py:188} INFO - [2024-10-27T19:03:42.623+0000] {dagbag.py:538} INFO - Filling up the DagBag from /home/airflow/.local/lib/python3.8/site-packages/airflow/example_dags/example_branch_python_dop_operator_3.py
[2024-10-27T19:03:42.630+0000] {processor.py:840} INFO - DAG(s) 'example_branch_dop_operator_v3' retrieved from /home/airflow/.local/lib/python3.8/site-packages/airflow/example_dags/example_branch_python_dop_operator_3.py
[2024-10-27T19:03:42.646+0000] {logging_mixin.py:188} INFO - [2024-10-27T19:03:42.646+0000] {dag.py:3036} INFO - Sync 1 DAGs
[2024-10-27T19:03:42.670+0000] {logging_mixin.py:188} INFO - [2024-10-27T19:03:42.670+0000] {dag.py:3823} INFO - Setting next_dagrun for example_branch_dop_operator_v3 to 2024-10-27 19:02:00+00:00, run_after=2024-10-27 19:03:00+00:00
[2024-10-27T19:03:42.688+0000] {processor.py:183} INFO - Processing /home/airflow/.local/lib/python3.8/site-packages/airflow/example_dags/example_branch_python_dop_operator_3.py took 0.069 seconds
[2024-10-27T19:04:12.936+0000] {processor.py:161} INFO - Started process (PID=929) to work on /home/airflow/.local/lib/python3.8/site-packages/airflow/example_dags/example_branch_python_dop_operator_3.py
[2024-10-27T19:04:12.937+0000] {processor.py:830} INFO - Processing file /home/airflow/.local/lib/python3.8/site-packages/airflow/example_dags/example_branch_python_dop_operator_3.py for tasks to queue
[2024-10-27T19:04:12.938+0000] {logging_mixin.py:188} INFO - [2024-10-27T19:04:12.938+0000] {dagbag.py:538} INFO - Filling up the DagBag from /home/airflow/.local/lib/python3.8/site-packages/airflow/example_dags/example_branch_python_dop_operator_3.py
[2024-10-27T19:04:12.946+0000] {processor.py:840} INFO - DAG(s) 'example_branch_dop_operator_v3' retrieved from /home/airflow/.local/lib/python3.8/site-packages/airflow/example_dags/example_branch_python_dop_operator_3.py
[2024-10-27T19:04:12.965+0000] {logging_mixin.py:188} INFO - [2024-10-27T19:04:12.964+0000] {dag.py:3036} INFO - Sync 1 DAGs
[2024-10-27T19:04:13.008+0000] {logging_mixin.py:188} INFO - [2024-10-27T19:04:13.008+0000] {dag.py:3823} INFO - Setting next_dagrun for example_branch_dop_operator_v3 to 2024-10-27 19:03:00+00:00, run_after=2024-10-27 19:04:00+00:00
[2024-10-27T19:04:13.042+0000] {processor.py:183} INFO - Processing /home/airflow/.local/lib/python3.8/site-packages/airflow/example_dags/example_branch_python_dop_operator_3.py took 0.109 seconds
[2024-10-27T19:04:43.629+0000] {processor.py:161} INFO - Started process (PID=985) to work on /home/airflow/.local/lib/python3.8/site-packages/airflow/example_dags/example_branch_python_dop_operator_3.py
[2024-10-27T19:04:43.629+0000] {processor.py:830} INFO - Processing file /home/airflow/.local/lib/python3.8/site-packages/airflow/example_dags/example_branch_python_dop_operator_3.py for tasks to queue
[2024-10-27T19:04:43.631+0000] {logging_mixin.py:188} INFO - [2024-10-27T19:04:43.631+0000] {dagbag.py:538} INFO - Filling up the DagBag from /home/airflow/.local/lib/python3.8/site-packages/airflow/example_dags/example_branch_python_dop_operator_3.py
[2024-10-27T19:04:43.637+0000] {processor.py:840} INFO - DAG(s) 'example_branch_dop_operator_v3' retrieved from /home/airflow/.local/lib/python3.8/site-packages/airflow/example_dags/example_branch_python_dop_operator_3.py
[2024-10-27T19:04:43.653+0000] {logging_mixin.py:188} INFO - [2024-10-27T19:04:43.653+0000] {dag.py:3036} INFO - Sync 1 DAGs
[2024-10-27T19:04:43.676+0000] {logging_mixin.py:188} INFO - [2024-10-27T19:04:43.676+0000] {dag.py:3823} INFO - Setting next_dagrun for example_branch_dop_operator_v3 to 2024-10-27 19:03:00+00:00, run_after=2024-10-27 19:04:00+00:00
[2024-10-27T19:04:43.696+0000] {processor.py:183} INFO - Processing /home/airflow/.local/lib/python3.8/site-packages/airflow/example_dags/example_branch_python_dop_operator_3.py took 0.070 seconds
[2024-10-27T19:05:14.081+0000] {processor.py:161} INFO - Started process (PID=1041) to work on /home/airflow/.local/lib/python3.8/site-packages/airflow/example_dags/example_branch_python_dop_operator_3.py
[2024-10-27T19:05:14.082+0000] {processor.py:830} INFO - Processing file /home/airflow/.local/lib/python3.8/site-packages/airflow/example_dags/example_branch_python_dop_operator_3.py for tasks to queue
[2024-10-27T19:05:14.084+0000] {logging_mixin.py:188} INFO - [2024-10-27T19:05:14.084+0000] {dagbag.py:538} INFO - Filling up the DagBag from /home/airflow/.local/lib/python3.8/site-packages/airflow/example_dags/example_branch_python_dop_operator_3.py
[2024-10-27T19:05:14.091+0000] {processor.py:840} INFO - DAG(s) 'example_branch_dop_operator_v3' retrieved from /home/airflow/.local/lib/python3.8/site-packages/airflow/example_dags/example_branch_python_dop_operator_3.py
[2024-10-27T19:05:14.109+0000] {logging_mixin.py:188} INFO - [2024-10-27T19:05:14.108+0000] {dag.py:3036} INFO - Sync 1 DAGs
[2024-10-27T19:05:14.132+0000] {logging_mixin.py:188} INFO - [2024-10-27T19:05:14.132+0000] {dag.py:3823} INFO - Setting next_dagrun for example_branch_dop_operator_v3 to 2024-10-27 19:04:00+00:00, run_after=2024-10-27 19:05:00+00:00
[2024-10-27T19:05:14.150+0000] {processor.py:183} INFO - Processing /home/airflow/.local/lib/python3.8/site-packages/airflow/example_dags/example_branch_python_dop_operator_3.py took 0.071 seconds
[2024-10-27T19:13:21.313+0000] {processor.py:161} INFO - Started process (PID=98) to work on /home/airflow/.local/lib/python3.11/site-packages/airflow/example_dags/example_branch_python_dop_operator_3.py
[2024-10-27T19:13:21.314+0000] {processor.py:830} INFO - Processing file /home/airflow/.local/lib/python3.11/site-packages/airflow/example_dags/example_branch_python_dop_operator_3.py for tasks to queue
[2024-10-27T19:13:21.316+0000] {logging_mixin.py:188} INFO - [2024-10-27T19:13:21.315+0000] {dagbag.py:538} INFO - Filling up the DagBag from /home/airflow/.local/lib/python3.11/site-packages/airflow/example_dags/example_branch_python_dop_operator_3.py
[2024-10-27T19:13:21.322+0000] {processor.py:840} INFO - DAG(s) 'example_branch_dop_operator_v3' retrieved from /home/airflow/.local/lib/python3.11/site-packages/airflow/example_dags/example_branch_python_dop_operator_3.py
[2024-10-27T19:13:21.397+0000] {logging_mixin.py:188} INFO - [2024-10-27T19:13:21.396+0000] {dag.py:3036} INFO - Sync 1 DAGs
[2024-10-27T19:13:21.414+0000] {logging_mixin.py:188} INFO - [2024-10-27T19:13:21.414+0000] {dag.py:3823} INFO - Setting next_dagrun for example_branch_dop_operator_v3 to 2024-10-27 19:12:00+00:00, run_after=2024-10-27 19:13:00+00:00
[2024-10-27T19:13:21.432+0000] {processor.py:183} INFO - Processing /home/airflow/.local/lib/python3.11/site-packages/airflow/example_dags/example_branch_python_dop_operator_3.py took 0.121 seconds
[2024-10-27T19:14:05.112+0000] {processor.py:161} INFO - Started process (PID=156) to work on /home/airflow/.local/lib/python3.11/site-packages/airflow/example_dags/example_branch_python_dop_operator_3.py
[2024-10-27T19:14:05.113+0000] {processor.py:830} INFO - Processing file /home/airflow/.local/lib/python3.11/site-packages/airflow/example_dags/example_branch_python_dop_operator_3.py for tasks to queue
[2024-10-27T19:14:05.115+0000] {logging_mixin.py:188} INFO - [2024-10-27T19:14:05.114+0000] {dagbag.py:538} INFO - Filling up the DagBag from /home/airflow/.local/lib/python3.11/site-packages/airflow/example_dags/example_branch_python_dop_operator_3.py
[2024-10-27T19:14:05.122+0000] {processor.py:840} INFO - DAG(s) 'example_branch_dop_operator_v3' retrieved from /home/airflow/.local/lib/python3.11/site-packages/airflow/example_dags/example_branch_python_dop_operator_3.py
[2024-10-27T19:14:05.138+0000] {logging_mixin.py:188} INFO - [2024-10-27T19:14:05.138+0000] {dag.py:3036} INFO - Sync 1 DAGs
[2024-10-27T19:14:05.159+0000] {logging_mixin.py:188} INFO - [2024-10-27T19:14:05.159+0000] {dag.py:3823} INFO - Setting next_dagrun for example_branch_dop_operator_v3 to 2024-10-27 19:13:00+00:00, run_after=2024-10-27 19:14:00+00:00
[2024-10-27T19:14:05.188+0000] {processor.py:183} INFO - Processing /home/airflow/.local/lib/python3.11/site-packages/airflow/example_dags/example_branch_python_dop_operator_3.py took 0.078 seconds
[2024-10-27T19:14:40.870+0000] {processor.py:161} INFO - Started process (PID=214) to work on /home/airflow/.local/lib/python3.11/site-packages/airflow/example_dags/example_branch_python_dop_operator_3.py
[2024-10-27T19:14:40.871+0000] {processor.py:830} INFO - Processing file /home/airflow/.local/lib/python3.11/site-packages/airflow/example_dags/example_branch_python_dop_operator_3.py for tasks to queue
[2024-10-27T19:14:40.872+0000] {logging_mixin.py:188} INFO - [2024-10-27T19:14:40.872+0000] {dagbag.py:538} INFO - Filling up the DagBag from /home/airflow/.local/lib/python3.11/site-packages/airflow/example_dags/example_branch_python_dop_operator_3.py
[2024-10-27T19:14:40.883+0000] {processor.py:840} INFO - DAG(s) 'example_branch_dop_operator_v3' retrieved from /home/airflow/.local/lib/python3.11/site-packages/airflow/example_dags/example_branch_python_dop_operator_3.py
[2024-10-27T19:14:40.911+0000] {logging_mixin.py:188} INFO - [2024-10-27T19:14:40.910+0000] {dag.py:3036} INFO - Sync 1 DAGs
[2024-10-27T19:14:40.952+0000] {logging_mixin.py:188} INFO - [2024-10-27T19:14:40.952+0000] {dag.py:3823} INFO - Setting next_dagrun for example_branch_dop_operator_v3 to 2024-10-27 19:13:00+00:00, run_after=2024-10-27 19:14:00+00:00
[2024-10-27T19:14:41.002+0000] {processor.py:183} INFO - Processing /home/airflow/.local/lib/python3.11/site-packages/airflow/example_dags/example_branch_python_dop_operator_3.py took 0.134 seconds
[2024-10-27T19:15:11.740+0000] {processor.py:161} INFO - Started process (PID=272) to work on /home/airflow/.local/lib/python3.11/site-packages/airflow/example_dags/example_branch_python_dop_operator_3.py
[2024-10-27T19:15:11.742+0000] {processor.py:830} INFO - Processing file /home/airflow/.local/lib/python3.11/site-packages/airflow/example_dags/example_branch_python_dop_operator_3.py for tasks to queue
[2024-10-27T19:15:11.744+0000] {logging_mixin.py:188} INFO - [2024-10-27T19:15:11.743+0000] {dagbag.py:538} INFO - Filling up the DagBag from /home/airflow/.local/lib/python3.11/site-packages/airflow/example_dags/example_branch_python_dop_operator_3.py
[2024-10-27T19:15:11.761+0000] {processor.py:840} INFO - DAG(s) 'example_branch_dop_operator_v3' retrieved from /home/airflow/.local/lib/python3.11/site-packages/airflow/example_dags/example_branch_python_dop_operator_3.py
[2024-10-27T19:15:11.796+0000] {logging_mixin.py:188} INFO - [2024-10-27T19:15:11.796+0000] {dag.py:3036} INFO - Sync 1 DAGs
[2024-10-27T19:15:11.848+0000] {logging_mixin.py:188} INFO - [2024-10-27T19:15:11.848+0000] {dag.py:3823} INFO - Setting next_dagrun for example_branch_dop_operator_v3 to 2024-10-27 19:14:00+00:00, run_after=2024-10-27 19:15:00+00:00
[2024-10-27T19:15:12.454+0000] {processor.py:183} INFO - Processing /home/airflow/.local/lib/python3.11/site-packages/airflow/example_dags/example_branch_python_dop_operator_3.py took 0.717 seconds
[2024-10-27T19:15:43.062+0000] {processor.py:161} INFO - Started process (PID=330) to work on /home/airflow/.local/lib/python3.11/site-packages/airflow/example_dags/example_branch_python_dop_operator_3.py
[2024-10-27T19:15:43.063+0000] {processor.py:830} INFO - Processing file /home/airflow/.local/lib/python3.11/site-packages/airflow/example_dags/example_branch_python_dop_operator_3.py for tasks to queue
[2024-10-27T19:15:43.065+0000] {logging_mixin.py:188} INFO - [2024-10-27T19:15:43.064+0000] {dagbag.py:538} INFO - Filling up the DagBag from /home/airflow/.local/lib/python3.11/site-packages/airflow/example_dags/example_branch_python_dop_operator_3.py
[2024-10-27T19:15:43.071+0000] {processor.py:840} INFO - DAG(s) 'example_branch_dop_operator_v3' retrieved from /home/airflow/.local/lib/python3.11/site-packages/airflow/example_dags/example_branch_python_dop_operator_3.py
[2024-10-27T19:15:43.087+0000] {logging_mixin.py:188} INFO - [2024-10-27T19:15:43.087+0000] {dag.py:3036} INFO - Sync 1 DAGs
[2024-10-27T19:15:43.107+0000] {logging_mixin.py:188} INFO - [2024-10-27T19:15:43.107+0000] {dag.py:3823} INFO - Setting next_dagrun for example_branch_dop_operator_v3 to 2024-10-27 19:14:00+00:00, run_after=2024-10-27 19:15:00+00:00
[2024-10-27T19:15:43.127+0000] {processor.py:183} INFO - Processing /home/airflow/.local/lib/python3.11/site-packages/airflow/example_dags/example_branch_python_dop_operator_3.py took 0.067 seconds
