[2024-10-27T18:56:00.243+0000] {processor.py:161} INFO - Started process (PID=184) to work on /home/airflow/.local/lib/python3.8/site-packages/airflow/example_dags/tutorial_objectstorage.py
[2024-10-27T18:56:00.244+0000] {processor.py:830} INFO - Processing file /home/airflow/.local/lib/python3.8/site-packages/airflow/example_dags/tutorial_objectstorage.py for tasks to queue
[2024-10-27T18:56:00.245+0000] {logging_mixin.py:188} INFO - [2024-10-27T18:56:00.245+0000] {dagbag.py:538} INFO - Filling up the DagBag from /home/airflow/.local/lib/python3.8/site-packages/airflow/example_dags/tutorial_objectstorage.py
[2024-10-27T18:56:00.252+0000] {processor.py:840} INFO - DAG(s) 'tutorial_objectstorage' retrieved from /home/airflow/.local/lib/python3.8/site-packages/airflow/example_dags/tutorial_objectstorage.py
[2024-10-27T18:56:00.335+0000] {logging_mixin.py:188} INFO - [2024-10-27T18:56:00.335+0000] {override.py:1769} INFO - Created Permission View: can delete on DAG:tutorial_objectstorage
[2024-10-27T18:56:00.344+0000] {logging_mixin.py:188} INFO - [2024-10-27T18:56:00.344+0000] {override.py:1769} INFO - Created Permission View: can read on DAG:tutorial_objectstorage
[2024-10-27T18:56:00.350+0000] {logging_mixin.py:188} INFO - [2024-10-27T18:56:00.350+0000] {override.py:1769} INFO - Created Permission View: can edit on DAG:tutorial_objectstorage
[2024-10-27T18:56:00.351+0000] {logging_mixin.py:188} INFO - [2024-10-27T18:56:00.351+0000] {dag.py:3036} INFO - Sync 1 DAGs
[2024-10-27T18:56:00.360+0000] {logging_mixin.py:188} INFO - [2024-10-27T18:56:00.359+0000] {dag.py:3058} INFO - Creating ORM DAG for tutorial_objectstorage
[2024-10-27T18:56:00.360+0000] {logging_mixin.py:188} INFO - [2024-10-27T18:56:00.360+0000] {dag.py:3823} INFO - Setting next_dagrun for tutorial_objectstorage to None, run_after=None
[2024-10-27T18:56:00.375+0000] {processor.py:183} INFO - Processing /home/airflow/.local/lib/python3.8/site-packages/airflow/example_dags/tutorial_objectstorage.py took 0.135 seconds
[2024-10-27T18:56:36.231+0000] {processor.py:161} INFO - Started process (PID=50) to work on /home/airflow/.local/lib/python3.8/site-packages/airflow/example_dags/tutorial_objectstorage.py
[2024-10-27T18:56:36.231+0000] {processor.py:830} INFO - Processing file /home/airflow/.local/lib/python3.8/site-packages/airflow/example_dags/tutorial_objectstorage.py for tasks to queue
[2024-10-27T18:56:36.233+0000] {logging_mixin.py:188} INFO - [2024-10-27T18:56:36.232+0000] {dagbag.py:538} INFO - Filling up the DagBag from /home/airflow/.local/lib/python3.8/site-packages/airflow/example_dags/tutorial_objectstorage.py
[2024-10-27T18:56:36.239+0000] {processor.py:840} INFO - DAG(s) 'tutorial_objectstorage' retrieved from /home/airflow/.local/lib/python3.8/site-packages/airflow/example_dags/tutorial_objectstorage.py
[2024-10-27T18:56:36.255+0000] {logging_mixin.py:188} INFO - [2024-10-27T18:56:36.254+0000] {dag.py:3036} INFO - Sync 1 DAGs
[2024-10-27T18:56:36.263+0000] {logging_mixin.py:188} INFO - [2024-10-27T18:56:36.263+0000] {dag.py:3823} INFO - Setting next_dagrun for tutorial_objectstorage to None, run_after=None
[2024-10-27T18:56:36.277+0000] {processor.py:183} INFO - Processing /home/airflow/.local/lib/python3.8/site-packages/airflow/example_dags/tutorial_objectstorage.py took 0.048 seconds
[2024-10-27T18:57:06.812+0000] {processor.py:161} INFO - Started process (PID=106) to work on /home/airflow/.local/lib/python3.8/site-packages/airflow/example_dags/tutorial_objectstorage.py
[2024-10-27T18:57:06.813+0000] {processor.py:830} INFO - Processing file /home/airflow/.local/lib/python3.8/site-packages/airflow/example_dags/tutorial_objectstorage.py for tasks to queue
[2024-10-27T18:57:06.814+0000] {logging_mixin.py:188} INFO - [2024-10-27T18:57:06.814+0000] {dagbag.py:538} INFO - Filling up the DagBag from /home/airflow/.local/lib/python3.8/site-packages/airflow/example_dags/tutorial_objectstorage.py
[2024-10-27T18:57:06.821+0000] {processor.py:840} INFO - DAG(s) 'tutorial_objectstorage' retrieved from /home/airflow/.local/lib/python3.8/site-packages/airflow/example_dags/tutorial_objectstorage.py
[2024-10-27T18:57:06.838+0000] {logging_mixin.py:188} INFO - [2024-10-27T18:57:06.837+0000] {dag.py:3036} INFO - Sync 1 DAGs
[2024-10-27T18:57:06.849+0000] {logging_mixin.py:188} INFO - [2024-10-27T18:57:06.849+0000] {dag.py:3823} INFO - Setting next_dagrun for tutorial_objectstorage to None, run_after=None
[2024-10-27T18:57:06.870+0000] {processor.py:183} INFO - Processing /home/airflow/.local/lib/python3.8/site-packages/airflow/example_dags/tutorial_objectstorage.py took 0.060 seconds
[2024-10-27T18:57:37.302+0000] {processor.py:161} INFO - Started process (PID=162) to work on /home/airflow/.local/lib/python3.8/site-packages/airflow/example_dags/tutorial_objectstorage.py
[2024-10-27T18:57:37.302+0000] {processor.py:830} INFO - Processing file /home/airflow/.local/lib/python3.8/site-packages/airflow/example_dags/tutorial_objectstorage.py for tasks to queue
[2024-10-27T18:57:37.304+0000] {logging_mixin.py:188} INFO - [2024-10-27T18:57:37.304+0000] {dagbag.py:538} INFO - Filling up the DagBag from /home/airflow/.local/lib/python3.8/site-packages/airflow/example_dags/tutorial_objectstorage.py
[2024-10-27T18:57:37.309+0000] {processor.py:840} INFO - DAG(s) 'tutorial_objectstorage' retrieved from /home/airflow/.local/lib/python3.8/site-packages/airflow/example_dags/tutorial_objectstorage.py
[2024-10-27T18:57:37.324+0000] {logging_mixin.py:188} INFO - [2024-10-27T18:57:37.323+0000] {dag.py:3036} INFO - Sync 1 DAGs
[2024-10-27T18:57:37.334+0000] {logging_mixin.py:188} INFO - [2024-10-27T18:57:37.333+0000] {dag.py:3823} INFO - Setting next_dagrun for tutorial_objectstorage to None, run_after=None
[2024-10-27T18:57:37.350+0000] {processor.py:183} INFO - Processing /home/airflow/.local/lib/python3.8/site-packages/airflow/example_dags/tutorial_objectstorage.py took 0.051 seconds
[2024-10-27T18:58:07.739+0000] {processor.py:161} INFO - Started process (PID=224) to work on /home/airflow/.local/lib/python3.8/site-packages/airflow/example_dags/tutorial_objectstorage.py
[2024-10-27T18:58:07.740+0000] {processor.py:830} INFO - Processing file /home/airflow/.local/lib/python3.8/site-packages/airflow/example_dags/tutorial_objectstorage.py for tasks to queue
[2024-10-27T18:58:07.741+0000] {logging_mixin.py:188} INFO - [2024-10-27T18:58:07.741+0000] {dagbag.py:538} INFO - Filling up the DagBag from /home/airflow/.local/lib/python3.8/site-packages/airflow/example_dags/tutorial_objectstorage.py
[2024-10-27T18:58:07.746+0000] {processor.py:840} INFO - DAG(s) 'tutorial_objectstorage' retrieved from /home/airflow/.local/lib/python3.8/site-packages/airflow/example_dags/tutorial_objectstorage.py
[2024-10-27T18:58:07.762+0000] {logging_mixin.py:188} INFO - [2024-10-27T18:58:07.762+0000] {dag.py:3036} INFO - Sync 1 DAGs
[2024-10-27T18:58:07.773+0000] {logging_mixin.py:188} INFO - [2024-10-27T18:58:07.773+0000] {dag.py:3823} INFO - Setting next_dagrun for tutorial_objectstorage to None, run_after=None
[2024-10-27T18:58:07.790+0000] {processor.py:183} INFO - Processing /home/airflow/.local/lib/python3.8/site-packages/airflow/example_dags/tutorial_objectstorage.py took 0.054 seconds
[2024-10-27T18:58:38.233+0000] {processor.py:161} INFO - Started process (PID=280) to work on /home/airflow/.local/lib/python3.8/site-packages/airflow/example_dags/tutorial_objectstorage.py
[2024-10-27T18:58:38.234+0000] {processor.py:830} INFO - Processing file /home/airflow/.local/lib/python3.8/site-packages/airflow/example_dags/tutorial_objectstorage.py for tasks to queue
[2024-10-27T18:58:38.235+0000] {logging_mixin.py:188} INFO - [2024-10-27T18:58:38.235+0000] {dagbag.py:538} INFO - Filling up the DagBag from /home/airflow/.local/lib/python3.8/site-packages/airflow/example_dags/tutorial_objectstorage.py
[2024-10-27T18:58:38.241+0000] {processor.py:840} INFO - DAG(s) 'tutorial_objectstorage' retrieved from /home/airflow/.local/lib/python3.8/site-packages/airflow/example_dags/tutorial_objectstorage.py
[2024-10-27T18:58:38.256+0000] {logging_mixin.py:188} INFO - [2024-10-27T18:58:38.256+0000] {dag.py:3036} INFO - Sync 1 DAGs
[2024-10-27T18:58:38.267+0000] {logging_mixin.py:188} INFO - [2024-10-27T18:58:38.266+0000] {dag.py:3823} INFO - Setting next_dagrun for tutorial_objectstorage to None, run_after=None
[2024-10-27T18:58:38.285+0000] {processor.py:183} INFO - Processing /home/airflow/.local/lib/python3.8/site-packages/airflow/example_dags/tutorial_objectstorage.py took 0.054 seconds
[2024-10-27T18:59:08.740+0000] {processor.py:161} INFO - Started process (PID=337) to work on /home/airflow/.local/lib/python3.8/site-packages/airflow/example_dags/tutorial_objectstorage.py
[2024-10-27T18:59:08.741+0000] {processor.py:830} INFO - Processing file /home/airflow/.local/lib/python3.8/site-packages/airflow/example_dags/tutorial_objectstorage.py for tasks to queue
[2024-10-27T18:59:08.743+0000] {logging_mixin.py:188} INFO - [2024-10-27T18:59:08.742+0000] {dagbag.py:538} INFO - Filling up the DagBag from /home/airflow/.local/lib/python3.8/site-packages/airflow/example_dags/tutorial_objectstorage.py
[2024-10-27T18:59:08.747+0000] {processor.py:840} INFO - DAG(s) 'tutorial_objectstorage' retrieved from /home/airflow/.local/lib/python3.8/site-packages/airflow/example_dags/tutorial_objectstorage.py
[2024-10-27T18:59:08.761+0000] {logging_mixin.py:188} INFO - [2024-10-27T18:59:08.761+0000] {dag.py:3036} INFO - Sync 1 DAGs
[2024-10-27T18:59:08.771+0000] {logging_mixin.py:188} INFO - [2024-10-27T18:59:08.770+0000] {dag.py:3823} INFO - Setting next_dagrun for tutorial_objectstorage to None, run_after=None
[2024-10-27T18:59:08.786+0000] {processor.py:183} INFO - Processing /home/airflow/.local/lib/python3.8/site-packages/airflow/example_dags/tutorial_objectstorage.py took 0.048 seconds
[2024-10-27T18:59:38.991+0000] {processor.py:161} INFO - Started process (PID=393) to work on /home/airflow/.local/lib/python3.8/site-packages/airflow/example_dags/tutorial_objectstorage.py
[2024-10-27T18:59:38.991+0000] {processor.py:830} INFO - Processing file /home/airflow/.local/lib/python3.8/site-packages/airflow/example_dags/tutorial_objectstorage.py for tasks to queue
[2024-10-27T18:59:38.993+0000] {logging_mixin.py:188} INFO - [2024-10-27T18:59:38.992+0000] {dagbag.py:538} INFO - Filling up the DagBag from /home/airflow/.local/lib/python3.8/site-packages/airflow/example_dags/tutorial_objectstorage.py
[2024-10-27T18:59:38.997+0000] {processor.py:840} INFO - DAG(s) 'tutorial_objectstorage' retrieved from /home/airflow/.local/lib/python3.8/site-packages/airflow/example_dags/tutorial_objectstorage.py
[2024-10-27T18:59:39.011+0000] {logging_mixin.py:188} INFO - [2024-10-27T18:59:39.011+0000] {dag.py:3036} INFO - Sync 1 DAGs
[2024-10-27T18:59:39.021+0000] {logging_mixin.py:188} INFO - [2024-10-27T18:59:39.021+0000] {dag.py:3823} INFO - Setting next_dagrun for tutorial_objectstorage to None, run_after=None
[2024-10-27T18:59:39.038+0000] {processor.py:183} INFO - Processing /home/airflow/.local/lib/python3.8/site-packages/airflow/example_dags/tutorial_objectstorage.py took 0.049 seconds
[2024-10-27T19:00:09.262+0000] {processor.py:161} INFO - Started process (PID=449) to work on /home/airflow/.local/lib/python3.8/site-packages/airflow/example_dags/tutorial_objectstorage.py
[2024-10-27T19:00:09.263+0000] {processor.py:830} INFO - Processing file /home/airflow/.local/lib/python3.8/site-packages/airflow/example_dags/tutorial_objectstorage.py for tasks to queue
[2024-10-27T19:00:09.264+0000] {logging_mixin.py:188} INFO - [2024-10-27T19:00:09.264+0000] {dagbag.py:538} INFO - Filling up the DagBag from /home/airflow/.local/lib/python3.8/site-packages/airflow/example_dags/tutorial_objectstorage.py
[2024-10-27T19:00:09.269+0000] {processor.py:840} INFO - DAG(s) 'tutorial_objectstorage' retrieved from /home/airflow/.local/lib/python3.8/site-packages/airflow/example_dags/tutorial_objectstorage.py
[2024-10-27T19:00:09.283+0000] {logging_mixin.py:188} INFO - [2024-10-27T19:00:09.283+0000] {dag.py:3036} INFO - Sync 1 DAGs
[2024-10-27T19:00:09.293+0000] {logging_mixin.py:188} INFO - [2024-10-27T19:00:09.293+0000] {dag.py:3823} INFO - Setting next_dagrun for tutorial_objectstorage to None, run_after=None
[2024-10-27T19:00:09.310+0000] {processor.py:183} INFO - Processing /home/airflow/.local/lib/python3.8/site-packages/airflow/example_dags/tutorial_objectstorage.py took 0.049 seconds
[2024-10-27T19:00:39.455+0000] {processor.py:161} INFO - Started process (PID=505) to work on /home/airflow/.local/lib/python3.8/site-packages/airflow/example_dags/tutorial_objectstorage.py
[2024-10-27T19:00:39.456+0000] {processor.py:830} INFO - Processing file /home/airflow/.local/lib/python3.8/site-packages/airflow/example_dags/tutorial_objectstorage.py for tasks to queue
[2024-10-27T19:00:39.457+0000] {logging_mixin.py:188} INFO - [2024-10-27T19:00:39.457+0000] {dagbag.py:538} INFO - Filling up the DagBag from /home/airflow/.local/lib/python3.8/site-packages/airflow/example_dags/tutorial_objectstorage.py
[2024-10-27T19:00:39.462+0000] {processor.py:840} INFO - DAG(s) 'tutorial_objectstorage' retrieved from /home/airflow/.local/lib/python3.8/site-packages/airflow/example_dags/tutorial_objectstorage.py
[2024-10-27T19:00:39.477+0000] {logging_mixin.py:188} INFO - [2024-10-27T19:00:39.477+0000] {dag.py:3036} INFO - Sync 1 DAGs
[2024-10-27T19:00:39.487+0000] {logging_mixin.py:188} INFO - [2024-10-27T19:00:39.487+0000] {dag.py:3823} INFO - Setting next_dagrun for tutorial_objectstorage to None, run_after=None
[2024-10-27T19:00:39.504+0000] {processor.py:183} INFO - Processing /home/airflow/.local/lib/python3.8/site-packages/airflow/example_dags/tutorial_objectstorage.py took 0.051 seconds
[2024-10-27T19:01:09.776+0000] {processor.py:161} INFO - Started process (PID=561) to work on /home/airflow/.local/lib/python3.8/site-packages/airflow/example_dags/tutorial_objectstorage.py
[2024-10-27T19:01:09.777+0000] {processor.py:830} INFO - Processing file /home/airflow/.local/lib/python3.8/site-packages/airflow/example_dags/tutorial_objectstorage.py for tasks to queue
[2024-10-27T19:01:09.779+0000] {logging_mixin.py:188} INFO - [2024-10-27T19:01:09.779+0000] {dagbag.py:538} INFO - Filling up the DagBag from /home/airflow/.local/lib/python3.8/site-packages/airflow/example_dags/tutorial_objectstorage.py
[2024-10-27T19:01:09.784+0000] {processor.py:840} INFO - DAG(s) 'tutorial_objectstorage' retrieved from /home/airflow/.local/lib/python3.8/site-packages/airflow/example_dags/tutorial_objectstorage.py
[2024-10-27T19:01:09.802+0000] {logging_mixin.py:188} INFO - [2024-10-27T19:01:09.802+0000] {dag.py:3036} INFO - Sync 1 DAGs
[2024-10-27T19:01:09.815+0000] {logging_mixin.py:188} INFO - [2024-10-27T19:01:09.815+0000] {dag.py:3823} INFO - Setting next_dagrun for tutorial_objectstorage to None, run_after=None
[2024-10-27T19:01:09.839+0000] {processor.py:183} INFO - Processing /home/airflow/.local/lib/python3.8/site-packages/airflow/example_dags/tutorial_objectstorage.py took 0.066 seconds
[2024-10-27T19:01:40.006+0000] {processor.py:161} INFO - Started process (PID=617) to work on /home/airflow/.local/lib/python3.8/site-packages/airflow/example_dags/tutorial_objectstorage.py
[2024-10-27T19:01:40.007+0000] {processor.py:830} INFO - Processing file /home/airflow/.local/lib/python3.8/site-packages/airflow/example_dags/tutorial_objectstorage.py for tasks to queue
[2024-10-27T19:01:40.008+0000] {logging_mixin.py:188} INFO - [2024-10-27T19:01:40.008+0000] {dagbag.py:538} INFO - Filling up the DagBag from /home/airflow/.local/lib/python3.8/site-packages/airflow/example_dags/tutorial_objectstorage.py
[2024-10-27T19:01:40.013+0000] {processor.py:840} INFO - DAG(s) 'tutorial_objectstorage' retrieved from /home/airflow/.local/lib/python3.8/site-packages/airflow/example_dags/tutorial_objectstorage.py
[2024-10-27T19:01:40.028+0000] {logging_mixin.py:188} INFO - [2024-10-27T19:01:40.028+0000] {dag.py:3036} INFO - Sync 1 DAGs
[2024-10-27T19:01:40.038+0000] {logging_mixin.py:188} INFO - [2024-10-27T19:01:40.037+0000] {dag.py:3823} INFO - Setting next_dagrun for tutorial_objectstorage to None, run_after=None
[2024-10-27T19:01:40.056+0000] {processor.py:183} INFO - Processing /home/airflow/.local/lib/python3.8/site-packages/airflow/example_dags/tutorial_objectstorage.py took 0.052 seconds
[2024-10-27T19:02:10.427+0000] {processor.py:161} INFO - Started process (PID=673) to work on /home/airflow/.local/lib/python3.8/site-packages/airflow/example_dags/tutorial_objectstorage.py
[2024-10-27T19:02:10.428+0000] {processor.py:830} INFO - Processing file /home/airflow/.local/lib/python3.8/site-packages/airflow/example_dags/tutorial_objectstorage.py for tasks to queue
[2024-10-27T19:02:10.429+0000] {logging_mixin.py:188} INFO - [2024-10-27T19:02:10.429+0000] {dagbag.py:538} INFO - Filling up the DagBag from /home/airflow/.local/lib/python3.8/site-packages/airflow/example_dags/tutorial_objectstorage.py
[2024-10-27T19:02:10.434+0000] {processor.py:840} INFO - DAG(s) 'tutorial_objectstorage' retrieved from /home/airflow/.local/lib/python3.8/site-packages/airflow/example_dags/tutorial_objectstorage.py
[2024-10-27T19:02:10.448+0000] {logging_mixin.py:188} INFO - [2024-10-27T19:02:10.447+0000] {dag.py:3036} INFO - Sync 1 DAGs
[2024-10-27T19:02:10.458+0000] {logging_mixin.py:188} INFO - [2024-10-27T19:02:10.457+0000] {dag.py:3823} INFO - Setting next_dagrun for tutorial_objectstorage to None, run_after=None
[2024-10-27T19:02:10.472+0000] {processor.py:183} INFO - Processing /home/airflow/.local/lib/python3.8/site-packages/airflow/example_dags/tutorial_objectstorage.py took 0.047 seconds
[2024-10-27T19:02:40.685+0000] {processor.py:161} INFO - Started process (PID=729) to work on /home/airflow/.local/lib/python3.8/site-packages/airflow/example_dags/tutorial_objectstorage.py
[2024-10-27T19:02:40.686+0000] {processor.py:830} INFO - Processing file /home/airflow/.local/lib/python3.8/site-packages/airflow/example_dags/tutorial_objectstorage.py for tasks to queue
[2024-10-27T19:02:40.687+0000] {logging_mixin.py:188} INFO - [2024-10-27T19:02:40.687+0000] {dagbag.py:538} INFO - Filling up the DagBag from /home/airflow/.local/lib/python3.8/site-packages/airflow/example_dags/tutorial_objectstorage.py
[2024-10-27T19:02:40.693+0000] {processor.py:840} INFO - DAG(s) 'tutorial_objectstorage' retrieved from /home/airflow/.local/lib/python3.8/site-packages/airflow/example_dags/tutorial_objectstorage.py
[2024-10-27T19:02:40.712+0000] {logging_mixin.py:188} INFO - [2024-10-27T19:02:40.711+0000] {dag.py:3036} INFO - Sync 1 DAGs
[2024-10-27T19:02:40.726+0000] {logging_mixin.py:188} INFO - [2024-10-27T19:02:40.726+0000] {dag.py:3823} INFO - Setting next_dagrun for tutorial_objectstorage to None, run_after=None
[2024-10-27T19:02:40.746+0000] {processor.py:183} INFO - Processing /home/airflow/.local/lib/python3.8/site-packages/airflow/example_dags/tutorial_objectstorage.py took 0.064 seconds
[2024-10-27T19:03:10.876+0000] {processor.py:161} INFO - Started process (PID=785) to work on /home/airflow/.local/lib/python3.8/site-packages/airflow/example_dags/tutorial_objectstorage.py
[2024-10-27T19:03:10.877+0000] {processor.py:830} INFO - Processing file /home/airflow/.local/lib/python3.8/site-packages/airflow/example_dags/tutorial_objectstorage.py for tasks to queue
[2024-10-27T19:03:10.878+0000] {logging_mixin.py:188} INFO - [2024-10-27T19:03:10.878+0000] {dagbag.py:538} INFO - Filling up the DagBag from /home/airflow/.local/lib/python3.8/site-packages/airflow/example_dags/tutorial_objectstorage.py
[2024-10-27T19:03:10.883+0000] {processor.py:840} INFO - DAG(s) 'tutorial_objectstorage' retrieved from /home/airflow/.local/lib/python3.8/site-packages/airflow/example_dags/tutorial_objectstorage.py
[2024-10-27T19:03:10.897+0000] {logging_mixin.py:188} INFO - [2024-10-27T19:03:10.897+0000] {dag.py:3036} INFO - Sync 1 DAGs
[2024-10-27T19:03:10.910+0000] {logging_mixin.py:188} INFO - [2024-10-27T19:03:10.909+0000] {dag.py:3823} INFO - Setting next_dagrun for tutorial_objectstorage to None, run_after=None
[2024-10-27T19:03:10.926+0000] {processor.py:183} INFO - Processing /home/airflow/.local/lib/python3.8/site-packages/airflow/example_dags/tutorial_objectstorage.py took 0.052 seconds
[2024-10-27T19:03:41.058+0000] {processor.py:161} INFO - Started process (PID=841) to work on /home/airflow/.local/lib/python3.8/site-packages/airflow/example_dags/tutorial_objectstorage.py
[2024-10-27T19:03:41.059+0000] {processor.py:830} INFO - Processing file /home/airflow/.local/lib/python3.8/site-packages/airflow/example_dags/tutorial_objectstorage.py for tasks to queue
[2024-10-27T19:03:41.060+0000] {logging_mixin.py:188} INFO - [2024-10-27T19:03:41.060+0000] {dagbag.py:538} INFO - Filling up the DagBag from /home/airflow/.local/lib/python3.8/site-packages/airflow/example_dags/tutorial_objectstorage.py
[2024-10-27T19:03:41.065+0000] {processor.py:840} INFO - DAG(s) 'tutorial_objectstorage' retrieved from /home/airflow/.local/lib/python3.8/site-packages/airflow/example_dags/tutorial_objectstorage.py
[2024-10-27T19:03:41.079+0000] {logging_mixin.py:188} INFO - [2024-10-27T19:03:41.079+0000] {dag.py:3036} INFO - Sync 1 DAGs
[2024-10-27T19:03:41.087+0000] {logging_mixin.py:188} INFO - [2024-10-27T19:03:41.087+0000] {dag.py:3823} INFO - Setting next_dagrun for tutorial_objectstorage to None, run_after=None
[2024-10-27T19:03:41.102+0000] {processor.py:183} INFO - Processing /home/airflow/.local/lib/python3.8/site-packages/airflow/example_dags/tutorial_objectstorage.py took 0.046 seconds
[2024-10-27T19:04:11.304+0000] {processor.py:161} INFO - Started process (PID=897) to work on /home/airflow/.local/lib/python3.8/site-packages/airflow/example_dags/tutorial_objectstorage.py
[2024-10-27T19:04:11.305+0000] {processor.py:830} INFO - Processing file /home/airflow/.local/lib/python3.8/site-packages/airflow/example_dags/tutorial_objectstorage.py for tasks to queue
[2024-10-27T19:04:11.306+0000] {logging_mixin.py:188} INFO - [2024-10-27T19:04:11.306+0000] {dagbag.py:538} INFO - Filling up the DagBag from /home/airflow/.local/lib/python3.8/site-packages/airflow/example_dags/tutorial_objectstorage.py
[2024-10-27T19:04:11.311+0000] {processor.py:840} INFO - DAG(s) 'tutorial_objectstorage' retrieved from /home/airflow/.local/lib/python3.8/site-packages/airflow/example_dags/tutorial_objectstorage.py
[2024-10-27T19:04:11.328+0000] {logging_mixin.py:188} INFO - [2024-10-27T19:04:11.327+0000] {dag.py:3036} INFO - Sync 1 DAGs
[2024-10-27T19:04:11.338+0000] {logging_mixin.py:188} INFO - [2024-10-27T19:04:11.337+0000] {dag.py:3823} INFO - Setting next_dagrun for tutorial_objectstorage to None, run_after=None
[2024-10-27T19:04:11.354+0000] {processor.py:183} INFO - Processing /home/airflow/.local/lib/python3.8/site-packages/airflow/example_dags/tutorial_objectstorage.py took 0.052 seconds
[2024-10-27T19:04:41.905+0000] {processor.py:161} INFO - Started process (PID=953) to work on /home/airflow/.local/lib/python3.8/site-packages/airflow/example_dags/tutorial_objectstorage.py
[2024-10-27T19:04:41.906+0000] {processor.py:830} INFO - Processing file /home/airflow/.local/lib/python3.8/site-packages/airflow/example_dags/tutorial_objectstorage.py for tasks to queue
[2024-10-27T19:04:41.907+0000] {logging_mixin.py:188} INFO - [2024-10-27T19:04:41.907+0000] {dagbag.py:538} INFO - Filling up the DagBag from /home/airflow/.local/lib/python3.8/site-packages/airflow/example_dags/tutorial_objectstorage.py
[2024-10-27T19:04:41.912+0000] {processor.py:840} INFO - DAG(s) 'tutorial_objectstorage' retrieved from /home/airflow/.local/lib/python3.8/site-packages/airflow/example_dags/tutorial_objectstorage.py
[2024-10-27T19:04:41.925+0000] {logging_mixin.py:188} INFO - [2024-10-27T19:04:41.925+0000] {dag.py:3036} INFO - Sync 1 DAGs
[2024-10-27T19:04:41.934+0000] {logging_mixin.py:188} INFO - [2024-10-27T19:04:41.934+0000] {dag.py:3823} INFO - Setting next_dagrun for tutorial_objectstorage to None, run_after=None
[2024-10-27T19:04:41.948+0000] {processor.py:183} INFO - Processing /home/airflow/.local/lib/python3.8/site-packages/airflow/example_dags/tutorial_objectstorage.py took 0.046 seconds
[2024-10-27T19:05:12.629+0000] {processor.py:161} INFO - Started process (PID=1009) to work on /home/airflow/.local/lib/python3.8/site-packages/airflow/example_dags/tutorial_objectstorage.py
[2024-10-27T19:05:12.630+0000] {processor.py:830} INFO - Processing file /home/airflow/.local/lib/python3.8/site-packages/airflow/example_dags/tutorial_objectstorage.py for tasks to queue
[2024-10-27T19:05:12.632+0000] {logging_mixin.py:188} INFO - [2024-10-27T19:05:12.632+0000] {dagbag.py:538} INFO - Filling up the DagBag from /home/airflow/.local/lib/python3.8/site-packages/airflow/example_dags/tutorial_objectstorage.py
[2024-10-27T19:05:12.639+0000] {processor.py:840} INFO - DAG(s) 'tutorial_objectstorage' retrieved from /home/airflow/.local/lib/python3.8/site-packages/airflow/example_dags/tutorial_objectstorage.py
[2024-10-27T19:05:12.657+0000] {logging_mixin.py:188} INFO - [2024-10-27T19:05:12.656+0000] {dag.py:3036} INFO - Sync 1 DAGs
[2024-10-27T19:05:12.667+0000] {logging_mixin.py:188} INFO - [2024-10-27T19:05:12.666+0000] {dag.py:3823} INFO - Setting next_dagrun for tutorial_objectstorage to None, run_after=None
[2024-10-27T19:05:12.684+0000] {processor.py:183} INFO - Processing /home/airflow/.local/lib/python3.8/site-packages/airflow/example_dags/tutorial_objectstorage.py took 0.058 seconds
[2024-10-27T19:13:13.913+0000] {processor.py:161} INFO - Started process (PID=57) to work on /home/airflow/.local/lib/python3.11/site-packages/airflow/example_dags/tutorial_objectstorage.py
[2024-10-27T19:13:13.914+0000] {processor.py:830} INFO - Processing file /home/airflow/.local/lib/python3.11/site-packages/airflow/example_dags/tutorial_objectstorage.py for tasks to queue
[2024-10-27T19:13:13.916+0000] {logging_mixin.py:188} INFO - [2024-10-27T19:13:13.915+0000] {dagbag.py:538} INFO - Filling up the DagBag from /home/airflow/.local/lib/python3.11/site-packages/airflow/example_dags/tutorial_objectstorage.py
[2024-10-27T19:13:13.921+0000] {logging_mixin.py:188} WARNING - /home/airflow/.local/lib/python3.11/site-packages/airflow/io/path.py:150 DeprecationWarning: UPath._from_parts is deprecated and should not be used. Please follow the universal_pathlib==0.2.0 migration guide at https://github.com/fsspec/universal_pathlib for more information.
[2024-10-27T19:13:14.847+0000] {logging_mixin.py:188} INFO - [2024-10-27T19:13:14.846+0000] {base_aws.py:581} WARNING - Unable to find AWS Connection ID 'aws_default', switching to empty.
[2024-10-27T19:13:14.848+0000] {logging_mixin.py:188} INFO - [2024-10-27T19:13:14.848+0000] {base_aws.py:161} INFO - No connection ID provided. Fallback on boto3 credential strategy (region_name=None). See: https://boto3.amazonaws.com/v1/documentation/api/latest/guide/configuration.html
[2024-10-27T19:13:15.687+0000] {logging_mixin.py:188} INFO - [2024-10-27T19:13:15.687+0000] {s3.py:91} INFO - No credentials found, using anonymous access
[2024-10-27T19:13:15.689+0000] {logging_mixin.py:188} INFO - [2024-10-27T19:13:15.689+0000] {base_aws.py:161} INFO - No connection ID provided. Fallback on boto3 credential strategy (region_name=None). See: https://boto3.amazonaws.com/v1/documentation/api/latest/guide/configuration.html
[2024-10-27T19:13:15.740+0000] {logging_mixin.py:188} INFO - [2024-10-27T19:13:15.739+0000] {s3.py:91} INFO - No credentials found, using anonymous access
[2024-10-27T19:13:15.745+0000] {processor.py:840} INFO - DAG(s) 'tutorial_objectstorage' retrieved from /home/airflow/.local/lib/python3.11/site-packages/airflow/example_dags/tutorial_objectstorage.py
[2024-10-27T19:13:15.749+0000] {logging_mixin.py:188} INFO - [2024-10-27T19:13:15.748+0000] {dag.py:3036} INFO - Sync 1 DAGs
[2024-10-27T19:13:15.757+0000] {logging_mixin.py:188} INFO - [2024-10-27T19:13:15.757+0000] {dag.py:3823} INFO - Setting next_dagrun for tutorial_objectstorage to None, run_after=None
[2024-10-27T19:13:17.182+0000] {processor.py:183} INFO - Processing /home/airflow/.local/lib/python3.11/site-packages/airflow/example_dags/tutorial_objectstorage.py took 3.273 seconds
[2024-10-27T19:13:50.275+0000] {processor.py:161} INFO - Started process (PID=123) to work on /home/airflow/.local/lib/python3.11/site-packages/airflow/example_dags/tutorial_objectstorage.py
[2024-10-27T19:13:50.276+0000] {processor.py:830} INFO - Processing file /home/airflow/.local/lib/python3.11/site-packages/airflow/example_dags/tutorial_objectstorage.py for tasks to queue
[2024-10-27T19:13:50.278+0000] {logging_mixin.py:188} INFO - [2024-10-27T19:13:50.277+0000] {dagbag.py:538} INFO - Filling up the DagBag from /home/airflow/.local/lib/python3.11/site-packages/airflow/example_dags/tutorial_objectstorage.py
[2024-10-27T19:13:50.281+0000] {logging_mixin.py:188} WARNING - /home/airflow/.local/lib/python3.11/site-packages/airflow/io/path.py:150 DeprecationWarning: UPath._from_parts is deprecated and should not be used. Please follow the universal_pathlib==0.2.0 migration guide at https://github.com/fsspec/universal_pathlib for more information.
[2024-10-27T19:13:51.084+0000] {logging_mixin.py:188} INFO - [2024-10-27T19:13:51.084+0000] {base_aws.py:581} WARNING - Unable to find AWS Connection ID 'aws_default', switching to empty.
[2024-10-27T19:13:51.085+0000] {logging_mixin.py:188} INFO - [2024-10-27T19:13:51.085+0000] {base_aws.py:161} INFO - No connection ID provided. Fallback on boto3 credential strategy (region_name=None). See: https://boto3.amazonaws.com/v1/documentation/api/latest/guide/configuration.html
[2024-10-27T19:13:51.165+0000] {logging_mixin.py:188} INFO - [2024-10-27T19:13:51.165+0000] {s3.py:91} INFO - No credentials found, using anonymous access
[2024-10-27T19:13:51.167+0000] {logging_mixin.py:188} INFO - [2024-10-27T19:13:51.167+0000] {base_aws.py:161} INFO - No connection ID provided. Fallback on boto3 credential strategy (region_name=None). See: https://boto3.amazonaws.com/v1/documentation/api/latest/guide/configuration.html
[2024-10-27T19:13:51.227+0000] {logging_mixin.py:188} INFO - [2024-10-27T19:13:51.227+0000] {s3.py:91} INFO - No credentials found, using anonymous access
[2024-10-27T19:13:51.231+0000] {processor.py:840} INFO - DAG(s) 'tutorial_objectstorage' retrieved from /home/airflow/.local/lib/python3.11/site-packages/airflow/example_dags/tutorial_objectstorage.py
[2024-10-27T19:13:51.290+0000] {logging_mixin.py:188} INFO - [2024-10-27T19:13:51.290+0000] {dag.py:3036} INFO - Sync 1 DAGs
[2024-10-27T19:13:51.297+0000] {logging_mixin.py:188} INFO - [2024-10-27T19:13:51.297+0000] {dag.py:3823} INFO - Setting next_dagrun for tutorial_objectstorage to None, run_after=None
[2024-10-27T19:13:53.972+0000] {processor.py:183} INFO - Processing /home/airflow/.local/lib/python3.11/site-packages/airflow/example_dags/tutorial_objectstorage.py took 3.699 seconds
[2024-10-27T19:14:24.397+0000] {processor.py:161} INFO - Started process (PID=182) to work on /home/airflow/.local/lib/python3.11/site-packages/airflow/example_dags/tutorial_objectstorage.py
[2024-10-27T19:14:24.399+0000] {processor.py:830} INFO - Processing file /home/airflow/.local/lib/python3.11/site-packages/airflow/example_dags/tutorial_objectstorage.py for tasks to queue
[2024-10-27T19:14:24.401+0000] {logging_mixin.py:188} INFO - [2024-10-27T19:14:24.401+0000] {dagbag.py:538} INFO - Filling up the DagBag from /home/airflow/.local/lib/python3.11/site-packages/airflow/example_dags/tutorial_objectstorage.py
[2024-10-27T19:14:24.409+0000] {logging_mixin.py:188} WARNING - /home/airflow/.local/lib/python3.11/site-packages/airflow/io/path.py:150 DeprecationWarning: UPath._from_parts is deprecated and should not be used. Please follow the universal_pathlib==0.2.0 migration guide at https://github.com/fsspec/universal_pathlib for more information.
[2024-10-27T19:14:24.724+0000] {logging_mixin.py:188} INFO - [2024-10-27T19:14:24.723+0000] {base_aws.py:581} WARNING - Unable to find AWS Connection ID 'aws_default', switching to empty.
[2024-10-27T19:14:24.726+0000] {logging_mixin.py:188} INFO - [2024-10-27T19:14:24.725+0000] {base_aws.py:161} INFO - No connection ID provided. Fallback on boto3 credential strategy (region_name=None). See: https://boto3.amazonaws.com/v1/documentation/api/latest/guide/configuration.html
[2024-10-27T19:14:24.892+0000] {logging_mixin.py:188} INFO - [2024-10-27T19:14:24.892+0000] {s3.py:91} INFO - No credentials found, using anonymous access
[2024-10-27T19:14:24.895+0000] {logging_mixin.py:188} INFO - [2024-10-27T19:14:24.895+0000] {base_aws.py:161} INFO - No connection ID provided. Fallback on boto3 credential strategy (region_name=None). See: https://boto3.amazonaws.com/v1/documentation/api/latest/guide/configuration.html
[2024-10-27T19:14:25.004+0000] {logging_mixin.py:188} INFO - [2024-10-27T19:14:25.004+0000] {s3.py:91} INFO - No credentials found, using anonymous access
[2024-10-27T19:14:25.008+0000] {processor.py:840} INFO - DAG(s) 'tutorial_objectstorage' retrieved from /home/airflow/.local/lib/python3.11/site-packages/airflow/example_dags/tutorial_objectstorage.py
[2024-10-27T19:14:25.020+0000] {logging_mixin.py:188} INFO - [2024-10-27T19:14:25.020+0000] {dag.py:3036} INFO - Sync 1 DAGs
[2024-10-27T19:14:25.030+0000] {logging_mixin.py:188} INFO - [2024-10-27T19:14:25.030+0000] {dag.py:3823} INFO - Setting next_dagrun for tutorial_objectstorage to None, run_after=None
[2024-10-27T19:14:25.046+0000] {processor.py:183} INFO - Processing /home/airflow/.local/lib/python3.11/site-packages/airflow/example_dags/tutorial_objectstorage.py took 0.653 seconds
[2024-10-27T19:14:55.854+0000] {processor.py:161} INFO - Started process (PID=242) to work on /home/airflow/.local/lib/python3.11/site-packages/airflow/example_dags/tutorial_objectstorage.py
[2024-10-27T19:14:55.855+0000] {processor.py:830} INFO - Processing file /home/airflow/.local/lib/python3.11/site-packages/airflow/example_dags/tutorial_objectstorage.py for tasks to queue
[2024-10-27T19:14:55.856+0000] {logging_mixin.py:188} INFO - [2024-10-27T19:14:55.856+0000] {dagbag.py:538} INFO - Filling up the DagBag from /home/airflow/.local/lib/python3.11/site-packages/airflow/example_dags/tutorial_objectstorage.py
[2024-10-27T19:14:55.859+0000] {logging_mixin.py:188} WARNING - /home/airflow/.local/lib/python3.11/site-packages/airflow/io/path.py:150 DeprecationWarning: UPath._from_parts is deprecated and should not be used. Please follow the universal_pathlib==0.2.0 migration guide at https://github.com/fsspec/universal_pathlib for more information.
[2024-10-27T19:14:56.151+0000] {logging_mixin.py:188} INFO - [2024-10-27T19:14:56.150+0000] {base_aws.py:581} WARNING - Unable to find AWS Connection ID 'aws_default', switching to empty.
[2024-10-27T19:14:56.152+0000] {logging_mixin.py:188} INFO - [2024-10-27T19:14:56.151+0000] {base_aws.py:161} INFO - No connection ID provided. Fallback on boto3 credential strategy (region_name=None). See: https://boto3.amazonaws.com/v1/documentation/api/latest/guide/configuration.html
[2024-10-27T19:14:56.216+0000] {logging_mixin.py:188} INFO - [2024-10-27T19:14:56.216+0000] {s3.py:91} INFO - No credentials found, using anonymous access
[2024-10-27T19:14:56.218+0000] {logging_mixin.py:188} INFO - [2024-10-27T19:14:56.218+0000] {base_aws.py:161} INFO - No connection ID provided. Fallback on boto3 credential strategy (region_name=None). See: https://boto3.amazonaws.com/v1/documentation/api/latest/guide/configuration.html
[2024-10-27T19:14:56.280+0000] {logging_mixin.py:188} INFO - [2024-10-27T19:14:56.280+0000] {s3.py:91} INFO - No credentials found, using anonymous access
[2024-10-27T19:14:56.284+0000] {processor.py:840} INFO - DAG(s) 'tutorial_objectstorage' retrieved from /home/airflow/.local/lib/python3.11/site-packages/airflow/example_dags/tutorial_objectstorage.py
[2024-10-27T19:14:56.292+0000] {logging_mixin.py:188} INFO - [2024-10-27T19:14:56.292+0000] {dag.py:3036} INFO - Sync 1 DAGs
[2024-10-27T19:14:56.305+0000] {logging_mixin.py:188} INFO - [2024-10-27T19:14:56.305+0000] {dag.py:3823} INFO - Setting next_dagrun for tutorial_objectstorage to None, run_after=None
[2024-10-27T19:14:56.732+0000] {processor.py:183} INFO - Processing /home/airflow/.local/lib/python3.11/site-packages/airflow/example_dags/tutorial_objectstorage.py took 0.881 seconds
[2024-10-27T19:15:27.582+0000] {processor.py:161} INFO - Started process (PID=300) to work on /home/airflow/.local/lib/python3.11/site-packages/airflow/example_dags/tutorial_objectstorage.py
[2024-10-27T19:15:27.583+0000] {processor.py:830} INFO - Processing file /home/airflow/.local/lib/python3.11/site-packages/airflow/example_dags/tutorial_objectstorage.py for tasks to queue
[2024-10-27T19:15:27.585+0000] {logging_mixin.py:188} INFO - [2024-10-27T19:15:27.584+0000] {dagbag.py:538} INFO - Filling up the DagBag from /home/airflow/.local/lib/python3.11/site-packages/airflow/example_dags/tutorial_objectstorage.py
[2024-10-27T19:15:27.588+0000] {logging_mixin.py:188} WARNING - /home/airflow/.local/lib/python3.11/site-packages/airflow/io/path.py:150 DeprecationWarning: UPath._from_parts is deprecated and should not be used. Please follow the universal_pathlib==0.2.0 migration guide at https://github.com/fsspec/universal_pathlib for more information.
[2024-10-27T19:15:27.860+0000] {logging_mixin.py:188} INFO - [2024-10-27T19:15:27.859+0000] {base_aws.py:581} WARNING - Unable to find AWS Connection ID 'aws_default', switching to empty.
[2024-10-27T19:15:27.860+0000] {logging_mixin.py:188} INFO - [2024-10-27T19:15:27.860+0000] {base_aws.py:161} INFO - No connection ID provided. Fallback on boto3 credential strategy (region_name=None). See: https://boto3.amazonaws.com/v1/documentation/api/latest/guide/configuration.html
[2024-10-27T19:15:27.926+0000] {logging_mixin.py:188} INFO - [2024-10-27T19:15:27.925+0000] {s3.py:91} INFO - No credentials found, using anonymous access
[2024-10-27T19:15:27.928+0000] {logging_mixin.py:188} INFO - [2024-10-27T19:15:27.928+0000] {base_aws.py:161} INFO - No connection ID provided. Fallback on boto3 credential strategy (region_name=None). See: https://boto3.amazonaws.com/v1/documentation/api/latest/guide/configuration.html
[2024-10-27T19:15:27.995+0000] {logging_mixin.py:188} INFO - [2024-10-27T19:15:27.995+0000] {s3.py:91} INFO - No credentials found, using anonymous access
[2024-10-27T19:15:27.999+0000] {processor.py:840} INFO - DAG(s) 'tutorial_objectstorage' retrieved from /home/airflow/.local/lib/python3.11/site-packages/airflow/example_dags/tutorial_objectstorage.py
[2024-10-27T19:15:28.009+0000] {logging_mixin.py:188} INFO - [2024-10-27T19:15:28.008+0000] {dag.py:3036} INFO - Sync 1 DAGs
[2024-10-27T19:15:28.018+0000] {logging_mixin.py:188} INFO - [2024-10-27T19:15:28.017+0000] {dag.py:3823} INFO - Setting next_dagrun for tutorial_objectstorage to None, run_after=None
[2024-10-27T19:15:28.032+0000] {processor.py:183} INFO - Processing /home/airflow/.local/lib/python3.11/site-packages/airflow/example_dags/tutorial_objectstorage.py took 0.452 seconds
