[2024-10-27T18:56:02.374+0000] {processor.py:161} INFO - Started process (PID=206) to work on /home/airflow/.local/lib/python3.8/site-packages/airflow/example_dags/tutorial_dag.py
[2024-10-27T18:56:02.375+0000] {processor.py:830} INFO - Processing file /home/airflow/.local/lib/python3.8/site-packages/airflow/example_dags/tutorial_dag.py for tasks to queue
[2024-10-27T18:56:02.377+0000] {logging_mixin.py:188} INFO - [2024-10-27T18:56:02.376+0000] {dagbag.py:538} INFO - Filling up the DagBag from /home/airflow/.local/lib/python3.8/site-packages/airflow/example_dags/tutorial_dag.py
[2024-10-27T18:56:02.381+0000] {processor.py:840} INFO - DAG(s) 'tutorial_dag' retrieved from /home/airflow/.local/lib/python3.8/site-packages/airflow/example_dags/tutorial_dag.py
[2024-10-27T18:56:02.465+0000] {logging_mixin.py:188} INFO - [2024-10-27T18:56:02.465+0000] {override.py:1769} INFO - Created Permission View: can delete on DAG:tutorial_dag
[2024-10-27T18:56:02.474+0000] {logging_mixin.py:188} INFO - [2024-10-27T18:56:02.474+0000] {override.py:1769} INFO - Created Permission View: can read on DAG:tutorial_dag
[2024-10-27T18:56:02.480+0000] {logging_mixin.py:188} INFO - [2024-10-27T18:56:02.480+0000] {override.py:1769} INFO - Created Permission View: can edit on DAG:tutorial_dag
[2024-10-27T18:56:02.481+0000] {logging_mixin.py:188} INFO - [2024-10-27T18:56:02.480+0000] {dag.py:3036} INFO - Sync 1 DAGs
[2024-10-27T18:56:02.490+0000] {logging_mixin.py:188} INFO - [2024-10-27T18:56:02.489+0000] {dag.py:3058} INFO - Creating ORM DAG for tutorial_dag
[2024-10-27T18:56:02.490+0000] {logging_mixin.py:188} INFO - [2024-10-27T18:56:02.490+0000] {dag.py:3823} INFO - Setting next_dagrun for tutorial_dag to None, run_after=None
[2024-10-27T18:56:02.508+0000] {processor.py:183} INFO - Processing /home/airflow/.local/lib/python3.8/site-packages/airflow/example_dags/tutorial_dag.py took 0.136 seconds
[2024-10-27T18:56:37.321+0000] {processor.py:161} INFO - Started process (PID=72) to work on /home/airflow/.local/lib/python3.8/site-packages/airflow/example_dags/tutorial_dag.py
[2024-10-27T18:56:37.322+0000] {processor.py:830} INFO - Processing file /home/airflow/.local/lib/python3.8/site-packages/airflow/example_dags/tutorial_dag.py for tasks to queue
[2024-10-27T18:56:37.324+0000] {logging_mixin.py:188} INFO - [2024-10-27T18:56:37.324+0000] {dagbag.py:538} INFO - Filling up the DagBag from /home/airflow/.local/lib/python3.8/site-packages/airflow/example_dags/tutorial_dag.py
[2024-10-27T18:56:37.328+0000] {processor.py:840} INFO - DAG(s) 'tutorial_dag' retrieved from /home/airflow/.local/lib/python3.8/site-packages/airflow/example_dags/tutorial_dag.py
[2024-10-27T18:56:37.344+0000] {logging_mixin.py:188} INFO - [2024-10-27T18:56:37.344+0000] {dag.py:3036} INFO - Sync 1 DAGs
[2024-10-27T18:56:37.354+0000] {logging_mixin.py:188} INFO - [2024-10-27T18:56:37.354+0000] {dag.py:3823} INFO - Setting next_dagrun for tutorial_dag to None, run_after=None
[2024-10-27T18:56:37.375+0000] {processor.py:183} INFO - Processing /home/airflow/.local/lib/python3.8/site-packages/airflow/example_dags/tutorial_dag.py took 0.056 seconds
[2024-10-27T18:57:07.889+0000] {processor.py:161} INFO - Started process (PID=134) to work on /home/airflow/.local/lib/python3.8/site-packages/airflow/example_dags/tutorial_dag.py
[2024-10-27T18:57:07.890+0000] {processor.py:830} INFO - Processing file /home/airflow/.local/lib/python3.8/site-packages/airflow/example_dags/tutorial_dag.py for tasks to queue
[2024-10-27T18:57:07.892+0000] {logging_mixin.py:188} INFO - [2024-10-27T18:57:07.891+0000] {dagbag.py:538} INFO - Filling up the DagBag from /home/airflow/.local/lib/python3.8/site-packages/airflow/example_dags/tutorial_dag.py
[2024-10-27T18:57:07.895+0000] {processor.py:840} INFO - DAG(s) 'tutorial_dag' retrieved from /home/airflow/.local/lib/python3.8/site-packages/airflow/example_dags/tutorial_dag.py
[2024-10-27T18:57:07.911+0000] {logging_mixin.py:188} INFO - [2024-10-27T18:57:07.911+0000] {dag.py:3036} INFO - Sync 1 DAGs
[2024-10-27T18:57:07.922+0000] {logging_mixin.py:188} INFO - [2024-10-27T18:57:07.922+0000] {dag.py:3823} INFO - Setting next_dagrun for tutorial_dag to None, run_after=None
[2024-10-27T18:57:07.939+0000] {processor.py:183} INFO - Processing /home/airflow/.local/lib/python3.8/site-packages/airflow/example_dags/tutorial_dag.py took 0.051 seconds
[2024-10-27T18:57:38.268+0000] {processor.py:161} INFO - Started process (PID=190) to work on /home/airflow/.local/lib/python3.8/site-packages/airflow/example_dags/tutorial_dag.py
[2024-10-27T18:57:38.269+0000] {processor.py:830} INFO - Processing file /home/airflow/.local/lib/python3.8/site-packages/airflow/example_dags/tutorial_dag.py for tasks to queue
[2024-10-27T18:57:38.272+0000] {logging_mixin.py:188} INFO - [2024-10-27T18:57:38.271+0000] {dagbag.py:538} INFO - Filling up the DagBag from /home/airflow/.local/lib/python3.8/site-packages/airflow/example_dags/tutorial_dag.py
[2024-10-27T18:57:38.276+0000] {processor.py:840} INFO - DAG(s) 'tutorial_dag' retrieved from /home/airflow/.local/lib/python3.8/site-packages/airflow/example_dags/tutorial_dag.py
[2024-10-27T18:57:38.292+0000] {logging_mixin.py:188} INFO - [2024-10-27T18:57:38.292+0000] {dag.py:3036} INFO - Sync 1 DAGs
[2024-10-27T18:57:38.302+0000] {logging_mixin.py:188} INFO - [2024-10-27T18:57:38.301+0000] {dag.py:3823} INFO - Setting next_dagrun for tutorial_dag to None, run_after=None
[2024-10-27T18:57:38.318+0000] {processor.py:183} INFO - Processing /home/airflow/.local/lib/python3.8/site-packages/airflow/example_dags/tutorial_dag.py took 0.052 seconds
[2024-10-27T18:58:08.759+0000] {processor.py:161} INFO - Started process (PID=246) to work on /home/airflow/.local/lib/python3.8/site-packages/airflow/example_dags/tutorial_dag.py
[2024-10-27T18:58:08.760+0000] {processor.py:830} INFO - Processing file /home/airflow/.local/lib/python3.8/site-packages/airflow/example_dags/tutorial_dag.py for tasks to queue
[2024-10-27T18:58:08.761+0000] {logging_mixin.py:188} INFO - [2024-10-27T18:58:08.761+0000] {dagbag.py:538} INFO - Filling up the DagBag from /home/airflow/.local/lib/python3.8/site-packages/airflow/example_dags/tutorial_dag.py
[2024-10-27T18:58:08.765+0000] {processor.py:840} INFO - DAG(s) 'tutorial_dag' retrieved from /home/airflow/.local/lib/python3.8/site-packages/airflow/example_dags/tutorial_dag.py
[2024-10-27T18:58:08.783+0000] {logging_mixin.py:188} INFO - [2024-10-27T18:58:08.782+0000] {dag.py:3036} INFO - Sync 1 DAGs
[2024-10-27T18:58:08.793+0000] {logging_mixin.py:188} INFO - [2024-10-27T18:58:08.793+0000] {dag.py:3823} INFO - Setting next_dagrun for tutorial_dag to None, run_after=None
[2024-10-27T18:58:08.811+0000] {processor.py:183} INFO - Processing /home/airflow/.local/lib/python3.8/site-packages/airflow/example_dags/tutorial_dag.py took 0.056 seconds
[2024-10-27T18:58:39.411+0000] {processor.py:161} INFO - Started process (PID=302) to work on /home/airflow/.local/lib/python3.8/site-packages/airflow/example_dags/tutorial_dag.py
[2024-10-27T18:58:39.412+0000] {processor.py:830} INFO - Processing file /home/airflow/.local/lib/python3.8/site-packages/airflow/example_dags/tutorial_dag.py for tasks to queue
[2024-10-27T18:58:39.413+0000] {logging_mixin.py:188} INFO - [2024-10-27T18:58:39.413+0000] {dagbag.py:538} INFO - Filling up the DagBag from /home/airflow/.local/lib/python3.8/site-packages/airflow/example_dags/tutorial_dag.py
[2024-10-27T18:58:39.418+0000] {processor.py:840} INFO - DAG(s) 'tutorial_dag' retrieved from /home/airflow/.local/lib/python3.8/site-packages/airflow/example_dags/tutorial_dag.py
[2024-10-27T18:58:39.437+0000] {logging_mixin.py:188} INFO - [2024-10-27T18:58:39.437+0000] {dag.py:3036} INFO - Sync 1 DAGs
[2024-10-27T18:58:39.451+0000] {logging_mixin.py:188} INFO - [2024-10-27T18:58:39.450+0000] {dag.py:3823} INFO - Setting next_dagrun for tutorial_dag to None, run_after=None
[2024-10-27T18:58:39.472+0000] {processor.py:183} INFO - Processing /home/airflow/.local/lib/python3.8/site-packages/airflow/example_dags/tutorial_dag.py took 0.063 seconds
[2024-10-27T18:59:09.555+0000] {processor.py:161} INFO - Started process (PID=359) to work on /home/airflow/.local/lib/python3.8/site-packages/airflow/example_dags/tutorial_dag.py
[2024-10-27T18:59:09.555+0000] {processor.py:830} INFO - Processing file /home/airflow/.local/lib/python3.8/site-packages/airflow/example_dags/tutorial_dag.py for tasks to queue
[2024-10-27T18:59:09.557+0000] {logging_mixin.py:188} INFO - [2024-10-27T18:59:09.556+0000] {dagbag.py:538} INFO - Filling up the DagBag from /home/airflow/.local/lib/python3.8/site-packages/airflow/example_dags/tutorial_dag.py
[2024-10-27T18:59:09.560+0000] {processor.py:840} INFO - DAG(s) 'tutorial_dag' retrieved from /home/airflow/.local/lib/python3.8/site-packages/airflow/example_dags/tutorial_dag.py
[2024-10-27T18:59:09.574+0000] {logging_mixin.py:188} INFO - [2024-10-27T18:59:09.574+0000] {dag.py:3036} INFO - Sync 1 DAGs
[2024-10-27T18:59:09.583+0000] {logging_mixin.py:188} INFO - [2024-10-27T18:59:09.583+0000] {dag.py:3823} INFO - Setting next_dagrun for tutorial_dag to None, run_after=None
[2024-10-27T18:59:09.597+0000] {processor.py:183} INFO - Processing /home/airflow/.local/lib/python3.8/site-packages/airflow/example_dags/tutorial_dag.py took 0.045 seconds
[2024-10-27T18:59:39.944+0000] {processor.py:161} INFO - Started process (PID=415) to work on /home/airflow/.local/lib/python3.8/site-packages/airflow/example_dags/tutorial_dag.py
[2024-10-27T18:59:39.945+0000] {processor.py:830} INFO - Processing file /home/airflow/.local/lib/python3.8/site-packages/airflow/example_dags/tutorial_dag.py for tasks to queue
[2024-10-27T18:59:39.947+0000] {logging_mixin.py:188} INFO - [2024-10-27T18:59:39.946+0000] {dagbag.py:538} INFO - Filling up the DagBag from /home/airflow/.local/lib/python3.8/site-packages/airflow/example_dags/tutorial_dag.py
[2024-10-27T18:59:39.952+0000] {processor.py:840} INFO - DAG(s) 'tutorial_dag' retrieved from /home/airflow/.local/lib/python3.8/site-packages/airflow/example_dags/tutorial_dag.py
[2024-10-27T18:59:39.969+0000] {logging_mixin.py:188} INFO - [2024-10-27T18:59:39.968+0000] {dag.py:3036} INFO - Sync 1 DAGs
[2024-10-27T18:59:39.979+0000] {logging_mixin.py:188} INFO - [2024-10-27T18:59:39.979+0000] {dag.py:3823} INFO - Setting next_dagrun for tutorial_dag to None, run_after=None
[2024-10-27T18:59:39.997+0000] {processor.py:183} INFO - Processing /home/airflow/.local/lib/python3.8/site-packages/airflow/example_dags/tutorial_dag.py took 0.055 seconds
[2024-10-27T19:00:10.173+0000] {processor.py:161} INFO - Started process (PID=471) to work on /home/airflow/.local/lib/python3.8/site-packages/airflow/example_dags/tutorial_dag.py
[2024-10-27T19:00:10.174+0000] {processor.py:830} INFO - Processing file /home/airflow/.local/lib/python3.8/site-packages/airflow/example_dags/tutorial_dag.py for tasks to queue
[2024-10-27T19:00:10.175+0000] {logging_mixin.py:188} INFO - [2024-10-27T19:00:10.175+0000] {dagbag.py:538} INFO - Filling up the DagBag from /home/airflow/.local/lib/python3.8/site-packages/airflow/example_dags/tutorial_dag.py
[2024-10-27T19:00:10.179+0000] {processor.py:840} INFO - DAG(s) 'tutorial_dag' retrieved from /home/airflow/.local/lib/python3.8/site-packages/airflow/example_dags/tutorial_dag.py
[2024-10-27T19:00:10.193+0000] {logging_mixin.py:188} INFO - [2024-10-27T19:00:10.193+0000] {dag.py:3036} INFO - Sync 1 DAGs
[2024-10-27T19:00:10.202+0000] {logging_mixin.py:188} INFO - [2024-10-27T19:00:10.202+0000] {dag.py:3823} INFO - Setting next_dagrun for tutorial_dag to None, run_after=None
[2024-10-27T19:00:10.217+0000] {processor.py:183} INFO - Processing /home/airflow/.local/lib/python3.8/site-packages/airflow/example_dags/tutorial_dag.py took 0.046 seconds
[2024-10-27T19:00:40.370+0000] {processor.py:161} INFO - Started process (PID=527) to work on /home/airflow/.local/lib/python3.8/site-packages/airflow/example_dags/tutorial_dag.py
[2024-10-27T19:00:40.371+0000] {processor.py:830} INFO - Processing file /home/airflow/.local/lib/python3.8/site-packages/airflow/example_dags/tutorial_dag.py for tasks to queue
[2024-10-27T19:00:40.372+0000] {logging_mixin.py:188} INFO - [2024-10-27T19:00:40.372+0000] {dagbag.py:538} INFO - Filling up the DagBag from /home/airflow/.local/lib/python3.8/site-packages/airflow/example_dags/tutorial_dag.py
[2024-10-27T19:00:40.376+0000] {processor.py:840} INFO - DAG(s) 'tutorial_dag' retrieved from /home/airflow/.local/lib/python3.8/site-packages/airflow/example_dags/tutorial_dag.py
[2024-10-27T19:00:40.392+0000] {logging_mixin.py:188} INFO - [2024-10-27T19:00:40.391+0000] {dag.py:3036} INFO - Sync 1 DAGs
[2024-10-27T19:00:40.402+0000] {logging_mixin.py:188} INFO - [2024-10-27T19:00:40.401+0000] {dag.py:3823} INFO - Setting next_dagrun for tutorial_dag to None, run_after=None
[2024-10-27T19:00:40.417+0000] {processor.py:183} INFO - Processing /home/airflow/.local/lib/python3.8/site-packages/airflow/example_dags/tutorial_dag.py took 0.050 seconds
[2024-10-27T19:01:10.664+0000] {processor.py:161} INFO - Started process (PID=583) to work on /home/airflow/.local/lib/python3.8/site-packages/airflow/example_dags/tutorial_dag.py
[2024-10-27T19:01:10.665+0000] {processor.py:830} INFO - Processing file /home/airflow/.local/lib/python3.8/site-packages/airflow/example_dags/tutorial_dag.py for tasks to queue
[2024-10-27T19:01:10.666+0000] {logging_mixin.py:188} INFO - [2024-10-27T19:01:10.666+0000] {dagbag.py:538} INFO - Filling up the DagBag from /home/airflow/.local/lib/python3.8/site-packages/airflow/example_dags/tutorial_dag.py
[2024-10-27T19:01:10.670+0000] {processor.py:840} INFO - DAG(s) 'tutorial_dag' retrieved from /home/airflow/.local/lib/python3.8/site-packages/airflow/example_dags/tutorial_dag.py
[2024-10-27T19:01:10.684+0000] {logging_mixin.py:188} INFO - [2024-10-27T19:01:10.684+0000] {dag.py:3036} INFO - Sync 1 DAGs
[2024-10-27T19:01:10.693+0000] {logging_mixin.py:188} INFO - [2024-10-27T19:01:10.693+0000] {dag.py:3823} INFO - Setting next_dagrun for tutorial_dag to None, run_after=None
[2024-10-27T19:01:10.708+0000] {processor.py:183} INFO - Processing /home/airflow/.local/lib/python3.8/site-packages/airflow/example_dags/tutorial_dag.py took 0.046 seconds
[2024-10-27T19:01:40.961+0000] {processor.py:161} INFO - Started process (PID=639) to work on /home/airflow/.local/lib/python3.8/site-packages/airflow/example_dags/tutorial_dag.py
[2024-10-27T19:01:40.962+0000] {processor.py:830} INFO - Processing file /home/airflow/.local/lib/python3.8/site-packages/airflow/example_dags/tutorial_dag.py for tasks to queue
[2024-10-27T19:01:40.963+0000] {logging_mixin.py:188} INFO - [2024-10-27T19:01:40.963+0000] {dagbag.py:538} INFO - Filling up the DagBag from /home/airflow/.local/lib/python3.8/site-packages/airflow/example_dags/tutorial_dag.py
[2024-10-27T19:01:40.967+0000] {processor.py:840} INFO - DAG(s) 'tutorial_dag' retrieved from /home/airflow/.local/lib/python3.8/site-packages/airflow/example_dags/tutorial_dag.py
[2024-10-27T19:01:40.981+0000] {logging_mixin.py:188} INFO - [2024-10-27T19:01:40.981+0000] {dag.py:3036} INFO - Sync 1 DAGs
[2024-10-27T19:01:40.991+0000] {logging_mixin.py:188} INFO - [2024-10-27T19:01:40.990+0000] {dag.py:3823} INFO - Setting next_dagrun for tutorial_dag to None, run_after=None
[2024-10-27T19:01:41.005+0000] {processor.py:183} INFO - Processing /home/airflow/.local/lib/python3.8/site-packages/airflow/example_dags/tutorial_dag.py took 0.046 seconds
[2024-10-27T19:02:11.310+0000] {processor.py:161} INFO - Started process (PID=695) to work on /home/airflow/.local/lib/python3.8/site-packages/airflow/example_dags/tutorial_dag.py
[2024-10-27T19:02:11.311+0000] {processor.py:830} INFO - Processing file /home/airflow/.local/lib/python3.8/site-packages/airflow/example_dags/tutorial_dag.py for tasks to queue
[2024-10-27T19:02:11.312+0000] {logging_mixin.py:188} INFO - [2024-10-27T19:02:11.312+0000] {dagbag.py:538} INFO - Filling up the DagBag from /home/airflow/.local/lib/python3.8/site-packages/airflow/example_dags/tutorial_dag.py
[2024-10-27T19:02:11.317+0000] {processor.py:840} INFO - DAG(s) 'tutorial_dag' retrieved from /home/airflow/.local/lib/python3.8/site-packages/airflow/example_dags/tutorial_dag.py
[2024-10-27T19:02:11.335+0000] {logging_mixin.py:188} INFO - [2024-10-27T19:02:11.334+0000] {dag.py:3036} INFO - Sync 1 DAGs
[2024-10-27T19:02:11.346+0000] {logging_mixin.py:188} INFO - [2024-10-27T19:02:11.346+0000] {dag.py:3823} INFO - Setting next_dagrun for tutorial_dag to None, run_after=None
[2024-10-27T19:02:11.366+0000] {processor.py:183} INFO - Processing /home/airflow/.local/lib/python3.8/site-packages/airflow/example_dags/tutorial_dag.py took 0.059 seconds
[2024-10-27T19:02:41.585+0000] {processor.py:161} INFO - Started process (PID=751) to work on /home/airflow/.local/lib/python3.8/site-packages/airflow/example_dags/tutorial_dag.py
[2024-10-27T19:02:41.586+0000] {processor.py:830} INFO - Processing file /home/airflow/.local/lib/python3.8/site-packages/airflow/example_dags/tutorial_dag.py for tasks to queue
[2024-10-27T19:02:41.587+0000] {logging_mixin.py:188} INFO - [2024-10-27T19:02:41.587+0000] {dagbag.py:538} INFO - Filling up the DagBag from /home/airflow/.local/lib/python3.8/site-packages/airflow/example_dags/tutorial_dag.py
[2024-10-27T19:02:41.591+0000] {processor.py:840} INFO - DAG(s) 'tutorial_dag' retrieved from /home/airflow/.local/lib/python3.8/site-packages/airflow/example_dags/tutorial_dag.py
[2024-10-27T19:02:41.605+0000] {logging_mixin.py:188} INFO - [2024-10-27T19:02:41.605+0000] {dag.py:3036} INFO - Sync 1 DAGs
[2024-10-27T19:02:41.614+0000] {logging_mixin.py:188} INFO - [2024-10-27T19:02:41.614+0000] {dag.py:3823} INFO - Setting next_dagrun for tutorial_dag to None, run_after=None
[2024-10-27T19:02:41.633+0000] {processor.py:183} INFO - Processing /home/airflow/.local/lib/python3.8/site-packages/airflow/example_dags/tutorial_dag.py took 0.050 seconds
[2024-10-27T19:03:11.751+0000] {processor.py:161} INFO - Started process (PID=807) to work on /home/airflow/.local/lib/python3.8/site-packages/airflow/example_dags/tutorial_dag.py
[2024-10-27T19:03:11.752+0000] {processor.py:830} INFO - Processing file /home/airflow/.local/lib/python3.8/site-packages/airflow/example_dags/tutorial_dag.py for tasks to queue
[2024-10-27T19:03:11.753+0000] {logging_mixin.py:188} INFO - [2024-10-27T19:03:11.753+0000] {dagbag.py:538} INFO - Filling up the DagBag from /home/airflow/.local/lib/python3.8/site-packages/airflow/example_dags/tutorial_dag.py
[2024-10-27T19:03:11.757+0000] {processor.py:840} INFO - DAG(s) 'tutorial_dag' retrieved from /home/airflow/.local/lib/python3.8/site-packages/airflow/example_dags/tutorial_dag.py
[2024-10-27T19:03:11.771+0000] {logging_mixin.py:188} INFO - [2024-10-27T19:03:11.771+0000] {dag.py:3036} INFO - Sync 1 DAGs
[2024-10-27T19:03:11.780+0000] {logging_mixin.py:188} INFO - [2024-10-27T19:03:11.779+0000] {dag.py:3823} INFO - Setting next_dagrun for tutorial_dag to None, run_after=None
[2024-10-27T19:03:11.795+0000] {processor.py:183} INFO - Processing /home/airflow/.local/lib/python3.8/site-packages/airflow/example_dags/tutorial_dag.py took 0.046 seconds
[2024-10-27T19:03:42.107+0000] {processor.py:161} INFO - Started process (PID=863) to work on /home/airflow/.local/lib/python3.8/site-packages/airflow/example_dags/tutorial_dag.py
[2024-10-27T19:03:42.108+0000] {processor.py:830} INFO - Processing file /home/airflow/.local/lib/python3.8/site-packages/airflow/example_dags/tutorial_dag.py for tasks to queue
[2024-10-27T19:03:42.109+0000] {logging_mixin.py:188} INFO - [2024-10-27T19:03:42.109+0000] {dagbag.py:538} INFO - Filling up the DagBag from /home/airflow/.local/lib/python3.8/site-packages/airflow/example_dags/tutorial_dag.py
[2024-10-27T19:03:42.113+0000] {processor.py:840} INFO - DAG(s) 'tutorial_dag' retrieved from /home/airflow/.local/lib/python3.8/site-packages/airflow/example_dags/tutorial_dag.py
[2024-10-27T19:03:42.129+0000] {logging_mixin.py:188} INFO - [2024-10-27T19:03:42.129+0000] {dag.py:3036} INFO - Sync 1 DAGs
[2024-10-27T19:03:42.140+0000] {logging_mixin.py:188} INFO - [2024-10-27T19:03:42.140+0000] {dag.py:3823} INFO - Setting next_dagrun for tutorial_dag to None, run_after=None
[2024-10-27T19:03:42.159+0000] {processor.py:183} INFO - Processing /home/airflow/.local/lib/python3.8/site-packages/airflow/example_dags/tutorial_dag.py took 0.054 seconds
[2024-10-27T19:04:12.331+0000] {processor.py:161} INFO - Started process (PID=919) to work on /home/airflow/.local/lib/python3.8/site-packages/airflow/example_dags/tutorial_dag.py
[2024-10-27T19:04:12.332+0000] {processor.py:830} INFO - Processing file /home/airflow/.local/lib/python3.8/site-packages/airflow/example_dags/tutorial_dag.py for tasks to queue
[2024-10-27T19:04:12.333+0000] {logging_mixin.py:188} INFO - [2024-10-27T19:04:12.333+0000] {dagbag.py:538} INFO - Filling up the DagBag from /home/airflow/.local/lib/python3.8/site-packages/airflow/example_dags/tutorial_dag.py
[2024-10-27T19:04:12.338+0000] {processor.py:840} INFO - DAG(s) 'tutorial_dag' retrieved from /home/airflow/.local/lib/python3.8/site-packages/airflow/example_dags/tutorial_dag.py
[2024-10-27T19:04:12.354+0000] {logging_mixin.py:188} INFO - [2024-10-27T19:04:12.353+0000] {dag.py:3036} INFO - Sync 1 DAGs
[2024-10-27T19:04:12.363+0000] {logging_mixin.py:188} INFO - [2024-10-27T19:04:12.363+0000] {dag.py:3823} INFO - Setting next_dagrun for tutorial_dag to None, run_after=None
[2024-10-27T19:04:12.377+0000] {processor.py:183} INFO - Processing /home/airflow/.local/lib/python3.8/site-packages/airflow/example_dags/tutorial_dag.py took 0.048 seconds
[2024-10-27T19:04:43.078+0000] {processor.py:161} INFO - Started process (PID=975) to work on /home/airflow/.local/lib/python3.8/site-packages/airflow/example_dags/tutorial_dag.py
[2024-10-27T19:04:43.079+0000] {processor.py:830} INFO - Processing file /home/airflow/.local/lib/python3.8/site-packages/airflow/example_dags/tutorial_dag.py for tasks to queue
[2024-10-27T19:04:43.080+0000] {logging_mixin.py:188} INFO - [2024-10-27T19:04:43.080+0000] {dagbag.py:538} INFO - Filling up the DagBag from /home/airflow/.local/lib/python3.8/site-packages/airflow/example_dags/tutorial_dag.py
[2024-10-27T19:04:43.084+0000] {processor.py:840} INFO - DAG(s) 'tutorial_dag' retrieved from /home/airflow/.local/lib/python3.8/site-packages/airflow/example_dags/tutorial_dag.py
[2024-10-27T19:04:43.100+0000] {logging_mixin.py:188} INFO - [2024-10-27T19:04:43.100+0000] {dag.py:3036} INFO - Sync 1 DAGs
[2024-10-27T19:04:43.110+0000] {logging_mixin.py:188} INFO - [2024-10-27T19:04:43.110+0000] {dag.py:3823} INFO - Setting next_dagrun for tutorial_dag to None, run_after=None
[2024-10-27T19:04:43.126+0000] {processor.py:183} INFO - Processing /home/airflow/.local/lib/python3.8/site-packages/airflow/example_dags/tutorial_dag.py took 0.050 seconds
[2024-10-27T19:05:13.634+0000] {processor.py:161} INFO - Started process (PID=1031) to work on /home/airflow/.local/lib/python3.8/site-packages/airflow/example_dags/tutorial_dag.py
[2024-10-27T19:05:13.635+0000] {processor.py:830} INFO - Processing file /home/airflow/.local/lib/python3.8/site-packages/airflow/example_dags/tutorial_dag.py for tasks to queue
[2024-10-27T19:05:13.636+0000] {logging_mixin.py:188} INFO - [2024-10-27T19:05:13.636+0000] {dagbag.py:538} INFO - Filling up the DagBag from /home/airflow/.local/lib/python3.8/site-packages/airflow/example_dags/tutorial_dag.py
[2024-10-27T19:05:13.640+0000] {processor.py:840} INFO - DAG(s) 'tutorial_dag' retrieved from /home/airflow/.local/lib/python3.8/site-packages/airflow/example_dags/tutorial_dag.py
[2024-10-27T19:05:13.657+0000] {logging_mixin.py:188} INFO - [2024-10-27T19:05:13.657+0000] {dag.py:3036} INFO - Sync 1 DAGs
[2024-10-27T19:05:13.668+0000] {logging_mixin.py:188} INFO - [2024-10-27T19:05:13.668+0000] {dag.py:3823} INFO - Setting next_dagrun for tutorial_dag to None, run_after=None
[2024-10-27T19:05:13.696+0000] {processor.py:183} INFO - Processing /home/airflow/.local/lib/python3.8/site-packages/airflow/example_dags/tutorial_dag.py took 0.064 seconds
[2024-10-27T19:13:20.456+0000] {processor.py:161} INFO - Started process (PID=87) to work on /home/airflow/.local/lib/python3.11/site-packages/airflow/example_dags/tutorial_dag.py
[2024-10-27T19:13:20.457+0000] {processor.py:830} INFO - Processing file /home/airflow/.local/lib/python3.11/site-packages/airflow/example_dags/tutorial_dag.py for tasks to queue
[2024-10-27T19:13:20.458+0000] {logging_mixin.py:188} INFO - [2024-10-27T19:13:20.458+0000] {dagbag.py:538} INFO - Filling up the DagBag from /home/airflow/.local/lib/python3.11/site-packages/airflow/example_dags/tutorial_dag.py
[2024-10-27T19:13:20.463+0000] {processor.py:840} INFO - DAG(s) 'tutorial_dag' retrieved from /home/airflow/.local/lib/python3.11/site-packages/airflow/example_dags/tutorial_dag.py
[2024-10-27T19:13:20.554+0000] {logging_mixin.py:188} INFO - [2024-10-27T19:13:20.554+0000] {dag.py:3036} INFO - Sync 1 DAGs
[2024-10-27T19:13:20.564+0000] {logging_mixin.py:188} INFO - [2024-10-27T19:13:20.564+0000] {dag.py:3823} INFO - Setting next_dagrun for tutorial_dag to None, run_after=None
[2024-10-27T19:13:20.579+0000] {processor.py:183} INFO - Processing /home/airflow/.local/lib/python3.11/site-packages/airflow/example_dags/tutorial_dag.py took 0.126 seconds
[2024-10-27T19:14:01.736+0000] {processor.py:161} INFO - Started process (PID=145) to work on /home/airflow/.local/lib/python3.11/site-packages/airflow/example_dags/tutorial_dag.py
[2024-10-27T19:14:01.737+0000] {processor.py:830} INFO - Processing file /home/airflow/.local/lib/python3.11/site-packages/airflow/example_dags/tutorial_dag.py for tasks to queue
[2024-10-27T19:14:01.738+0000] {logging_mixin.py:188} INFO - [2024-10-27T19:14:01.738+0000] {dagbag.py:538} INFO - Filling up the DagBag from /home/airflow/.local/lib/python3.11/site-packages/airflow/example_dags/tutorial_dag.py
[2024-10-27T19:14:01.743+0000] {processor.py:840} INFO - DAG(s) 'tutorial_dag' retrieved from /home/airflow/.local/lib/python3.11/site-packages/airflow/example_dags/tutorial_dag.py
[2024-10-27T19:14:01.761+0000] {logging_mixin.py:188} INFO - [2024-10-27T19:14:01.761+0000] {dag.py:3036} INFO - Sync 1 DAGs
[2024-10-27T19:14:01.772+0000] {logging_mixin.py:188} INFO - [2024-10-27T19:14:01.772+0000] {dag.py:3823} INFO - Setting next_dagrun for tutorial_dag to None, run_after=None
[2024-10-27T19:14:01.802+0000] {processor.py:183} INFO - Processing /home/airflow/.local/lib/python3.11/site-packages/airflow/example_dags/tutorial_dag.py took 0.069 seconds
[2024-10-27T19:14:32.132+0000] {processor.py:161} INFO - Started process (PID=203) to work on /home/airflow/.local/lib/python3.11/site-packages/airflow/example_dags/tutorial_dag.py
[2024-10-27T19:14:32.133+0000] {processor.py:830} INFO - Processing file /home/airflow/.local/lib/python3.11/site-packages/airflow/example_dags/tutorial_dag.py for tasks to queue
[2024-10-27T19:14:32.135+0000] {logging_mixin.py:188} INFO - [2024-10-27T19:14:32.135+0000] {dagbag.py:538} INFO - Filling up the DagBag from /home/airflow/.local/lib/python3.11/site-packages/airflow/example_dags/tutorial_dag.py
[2024-10-27T19:14:32.141+0000] {processor.py:840} INFO - DAG(s) 'tutorial_dag' retrieved from /home/airflow/.local/lib/python3.11/site-packages/airflow/example_dags/tutorial_dag.py
[2024-10-27T19:14:32.172+0000] {logging_mixin.py:188} INFO - [2024-10-27T19:14:32.172+0000] {dag.py:3036} INFO - Sync 1 DAGs
[2024-10-27T19:14:32.209+0000] {logging_mixin.py:188} INFO - [2024-10-27T19:14:32.200+0000] {dag.py:3823} INFO - Setting next_dagrun for tutorial_dag to None, run_after=None
[2024-10-27T19:14:32.252+0000] {processor.py:183} INFO - Processing /home/airflow/.local/lib/python3.11/site-packages/airflow/example_dags/tutorial_dag.py took 0.123 seconds
[2024-10-27T19:15:02.459+0000] {processor.py:161} INFO - Started process (PID=261) to work on /home/airflow/.local/lib/python3.11/site-packages/airflow/example_dags/tutorial_dag.py
[2024-10-27T19:15:02.465+0000] {processor.py:830} INFO - Processing file /home/airflow/.local/lib/python3.11/site-packages/airflow/example_dags/tutorial_dag.py for tasks to queue
[2024-10-27T19:15:02.467+0000] {logging_mixin.py:188} INFO - [2024-10-27T19:15:02.467+0000] {dagbag.py:538} INFO - Filling up the DagBag from /home/airflow/.local/lib/python3.11/site-packages/airflow/example_dags/tutorial_dag.py
[2024-10-27T19:15:02.474+0000] {processor.py:840} INFO - DAG(s) 'tutorial_dag' retrieved from /home/airflow/.local/lib/python3.11/site-packages/airflow/example_dags/tutorial_dag.py
[2024-10-27T19:15:02.516+0000] {logging_mixin.py:188} INFO - [2024-10-27T19:15:02.516+0000] {dag.py:3036} INFO - Sync 1 DAGs
[2024-10-27T19:15:02.545+0000] {logging_mixin.py:188} INFO - [2024-10-27T19:15:02.545+0000] {dag.py:3823} INFO - Setting next_dagrun for tutorial_dag to None, run_after=None
[2024-10-27T19:15:02.597+0000] {processor.py:183} INFO - Processing /home/airflow/.local/lib/python3.11/site-packages/airflow/example_dags/tutorial_dag.py took 0.141 seconds
[2024-10-27T19:15:33.602+0000] {processor.py:161} INFO - Started process (PID=319) to work on /home/airflow/.local/lib/python3.11/site-packages/airflow/example_dags/tutorial_dag.py
[2024-10-27T19:15:33.603+0000] {processor.py:830} INFO - Processing file /home/airflow/.local/lib/python3.11/site-packages/airflow/example_dags/tutorial_dag.py for tasks to queue
[2024-10-27T19:15:33.604+0000] {logging_mixin.py:188} INFO - [2024-10-27T19:15:33.604+0000] {dagbag.py:538} INFO - Filling up the DagBag from /home/airflow/.local/lib/python3.11/site-packages/airflow/example_dags/tutorial_dag.py
[2024-10-27T19:15:33.608+0000] {processor.py:840} INFO - DAG(s) 'tutorial_dag' retrieved from /home/airflow/.local/lib/python3.11/site-packages/airflow/example_dags/tutorial_dag.py
[2024-10-27T19:15:33.626+0000] {logging_mixin.py:188} INFO - [2024-10-27T19:15:33.626+0000] {dag.py:3036} INFO - Sync 1 DAGs
[2024-10-27T19:15:33.637+0000] {logging_mixin.py:188} INFO - [2024-10-27T19:15:33.637+0000] {dag.py:3823} INFO - Setting next_dagrun for tutorial_dag to None, run_after=None
[2024-10-27T19:15:33.655+0000] {processor.py:183} INFO - Processing /home/airflow/.local/lib/python3.11/site-packages/airflow/example_dags/tutorial_dag.py took 0.055 seconds
